TpTrace Verbose: 0 : 32124, 1, 2022/05/04, 22:58:35.544, 1885732981405, testhost.net48.x86.exe, Version: 16.11.0
TpTrace Information: 0 : 32124, 1, 2022/05/04, 22:58:35.549, 1885733006859, testhost.net48.x86.exe, DefaultEngineInvoker.Invoke: Testhost process started with args :[--port, 61592],[--endpoint, 127.0.0.1:061592],[--role, client],[--parentprocessid, 33036],[--diag, C:\Users\Jaroslav\source\repos\STIN\XUnitTestProject1\bin\Release\net48\fine-code-coverage\coverage-tool-output\diagnostics.host.22-05-04_22-58-35_40634_1.log],[--tracelevel, 4],[--datacollectionport, 61591],[--telemetryoptedin, false]
TpTrace Information: 0 : 32124, 1, 2022/05/04, 22:58:35.549, 1885733011062, testhost.net48.x86.exe, DefaultEngineInvoker: Using Application Configuration: '<?xml version="1.0" encoding="utf-8"?>
<configuration>
  <startup useLegacyV2RuntimeActivationPolicy="true">
    <supportedRuntime version="v4.0" sku=".NETFramework,Version=v4.0" />
  </startup>
  <runtime>
    <legacyUnhandledExceptionPolicy enabled="1" />
    <legacyCorruptedStateExceptionsPolicy enabled="true" />
    <!-- To get stacktrace information for portable and embedded pdbs when net472 installed on machine.
          More details https://github.com/dotnet/designs/blob/master/accepted/diagnostics/debugging-with-symbols-and-sources.md#stack-traces -->
    <AppContextSwitchOverrides value="Switch.System.Diagnostics.IgnorePortablePDBsInStackTraces=false" />
    <assemblyBinding xmlns="urn:schemas-microsoft-com:asm.v1">
      <probing privatePath="Extensions" />
      <!-- Test adapters compiled against version 11-14, need to be redirected to version 15. -->
      <dependentAssembly>
        <assemblyIdentity name="Microsoft.VisualStudio.TestPlatform.ObjectModel" publicKeyToken="b03f5f7f11d50a3a" culture="neutral" />
        <bindingRedirect oldVersion="11.0.0.0-14.0.0.0" newVersion="15.0.0.0" />
      </dependentAssembly>
      <dependentAssembly>
        <assemblyIdentity name="Microsoft.VisualStudio.TestWindow.Interfaces" publicKeyToken="b03f5f7f11d50a3a" culture="neutral" />
        <bindingRedirect oldVersion="11.0.0.0-15.0.0.0" newVersion="16.0.0.0" />
      </dependentAssembly>
      <dependentAssembly>
        <assemblyIdentity name="Microsoft.VisualStudio.QualityTools.UnitTestFramework" publicKeyToken="b03f5f7f11d50a3a" culture="neutral" />
        <bindingRedirect oldVersion="10.1.0.0" newVersion="10.0.0.0" />
      </dependentAssembly>
      <dependentAssembly>
        <assemblyIdentity name="Microsoft.VisualStudio.QualityTools.Resource" publicKeyToken="b03f5f7f11d50a3a" culture="neutral" />
        <bindingRedirect oldVersion="10.0.0.0-15.0.0.0" newVersion="16.0.0.0" />
      </dependentAssembly>
      <dependentAssembly>
        <assemblyIdentity name="Microsoft.VisualStudio.QualityTools.ControllerObject" publicKeyToken="b03f5f7f11d50a3a" culture="neutral" />
        <bindingRedirect oldVersion="10.0.0.0-15.0.0.0" newVersion="16.0.0.0" />
      </dependentAssembly>
      <dependentAssembly>
        <assemblyIdentity name="Microsoft.VisualStudio.QualityTools.ExecutionCommon" publicKeyToken="b03f5f7f11d50a3a" culture="neutral" />
        <bindingRedirect oldVersion="10.0.0.0-15.0.0.0" newVersion="16.0.0.0" />
      </dependentAssembly>
      <dependentAssembly>
        <assemblyIdentity name="Microsoft.VisualStudio.QualityTools.Common" publicKeyToken="b03f5f7f11d50a3a" culture="neutral" />
        <bindingRedirect oldVersion="10.0.0.0-15.0.0.0" newVersion="16.0.0.0" />
      </dependentAssembly>
      <dependentAssembly>
        <assemblyIdentity name="Microsoft.VisualStudio.QualityTools.Tips.UnitTest.ObjectModel" publicKeyToken="b03f5f7f11d50a3a" culture="neutral" />
        <bindingRedirect oldVersion="10.0.0.0-15.0.0.0" newVersion="16.0.0.0" />
      </dependentAssembly>
    </assemblyBinding>
  </runtime>
  <system.diagnostics>
    <switches>
      <add name="TpTraceLevel" value="0" />
    </switches>
  </system.diagnostics>
  <appSettings>
    <!--<add key="ExecutionThreadApartmentState" value ="MTA"/>-->
    <!--<add key="TraceLogMaxFileSizeInKb" value ="10240"/>-->
    <!-- MsTest Adapter Specific AppSettings -->
    <!-- This flag is added to support test execution for net35 tests through TMI adapter. -->
    <add key="TestProjectRetargetTo35Allowed" value="true" />
  </appSettings>
</configuration>'
TpTrace Information: 0 : 32124, 1, 2022/05/04, 22:58:35.550, 1885733016840, testhost.net48.x86.exe, DefaultEngineInvoker.SetParentProcessExitCallback: Monitoring parent process with id: '33036'
TpTrace Information: 0 : 32124, 1, 2022/05/04, 22:58:35.561, 1885733128487, testhost.net48.x86.exe, DefaultEngineInvoker.GetConnectionInfo: Initialize communication on endpoint address: '127.0.0.1:061592'
TpTrace Information: 0 : 32124, 1, 2022/05/04, 22:58:35.566, 1885733182358, testhost.net48.x86.exe, SocketClient.Start: connecting to server endpoint: 127.0.0.1:061592
TpTrace Information: 0 : 32124, 1, 2022/05/04, 22:58:35.569, 1885733209954, testhost.net48.x86.exe, DefaultEngineInvoker.ConnectToDatacollector: Connecting to datacollector, port: 61591
TpTrace Information: 0 : 32124, 7, 2022/05/04, 22:58:35.571, 1885733227903, testhost.net48.x86.exe, SocketClient.OnServerConnected: connected to server endpoint: 127.0.0.1:061592
TpTrace Information: 0 : 32124, 1, 2022/05/04, 22:58:35.571, 1885733232473, testhost.net48.x86.exe, Trying to connect to server on socket : 127.0.0.1:61591 
TpTrace Verbose: 0 : 32124, 1, 2022/05/04, 22:58:35.572, 1885733236727, testhost.net48.x86.exe, SocketCommunicationManager : SetupClientAsync : Attempting to connect to the server.
TpTrace Verbose: 0 : 32124, 7, 2022/05/04, 22:58:35.572, 1885733242156, testhost.net48.x86.exe, Connected to server, and starting MessageLoopAsync
TpTrace Information: 0 : 32124, 8, 2022/05/04, 22:58:35.573, 1885733249752, testhost.net48.x86.exe, Connected to the server successfully 
TpTrace Information: 0 : 32124, 8, 2022/05/04, 22:58:35.573, 1885733251201, testhost.net48.x86.exe, Using the buffer size of 16384 bytes
TpTrace Information: 0 : 32124, 1, 2022/05/04, 22:58:35.574, 1885733259648, testhost.net48.x86.exe, DefaultEngineInvoker.Invoke: Start Request Processing.
TpTrace Verbose: 0 : 32124, 7, 2022/05/04, 22:58:35.576, 1885733277268, testhost.net48.x86.exe, TcpClientExtensions.MessageLoopAsync: Polling on remoteEndPoint: 127.0.0.1:61592 localEndPoint: 127.0.0.1:61593
TpTrace Verbose: 0 : 32124, 7, 2022/05/04, 22:58:35.576, 1885733279127, testhost.net48.x86.exe, TcpClientExtensions.MessageLoopAsync: NotifyDataAvailable remoteEndPoint: 127.0.0.1:61592 localEndPoint: 127.0.0.1:61593
TpTrace Information: 0 : 32124, 11, 2022/05/04, 22:58:35.576, 1885733280708, testhost.net48.x86.exe, DefaultEngineInvoker.StartProcessingAsync: Connected to vstest.console, Starting process requests.
TpTrace Information: 0 : 32124, 7, 2022/05/04, 22:58:35.702, 1885734540323, testhost.net48.x86.exe, TestRequestHandler.OnMessageReceived: received message: (ProtocolVersion) -> 5
TpTrace Verbose: 0 : 32124, 7, 2022/05/04, 22:58:35.742, 1885734937770, testhost.net48.x86.exe, TestRequestHandler.SendData:  sending data from testhost: {"Version":5,"MessageType":"TestSession.Message","Payload":{"MessageLevel":0,"Message":"Logging TestHost Diagnostics in file: C:\\Users\\Jaroslav\\source\\repos\\STIN\\XUnitTestProject1\\bin\\Release\\net48\\fine-code-coverage\\coverage-tool-output\\diagnostics.host.22-05-04_22-58-35_40634_1.log"}}
TpTrace Verbose: 0 : 32124, 7, 2022/05/04, 22:58:35.743, 1885734941680, testhost.net48.x86.exe, TcpClientExtensions.MessageLoopAsync: Polling on remoteEndPoint: 127.0.0.1:61592 localEndPoint: 127.0.0.1:61593
TpTrace Verbose: 0 : 32124, 7, 2022/05/04, 22:58:35.743, 1885734943797, testhost.net48.x86.exe, TcpClientExtensions.MessageLoopAsync: NotifyDataAvailable remoteEndPoint: 127.0.0.1:61592 localEndPoint: 127.0.0.1:61593
TpTrace Information: 0 : 32124, 7, 2022/05/04, 22:58:35.747, 1885734984765, testhost.net48.x86.exe, TestRequestHandler.OnMessageReceived: received message: (TestExecution.Initialize) -> [
  "C:\\Program Files\\dotnet\\sdk\\5.0.407\\Extensions\\Microsoft.Diagnostics.NETCore.Client.dll",
  "C:\\Program Files\\dotnet\\sdk\\5.0.407\\Extensions\\Microsoft.TestPlatform.Extensions.BlameDataCollector.dll",
  "C:\\Program Files\\dotnet\\sdk\\5.0.407\\Extensions\\Microsoft.TestPlatform.Extensions.EventLogCollector.dll",
  "C:\\Program Files\\dotnet\\sdk\\5.0.407\\Extensions\\Microsoft.TestPlatform.TestHostRuntimeProvider.dll",
  "C:\\Program Files\\dotnet\\sdk\\5.0.407\\Extensions\\Microsoft.VisualStudio.TestPlatform.Extensions.Html.TestLogger.dll",
  "C:\\Program Files\\dotnet\\sdk\\5.0.407\\Extensions\\Microsoft.VisualStudio.TestPlatform.Extensions.Trx.TestLogger.dll",
  "C:\\Users\\Jaroslav\\source\\repos\\STIN\\XUnitTestProject1\\bin\\Release\\net48\\fine-code-coverage\\build-output\\xunit.runner.visualstudio.testadapter.dll"
]
TpTrace Verbose: 0 : 32124, 7, 2022/05/04, 22:58:35.758, 1885735092412, testhost.net48.x86.exe, TcpClientExtensions.MessageLoopAsync: Polling on remoteEndPoint: 127.0.0.1:61592 localEndPoint: 127.0.0.1:61593
TpTrace Verbose: 0 : 32124, 7, 2022/05/04, 22:58:35.758, 1885735094100, testhost.net48.x86.exe, TcpClientExtensions.MessageLoopAsync: NotifyDataAvailable remoteEndPoint: 127.0.0.1:61592 localEndPoint: 127.0.0.1:61593
TpTrace Information: 0 : 32124, 3, 2022/05/04, 22:58:35.758, 1885735099611, testhost.net48.x86.exe, TestRequestHandler.OnMessageReceived: Running job 'TestExecution.Initialize'.
TpTrace Information: 0 : 32124, 7, 2022/05/04, 22:58:35.761, 1885735126129, testhost.net48.x86.exe, TestRequestHandler.OnMessageReceived: received message: (TestExecution.StartWithSources) -> {
  "AdapterSourceMap": {
    "_none_": [
      "C:\\Users\\Jaroslav\\source\\repos\\STIN\\XUnitTestProject1\\bin\\Release\\net48\\fine-code-coverage\\build-output\\XUnitTestProject1.dll"
    ]
  },
  "RunSettings": "<RunSettings>\r\n  <RunConfiguration>\r\n    <ResultsDirectory>C:\\Users\\Jaroslav\\source\\repos\\STIN\\XUnitTestProject1\\bin\\Release\\net48\\fine-code-coverage\\coverage-tool-output</ResultsDirectory>\r\n    <TargetPlatform>X86</TargetPlatform>\r\n    <TargetFrameworkVersion>.NETFramework,Version=v4.8</TargetFrameworkVersion>\r\n    <DesignMode>False</DesignMode>\r\n    <CollectSourceInformation>False</CollectSourceInformation>\r\n  </RunConfiguration>\r\n  <LoggerRunSettings>\r\n    <Loggers>\r\n      <Logger friendlyName=\"blame\" enabled=\"True\" />\r\n      <Logger friendlyName=\"Console\" uri=\"logger://microsoft/TestPlatform/ConsoleLogger/v1\" assemblyQualifiedName=\"Microsoft.VisualStudio.TestPlatform.CommandLine.Internal.ConsoleLogger, vstest.console, Version=15.0.0.0, Culture=neutral, PublicKeyToken=b03f5f7f11d50a3a\" codeBase=\"C:\\Program Files\\dotnet\\sdk\\5.0.407\\vstest.console.dll\" enabled=\"True\" />\r\n    </Loggers>\r\n  </LoggerRunSettings>\r\n  <DataCollectionRunSettings>\r\n    <DataCollectors>\r\n      <DataCollector friendlyName=\"blame\" enabled=\"True\">\r\n        <Configuration>\r\n          <ResultsDirectory>C:\\Users\\Jaroslav\\source\\repos\\STIN\\XUnitTestProject1\\bin\\Release\\net48\\fine-code-coverage\\coverage-tool-output</ResultsDirectory>\r\n        </Configuration>\r\n      </DataCollector>\r\n    </DataCollectors>\r\n  </DataCollectionRunSettings>\r\n</RunSettings>",
  "TestExecutionContext": {
    "FrequencyOfRunStatsChangeEvent": 10,
    "RunStatsChangeEventTimeout": "00:00:01.5000000",
    "InIsolation": false,
    "KeepAlive": false,
    "AreTestCaseLevelEventsRequired": false,
    "IsDebug": false,
    "TestCaseFilter": null,
    "FilterOptions": null
  },
  "Package": null
}
TpTrace Verbose: 0 : 32124, 3, 2022/05/04, 22:58:35.768, 1885735191428, testhost.net48.x86.exe, TestExecutorService: Loading the extensions
TpTrace Verbose: 0 : 32124, 3, 2022/05/04, 22:58:35.770, 1885735218874, testhost.net48.x86.exe, TestPluginCache.DiscoverTestExtensions: finding test extensions in assemblies ends with: TestAdapter.dll TPluginInfo: Microsoft.VisualStudio.TestPlatform.Common.ExtensionFramework.Utilities.TestExecutorPluginInformation TExtension: Microsoft.VisualStudio.TestPlatform.ObjectModel.Adapter.ITestExecutor
TpTrace Verbose: 0 : 32124, 3, 2022/05/04, 22:58:35.772, 1885735236714, testhost.net48.x86.exe, TestPluginCache.GetExtensionPaths: Filtered extension paths: 
TpTrace Verbose: 0 : 32124, 3, 2022/05/04, 22:58:35.772, 1885735238610, testhost.net48.x86.exe, TestPluginCache.GetExtensionPaths: Added default extension paths: C:\Program Files\dotnet\sdk\5.0.407\Extensions\Microsoft.Diagnostics.NETCore.Client.dll
C:\Program Files\dotnet\sdk\5.0.407\Extensions\Microsoft.TestPlatform.Extensions.BlameDataCollector.dll
C:\Program Files\dotnet\sdk\5.0.407\Extensions\Microsoft.TestPlatform.Extensions.EventLogCollector.dll
C:\Program Files\dotnet\sdk\5.0.407\Extensions\Microsoft.TestPlatform.TestHostRuntimeProvider.dll
C:\Program Files\dotnet\sdk\5.0.407\Extensions\Microsoft.VisualStudio.TestPlatform.Extensions.Html.TestLogger.dll
C:\Program Files\dotnet\sdk\5.0.407\Extensions\Microsoft.VisualStudio.TestPlatform.Extensions.Trx.TestLogger.dll
C:\Users\Jaroslav\source\repos\STIN\XUnitTestProject1\bin\Release\net48\fine-code-coverage\build-output\xunit.runner.visualstudio.testadapter.dll
TpTrace Verbose: 0 : 32124, 3, 2022/05/04, 22:58:35.772, 1885735239535, testhost.net48.x86.exe, TestPluginCache.GetExtensionPaths: Added unfilterableExtensionPaths: 
TpTrace Information: 0 : 32124, 3, 2022/05/04, 22:58:35.774, 1885735256030, testhost.net48.x86.exe, AssemblyResolver.ctor: Creating AssemblyResolver with searchDirectories C:\Program Files\dotnet\sdk\5.0.407\Extensions,C:\Users\Jaroslav\source\repos\STIN\XUnitTestProject1\bin\Release\net48\fine-code-coverage\build-output,C:\Program Files\dotnet\sdk\5.0.407\TestHost
TpTrace Verbose: 0 : 32124, 3, 2022/05/04, 22:58:35.775, 1885735262022, testhost.net48.x86.exe, TestPluginCache.DiscoverTestExtensions: Discovering the extensions using extension path.
TpTrace Verbose: 0 : 32124, 3, 2022/05/04, 22:58:35.775, 1885735263504, testhost.net48.x86.exe, TestPluginCache.GetExtensionPaths: Filtered extension paths: 
TpTrace Verbose: 0 : 32124, 3, 2022/05/04, 22:58:35.775, 1885735264334, testhost.net48.x86.exe, TestPluginCache.GetExtensionPaths: Added default extension paths: C:\Program Files\dotnet\sdk\5.0.407\Extensions\Microsoft.Diagnostics.NETCore.Client.dll
C:\Program Files\dotnet\sdk\5.0.407\Extensions\Microsoft.TestPlatform.Extensions.BlameDataCollector.dll
C:\Program Files\dotnet\sdk\5.0.407\Extensions\Microsoft.TestPlatform.Extensions.EventLogCollector.dll
C:\Program Files\dotnet\sdk\5.0.407\Extensions\Microsoft.TestPlatform.TestHostRuntimeProvider.dll
C:\Program Files\dotnet\sdk\5.0.407\Extensions\Microsoft.VisualStudio.TestPlatform.Extensions.Html.TestLogger.dll
C:\Program Files\dotnet\sdk\5.0.407\Extensions\Microsoft.VisualStudio.TestPlatform.Extensions.Trx.TestLogger.dll
C:\Users\Jaroslav\source\repos\STIN\XUnitTestProject1\bin\Release\net48\fine-code-coverage\build-output\xunit.runner.visualstudio.testadapter.dll
TpTrace Verbose: 0 : 32124, 3, 2022/05/04, 22:58:35.775, 1885735265115, testhost.net48.x86.exe, TestPluginCache.GetExtensionPaths: Added unfilterableExtensionPaths: 
TpTrace Verbose: 0 : 32124, 3, 2022/05/04, 22:58:35.775, 1885735266037, testhost.net48.x86.exe, TestPluginCache.DiscoverTestExtensions: Discovering the extensions using allExtensionPaths: C:\Program Files\dotnet\sdk\5.0.407\Extensions\Microsoft.Diagnostics.NETCore.Client.dll
C:\Program Files\dotnet\sdk\5.0.407\Extensions\Microsoft.TestPlatform.Extensions.BlameDataCollector.dll
C:\Program Files\dotnet\sdk\5.0.407\Extensions\Microsoft.TestPlatform.Extensions.EventLogCollector.dll
C:\Program Files\dotnet\sdk\5.0.407\Extensions\Microsoft.TestPlatform.TestHostRuntimeProvider.dll
C:\Program Files\dotnet\sdk\5.0.407\Extensions\Microsoft.VisualStudio.TestPlatform.Extensions.Html.TestLogger.dll
C:\Program Files\dotnet\sdk\5.0.407\Extensions\Microsoft.VisualStudio.TestPlatform.Extensions.Trx.TestLogger.dll
C:\Users\Jaroslav\source\repos\STIN\XUnitTestProject1\bin\Release\net48\fine-code-coverage\build-output\xunit.runner.visualstudio.testadapter.dll
TpTrace Information: 0 : 32124, 3, 2022/05/04, 22:58:35.776, 1885735274986, testhost.net48.x86.exe, AssemblyResolver.AddSearchDirectories: Adding more searchDirectories C:\Program Files\dotnet\sdk\5.0.407\Extensions,C:\Program Files\dotnet\sdk\5.0.407\TestHost
TpTrace Information: 0 : 32124, 3, 2022/05/04, 22:58:35.776, 1885735276330, testhost.net48.x86.exe, AssemblyResolver.AddSearchDirectories: Adding more searchDirectories C:\Program Files\dotnet\sdk\5.0.407\Extensions,C:\Program Files\dotnet\sdk\5.0.407\TestHost
TpTrace Information: 0 : 32124, 3, 2022/05/04, 22:58:35.776, 1885735277247, testhost.net48.x86.exe, AssemblyResolver.AddSearchDirectories: Adding more searchDirectories C:\Program Files\dotnet\sdk\5.0.407\Extensions,C:\Program Files\dotnet\sdk\5.0.407\TestHost
TpTrace Information: 0 : 32124, 3, 2022/05/04, 22:58:35.776, 1885735278033, testhost.net48.x86.exe, AssemblyResolver.AddSearchDirectories: Adding more searchDirectories C:\Program Files\dotnet\sdk\5.0.407\Extensions,C:\Program Files\dotnet\sdk\5.0.407\TestHost
TpTrace Information: 0 : 32124, 3, 2022/05/04, 22:58:35.776, 1885735278871, testhost.net48.x86.exe, AssemblyResolver.AddSearchDirectories: Adding more searchDirectories C:\Program Files\dotnet\sdk\5.0.407\Extensions,C:\Program Files\dotnet\sdk\5.0.407\TestHost
TpTrace Information: 0 : 32124, 3, 2022/05/04, 22:58:35.776, 1885735279639, testhost.net48.x86.exe, AssemblyResolver.AddSearchDirectories: Adding more searchDirectories C:\Program Files\dotnet\sdk\5.0.407\Extensions,C:\Program Files\dotnet\sdk\5.0.407\TestHost
TpTrace Information: 0 : 32124, 3, 2022/05/04, 22:58:35.777, 1885735280577, testhost.net48.x86.exe, AssemblyResolver.AddSearchDirectories: Adding more searchDirectories C:\Users\Jaroslav\source\repos\STIN\XUnitTestProject1\bin\Release\net48\fine-code-coverage\build-output,C:\Program Files\dotnet\sdk\5.0.407\TestHost
TpTrace Information: 0 : 32124, 3, 2022/05/04, 22:58:35.781, 1885735328849, testhost.net48.x86.exe, AssemblyResolver.OnResolve: Microsoft.Diagnostics.NETCore.Client: Resolving assembly.
TpTrace Information: 0 : 32124, 3, 2022/05/04, 22:58:35.782, 1885735330971, testhost.net48.x86.exe, AssemblyResolver.OnResolve: Microsoft.Diagnostics.NETCore.Client: Searching in: 'C:\Program Files\dotnet\sdk\5.0.407\Extensions'.
TpTrace Information: 0 : 32124, 3, 2022/05/04, 22:58:35.783, 1885735345031, testhost.net48.x86.exe, AssemblyResolver.OnResolve: Microsoft.Diagnostics.NETCore.Client: Loading assembly 'C:\Program Files\dotnet\sdk\5.0.407\Extensions\Microsoft.Diagnostics.NETCore.Client.dll'.
TpTrace Verbose: 0 : 32124, 7, 2022/05/04, 22:58:35.793, 1885735441221, testhost.net48.x86.exe, TcpClientExtensions.MessageLoopAsync: Polling on remoteEndPoint: 127.0.0.1:61592 localEndPoint: 127.0.0.1:61593
TpTrace Information: 0 : 32124, 3, 2022/05/04, 22:58:35.806, 1885735578743, testhost.net48.x86.exe, AssemblyResolver.OnResolve: Microsoft.Diagnostics.NETCore.Client: Failed to load assembly. Reason:System.BadImageFormatException: Nelze načíst soubor nebo sestavení Microsoft.Diagnostics.NETCore.Client, Version=0.2.2.41902, Culture=neutral, PublicKeyToken=31bf3856ad364e35 nebo jeden z jejich závislých prvků. Byl učiněn pokus načíst program v nesprávném formátu.
File name: 'Microsoft.Diagnostics.NETCore.Client, Version=0.2.2.41902, Culture=neutral, PublicKeyToken=31bf3856ad364e35'
   at System.Reflection.RuntimeAssembly._nLoad(AssemblyName fileName, String codeBase, Evidence assemblySecurity, RuntimeAssembly locationHint, StackCrawlMark& stackMark, IntPtr pPrivHostBinder, Boolean throwOnFileNotFound, Boolean forIntrospection, Boolean suppressSecurityChecks)
   at System.Reflection.RuntimeAssembly.nLoad(AssemblyName fileName, String codeBase, Evidence assemblySecurity, RuntimeAssembly locationHint, StackCrawlMark& stackMark, IntPtr pPrivHostBinder, Boolean throwOnFileNotFound, Boolean forIntrospection, Boolean suppressSecurityChecks)
   at System.Reflection.RuntimeAssembly.InternalLoadAssemblyName(AssemblyName assemblyRef, Evidence assemblySecurity, RuntimeAssembly reqAssembly, StackCrawlMark& stackMark, IntPtr pPrivHostBinder, Boolean throwOnFileNotFound, Boolean forIntrospection, Boolean suppressSecurityChecks)
   at System.Reflection.RuntimeAssembly.InternalLoadFrom(String assemblyFile, Evidence securityEvidence, Byte[] hashValue, AssemblyHashAlgorithm hashAlgorithm, Boolean forIntrospection, Boolean suppressSecurityChecks, StackCrawlMark& stackMark)
   at System.Reflection.Assembly.LoadFrom(String assemblyFile)
   at Microsoft.VisualStudio.TestPlatform.PlatformAbstractions.PlatformAssemblyLoadContext.LoadAssemblyFromPath(String assemblyPath)
   at Microsoft.VisualStudio.TestPlatform.Common.Utilities.AssemblyResolver.OnResolve(Object sender, AssemblyResolveEventArgs args)

 
TpTrace Information: 0 : 32124, 3, 2022/05/04, 22:58:35.807, 1885735581059, testhost.net48.x86.exe, AssemblyResolver.OnResolve: Microsoft.Diagnostics.NETCore.Client: Assembly path does not exist: 'C:\Program Files\dotnet\sdk\5.0.407\Extensions\Microsoft.Diagnostics.NETCore.Client.exe', returning.
TpTrace Information: 0 : 32124, 3, 2022/05/04, 22:58:35.807, 1885735581979, testhost.net48.x86.exe, AssemblyResolver.OnResolve: Microsoft.Diagnostics.NETCore.Client: Searching in: 'C:\Users\Jaroslav\source\repos\STIN\XUnitTestProject1\bin\Release\net48\fine-code-coverage\build-output'.
TpTrace Information: 0 : 32124, 3, 2022/05/04, 22:58:35.807, 1885735583149, testhost.net48.x86.exe, AssemblyResolver.OnResolve: Microsoft.Diagnostics.NETCore.Client: Assembly path does not exist: 'C:\Users\Jaroslav\source\repos\STIN\XUnitTestProject1\bin\Release\net48\fine-code-coverage\build-output\Microsoft.Diagnostics.NETCore.Client.dll', returning.
TpTrace Information: 0 : 32124, 3, 2022/05/04, 22:58:35.807, 1885735584312, testhost.net48.x86.exe, AssemblyResolver.OnResolve: Microsoft.Diagnostics.NETCore.Client: Assembly path does not exist: 'C:\Users\Jaroslav\source\repos\STIN\XUnitTestProject1\bin\Release\net48\fine-code-coverage\build-output\Microsoft.Diagnostics.NETCore.Client.exe', returning.
TpTrace Information: 0 : 32124, 3, 2022/05/04, 22:58:35.807, 1885735585038, testhost.net48.x86.exe, AssemblyResolver.OnResolve: Microsoft.Diagnostics.NETCore.Client: Searching in: 'C:\Program Files\dotnet\sdk\5.0.407\TestHost'.
TpTrace Information: 0 : 32124, 3, 2022/05/04, 22:58:35.807, 1885735586135, testhost.net48.x86.exe, AssemblyResolver.OnResolve: Microsoft.Diagnostics.NETCore.Client: Assembly path does not exist: 'C:\Program Files\dotnet\sdk\5.0.407\TestHost\Microsoft.Diagnostics.NETCore.Client.dll', returning.
TpTrace Information: 0 : 32124, 3, 2022/05/04, 22:58:35.807, 1885735587199, testhost.net48.x86.exe, AssemblyResolver.OnResolve: Microsoft.Diagnostics.NETCore.Client: Assembly path does not exist: 'C:\Program Files\dotnet\sdk\5.0.407\TestHost\Microsoft.Diagnostics.NETCore.Client.exe', returning.
TpTrace Information: 0 : 32124, 3, 2022/05/04, 22:58:35.807, 1885735587967, testhost.net48.x86.exe, AssemblyResolver.OnResolve: Microsoft.Diagnostics.NETCore.Client: Failed to load assembly.
TpTrace Verbose: 0 : 32124, 3, 2022/05/04, 22:58:35.808, 1885735594473, testhost.net48.x86.exe, CurrentDomainAssemblyResolve: Resolving assembly 'Microsoft.Diagnostics.NETCore.Client'.
TpTrace Information: 0 : 32124, 3, 2022/05/04, 22:58:35.808, 1885735597225, testhost.net48.x86.exe, AssemblyResolver.OnResolve: Microsoft.Diagnostics.NETCore.Client: Resolving assembly.
TpTrace Information: 0 : 32124, 3, 2022/05/04, 22:58:35.808, 1885735598212, testhost.net48.x86.exe, AssemblyResolver.OnResolve: Microsoft.Diagnostics.NETCore.Client: Resolved from cache.
TpTrace Verbose: 0 : 32124, 3, 2022/05/04, 22:58:35.808, 1885735599023, testhost.net48.x86.exe, CurrentDomainAssemblyResolve: Resolving assembly 'Microsoft.Diagnostics.NETCore.Client'.
TpTrace Verbose: 0 : 32124, 3, 2022/05/04, 22:58:35.808, 1885735599714, testhost.net48.x86.exe, CurrentDomainAssemblyResolve: Failed to resolve assembly 'Microsoft.Diagnostics.NETCore.Client'.
TpTrace Verbose: 0 : 32124, 3, 2022/05/04, 22:58:35.809, 1885735601526, testhost.net48.x86.exe, CurrentDomainAssemblyResolve: Failed to resolve assembly 'Microsoft.Diagnostics.NETCore.Client'.
TpTrace Warning: 0 : 32124, 3, 2022/05/04, 22:58:35.810, 1885735617507, testhost.net48.x86.exe, TestPluginDiscoverer: Failed to load extensions from file 'C:\Program Files\dotnet\sdk\5.0.407\Extensions\Microsoft.Diagnostics.NETCore.Client.dll'.  Skipping test extension scan for this file.  Error: System.IO.FileNotFoundException: Nelze načíst soubor nebo sestavení Microsoft.Diagnostics.NETCore.Client nebo jeden z jejich závislých prvků. Systém nemůže nalézt uvedený soubor.
File name: 'Microsoft.Diagnostics.NETCore.Client' ---> System.IO.FileNotFoundException: Nelze načíst soubor nebo sestavení Microsoft.Diagnostics.NETCore.Client nebo jeden z jejich závislých prvků. Systém nemůže nalézt uvedený soubor.
File name: 'Microsoft.Diagnostics.NETCore.Client'
   at System.Reflection.RuntimeAssembly._nLoad(AssemblyName fileName, String codeBase, Evidence assemblySecurity, RuntimeAssembly locationHint, StackCrawlMark& stackMark, IntPtr pPrivHostBinder, Boolean throwOnFileNotFound, Boolean forIntrospection, Boolean suppressSecurityChecks)
   at System.Reflection.RuntimeAssembly.nLoad(AssemblyName fileName, String codeBase, Evidence assemblySecurity, RuntimeAssembly locationHint, StackCrawlMark& stackMark, IntPtr pPrivHostBinder, Boolean throwOnFileNotFound, Boolean forIntrospection, Boolean suppressSecurityChecks)
   at System.Reflection.RuntimeAssembly.InternalLoadAssemblyName(AssemblyName assemblyRef, Evidence assemblySecurity, RuntimeAssembly reqAssembly, StackCrawlMark& stackMark, IntPtr pPrivHostBinder, Boolean throwOnFileNotFound, Boolean forIntrospection, Boolean suppressSecurityChecks)
   at System.Reflection.Assembly.Load(AssemblyName assemblyRef)
   at Microsoft.VisualStudio.TestPlatform.Common.ExtensionFramework.TestPluginCache.CurrentDomainAssemblyResolve(Object sender, AssemblyResolveEventArgs args)
   at Microsoft.VisualStudio.TestPlatform.PlatformAbstractions.PlatformAssemblyResolver.AssemblyResolverEvent(Object sender, Object eventArgs)
   at System.AppDomain.OnAssemblyResolveEvent(RuntimeAssembly assembly, String assemblyFullName)

WRN: Protokolování vazeb sestavení je VYPNUTO.
Chcete-li povolit protokolování chyb vazeb sestavení, nastavte hodnotu registru [HKLM\Software\Microsoft\Fusion!EnableLog] (DWORD) na hodnotu 1.
Poznámka: Protokolování chyb vazeb sestavení ovlivňuje výkon systému.
Chcete-li tuto funkci vypnout, odeberte z registru hodnotu [HKLM\Software\Microsoft\Fusion!EnableLog].

   at System.Reflection.RuntimeAssembly._nLoad(AssemblyName fileName, String codeBase, Evidence assemblySecurity, RuntimeAssembly locationHint, StackCrawlMark& stackMark, IntPtr pPrivHostBinder, Boolean throwOnFileNotFound, Boolean forIntrospection, Boolean suppressSecurityChecks)
   at System.Reflection.RuntimeAssembly.nLoad(AssemblyName fileName, String codeBase, Evidence assemblySecurity, RuntimeAssembly locationHint, StackCrawlMark& stackMark, IntPtr pPrivHostBinder, Boolean throwOnFileNotFound, Boolean forIntrospection, Boolean suppressSecurityChecks)
   at System.Reflection.RuntimeAssembly.InternalLoadAssemblyName(AssemblyName assemblyRef, Evidence assemblySecurity, RuntimeAssembly reqAssembly, StackCrawlMark& stackMark, IntPtr pPrivHostBinder, Boolean throwOnFileNotFound, Boolean forIntrospection, Boolean suppressSecurityChecks)
   at System.Reflection.Assembly.Load(AssemblyName assemblyRef)
   at Microsoft.VisualStudio.TestPlatform.Common.ExtensionFramework.TestPluginDiscoverer.GetTestExtensionsFromFiles[TPluginInfo,TExtension](String[] files, Dictionary`2 pluginInfos)


TpTrace Information: 0 : 32124, 3, 2022/05/04, 22:58:35.811, 1885735626517, testhost.net48.x86.exe, AssemblyResolver.OnResolve: Microsoft.TestPlatform.Extensions.BlameDataCollector: Resolving assembly.
TpTrace Information: 0 : 32124, 3, 2022/05/04, 22:58:35.811, 1885735627731, testhost.net48.x86.exe, AssemblyResolver.OnResolve: Microsoft.TestPlatform.Extensions.BlameDataCollector: Searching in: 'C:\Program Files\dotnet\sdk\5.0.407\Extensions'.
TpTrace Information: 0 : 32124, 3, 2022/05/04, 22:58:35.812, 1885735637063, testhost.net48.x86.exe, AssemblyResolver.OnResolve: Microsoft.TestPlatform.Extensions.BlameDataCollector: Loading assembly 'C:\Program Files\dotnet\sdk\5.0.407\Extensions\Microsoft.TestPlatform.Extensions.BlameDataCollector.dll'.
TpTrace Information: 0 : 32124, 3, 2022/05/04, 22:58:35.815, 1885735661790, testhost.net48.x86.exe, AssemblyResolver.OnResolve: Microsoft.TestPlatform.Extensions.BlameDataCollector: Failed to load assembly. Reason:System.BadImageFormatException: Nelze načíst soubor nebo sestavení Microsoft.TestPlatform.Extensions.BlameDataCollector, Version=15.0.0.0, Culture=neutral, PublicKeyToken=b03f5f7f11d50a3a nebo jeden z jejich závislých prvků. Byl učiněn pokus načíst program v nesprávném formátu.
File name: 'Microsoft.TestPlatform.Extensions.BlameDataCollector, Version=15.0.0.0, Culture=neutral, PublicKeyToken=b03f5f7f11d50a3a'
   at System.Reflection.RuntimeAssembly._nLoad(AssemblyName fileName, String codeBase, Evidence assemblySecurity, RuntimeAssembly locationHint, StackCrawlMark& stackMark, IntPtr pPrivHostBinder, Boolean throwOnFileNotFound, Boolean forIntrospection, Boolean suppressSecurityChecks)
   at System.Reflection.RuntimeAssembly.nLoad(AssemblyName fileName, String codeBase, Evidence assemblySecurity, RuntimeAssembly locationHint, StackCrawlMark& stackMark, IntPtr pPrivHostBinder, Boolean throwOnFileNotFound, Boolean forIntrospection, Boolean suppressSecurityChecks)
   at System.Reflection.RuntimeAssembly.InternalLoadAssemblyName(AssemblyName assemblyRef, Evidence assemblySecurity, RuntimeAssembly reqAssembly, StackCrawlMark& stackMark, IntPtr pPrivHostBinder, Boolean throwOnFileNotFound, Boolean forIntrospection, Boolean suppressSecurityChecks)
   at System.Reflection.RuntimeAssembly.InternalLoadFrom(String assemblyFile, Evidence securityEvidence, Byte[] hashValue, AssemblyHashAlgorithm hashAlgorithm, Boolean forIntrospection, Boolean suppressSecurityChecks, StackCrawlMark& stackMark)
   at System.Reflection.Assembly.LoadFrom(String assemblyFile)
   at Microsoft.VisualStudio.TestPlatform.PlatformAbstractions.PlatformAssemblyLoadContext.LoadAssemblyFromPath(String assemblyPath)
   at Microsoft.VisualStudio.TestPlatform.Common.Utilities.AssemblyResolver.OnResolve(Object sender, AssemblyResolveEventArgs args)

 
TpTrace Information: 0 : 32124, 3, 2022/05/04, 22:58:35.815, 1885735663619, testhost.net48.x86.exe, AssemblyResolver.OnResolve: Microsoft.TestPlatform.Extensions.BlameDataCollector: Assembly path does not exist: 'C:\Program Files\dotnet\sdk\5.0.407\Extensions\Microsoft.TestPlatform.Extensions.BlameDataCollector.exe', returning.
TpTrace Information: 0 : 32124, 3, 2022/05/04, 22:58:35.815, 1885735664403, testhost.net48.x86.exe, AssemblyResolver.OnResolve: Microsoft.TestPlatform.Extensions.BlameDataCollector: Searching in: 'C:\Users\Jaroslav\source\repos\STIN\XUnitTestProject1\bin\Release\net48\fine-code-coverage\build-output'.
TpTrace Information: 0 : 32124, 3, 2022/05/04, 22:58:35.815, 1885735665568, testhost.net48.x86.exe, AssemblyResolver.OnResolve: Microsoft.TestPlatform.Extensions.BlameDataCollector: Assembly path does not exist: 'C:\Users\Jaroslav\source\repos\STIN\XUnitTestProject1\bin\Release\net48\fine-code-coverage\build-output\Microsoft.TestPlatform.Extensions.BlameDataCollector.dll', returning.
TpTrace Information: 0 : 32124, 3, 2022/05/04, 22:58:35.815, 1885735666718, testhost.net48.x86.exe, AssemblyResolver.OnResolve: Microsoft.TestPlatform.Extensions.BlameDataCollector: Assembly path does not exist: 'C:\Users\Jaroslav\source\repos\STIN\XUnitTestProject1\bin\Release\net48\fine-code-coverage\build-output\Microsoft.TestPlatform.Extensions.BlameDataCollector.exe', returning.
TpTrace Information: 0 : 32124, 3, 2022/05/04, 22:58:35.815, 1885735667431, testhost.net48.x86.exe, AssemblyResolver.OnResolve: Microsoft.TestPlatform.Extensions.BlameDataCollector: Searching in: 'C:\Program Files\dotnet\sdk\5.0.407\TestHost'.
TpTrace Information: 0 : 32124, 3, 2022/05/04, 22:58:35.815, 1885735668524, testhost.net48.x86.exe, AssemblyResolver.OnResolve: Microsoft.TestPlatform.Extensions.BlameDataCollector: Assembly path does not exist: 'C:\Program Files\dotnet\sdk\5.0.407\TestHost\Microsoft.TestPlatform.Extensions.BlameDataCollector.dll', returning.
TpTrace Information: 0 : 32124, 3, 2022/05/04, 22:58:35.816, 1885735670344, testhost.net48.x86.exe, AssemblyResolver.OnResolve: Microsoft.TestPlatform.Extensions.BlameDataCollector: Assembly path does not exist: 'C:\Program Files\dotnet\sdk\5.0.407\TestHost\Microsoft.TestPlatform.Extensions.BlameDataCollector.exe', returning.
TpTrace Information: 0 : 32124, 3, 2022/05/04, 22:58:35.816, 1885735671217, testhost.net48.x86.exe, AssemblyResolver.OnResolve: Microsoft.TestPlatform.Extensions.BlameDataCollector: Failed to load assembly.
TpTrace Verbose: 0 : 32124, 3, 2022/05/04, 22:58:35.816, 1885735671977, testhost.net48.x86.exe, CurrentDomainAssemblyResolve: Resolving assembly 'Microsoft.TestPlatform.Extensions.BlameDataCollector'.
TpTrace Information: 0 : 32124, 3, 2022/05/04, 22:58:35.816, 1885735673844, testhost.net48.x86.exe, AssemblyResolver.OnResolve: Microsoft.TestPlatform.Extensions.BlameDataCollector: Resolving assembly.
TpTrace Information: 0 : 32124, 3, 2022/05/04, 22:58:35.816, 1885735674542, testhost.net48.x86.exe, AssemblyResolver.OnResolve: Microsoft.TestPlatform.Extensions.BlameDataCollector: Resolved from cache.
TpTrace Verbose: 0 : 32124, 3, 2022/05/04, 22:58:35.816, 1885735675277, testhost.net48.x86.exe, CurrentDomainAssemblyResolve: Resolving assembly 'Microsoft.TestPlatform.Extensions.BlameDataCollector'.
TpTrace Verbose: 0 : 32124, 3, 2022/05/04, 22:58:35.816, 1885735675928, testhost.net48.x86.exe, CurrentDomainAssemblyResolve: Failed to resolve assembly 'Microsoft.TestPlatform.Extensions.BlameDataCollector'.
TpTrace Verbose: 0 : 32124, 3, 2022/05/04, 22:58:35.816, 1885735677317, testhost.net48.x86.exe, CurrentDomainAssemblyResolve: Failed to resolve assembly 'Microsoft.TestPlatform.Extensions.BlameDataCollector'.
TpTrace Warning: 0 : 32124, 3, 2022/05/04, 22:58:35.817, 1885735680675, testhost.net48.x86.exe, TestPluginDiscoverer: Failed to load extensions from file 'C:\Program Files\dotnet\sdk\5.0.407\Extensions\Microsoft.TestPlatform.Extensions.BlameDataCollector.dll'.  Skipping test extension scan for this file.  Error: System.IO.FileNotFoundException: Nelze načíst soubor nebo sestavení Microsoft.TestPlatform.Extensions.BlameDataCollector nebo jeden z jejich závislých prvků. Systém nemůže nalézt uvedený soubor.
File name: 'Microsoft.TestPlatform.Extensions.BlameDataCollector' ---> System.IO.FileNotFoundException: Nelze načíst soubor nebo sestavení Microsoft.TestPlatform.Extensions.BlameDataCollector nebo jeden z jejich závislých prvků. Systém nemůže nalézt uvedený soubor.
File name: 'Microsoft.TestPlatform.Extensions.BlameDataCollector'
   at System.Reflection.RuntimeAssembly._nLoad(AssemblyName fileName, String codeBase, Evidence assemblySecurity, RuntimeAssembly locationHint, StackCrawlMark& stackMark, IntPtr pPrivHostBinder, Boolean throwOnFileNotFound, Boolean forIntrospection, Boolean suppressSecurityChecks)
   at System.Reflection.RuntimeAssembly.nLoad(AssemblyName fileName, String codeBase, Evidence assemblySecurity, RuntimeAssembly locationHint, StackCrawlMark& stackMark, IntPtr pPrivHostBinder, Boolean throwOnFileNotFound, Boolean forIntrospection, Boolean suppressSecurityChecks)
   at System.Reflection.RuntimeAssembly.InternalLoadAssemblyName(AssemblyName assemblyRef, Evidence assemblySecurity, RuntimeAssembly reqAssembly, StackCrawlMark& stackMark, IntPtr pPrivHostBinder, Boolean throwOnFileNotFound, Boolean forIntrospection, Boolean suppressSecurityChecks)
   at System.Reflection.Assembly.Load(AssemblyName assemblyRef)
   at Microsoft.VisualStudio.TestPlatform.Common.ExtensionFramework.TestPluginCache.CurrentDomainAssemblyResolve(Object sender, AssemblyResolveEventArgs args)
   at Microsoft.VisualStudio.TestPlatform.PlatformAbstractions.PlatformAssemblyResolver.AssemblyResolverEvent(Object sender, Object eventArgs)
   at System.AppDomain.OnAssemblyResolveEvent(RuntimeAssembly assembly, String assemblyFullName)

WRN: Protokolování vazeb sestavení je VYPNUTO.
Chcete-li povolit protokolování chyb vazeb sestavení, nastavte hodnotu registru [HKLM\Software\Microsoft\Fusion!EnableLog] (DWORD) na hodnotu 1.
Poznámka: Protokolování chyb vazeb sestavení ovlivňuje výkon systému.
Chcete-li tuto funkci vypnout, odeberte z registru hodnotu [HKLM\Software\Microsoft\Fusion!EnableLog].

   at System.Reflection.RuntimeAssembly._nLoad(AssemblyName fileName, String codeBase, Evidence assemblySecurity, RuntimeAssembly locationHint, StackCrawlMark& stackMark, IntPtr pPrivHostBinder, Boolean throwOnFileNotFound, Boolean forIntrospection, Boolean suppressSecurityChecks)
   at System.Reflection.RuntimeAssembly.nLoad(AssemblyName fileName, String codeBase, Evidence assemblySecurity, RuntimeAssembly locationHint, StackCrawlMark& stackMark, IntPtr pPrivHostBinder, Boolean throwOnFileNotFound, Boolean forIntrospection, Boolean suppressSecurityChecks)
   at System.Reflection.RuntimeAssembly.InternalLoadAssemblyName(AssemblyName assemblyRef, Evidence assemblySecurity, RuntimeAssembly reqAssembly, StackCrawlMark& stackMark, IntPtr pPrivHostBinder, Boolean throwOnFileNotFound, Boolean forIntrospection, Boolean suppressSecurityChecks)
   at System.Reflection.Assembly.Load(AssemblyName assemblyRef)
   at Microsoft.VisualStudio.TestPlatform.Common.ExtensionFramework.TestPluginDiscoverer.GetTestExtensionsFromFiles[TPluginInfo,TExtension](String[] files, Dictionary`2 pluginInfos)


TpTrace Information: 0 : 32124, 3, 2022/05/04, 22:58:35.817, 1885735687634, testhost.net48.x86.exe, AssemblyResolver.OnResolve: Microsoft.TestPlatform.Extensions.EventLogCollector: Resolving assembly.
TpTrace Information: 0 : 32124, 3, 2022/05/04, 22:58:35.817, 1885735688605, testhost.net48.x86.exe, AssemblyResolver.OnResolve: Microsoft.TestPlatform.Extensions.EventLogCollector: Searching in: 'C:\Program Files\dotnet\sdk\5.0.407\Extensions'.
TpTrace Information: 0 : 32124, 3, 2022/05/04, 22:58:35.818, 1885735693734, testhost.net48.x86.exe, AssemblyResolver.OnResolve: Microsoft.TestPlatform.Extensions.EventLogCollector: Loading assembly 'C:\Program Files\dotnet\sdk\5.0.407\Extensions\Microsoft.TestPlatform.Extensions.EventLogCollector.dll'.
TpTrace Information: 0 : 32124, 3, 2022/05/04, 22:58:35.819, 1885735709592, testhost.net48.x86.exe, AssemblyResolver.OnResolve: Resolved assembly: Microsoft.TestPlatform.Extensions.EventLogCollector, from path: C:\Program Files\dotnet\sdk\5.0.407\Extensions\Microsoft.TestPlatform.Extensions.EventLogCollector.dll
TpTrace Information: 0 : 32124, 3, 2022/05/04, 22:58:35.825, 1885735764193, testhost.net48.x86.exe, AssemblyResolver.OnResolve: Microsoft.TestPlatform.TestHostRuntimeProvider: Resolving assembly.
TpTrace Information: 0 : 32124, 3, 2022/05/04, 22:58:35.825, 1885735765881, testhost.net48.x86.exe, AssemblyResolver.OnResolve: Microsoft.TestPlatform.TestHostRuntimeProvider: Searching in: 'C:\Program Files\dotnet\sdk\5.0.407\Extensions'.
TpTrace Information: 0 : 32124, 3, 2022/05/04, 22:58:35.826, 1885735774542, testhost.net48.x86.exe, AssemblyResolver.OnResolve: Microsoft.TestPlatform.TestHostRuntimeProvider: Loading assembly 'C:\Program Files\dotnet\sdk\5.0.407\Extensions\Microsoft.TestPlatform.TestHostRuntimeProvider.dll'.
TpTrace Information: 0 : 32124, 3, 2022/05/04, 22:58:35.828, 1885735797536, testhost.net48.x86.exe, AssemblyResolver.OnResolve: Microsoft.TestPlatform.TestHostRuntimeProvider: Failed to load assembly. Reason:System.BadImageFormatException: Nelze načíst soubor nebo sestavení Microsoft.TestPlatform.TestHostRuntimeProvider, Version=15.0.0.0, Culture=neutral, PublicKeyToken=b03f5f7f11d50a3a nebo jeden z jejich závislých prvků. Byl učiněn pokus načíst program v nesprávném formátu.
File name: 'Microsoft.TestPlatform.TestHostRuntimeProvider, Version=15.0.0.0, Culture=neutral, PublicKeyToken=b03f5f7f11d50a3a'
   at System.Reflection.RuntimeAssembly._nLoad(AssemblyName fileName, String codeBase, Evidence assemblySecurity, RuntimeAssembly locationHint, StackCrawlMark& stackMark, IntPtr pPrivHostBinder, Boolean throwOnFileNotFound, Boolean forIntrospection, Boolean suppressSecurityChecks)
   at System.Reflection.RuntimeAssembly.nLoad(AssemblyName fileName, String codeBase, Evidence assemblySecurity, RuntimeAssembly locationHint, StackCrawlMark& stackMark, IntPtr pPrivHostBinder, Boolean throwOnFileNotFound, Boolean forIntrospection, Boolean suppressSecurityChecks)
   at System.Reflection.RuntimeAssembly.InternalLoadAssemblyName(AssemblyName assemblyRef, Evidence assemblySecurity, RuntimeAssembly reqAssembly, StackCrawlMark& stackMark, IntPtr pPrivHostBinder, Boolean throwOnFileNotFound, Boolean forIntrospection, Boolean suppressSecurityChecks)
   at System.Reflection.RuntimeAssembly.InternalLoadFrom(String assemblyFile, Evidence securityEvidence, Byte[] hashValue, AssemblyHashAlgorithm hashAlgorithm, Boolean forIntrospection, Boolean suppressSecurityChecks, StackCrawlMark& stackMark)
   at System.Reflection.Assembly.LoadFrom(String assemblyFile)
   at Microsoft.VisualStudio.TestPlatform.PlatformAbstractions.PlatformAssemblyLoadContext.LoadAssemblyFromPath(String assemblyPath)
   at Microsoft.VisualStudio.TestPlatform.Common.Utilities.AssemblyResolver.OnResolve(Object sender, AssemblyResolveEventArgs args)

 
TpTrace Information: 0 : 32124, 3, 2022/05/04, 22:58:35.829, 1885735803532, testhost.net48.x86.exe, AssemblyResolver.OnResolve: Microsoft.TestPlatform.TestHostRuntimeProvider: Assembly path does not exist: 'C:\Program Files\dotnet\sdk\5.0.407\Extensions\Microsoft.TestPlatform.TestHostRuntimeProvider.exe', returning.
TpTrace Information: 0 : 32124, 3, 2022/05/04, 22:58:35.829, 1885735804753, testhost.net48.x86.exe, AssemblyResolver.OnResolve: Microsoft.TestPlatform.TestHostRuntimeProvider: Searching in: 'C:\Users\Jaroslav\source\repos\STIN\XUnitTestProject1\bin\Release\net48\fine-code-coverage\build-output'.
TpTrace Information: 0 : 32124, 3, 2022/05/04, 22:58:35.829, 1885735806819, testhost.net48.x86.exe, AssemblyResolver.OnResolve: Microsoft.TestPlatform.TestHostRuntimeProvider: Assembly path does not exist: 'C:\Users\Jaroslav\source\repos\STIN\XUnitTestProject1\bin\Release\net48\fine-code-coverage\build-output\Microsoft.TestPlatform.TestHostRuntimeProvider.dll', returning.
TpTrace Information: 0 : 32124, 3, 2022/05/04, 22:58:35.830, 1885735811425, testhost.net48.x86.exe, AssemblyResolver.OnResolve: Microsoft.TestPlatform.TestHostRuntimeProvider: Assembly path does not exist: 'C:\Users\Jaroslav\source\repos\STIN\XUnitTestProject1\bin\Release\net48\fine-code-coverage\build-output\Microsoft.TestPlatform.TestHostRuntimeProvider.exe', returning.
TpTrace Information: 0 : 32124, 3, 2022/05/04, 22:58:35.830, 1885735812481, testhost.net48.x86.exe, AssemblyResolver.OnResolve: Microsoft.TestPlatform.TestHostRuntimeProvider: Searching in: 'C:\Program Files\dotnet\sdk\5.0.407\TestHost'.
TpTrace Information: 0 : 32124, 3, 2022/05/04, 22:58:35.830, 1885735813841, testhost.net48.x86.exe, AssemblyResolver.OnResolve: Microsoft.TestPlatform.TestHostRuntimeProvider: Assembly path does not exist: 'C:\Program Files\dotnet\sdk\5.0.407\TestHost\Microsoft.TestPlatform.TestHostRuntimeProvider.dll', returning.
TpTrace Information: 0 : 32124, 3, 2022/05/04, 22:58:35.830, 1885735818274, testhost.net48.x86.exe, AssemblyResolver.OnResolve: Microsoft.TestPlatform.TestHostRuntimeProvider: Assembly path does not exist: 'C:\Program Files\dotnet\sdk\5.0.407\TestHost\Microsoft.TestPlatform.TestHostRuntimeProvider.exe', returning.
TpTrace Information: 0 : 32124, 3, 2022/05/04, 22:58:35.831, 1885735820470, testhost.net48.x86.exe, AssemblyResolver.OnResolve: Microsoft.TestPlatform.TestHostRuntimeProvider: Failed to load assembly.
TpTrace Verbose: 0 : 32124, 3, 2022/05/04, 22:58:35.831, 1885735821509, testhost.net48.x86.exe, CurrentDomainAssemblyResolve: Resolving assembly 'Microsoft.TestPlatform.TestHostRuntimeProvider'.
TpTrace Information: 0 : 32124, 3, 2022/05/04, 22:58:35.831, 1885735823716, testhost.net48.x86.exe, AssemblyResolver.OnResolve: Microsoft.TestPlatform.TestHostRuntimeProvider: Resolving assembly.
TpTrace Information: 0 : 32124, 3, 2022/05/04, 22:58:35.831, 1885735824942, testhost.net48.x86.exe, AssemblyResolver.OnResolve: Microsoft.TestPlatform.TestHostRuntimeProvider: Resolved from cache.
TpTrace Verbose: 0 : 32124, 3, 2022/05/04, 22:58:35.831, 1885735826342, testhost.net48.x86.exe, CurrentDomainAssemblyResolve: Resolving assembly 'Microsoft.TestPlatform.TestHostRuntimeProvider'.
TpTrace Verbose: 0 : 32124, 3, 2022/05/04, 22:58:35.831, 1885735827166, testhost.net48.x86.exe, CurrentDomainAssemblyResolve: Failed to resolve assembly 'Microsoft.TestPlatform.TestHostRuntimeProvider'.
TpTrace Verbose: 0 : 32124, 3, 2022/05/04, 22:58:35.831, 1885735828917, testhost.net48.x86.exe, CurrentDomainAssemblyResolve: Failed to resolve assembly 'Microsoft.TestPlatform.TestHostRuntimeProvider'.
TpTrace Warning: 0 : 32124, 3, 2022/05/04, 22:58:35.832, 1885735832421, testhost.net48.x86.exe, TestPluginDiscoverer: Failed to load extensions from file 'C:\Program Files\dotnet\sdk\5.0.407\Extensions\Microsoft.TestPlatform.TestHostRuntimeProvider.dll'.  Skipping test extension scan for this file.  Error: System.IO.FileNotFoundException: Nelze načíst soubor nebo sestavení Microsoft.TestPlatform.TestHostRuntimeProvider nebo jeden z jejich závislých prvků. Systém nemůže nalézt uvedený soubor.
File name: 'Microsoft.TestPlatform.TestHostRuntimeProvider' ---> System.IO.FileNotFoundException: Nelze načíst soubor nebo sestavení Microsoft.TestPlatform.TestHostRuntimeProvider nebo jeden z jejich závislých prvků. Systém nemůže nalézt uvedený soubor.
File name: 'Microsoft.TestPlatform.TestHostRuntimeProvider'
   at System.Reflection.RuntimeAssembly._nLoad(AssemblyName fileName, String codeBase, Evidence assemblySecurity, RuntimeAssembly locationHint, StackCrawlMark& stackMark, IntPtr pPrivHostBinder, Boolean throwOnFileNotFound, Boolean forIntrospection, Boolean suppressSecurityChecks)
   at System.Reflection.RuntimeAssembly.nLoad(AssemblyName fileName, String codeBase, Evidence assemblySecurity, RuntimeAssembly locationHint, StackCrawlMark& stackMark, IntPtr pPrivHostBinder, Boolean throwOnFileNotFound, Boolean forIntrospection, Boolean suppressSecurityChecks)
   at System.Reflection.RuntimeAssembly.InternalLoadAssemblyName(AssemblyName assemblyRef, Evidence assemblySecurity, RuntimeAssembly reqAssembly, StackCrawlMark& stackMark, IntPtr pPrivHostBinder, Boolean throwOnFileNotFound, Boolean forIntrospection, Boolean suppressSecurityChecks)
   at System.Reflection.Assembly.Load(AssemblyName assemblyRef)
   at Microsoft.VisualStudio.TestPlatform.Common.ExtensionFramework.TestPluginCache.CurrentDomainAssemblyResolve(Object sender, AssemblyResolveEventArgs args)
   at Microsoft.VisualStudio.TestPlatform.PlatformAbstractions.PlatformAssemblyResolver.AssemblyResolverEvent(Object sender, Object eventArgs)
   at System.AppDomain.OnAssemblyResolveEvent(RuntimeAssembly assembly, String assemblyFullName)

WRN: Protokolování vazeb sestavení je VYPNUTO.
Chcete-li povolit protokolování chyb vazeb sestavení, nastavte hodnotu registru [HKLM\Software\Microsoft\Fusion!EnableLog] (DWORD) na hodnotu 1.
Poznámka: Protokolování chyb vazeb sestavení ovlivňuje výkon systému.
Chcete-li tuto funkci vypnout, odeberte z registru hodnotu [HKLM\Software\Microsoft\Fusion!EnableLog].

   at System.Reflection.RuntimeAssembly._nLoad(AssemblyName fileName, String codeBase, Evidence assemblySecurity, RuntimeAssembly locationHint, StackCrawlMark& stackMark, IntPtr pPrivHostBinder, Boolean throwOnFileNotFound, Boolean forIntrospection, Boolean suppressSecurityChecks)
   at System.Reflection.RuntimeAssembly.nLoad(AssemblyName fileName, String codeBase, Evidence assemblySecurity, RuntimeAssembly locationHint, StackCrawlMark& stackMark, IntPtr pPrivHostBinder, Boolean throwOnFileNotFound, Boolean forIntrospection, Boolean suppressSecurityChecks)
   at System.Reflection.RuntimeAssembly.InternalLoadAssemblyName(AssemblyName assemblyRef, Evidence assemblySecurity, RuntimeAssembly reqAssembly, StackCrawlMark& stackMark, IntPtr pPrivHostBinder, Boolean throwOnFileNotFound, Boolean forIntrospection, Boolean suppressSecurityChecks)
   at System.Reflection.Assembly.Load(AssemblyName assemblyRef)
   at Microsoft.VisualStudio.TestPlatform.Common.ExtensionFramework.TestPluginDiscoverer.GetTestExtensionsFromFiles[TPluginInfo,TExtension](String[] files, Dictionary`2 pluginInfos)


TpTrace Information: 0 : 32124, 3, 2022/05/04, 22:58:35.833, 1885735841618, testhost.net48.x86.exe, AssemblyResolver.OnResolve: Microsoft.VisualStudio.TestPlatform.Extensions.Html.TestLogger: Resolving assembly.
TpTrace Information: 0 : 32124, 3, 2022/05/04, 22:58:35.833, 1885735842697, testhost.net48.x86.exe, AssemblyResolver.OnResolve: Microsoft.VisualStudio.TestPlatform.Extensions.Html.TestLogger: Searching in: 'C:\Program Files\dotnet\sdk\5.0.407\Extensions'.
TpTrace Information: 0 : 32124, 3, 2022/05/04, 22:58:35.833, 1885735849803, testhost.net48.x86.exe, AssemblyResolver.OnResolve: Microsoft.VisualStudio.TestPlatform.Extensions.Html.TestLogger: Loading assembly 'C:\Program Files\dotnet\sdk\5.0.407\Extensions\Microsoft.VisualStudio.TestPlatform.Extensions.Html.TestLogger.dll'.
TpTrace Information: 0 : 32124, 3, 2022/05/04, 22:58:35.836, 1885735870923, testhost.net48.x86.exe, AssemblyResolver.OnResolve: Microsoft.VisualStudio.TestPlatform.Extensions.Html.TestLogger: Failed to load assembly. Reason:System.BadImageFormatException: Nelze načíst soubor nebo sestavení Microsoft.VisualStudio.TestPlatform.Extensions.Html.TestLogger, Version=15.0.0.0, Culture=neutral, PublicKeyToken=b03f5f7f11d50a3a nebo jeden z jejich závislých prvků. Byl učiněn pokus načíst program v nesprávném formátu.
File name: 'Microsoft.VisualStudio.TestPlatform.Extensions.Html.TestLogger, Version=15.0.0.0, Culture=neutral, PublicKeyToken=b03f5f7f11d50a3a'
   at System.Reflection.RuntimeAssembly._nLoad(AssemblyName fileName, String codeBase, Evidence assemblySecurity, RuntimeAssembly locationHint, StackCrawlMark& stackMark, IntPtr pPrivHostBinder, Boolean throwOnFileNotFound, Boolean forIntrospection, Boolean suppressSecurityChecks)
   at System.Reflection.RuntimeAssembly.nLoad(AssemblyName fileName, String codeBase, Evidence assemblySecurity, RuntimeAssembly locationHint, StackCrawlMark& stackMark, IntPtr pPrivHostBinder, Boolean throwOnFileNotFound, Boolean forIntrospection, Boolean suppressSecurityChecks)
   at System.Reflection.RuntimeAssembly.InternalLoadAssemblyName(AssemblyName assemblyRef, Evidence assemblySecurity, RuntimeAssembly reqAssembly, StackCrawlMark& stackMark, IntPtr pPrivHostBinder, Boolean throwOnFileNotFound, Boolean forIntrospection, Boolean suppressSecurityChecks)
   at System.Reflection.RuntimeAssembly.InternalLoadFrom(String assemblyFile, Evidence securityEvidence, Byte[] hashValue, AssemblyHashAlgorithm hashAlgorithm, Boolean forIntrospection, Boolean suppressSecurityChecks, StackCrawlMark& stackMark)
   at System.Reflection.Assembly.LoadFrom(String assemblyFile)
   at Microsoft.VisualStudio.TestPlatform.PlatformAbstractions.PlatformAssemblyLoadContext.LoadAssemblyFromPath(String assemblyPath)
   at Microsoft.VisualStudio.TestPlatform.Common.Utilities.AssemblyResolver.OnResolve(Object sender, AssemblyResolveEventArgs args)

 
TpTrace Information: 0 : 32124, 3, 2022/05/04, 22:58:35.836, 1885735872768, testhost.net48.x86.exe, AssemblyResolver.OnResolve: Microsoft.VisualStudio.TestPlatform.Extensions.Html.TestLogger: Assembly path does not exist: 'C:\Program Files\dotnet\sdk\5.0.407\Extensions\Microsoft.VisualStudio.TestPlatform.Extensions.Html.TestLogger.exe', returning.
TpTrace Information: 0 : 32124, 3, 2022/05/04, 22:58:35.836, 1885735873567, testhost.net48.x86.exe, AssemblyResolver.OnResolve: Microsoft.VisualStudio.TestPlatform.Extensions.Html.TestLogger: Searching in: 'C:\Users\Jaroslav\source\repos\STIN\XUnitTestProject1\bin\Release\net48\fine-code-coverage\build-output'.
TpTrace Information: 0 : 32124, 3, 2022/05/04, 22:58:35.836, 1885735874776, testhost.net48.x86.exe, AssemblyResolver.OnResolve: Microsoft.VisualStudio.TestPlatform.Extensions.Html.TestLogger: Assembly path does not exist: 'C:\Users\Jaroslav\source\repos\STIN\XUnitTestProject1\bin\Release\net48\fine-code-coverage\build-output\Microsoft.VisualStudio.TestPlatform.Extensions.Html.TestLogger.dll', returning.
TpTrace Information: 0 : 32124, 3, 2022/05/04, 22:58:35.836, 1885735876000, testhost.net48.x86.exe, AssemblyResolver.OnResolve: Microsoft.VisualStudio.TestPlatform.Extensions.Html.TestLogger: Assembly path does not exist: 'C:\Users\Jaroslav\source\repos\STIN\XUnitTestProject1\bin\Release\net48\fine-code-coverage\build-output\Microsoft.VisualStudio.TestPlatform.Extensions.Html.TestLogger.exe', returning.
TpTrace Information: 0 : 32124, 3, 2022/05/04, 22:58:35.836, 1885735876760, testhost.net48.x86.exe, AssemblyResolver.OnResolve: Microsoft.VisualStudio.TestPlatform.Extensions.Html.TestLogger: Searching in: 'C:\Program Files\dotnet\sdk\5.0.407\TestHost'.
TpTrace Information: 0 : 32124, 3, 2022/05/04, 22:58:35.836, 1885735877877, testhost.net48.x86.exe, AssemblyResolver.OnResolve: Microsoft.VisualStudio.TestPlatform.Extensions.Html.TestLogger: Assembly path does not exist: 'C:\Program Files\dotnet\sdk\5.0.407\TestHost\Microsoft.VisualStudio.TestPlatform.Extensions.Html.TestLogger.dll', returning.
TpTrace Information: 0 : 32124, 3, 2022/05/04, 22:58:35.836, 1885735878995, testhost.net48.x86.exe, AssemblyResolver.OnResolve: Microsoft.VisualStudio.TestPlatform.Extensions.Html.TestLogger: Assembly path does not exist: 'C:\Program Files\dotnet\sdk\5.0.407\TestHost\Microsoft.VisualStudio.TestPlatform.Extensions.Html.TestLogger.exe', returning.
TpTrace Information: 0 : 32124, 3, 2022/05/04, 22:58:35.836, 1885735879704, testhost.net48.x86.exe, AssemblyResolver.OnResolve: Microsoft.VisualStudio.TestPlatform.Extensions.Html.TestLogger: Failed to load assembly.
TpTrace Verbose: 0 : 32124, 3, 2022/05/04, 22:58:35.837, 1885735880540, testhost.net48.x86.exe, CurrentDomainAssemblyResolve: Resolving assembly 'Microsoft.VisualStudio.TestPlatform.Extensions.Html.TestLogger'.
TpTrace Information: 0 : 32124, 3, 2022/05/04, 22:58:35.837, 1885735883256, testhost.net48.x86.exe, AssemblyResolver.OnResolve: Microsoft.VisualStudio.TestPlatform.Extensions.Html.TestLogger: Resolving assembly.
TpTrace Information: 0 : 32124, 3, 2022/05/04, 22:58:35.837, 1885735884051, testhost.net48.x86.exe, AssemblyResolver.OnResolve: Microsoft.VisualStudio.TestPlatform.Extensions.Html.TestLogger: Resolved from cache.
TpTrace Verbose: 0 : 32124, 3, 2022/05/04, 22:58:35.837, 1885735884880, testhost.net48.x86.exe, CurrentDomainAssemblyResolve: Resolving assembly 'Microsoft.VisualStudio.TestPlatform.Extensions.Html.TestLogger'.
TpTrace Verbose: 0 : 32124, 3, 2022/05/04, 22:58:35.837, 1885735885564, testhost.net48.x86.exe, CurrentDomainAssemblyResolve: Failed to resolve assembly 'Microsoft.VisualStudio.TestPlatform.Extensions.Html.TestLogger'.
TpTrace Verbose: 0 : 32124, 3, 2022/05/04, 22:58:35.837, 1885735887122, testhost.net48.x86.exe, CurrentDomainAssemblyResolve: Failed to resolve assembly 'Microsoft.VisualStudio.TestPlatform.Extensions.Html.TestLogger'.
TpTrace Warning: 0 : 32124, 3, 2022/05/04, 22:58:35.838, 1885735890475, testhost.net48.x86.exe, TestPluginDiscoverer: Failed to load extensions from file 'C:\Program Files\dotnet\sdk\5.0.407\Extensions\Microsoft.VisualStudio.TestPlatform.Extensions.Html.TestLogger.dll'.  Skipping test extension scan for this file.  Error: System.IO.FileNotFoundException: Nelze načíst soubor nebo sestavení Microsoft.VisualStudio.TestPlatform.Extensions.Html.TestLogger nebo jeden z jejich závislých prvků. Systém nemůže nalézt uvedený soubor.
File name: 'Microsoft.VisualStudio.TestPlatform.Extensions.Html.TestLogger' ---> System.IO.FileNotFoundException: Nelze načíst soubor nebo sestavení Microsoft.VisualStudio.TestPlatform.Extensions.Html.TestLogger nebo jeden z jejich závislých prvků. Systém nemůže nalézt uvedený soubor.
File name: 'Microsoft.VisualStudio.TestPlatform.Extensions.Html.TestLogger'
   at System.Reflection.RuntimeAssembly._nLoad(AssemblyName fileName, String codeBase, Evidence assemblySecurity, RuntimeAssembly locationHint, StackCrawlMark& stackMark, IntPtr pPrivHostBinder, Boolean throwOnFileNotFound, Boolean forIntrospection, Boolean suppressSecurityChecks)
   at System.Reflection.RuntimeAssembly.nLoad(AssemblyName fileName, String codeBase, Evidence assemblySecurity, RuntimeAssembly locationHint, StackCrawlMark& stackMark, IntPtr pPrivHostBinder, Boolean throwOnFileNotFound, Boolean forIntrospection, Boolean suppressSecurityChecks)
   at System.Reflection.RuntimeAssembly.InternalLoadAssemblyName(AssemblyName assemblyRef, Evidence assemblySecurity, RuntimeAssembly reqAssembly, StackCrawlMark& stackMark, IntPtr pPrivHostBinder, Boolean throwOnFileNotFound, Boolean forIntrospection, Boolean suppressSecurityChecks)
   at System.Reflection.Assembly.Load(AssemblyName assemblyRef)
   at Microsoft.VisualStudio.TestPlatform.Common.ExtensionFramework.TestPluginCache.CurrentDomainAssemblyResolve(Object sender, AssemblyResolveEventArgs args)
   at Microsoft.VisualStudio.TestPlatform.PlatformAbstractions.PlatformAssemblyResolver.AssemblyResolverEvent(Object sender, Object eventArgs)
   at System.AppDomain.OnAssemblyResolveEvent(RuntimeAssembly assembly, String assemblyFullName)

WRN: Protokolování vazeb sestavení je VYPNUTO.
Chcete-li povolit protokolování chyb vazeb sestavení, nastavte hodnotu registru [HKLM\Software\Microsoft\Fusion!EnableLog] (DWORD) na hodnotu 1.
Poznámka: Protokolování chyb vazeb sestavení ovlivňuje výkon systému.
Chcete-li tuto funkci vypnout, odeberte z registru hodnotu [HKLM\Software\Microsoft\Fusion!EnableLog].

   at System.Reflection.RuntimeAssembly._nLoad(AssemblyName fileName, String codeBase, Evidence assemblySecurity, RuntimeAssembly locationHint, StackCrawlMark& stackMark, IntPtr pPrivHostBinder, Boolean throwOnFileNotFound, Boolean forIntrospection, Boolean suppressSecurityChecks)
   at System.Reflection.RuntimeAssembly.nLoad(AssemblyName fileName, String codeBase, Evidence assemblySecurity, RuntimeAssembly locationHint, StackCrawlMark& stackMark, IntPtr pPrivHostBinder, Boolean throwOnFileNotFound, Boolean forIntrospection, Boolean suppressSecurityChecks)
   at System.Reflection.RuntimeAssembly.InternalLoadAssemblyName(AssemblyName assemblyRef, Evidence assemblySecurity, RuntimeAssembly reqAssembly, StackCrawlMark& stackMark, IntPtr pPrivHostBinder, Boolean throwOnFileNotFound, Boolean forIntrospection, Boolean suppressSecurityChecks)
   at System.Reflection.Assembly.Load(AssemblyName assemblyRef)
   at Microsoft.VisualStudio.TestPlatform.Common.ExtensionFramework.TestPluginDiscoverer.GetTestExtensionsFromFiles[TPluginInfo,TExtension](String[] files, Dictionary`2 pluginInfos)


TpTrace Information: 0 : 32124, 3, 2022/05/04, 22:58:35.838, 1885735898184, testhost.net48.x86.exe, AssemblyResolver.OnResolve: Microsoft.VisualStudio.TestPlatform.Extensions.Trx.TestLogger: Resolving assembly.
TpTrace Information: 0 : 32124, 3, 2022/05/04, 22:58:35.838, 1885735899172, testhost.net48.x86.exe, AssemblyResolver.OnResolve: Microsoft.VisualStudio.TestPlatform.Extensions.Trx.TestLogger: Searching in: 'C:\Program Files\dotnet\sdk\5.0.407\Extensions'.
TpTrace Information: 0 : 32124, 3, 2022/05/04, 22:58:35.839, 1885735908105, testhost.net48.x86.exe, AssemblyResolver.OnResolve: Microsoft.VisualStudio.TestPlatform.Extensions.Trx.TestLogger: Loading assembly 'C:\Program Files\dotnet\sdk\5.0.407\Extensions\Microsoft.VisualStudio.TestPlatform.Extensions.Trx.TestLogger.dll'.
TpTrace Information: 0 : 32124, 3, 2022/05/04, 22:58:35.842, 1885735939642, testhost.net48.x86.exe, AssemblyResolver.OnResolve: Microsoft.VisualStudio.TestPlatform.Extensions.Trx.TestLogger: Failed to load assembly. Reason:System.BadImageFormatException: Nelze načíst soubor nebo sestavení Microsoft.VisualStudio.TestPlatform.Extensions.Trx.TestLogger, Version=15.0.0.0, Culture=neutral, PublicKeyToken=b03f5f7f11d50a3a nebo jeden z jejich závislých prvků. Byl učiněn pokus načíst program v nesprávném formátu.
File name: 'Microsoft.VisualStudio.TestPlatform.Extensions.Trx.TestLogger, Version=15.0.0.0, Culture=neutral, PublicKeyToken=b03f5f7f11d50a3a'
   at System.Reflection.RuntimeAssembly._nLoad(AssemblyName fileName, String codeBase, Evidence assemblySecurity, RuntimeAssembly locationHint, StackCrawlMark& stackMark, IntPtr pPrivHostBinder, Boolean throwOnFileNotFound, Boolean forIntrospection, Boolean suppressSecurityChecks)
   at System.Reflection.RuntimeAssembly.nLoad(AssemblyName fileName, String codeBase, Evidence assemblySecurity, RuntimeAssembly locationHint, StackCrawlMark& stackMark, IntPtr pPrivHostBinder, Boolean throwOnFileNotFound, Boolean forIntrospection, Boolean suppressSecurityChecks)
   at System.Reflection.RuntimeAssembly.InternalLoadAssemblyName(AssemblyName assemblyRef, Evidence assemblySecurity, RuntimeAssembly reqAssembly, StackCrawlMark& stackMark, IntPtr pPrivHostBinder, Boolean throwOnFileNotFound, Boolean forIntrospection, Boolean suppressSecurityChecks)
   at System.Reflection.RuntimeAssembly.InternalLoadFrom(String assemblyFile, Evidence securityEvidence, Byte[] hashValue, AssemblyHashAlgorithm hashAlgorithm, Boolean forIntrospection, Boolean suppressSecurityChecks, StackCrawlMark& stackMark)
   at System.Reflection.Assembly.LoadFrom(String assemblyFile)
   at Microsoft.VisualStudio.TestPlatform.PlatformAbstractions.PlatformAssemblyLoadContext.LoadAssemblyFromPath(String assemblyPath)
   at Microsoft.VisualStudio.TestPlatform.Common.Utilities.AssemblyResolver.OnResolve(Object sender, AssemblyResolveEventArgs args)

 
TpTrace Information: 0 : 32124, 3, 2022/05/04, 22:58:35.843, 1885735941892, testhost.net48.x86.exe, AssemblyResolver.OnResolve: Microsoft.VisualStudio.TestPlatform.Extensions.Trx.TestLogger: Assembly path does not exist: 'C:\Program Files\dotnet\sdk\5.0.407\Extensions\Microsoft.VisualStudio.TestPlatform.Extensions.Trx.TestLogger.exe', returning.
TpTrace Information: 0 : 32124, 3, 2022/05/04, 22:58:35.843, 1885735942768, testhost.net48.x86.exe, AssemblyResolver.OnResolve: Microsoft.VisualStudio.TestPlatform.Extensions.Trx.TestLogger: Searching in: 'C:\Users\Jaroslav\source\repos\STIN\XUnitTestProject1\bin\Release\net48\fine-code-coverage\build-output'.
TpTrace Information: 0 : 32124, 3, 2022/05/04, 22:58:35.843, 1885735944046, testhost.net48.x86.exe, AssemblyResolver.OnResolve: Microsoft.VisualStudio.TestPlatform.Extensions.Trx.TestLogger: Assembly path does not exist: 'C:\Users\Jaroslav\source\repos\STIN\XUnitTestProject1\bin\Release\net48\fine-code-coverage\build-output\Microsoft.VisualStudio.TestPlatform.Extensions.Trx.TestLogger.dll', returning.
TpTrace Information: 0 : 32124, 3, 2022/05/04, 22:58:35.843, 1885735945276, testhost.net48.x86.exe, AssemblyResolver.OnResolve: Microsoft.VisualStudio.TestPlatform.Extensions.Trx.TestLogger: Assembly path does not exist: 'C:\Users\Jaroslav\source\repos\STIN\XUnitTestProject1\bin\Release\net48\fine-code-coverage\build-output\Microsoft.VisualStudio.TestPlatform.Extensions.Trx.TestLogger.exe', returning.
TpTrace Information: 0 : 32124, 3, 2022/05/04, 22:58:35.843, 1885735946027, testhost.net48.x86.exe, AssemblyResolver.OnResolve: Microsoft.VisualStudio.TestPlatform.Extensions.Trx.TestLogger: Searching in: 'C:\Program Files\dotnet\sdk\5.0.407\TestHost'.
TpTrace Information: 0 : 32124, 3, 2022/05/04, 22:58:35.843, 1885735947194, testhost.net48.x86.exe, AssemblyResolver.OnResolve: Microsoft.VisualStudio.TestPlatform.Extensions.Trx.TestLogger: Assembly path does not exist: 'C:\Program Files\dotnet\sdk\5.0.407\TestHost\Microsoft.VisualStudio.TestPlatform.Extensions.Trx.TestLogger.dll', returning.
TpTrace Information: 0 : 32124, 3, 2022/05/04, 22:58:35.843, 1885735948377, testhost.net48.x86.exe, AssemblyResolver.OnResolve: Microsoft.VisualStudio.TestPlatform.Extensions.Trx.TestLogger: Assembly path does not exist: 'C:\Program Files\dotnet\sdk\5.0.407\TestHost\Microsoft.VisualStudio.TestPlatform.Extensions.Trx.TestLogger.exe', returning.
TpTrace Information: 0 : 32124, 3, 2022/05/04, 22:58:35.843, 1885735949548, testhost.net48.x86.exe, AssemblyResolver.OnResolve: Microsoft.VisualStudio.TestPlatform.Extensions.Trx.TestLogger: Failed to load assembly.
TpTrace Verbose: 0 : 32124, 3, 2022/05/04, 22:58:35.844, 1885735950602, testhost.net48.x86.exe, CurrentDomainAssemblyResolve: Resolving assembly 'Microsoft.VisualStudio.TestPlatform.Extensions.Trx.TestLogger'.
TpTrace Information: 0 : 32124, 3, 2022/05/04, 22:58:35.844, 1885735952594, testhost.net48.x86.exe, AssemblyResolver.OnResolve: Microsoft.VisualStudio.TestPlatform.Extensions.Trx.TestLogger: Resolving assembly.
TpTrace Information: 0 : 32124, 3, 2022/05/04, 22:58:35.844, 1885735953346, testhost.net48.x86.exe, AssemblyResolver.OnResolve: Microsoft.VisualStudio.TestPlatform.Extensions.Trx.TestLogger: Resolved from cache.
TpTrace Verbose: 0 : 32124, 3, 2022/05/04, 22:58:35.844, 1885735954146, testhost.net48.x86.exe, CurrentDomainAssemblyResolve: Resolving assembly 'Microsoft.VisualStudio.TestPlatform.Extensions.Trx.TestLogger'.
TpTrace Verbose: 0 : 32124, 3, 2022/05/04, 22:58:35.844, 1885735954833, testhost.net48.x86.exe, CurrentDomainAssemblyResolve: Failed to resolve assembly 'Microsoft.VisualStudio.TestPlatform.Extensions.Trx.TestLogger'.
TpTrace Verbose: 0 : 32124, 3, 2022/05/04, 22:58:35.844, 1885735956296, testhost.net48.x86.exe, CurrentDomainAssemblyResolve: Failed to resolve assembly 'Microsoft.VisualStudio.TestPlatform.Extensions.Trx.TestLogger'.
TpTrace Warning: 0 : 32124, 3, 2022/05/04, 22:58:35.844, 1885735959586, testhost.net48.x86.exe, TestPluginDiscoverer: Failed to load extensions from file 'C:\Program Files\dotnet\sdk\5.0.407\Extensions\Microsoft.VisualStudio.TestPlatform.Extensions.Trx.TestLogger.dll'.  Skipping test extension scan for this file.  Error: System.IO.FileNotFoundException: Nelze načíst soubor nebo sestavení Microsoft.VisualStudio.TestPlatform.Extensions.Trx.TestLogger nebo jeden z jejich závislých prvků. Systém nemůže nalézt uvedený soubor.
File name: 'Microsoft.VisualStudio.TestPlatform.Extensions.Trx.TestLogger' ---> System.IO.FileNotFoundException: Nelze načíst soubor nebo sestavení Microsoft.VisualStudio.TestPlatform.Extensions.Trx.TestLogger nebo jeden z jejich závislých prvků. Systém nemůže nalézt uvedený soubor.
File name: 'Microsoft.VisualStudio.TestPlatform.Extensions.Trx.TestLogger'
   at System.Reflection.RuntimeAssembly._nLoad(AssemblyName fileName, String codeBase, Evidence assemblySecurity, RuntimeAssembly locationHint, StackCrawlMark& stackMark, IntPtr pPrivHostBinder, Boolean throwOnFileNotFound, Boolean forIntrospection, Boolean suppressSecurityChecks)
   at System.Reflection.RuntimeAssembly.nLoad(AssemblyName fileName, String codeBase, Evidence assemblySecurity, RuntimeAssembly locationHint, StackCrawlMark& stackMark, IntPtr pPrivHostBinder, Boolean throwOnFileNotFound, Boolean forIntrospection, Boolean suppressSecurityChecks)
   at System.Reflection.RuntimeAssembly.InternalLoadAssemblyName(AssemblyName assemblyRef, Evidence assemblySecurity, RuntimeAssembly reqAssembly, StackCrawlMark& stackMark, IntPtr pPrivHostBinder, Boolean throwOnFileNotFound, Boolean forIntrospection, Boolean suppressSecurityChecks)
   at System.Reflection.Assembly.Load(AssemblyName assemblyRef)
   at Microsoft.VisualStudio.TestPlatform.Common.ExtensionFramework.TestPluginCache.CurrentDomainAssemblyResolve(Object sender, AssemblyResolveEventArgs args)
   at Microsoft.VisualStudio.TestPlatform.PlatformAbstractions.PlatformAssemblyResolver.AssemblyResolverEvent(Object sender, Object eventArgs)
   at System.AppDomain.OnAssemblyResolveEvent(RuntimeAssembly assembly, String assemblyFullName)

WRN: Protokolování vazeb sestavení je VYPNUTO.
Chcete-li povolit protokolování chyb vazeb sestavení, nastavte hodnotu registru [HKLM\Software\Microsoft\Fusion!EnableLog] (DWORD) na hodnotu 1.
Poznámka: Protokolování chyb vazeb sestavení ovlivňuje výkon systému.
Chcete-li tuto funkci vypnout, odeberte z registru hodnotu [HKLM\Software\Microsoft\Fusion!EnableLog].

   at System.Reflection.RuntimeAssembly._nLoad(AssemblyName fileName, String codeBase, Evidence assemblySecurity, RuntimeAssembly locationHint, StackCrawlMark& stackMark, IntPtr pPrivHostBinder, Boolean throwOnFileNotFound, Boolean forIntrospection, Boolean suppressSecurityChecks)
   at System.Reflection.RuntimeAssembly.nLoad(AssemblyName fileName, String codeBase, Evidence assemblySecurity, RuntimeAssembly locationHint, StackCrawlMark& stackMark, IntPtr pPrivHostBinder, Boolean throwOnFileNotFound, Boolean forIntrospection, Boolean suppressSecurityChecks)
   at System.Reflection.RuntimeAssembly.InternalLoadAssemblyName(AssemblyName assemblyRef, Evidence assemblySecurity, RuntimeAssembly reqAssembly, StackCrawlMark& stackMark, IntPtr pPrivHostBinder, Boolean throwOnFileNotFound, Boolean forIntrospection, Boolean suppressSecurityChecks)
   at System.Reflection.Assembly.Load(AssemblyName assemblyRef)
   at Microsoft.VisualStudio.TestPlatform.Common.ExtensionFramework.TestPluginDiscoverer.GetTestExtensionsFromFiles[TPluginInfo,TExtension](String[] files, Dictionary`2 pluginInfos)


TpTrace Information: 0 : 32124, 3, 2022/05/04, 22:58:35.848, 1885735992893, testhost.net48.x86.exe, AssemblyResolver.OnResolve: xunit.runner.visualstudio.testadapter: Resolving assembly.
TpTrace Information: 0 : 32124, 3, 2022/05/04, 22:58:35.848, 1885735995479, testhost.net48.x86.exe, AssemblyResolver.OnResolve: xunit.runner.visualstudio.testadapter: Searching in: 'C:\Program Files\dotnet\sdk\5.0.407\Extensions'.
TpTrace Information: 0 : 32124, 3, 2022/05/04, 22:58:35.848, 1885735997027, testhost.net48.x86.exe, AssemblyResolver.OnResolve: xunit.runner.visualstudio.testadapter: Assembly path does not exist: 'C:\Program Files\dotnet\sdk\5.0.407\Extensions\xunit.runner.visualstudio.testadapter.dll', returning.
TpTrace Information: 0 : 32124, 3, 2022/05/04, 22:58:35.848, 1885735998698, testhost.net48.x86.exe, AssemblyResolver.OnResolve: xunit.runner.visualstudio.testadapter: Assembly path does not exist: 'C:\Program Files\dotnet\sdk\5.0.407\Extensions\xunit.runner.visualstudio.testadapter.exe', returning.
TpTrace Information: 0 : 32124, 3, 2022/05/04, 22:58:35.849, 1885736000229, testhost.net48.x86.exe, AssemblyResolver.OnResolve: xunit.runner.visualstudio.testadapter: Searching in: 'C:\Users\Jaroslav\source\repos\STIN\XUnitTestProject1\bin\Release\net48\fine-code-coverage\build-output'.
TpTrace Information: 0 : 32124, 3, 2022/05/04, 22:58:35.849, 1885736005542, testhost.net48.x86.exe, AssemblyResolver.OnResolve: xunit.runner.visualstudio.testadapter: Loading assembly 'C:\Users\Jaroslav\source\repos\STIN\XUnitTestProject1\bin\Release\net48\fine-code-coverage\build-output\xunit.runner.visualstudio.testadapter.dll'.
TpTrace Information: 0 : 32124, 3, 2022/05/04, 22:58:35.851, 1885736029659, testhost.net48.x86.exe, AssemblyResolver.OnResolve: Resolved assembly: xunit.runner.visualstudio.testadapter, from path: C:\Users\Jaroslav\source\repos\STIN\XUnitTestProject1\bin\Release\net48\fine-code-coverage\build-output\xunit.runner.visualstudio.testadapter.dll
TpTrace Verbose: 0 : 32124, 3, 2022/05/04, 22:58:35.863, 1885736150031, testhost.net48.x86.exe, TestPluginCache: Discovered the extensions using extension path ''.
TpTrace Verbose: 0 : 32124, 3, 2022/05/04, 22:58:35.865, 1885736161996, testhost.net48.x86.exe, TestPluginCache: Discoverers are ''.
TpTrace Verbose: 0 : 32124, 3, 2022/05/04, 22:58:35.865, 1885736162992, testhost.net48.x86.exe, TestPluginCache: Executors are 'executor://xunit/VsTestRunner2/net'.
TpTrace Verbose: 0 : 32124, 3, 2022/05/04, 22:58:35.865, 1885736163670, testhost.net48.x86.exe, TestPluginCache: Executors2 are ''.
TpTrace Verbose: 0 : 32124, 3, 2022/05/04, 22:58:35.865, 1885736164326, testhost.net48.x86.exe, TestPluginCache: Setting providers are ''.
TpTrace Verbose: 0 : 32124, 3, 2022/05/04, 22:58:35.865, 1885736164946, testhost.net48.x86.exe, TestPluginCache: Loggers are ''.
TpTrace Verbose: 0 : 32124, 3, 2022/05/04, 22:58:35.868, 1885736197139, testhost.net48.x86.exe, TestPluginCache.DiscoverTestExtensions: finding test extensions in assemblies ends with: TestAdapter.dll TPluginInfo: Microsoft.VisualStudio.TestPlatform.Common.ExtensionFramework.Utilities.TestExecutorPluginInformation2 TExtension: Microsoft.VisualStudio.TestPlatform.ObjectModel.Adapter.ITestExecutor2
TpTrace Verbose: 0 : 32124, 3, 2022/05/04, 22:58:35.869, 1885736200577, testhost.net48.x86.exe, TestPluginCache.GetExtensionPaths: Filtered extension paths: 
TpTrace Verbose: 0 : 32124, 3, 2022/05/04, 22:58:35.869, 1885736202265, testhost.net48.x86.exe, TestPluginCache.GetExtensionPaths: Added default extension paths: C:\Program Files\dotnet\sdk\5.0.407\Extensions\Microsoft.Diagnostics.NETCore.Client.dll
C:\Program Files\dotnet\sdk\5.0.407\Extensions\Microsoft.TestPlatform.Extensions.BlameDataCollector.dll
C:\Program Files\dotnet\sdk\5.0.407\Extensions\Microsoft.TestPlatform.Extensions.EventLogCollector.dll
C:\Program Files\dotnet\sdk\5.0.407\Extensions\Microsoft.TestPlatform.TestHostRuntimeProvider.dll
C:\Program Files\dotnet\sdk\5.0.407\Extensions\Microsoft.VisualStudio.TestPlatform.Extensions.Html.TestLogger.dll
C:\Program Files\dotnet\sdk\5.0.407\Extensions\Microsoft.VisualStudio.TestPlatform.Extensions.Trx.TestLogger.dll
C:\Users\Jaroslav\source\repos\STIN\XUnitTestProject1\bin\Release\net48\fine-code-coverage\build-output\xunit.runner.visualstudio.testadapter.dll
TpTrace Verbose: 0 : 32124, 3, 2022/05/04, 22:58:35.869, 1885736206303, testhost.net48.x86.exe, TestPluginCache.GetExtensionPaths: Added unfilterableExtensionPaths: 
TpTrace Information: 0 : 32124, 3, 2022/05/04, 22:58:35.869, 1885736208632, testhost.net48.x86.exe, AssemblyResolver.AddSearchDirectories: Adding more searchDirectories C:\Program Files\dotnet\sdk\5.0.407\Extensions,C:\Users\Jaroslav\source\repos\STIN\XUnitTestProject1\bin\Release\net48\fine-code-coverage\build-output,C:\Program Files\dotnet\sdk\5.0.407\TestHost
TpTrace Verbose: 0 : 32124, 3, 2022/05/04, 22:58:35.869, 1885736209507, testhost.net48.x86.exe, TestPluginCache.DiscoverTestExtensions: Discovering the extensions using extension path.
TpTrace Verbose: 0 : 32124, 3, 2022/05/04, 22:58:35.870, 1885736210237, testhost.net48.x86.exe, TestPluginCache.GetExtensionPaths: Filtered extension paths: 
TpTrace Verbose: 0 : 32124, 3, 2022/05/04, 22:58:35.870, 1885736210958, testhost.net48.x86.exe, TestPluginCache.GetExtensionPaths: Added default extension paths: C:\Program Files\dotnet\sdk\5.0.407\Extensions\Microsoft.Diagnostics.NETCore.Client.dll
C:\Program Files\dotnet\sdk\5.0.407\Extensions\Microsoft.TestPlatform.Extensions.BlameDataCollector.dll
C:\Program Files\dotnet\sdk\5.0.407\Extensions\Microsoft.TestPlatform.Extensions.EventLogCollector.dll
C:\Program Files\dotnet\sdk\5.0.407\Extensions\Microsoft.TestPlatform.TestHostRuntimeProvider.dll
C:\Program Files\dotnet\sdk\5.0.407\Extensions\Microsoft.VisualStudio.TestPlatform.Extensions.Html.TestLogger.dll
C:\Program Files\dotnet\sdk\5.0.407\Extensions\Microsoft.VisualStudio.TestPlatform.Extensions.Trx.TestLogger.dll
C:\Users\Jaroslav\source\repos\STIN\XUnitTestProject1\bin\Release\net48\fine-code-coverage\build-output\xunit.runner.visualstudio.testadapter.dll
TpTrace Verbose: 0 : 32124, 3, 2022/05/04, 22:58:35.870, 1885736211699, testhost.net48.x86.exe, TestPluginCache.GetExtensionPaths: Added unfilterableExtensionPaths: 
TpTrace Verbose: 0 : 32124, 3, 2022/05/04, 22:58:35.870, 1885736212586, testhost.net48.x86.exe, TestPluginCache.DiscoverTestExtensions: Discovering the extensions using allExtensionPaths: C:\Program Files\dotnet\sdk\5.0.407\Extensions\Microsoft.Diagnostics.NETCore.Client.dll
C:\Program Files\dotnet\sdk\5.0.407\Extensions\Microsoft.TestPlatform.Extensions.BlameDataCollector.dll
C:\Program Files\dotnet\sdk\5.0.407\Extensions\Microsoft.TestPlatform.Extensions.EventLogCollector.dll
C:\Program Files\dotnet\sdk\5.0.407\Extensions\Microsoft.TestPlatform.TestHostRuntimeProvider.dll
C:\Program Files\dotnet\sdk\5.0.407\Extensions\Microsoft.VisualStudio.TestPlatform.Extensions.Html.TestLogger.dll
C:\Program Files\dotnet\sdk\5.0.407\Extensions\Microsoft.VisualStudio.TestPlatform.Extensions.Trx.TestLogger.dll
C:\Users\Jaroslav\source\repos\STIN\XUnitTestProject1\bin\Release\net48\fine-code-coverage\build-output\xunit.runner.visualstudio.testadapter.dll
TpTrace Information: 0 : 32124, 3, 2022/05/04, 22:58:35.870, 1885736214688, testhost.net48.x86.exe, AssemblyResolver.AddSearchDirectories: Adding more searchDirectories C:\Program Files\dotnet\sdk\5.0.407\Extensions,C:\Program Files\dotnet\sdk\5.0.407\TestHost
TpTrace Information: 0 : 32124, 3, 2022/05/04, 22:58:35.870, 1885736215789, testhost.net48.x86.exe, AssemblyResolver.AddSearchDirectories: Adding more searchDirectories C:\Program Files\dotnet\sdk\5.0.407\Extensions,C:\Program Files\dotnet\sdk\5.0.407\TestHost
TpTrace Information: 0 : 32124, 3, 2022/05/04, 22:58:35.870, 1885736216749, testhost.net48.x86.exe, AssemblyResolver.AddSearchDirectories: Adding more searchDirectories C:\Program Files\dotnet\sdk\5.0.407\Extensions,C:\Program Files\dotnet\sdk\5.0.407\TestHost
TpTrace Information: 0 : 32124, 3, 2022/05/04, 22:58:35.870, 1885736217704, testhost.net48.x86.exe, AssemblyResolver.AddSearchDirectories: Adding more searchDirectories C:\Program Files\dotnet\sdk\5.0.407\Extensions,C:\Program Files\dotnet\sdk\5.0.407\TestHost
TpTrace Information: 0 : 32124, 3, 2022/05/04, 22:58:35.870, 1885736218639, testhost.net48.x86.exe, AssemblyResolver.AddSearchDirectories: Adding more searchDirectories C:\Program Files\dotnet\sdk\5.0.407\Extensions,C:\Program Files\dotnet\sdk\5.0.407\TestHost
TpTrace Information: 0 : 32124, 3, 2022/05/04, 22:58:35.870, 1885736219447, testhost.net48.x86.exe, AssemblyResolver.AddSearchDirectories: Adding more searchDirectories C:\Program Files\dotnet\sdk\5.0.407\Extensions,C:\Program Files\dotnet\sdk\5.0.407\TestHost
TpTrace Information: 0 : 32124, 3, 2022/05/04, 22:58:35.871, 1885736220445, testhost.net48.x86.exe, AssemblyResolver.AddSearchDirectories: Adding more searchDirectories C:\Users\Jaroslav\source\repos\STIN\XUnitTestProject1\bin\Release\net48\fine-code-coverage\build-output,C:\Program Files\dotnet\sdk\5.0.407\TestHost
TpTrace Warning: 0 : 32124, 3, 2022/05/04, 22:58:35.871, 1885736223861, testhost.net48.x86.exe, TestPluginDiscoverer: Failed to load extensions from file 'C:\Program Files\dotnet\sdk\5.0.407\Extensions\Microsoft.Diagnostics.NETCore.Client.dll'.  Skipping test extension scan for this file.  Error: System.IO.FileNotFoundException: Nelze načíst soubor nebo sestavení Microsoft.Diagnostics.NETCore.Client nebo jeden z jejich závislých prvků. Systém nemůže nalézt uvedený soubor.
File name: 'Microsoft.Diagnostics.NETCore.Client'
   at System.Reflection.RuntimeAssembly._nLoad(AssemblyName fileName, String codeBase, Evidence assemblySecurity, RuntimeAssembly locationHint, StackCrawlMark& stackMark, IntPtr pPrivHostBinder, Boolean throwOnFileNotFound, Boolean forIntrospection, Boolean suppressSecurityChecks)
   at System.Reflection.RuntimeAssembly.nLoad(AssemblyName fileName, String codeBase, Evidence assemblySecurity, RuntimeAssembly locationHint, StackCrawlMark& stackMark, IntPtr pPrivHostBinder, Boolean throwOnFileNotFound, Boolean forIntrospection, Boolean suppressSecurityChecks)
   at System.Reflection.RuntimeAssembly.InternalLoadAssemblyName(AssemblyName assemblyRef, Evidence assemblySecurity, RuntimeAssembly reqAssembly, StackCrawlMark& stackMark, IntPtr pPrivHostBinder, Boolean throwOnFileNotFound, Boolean forIntrospection, Boolean suppressSecurityChecks)
   at System.Reflection.Assembly.Load(AssemblyName assemblyRef)
   at Microsoft.VisualStudio.TestPlatform.Common.ExtensionFramework.TestPluginDiscoverer.GetTestExtensionsFromFiles[TPluginInfo,TExtension](String[] files, Dictionary`2 pluginInfos)

WRN: Protokolování vazeb sestavení je VYPNUTO.
Chcete-li povolit protokolování chyb vazeb sestavení, nastavte hodnotu registru [HKLM\Software\Microsoft\Fusion!EnableLog] (DWORD) na hodnotu 1.
Poznámka: Protokolování chyb vazeb sestavení ovlivňuje výkon systému.
Chcete-li tuto funkci vypnout, odeberte z registru hodnotu [HKLM\Software\Microsoft\Fusion!EnableLog].

TpTrace Warning: 0 : 32124, 3, 2022/05/04, 22:58:35.871, 1885736226415, testhost.net48.x86.exe, TestPluginDiscoverer: Failed to load extensions from file 'C:\Program Files\dotnet\sdk\5.0.407\Extensions\Microsoft.TestPlatform.Extensions.BlameDataCollector.dll'.  Skipping test extension scan for this file.  Error: System.IO.FileNotFoundException: Nelze načíst soubor nebo sestavení Microsoft.TestPlatform.Extensions.BlameDataCollector nebo jeden z jejich závislých prvků. Systém nemůže nalézt uvedený soubor.
File name: 'Microsoft.TestPlatform.Extensions.BlameDataCollector'
   at System.Reflection.RuntimeAssembly._nLoad(AssemblyName fileName, String codeBase, Evidence assemblySecurity, RuntimeAssembly locationHint, StackCrawlMark& stackMark, IntPtr pPrivHostBinder, Boolean throwOnFileNotFound, Boolean forIntrospection, Boolean suppressSecurityChecks)
   at System.Reflection.RuntimeAssembly.nLoad(AssemblyName fileName, String codeBase, Evidence assemblySecurity, RuntimeAssembly locationHint, StackCrawlMark& stackMark, IntPtr pPrivHostBinder, Boolean throwOnFileNotFound, Boolean forIntrospection, Boolean suppressSecurityChecks)
   at System.Reflection.RuntimeAssembly.InternalLoadAssemblyName(AssemblyName assemblyRef, Evidence assemblySecurity, RuntimeAssembly reqAssembly, StackCrawlMark& stackMark, IntPtr pPrivHostBinder, Boolean throwOnFileNotFound, Boolean forIntrospection, Boolean suppressSecurityChecks)
   at System.Reflection.Assembly.Load(AssemblyName assemblyRef)
   at Microsoft.VisualStudio.TestPlatform.Common.ExtensionFramework.TestPluginDiscoverer.GetTestExtensionsFromFiles[TPluginInfo,TExtension](String[] files, Dictionary`2 pluginInfos)

WRN: Protokolování vazeb sestavení je VYPNUTO.
Chcete-li povolit protokolování chyb vazeb sestavení, nastavte hodnotu registru [HKLM\Software\Microsoft\Fusion!EnableLog] (DWORD) na hodnotu 1.
Poznámka: Protokolování chyb vazeb sestavení ovlivňuje výkon systému.
Chcete-li tuto funkci vypnout, odeberte z registru hodnotu [HKLM\Software\Microsoft\Fusion!EnableLog].

TpTrace Warning: 0 : 32124, 3, 2022/05/04, 22:58:35.871, 1885736229788, testhost.net48.x86.exe, TestPluginDiscoverer: Failed to load extensions from file 'C:\Program Files\dotnet\sdk\5.0.407\Extensions\Microsoft.TestPlatform.TestHostRuntimeProvider.dll'.  Skipping test extension scan for this file.  Error: System.IO.FileNotFoundException: Nelze načíst soubor nebo sestavení Microsoft.TestPlatform.TestHostRuntimeProvider nebo jeden z jejich závislých prvků. Systém nemůže nalézt uvedený soubor.
File name: 'Microsoft.TestPlatform.TestHostRuntimeProvider'
   at System.Reflection.RuntimeAssembly._nLoad(AssemblyName fileName, String codeBase, Evidence assemblySecurity, RuntimeAssembly locationHint, StackCrawlMark& stackMark, IntPtr pPrivHostBinder, Boolean throwOnFileNotFound, Boolean forIntrospection, Boolean suppressSecurityChecks)
   at System.Reflection.RuntimeAssembly.nLoad(AssemblyName fileName, String codeBase, Evidence assemblySecurity, RuntimeAssembly locationHint, StackCrawlMark& stackMark, IntPtr pPrivHostBinder, Boolean throwOnFileNotFound, Boolean forIntrospection, Boolean suppressSecurityChecks)
   at System.Reflection.RuntimeAssembly.InternalLoadAssemblyName(AssemblyName assemblyRef, Evidence assemblySecurity, RuntimeAssembly reqAssembly, StackCrawlMark& stackMark, IntPtr pPrivHostBinder, Boolean throwOnFileNotFound, Boolean forIntrospection, Boolean suppressSecurityChecks)
   at System.Reflection.Assembly.Load(AssemblyName assemblyRef)
   at Microsoft.VisualStudio.TestPlatform.Common.ExtensionFramework.TestPluginDiscoverer.GetTestExtensionsFromFiles[TPluginInfo,TExtension](String[] files, Dictionary`2 pluginInfos)

WRN: Protokolování vazeb sestavení je VYPNUTO.
Chcete-li povolit protokolování chyb vazeb sestavení, nastavte hodnotu registru [HKLM\Software\Microsoft\Fusion!EnableLog] (DWORD) na hodnotu 1.
Poznámka: Protokolování chyb vazeb sestavení ovlivňuje výkon systému.
Chcete-li tuto funkci vypnout, odeberte z registru hodnotu [HKLM\Software\Microsoft\Fusion!EnableLog].

TpTrace Warning: 0 : 32124, 3, 2022/05/04, 22:58:35.872, 1885736232917, testhost.net48.x86.exe, TestPluginDiscoverer: Failed to load extensions from file 'C:\Program Files\dotnet\sdk\5.0.407\Extensions\Microsoft.VisualStudio.TestPlatform.Extensions.Html.TestLogger.dll'.  Skipping test extension scan for this file.  Error: System.IO.FileNotFoundException: Nelze načíst soubor nebo sestavení Microsoft.VisualStudio.TestPlatform.Extensions.Html.TestLogger nebo jeden z jejich závislých prvků. Systém nemůže nalézt uvedený soubor.
File name: 'Microsoft.VisualStudio.TestPlatform.Extensions.Html.TestLogger'
   at System.Reflection.RuntimeAssembly._nLoad(AssemblyName fileName, String codeBase, Evidence assemblySecurity, RuntimeAssembly locationHint, StackCrawlMark& stackMark, IntPtr pPrivHostBinder, Boolean throwOnFileNotFound, Boolean forIntrospection, Boolean suppressSecurityChecks)
   at System.Reflection.RuntimeAssembly.nLoad(AssemblyName fileName, String codeBase, Evidence assemblySecurity, RuntimeAssembly locationHint, StackCrawlMark& stackMark, IntPtr pPrivHostBinder, Boolean throwOnFileNotFound, Boolean forIntrospection, Boolean suppressSecurityChecks)
   at System.Reflection.RuntimeAssembly.InternalLoadAssemblyName(AssemblyName assemblyRef, Evidence assemblySecurity, RuntimeAssembly reqAssembly, StackCrawlMark& stackMark, IntPtr pPrivHostBinder, Boolean throwOnFileNotFound, Boolean forIntrospection, Boolean suppressSecurityChecks)
   at System.Reflection.Assembly.Load(AssemblyName assemblyRef)
   at Microsoft.VisualStudio.TestPlatform.Common.ExtensionFramework.TestPluginDiscoverer.GetTestExtensionsFromFiles[TPluginInfo,TExtension](String[] files, Dictionary`2 pluginInfos)

WRN: Protokolování vazeb sestavení je VYPNUTO.
Chcete-li povolit protokolování chyb vazeb sestavení, nastavte hodnotu registru [HKLM\Software\Microsoft\Fusion!EnableLog] (DWORD) na hodnotu 1.
Poznámka: Protokolování chyb vazeb sestavení ovlivňuje výkon systému.
Chcete-li tuto funkci vypnout, odeberte z registru hodnotu [HKLM\Software\Microsoft\Fusion!EnableLog].

TpTrace Warning: 0 : 32124, 3, 2022/05/04, 22:58:35.873, 1885736241801, testhost.net48.x86.exe, TestPluginDiscoverer: Failed to load extensions from file 'C:\Program Files\dotnet\sdk\5.0.407\Extensions\Microsoft.VisualStudio.TestPlatform.Extensions.Trx.TestLogger.dll'.  Skipping test extension scan for this file.  Error: System.IO.FileNotFoundException: Nelze načíst soubor nebo sestavení Microsoft.VisualStudio.TestPlatform.Extensions.Trx.TestLogger nebo jeden z jejich závislých prvků. Systém nemůže nalézt uvedený soubor.
File name: 'Microsoft.VisualStudio.TestPlatform.Extensions.Trx.TestLogger'
   at System.Reflection.RuntimeAssembly._nLoad(AssemblyName fileName, String codeBase, Evidence assemblySecurity, RuntimeAssembly locationHint, StackCrawlMark& stackMark, IntPtr pPrivHostBinder, Boolean throwOnFileNotFound, Boolean forIntrospection, Boolean suppressSecurityChecks)
   at System.Reflection.RuntimeAssembly.nLoad(AssemblyName fileName, String codeBase, Evidence assemblySecurity, RuntimeAssembly locationHint, StackCrawlMark& stackMark, IntPtr pPrivHostBinder, Boolean throwOnFileNotFound, Boolean forIntrospection, Boolean suppressSecurityChecks)
   at System.Reflection.RuntimeAssembly.InternalLoadAssemblyName(AssemblyName assemblyRef, Evidence assemblySecurity, RuntimeAssembly reqAssembly, StackCrawlMark& stackMark, IntPtr pPrivHostBinder, Boolean throwOnFileNotFound, Boolean forIntrospection, Boolean suppressSecurityChecks)
   at System.Reflection.Assembly.Load(AssemblyName assemblyRef)
   at Microsoft.VisualStudio.TestPlatform.Common.ExtensionFramework.TestPluginDiscoverer.GetTestExtensionsFromFiles[TPluginInfo,TExtension](String[] files, Dictionary`2 pluginInfos)

WRN: Protokolování vazeb sestavení je VYPNUTO.
Chcete-li povolit protokolování chyb vazeb sestavení, nastavte hodnotu registru [HKLM\Software\Microsoft\Fusion!EnableLog] (DWORD) na hodnotu 1.
Poznámka: Protokolování chyb vazeb sestavení ovlivňuje výkon systému.
Chcete-li tuto funkci vypnout, odeberte z registru hodnotu [HKLM\Software\Microsoft\Fusion!EnableLog].

TpTrace Verbose: 0 : 32124, 3, 2022/05/04, 22:58:35.874, 1885736250411, testhost.net48.x86.exe, TestPluginCache: Discovered the extensions using extension path ''.
TpTrace Verbose: 0 : 32124, 3, 2022/05/04, 22:58:35.874, 1885736252678, testhost.net48.x86.exe, TestPluginCache: Discoverers are ''.
TpTrace Verbose: 0 : 32124, 3, 2022/05/04, 22:58:35.874, 1885736253439, testhost.net48.x86.exe, TestPluginCache: Executors are 'executor://xunit/VsTestRunner2/net'.
TpTrace Verbose: 0 : 32124, 3, 2022/05/04, 22:58:35.874, 1885736254188, testhost.net48.x86.exe, TestPluginCache: Executors2 are ''.
TpTrace Verbose: 0 : 32124, 3, 2022/05/04, 22:58:35.874, 1885736254869, testhost.net48.x86.exe, TestPluginCache: Setting providers are ''.
TpTrace Verbose: 0 : 32124, 3, 2022/05/04, 22:58:35.874, 1885736255505, testhost.net48.x86.exe, TestPluginCache: Loggers are ''.
TpTrace Information: 0 : 32124, 3, 2022/05/04, 22:58:35.888, 1885736393895, testhost.net48.x86.exe, AssemblyResolver.OnResolve: xunit.runner.visualstudio.testadapter, Version=2.4.0.0, Culture=neutral, PublicKeyToken=8d05b1bb7a6fdb6c: Resolving assembly.
TpTrace Information: 0 : 32124, 3, 2022/05/04, 22:58:35.888, 1885736395623, testhost.net48.x86.exe, AssemblyResolver.OnResolve: xunit.runner.visualstudio.testadapter, Version=2.4.0.0, Culture=neutral, PublicKeyToken=8d05b1bb7a6fdb6c: Searching in: 'C:\Program Files\dotnet\sdk\5.0.407\Extensions'.
TpTrace Information: 0 : 32124, 3, 2022/05/04, 22:58:35.888, 1885736397083, testhost.net48.x86.exe, AssemblyResolver.OnResolve: xunit.runner.visualstudio.testadapter, Version=2.4.0.0, Culture=neutral, PublicKeyToken=8d05b1bb7a6fdb6c: Assembly path does not exist: 'C:\Program Files\dotnet\sdk\5.0.407\Extensions\xunit.runner.visualstudio.testadapter.dll', returning.
TpTrace Information: 0 : 32124, 3, 2022/05/04, 22:58:35.888, 1885736398276, testhost.net48.x86.exe, AssemblyResolver.OnResolve: xunit.runner.visualstudio.testadapter, Version=2.4.0.0, Culture=neutral, PublicKeyToken=8d05b1bb7a6fdb6c: Assembly path does not exist: 'C:\Program Files\dotnet\sdk\5.0.407\Extensions\xunit.runner.visualstudio.testadapter.exe', returning.
TpTrace Information: 0 : 32124, 3, 2022/05/04, 22:58:35.888, 1885736398998, testhost.net48.x86.exe, AssemblyResolver.OnResolve: xunit.runner.visualstudio.testadapter, Version=2.4.0.0, Culture=neutral, PublicKeyToken=8d05b1bb7a6fdb6c: Searching in: 'C:\Users\Jaroslav\source\repos\STIN\XUnitTestProject1\bin\Release\net48\fine-code-coverage\build-output'.
TpTrace Information: 0 : 32124, 3, 2022/05/04, 22:58:35.889, 1885736404565, testhost.net48.x86.exe, AssemblyResolver.OnResolve: xunit.runner.visualstudio.testadapter, Version=2.4.0.0, Culture=neutral, PublicKeyToken=8d05b1bb7a6fdb6c: Loading assembly 'C:\Users\Jaroslav\source\repos\STIN\XUnitTestProject1\bin\Release\net48\fine-code-coverage\build-output\xunit.runner.visualstudio.testadapter.dll'.
TpTrace Information: 0 : 32124, 3, 2022/05/04, 22:58:35.889, 1885736405904, testhost.net48.x86.exe, AssemblyResolver.OnResolve: Resolved assembly: xunit.runner.visualstudio.testadapter, Version=2.4.0.0, Culture=neutral, PublicKeyToken=8d05b1bb7a6fdb6c, from path: C:\Users\Jaroslav\source\repos\STIN\XUnitTestProject1\bin\Release\net48\fine-code-coverage\build-output\xunit.runner.visualstudio.testadapter.dll
TpTrace Information: 0 : 32124, 3, 2022/05/04, 22:58:35.890, 1885736418037, testhost.net48.x86.exe, TestPluginManager.CreateTestExtension: Attempting to load test extension: Xunit.Runner.VisualStudio.VsTestRunner
TpTrace Verbose: 0 : 32124, 3, 2022/05/04, 22:58:35.891, 1885736421009, testhost.net48.x86.exe, TestExecutorExtensionManager: Loading executor Xunit.Runner.VisualStudio.VsTestRunner
TpTrace Verbose: 0 : 32124, 3, 2022/05/04, 22:58:35.891, 1885736424069, testhost.net48.x86.exe, TestExecutorService: Loaded the executors
TpTrace Verbose: 0 : 32124, 3, 2022/05/04, 22:58:35.892, 1885736438892, testhost.net48.x86.exe, TestPluginCache.DiscoverTestExtensions: finding test extensions in assemblies ends with: TestAdapter.dll TPluginInfo: Microsoft.VisualStudio.TestPlatform.Common.ExtensionFramework.Utilities.TestSettingsProviderPluginInformation TExtension: Microsoft.VisualStudio.TestPlatform.ObjectModel.Adapter.ISettingsProvider
TpTrace Verbose: 0 : 32124, 3, 2022/05/04, 22:58:35.893, 1885736441143, testhost.net48.x86.exe, TestPluginCache.GetExtensionPaths: Filtered extension paths: 
TpTrace Verbose: 0 : 32124, 3, 2022/05/04, 22:58:35.893, 1885736442162, testhost.net48.x86.exe, TestPluginCache.GetExtensionPaths: Added default extension paths: C:\Program Files\dotnet\sdk\5.0.407\Extensions\Microsoft.Diagnostics.NETCore.Client.dll
C:\Program Files\dotnet\sdk\5.0.407\Extensions\Microsoft.TestPlatform.Extensions.BlameDataCollector.dll
C:\Program Files\dotnet\sdk\5.0.407\Extensions\Microsoft.TestPlatform.Extensions.EventLogCollector.dll
C:\Program Files\dotnet\sdk\5.0.407\Extensions\Microsoft.TestPlatform.TestHostRuntimeProvider.dll
C:\Program Files\dotnet\sdk\5.0.407\Extensions\Microsoft.VisualStudio.TestPlatform.Extensions.Html.TestLogger.dll
C:\Program Files\dotnet\sdk\5.0.407\Extensions\Microsoft.VisualStudio.TestPlatform.Extensions.Trx.TestLogger.dll
C:\Users\Jaroslav\source\repos\STIN\XUnitTestProject1\bin\Release\net48\fine-code-coverage\build-output\xunit.runner.visualstudio.testadapter.dll
TpTrace Verbose: 0 : 32124, 3, 2022/05/04, 22:58:35.893, 1885736443076, testhost.net48.x86.exe, TestPluginCache.GetExtensionPaths: Added unfilterableExtensionPaths: 
TpTrace Information: 0 : 32124, 3, 2022/05/04, 22:58:35.893, 1885736446047, testhost.net48.x86.exe, AssemblyResolver.AddSearchDirectories: Adding more searchDirectories C:\Program Files\dotnet\sdk\5.0.407\Extensions,C:\Users\Jaroslav\source\repos\STIN\XUnitTestProject1\bin\Release\net48\fine-code-coverage\build-output,C:\Program Files\dotnet\sdk\5.0.407\TestHost
TpTrace Verbose: 0 : 32124, 3, 2022/05/04, 22:58:35.893, 1885736447236, testhost.net48.x86.exe, TestPluginCache.DiscoverTestExtensions: Discovering the extensions using extension path.
TpTrace Verbose: 0 : 32124, 3, 2022/05/04, 22:58:35.893, 1885736448225, testhost.net48.x86.exe, TestPluginCache.GetExtensionPaths: Filtered extension paths: 
TpTrace Verbose: 0 : 32124, 3, 2022/05/04, 22:58:35.893, 1885736448951, testhost.net48.x86.exe, TestPluginCache.GetExtensionPaths: Added default extension paths: C:\Program Files\dotnet\sdk\5.0.407\Extensions\Microsoft.Diagnostics.NETCore.Client.dll
C:\Program Files\dotnet\sdk\5.0.407\Extensions\Microsoft.TestPlatform.Extensions.BlameDataCollector.dll
C:\Program Files\dotnet\sdk\5.0.407\Extensions\Microsoft.TestPlatform.Extensions.EventLogCollector.dll
C:\Program Files\dotnet\sdk\5.0.407\Extensions\Microsoft.TestPlatform.TestHostRuntimeProvider.dll
C:\Program Files\dotnet\sdk\5.0.407\Extensions\Microsoft.VisualStudio.TestPlatform.Extensions.Html.TestLogger.dll
C:\Program Files\dotnet\sdk\5.0.407\Extensions\Microsoft.VisualStudio.TestPlatform.Extensions.Trx.TestLogger.dll
C:\Users\Jaroslav\source\repos\STIN\XUnitTestProject1\bin\Release\net48\fine-code-coverage\build-output\xunit.runner.visualstudio.testadapter.dll
TpTrace Verbose: 0 : 32124, 3, 2022/05/04, 22:58:35.893, 1885736449685, testhost.net48.x86.exe, TestPluginCache.GetExtensionPaths: Added unfilterableExtensionPaths: 
TpTrace Verbose: 0 : 32124, 3, 2022/05/04, 22:58:35.894, 1885736450450, testhost.net48.x86.exe, TestPluginCache.DiscoverTestExtensions: Discovering the extensions using allExtensionPaths: C:\Program Files\dotnet\sdk\5.0.407\Extensions\Microsoft.Diagnostics.NETCore.Client.dll
C:\Program Files\dotnet\sdk\5.0.407\Extensions\Microsoft.TestPlatform.Extensions.BlameDataCollector.dll
C:\Program Files\dotnet\sdk\5.0.407\Extensions\Microsoft.TestPlatform.Extensions.EventLogCollector.dll
C:\Program Files\dotnet\sdk\5.0.407\Extensions\Microsoft.TestPlatform.TestHostRuntimeProvider.dll
C:\Program Files\dotnet\sdk\5.0.407\Extensions\Microsoft.VisualStudio.TestPlatform.Extensions.Html.TestLogger.dll
C:\Program Files\dotnet\sdk\5.0.407\Extensions\Microsoft.VisualStudio.TestPlatform.Extensions.Trx.TestLogger.dll
C:\Users\Jaroslav\source\repos\STIN\XUnitTestProject1\bin\Release\net48\fine-code-coverage\build-output\xunit.runner.visualstudio.testadapter.dll
TpTrace Information: 0 : 32124, 3, 2022/05/04, 22:58:35.894, 1885736452107, testhost.net48.x86.exe, AssemblyResolver.AddSearchDirectories: Adding more searchDirectories C:\Program Files\dotnet\sdk\5.0.407\Extensions,C:\Program Files\dotnet\sdk\5.0.407\TestHost
TpTrace Information: 0 : 32124, 3, 2022/05/04, 22:58:35.894, 1885736453466, testhost.net48.x86.exe, AssemblyResolver.AddSearchDirectories: Adding more searchDirectories C:\Program Files\dotnet\sdk\5.0.407\Extensions,C:\Program Files\dotnet\sdk\5.0.407\TestHost
TpTrace Information: 0 : 32124, 3, 2022/05/04, 22:58:35.894, 1885736454319, testhost.net48.x86.exe, AssemblyResolver.AddSearchDirectories: Adding more searchDirectories C:\Program Files\dotnet\sdk\5.0.407\Extensions,C:\Program Files\dotnet\sdk\5.0.407\TestHost
TpTrace Information: 0 : 32124, 3, 2022/05/04, 22:58:35.894, 1885736455091, testhost.net48.x86.exe, AssemblyResolver.AddSearchDirectories: Adding more searchDirectories C:\Program Files\dotnet\sdk\5.0.407\Extensions,C:\Program Files\dotnet\sdk\5.0.407\TestHost
TpTrace Information: 0 : 32124, 3, 2022/05/04, 22:58:35.894, 1885736456247, testhost.net48.x86.exe, AssemblyResolver.AddSearchDirectories: Adding more searchDirectories C:\Program Files\dotnet\sdk\5.0.407\Extensions,C:\Program Files\dotnet\sdk\5.0.407\TestHost
TpTrace Information: 0 : 32124, 3, 2022/05/04, 22:58:35.894, 1885736457102, testhost.net48.x86.exe, AssemblyResolver.AddSearchDirectories: Adding more searchDirectories C:\Program Files\dotnet\sdk\5.0.407\Extensions,C:\Program Files\dotnet\sdk\5.0.407\TestHost
TpTrace Information: 0 : 32124, 3, 2022/05/04, 22:58:35.894, 1885736457902, testhost.net48.x86.exe, AssemblyResolver.AddSearchDirectories: Adding more searchDirectories C:\Users\Jaroslav\source\repos\STIN\XUnitTestProject1\bin\Release\net48\fine-code-coverage\build-output,C:\Program Files\dotnet\sdk\5.0.407\TestHost
TpTrace Warning: 0 : 32124, 3, 2022/05/04, 22:58:35.895, 1885736460570, testhost.net48.x86.exe, TestPluginDiscoverer: Failed to load extensions from file 'C:\Program Files\dotnet\sdk\5.0.407\Extensions\Microsoft.Diagnostics.NETCore.Client.dll'.  Skipping test extension scan for this file.  Error: System.IO.FileNotFoundException: Nelze načíst soubor nebo sestavení Microsoft.Diagnostics.NETCore.Client nebo jeden z jejich závislých prvků. Systém nemůže nalézt uvedený soubor.
File name: 'Microsoft.Diagnostics.NETCore.Client'
   at System.Reflection.RuntimeAssembly._nLoad(AssemblyName fileName, String codeBase, Evidence assemblySecurity, RuntimeAssembly locationHint, StackCrawlMark& stackMark, IntPtr pPrivHostBinder, Boolean throwOnFileNotFound, Boolean forIntrospection, Boolean suppressSecurityChecks)
   at System.Reflection.RuntimeAssembly.nLoad(AssemblyName fileName, String codeBase, Evidence assemblySecurity, RuntimeAssembly locationHint, StackCrawlMark& stackMark, IntPtr pPrivHostBinder, Boolean throwOnFileNotFound, Boolean forIntrospection, Boolean suppressSecurityChecks)
   at System.Reflection.RuntimeAssembly.InternalLoadAssemblyName(AssemblyName assemblyRef, Evidence assemblySecurity, RuntimeAssembly reqAssembly, StackCrawlMark& stackMark, IntPtr pPrivHostBinder, Boolean throwOnFileNotFound, Boolean forIntrospection, Boolean suppressSecurityChecks)
   at System.Reflection.Assembly.Load(AssemblyName assemblyRef)
   at Microsoft.VisualStudio.TestPlatform.Common.ExtensionFramework.TestPluginDiscoverer.GetTestExtensionsFromFiles[TPluginInfo,TExtension](String[] files, Dictionary`2 pluginInfos)

WRN: Protokolování vazeb sestavení je VYPNUTO.
Chcete-li povolit protokolování chyb vazeb sestavení, nastavte hodnotu registru [HKLM\Software\Microsoft\Fusion!EnableLog] (DWORD) na hodnotu 1.
Poznámka: Protokolování chyb vazeb sestavení ovlivňuje výkon systému.
Chcete-li tuto funkci vypnout, odeberte z registru hodnotu [HKLM\Software\Microsoft\Fusion!EnableLog].

TpTrace Warning: 0 : 32124, 3, 2022/05/04, 22:58:35.895, 1885736462671, testhost.net48.x86.exe, TestPluginDiscoverer: Failed to load extensions from file 'C:\Program Files\dotnet\sdk\5.0.407\Extensions\Microsoft.TestPlatform.Extensions.BlameDataCollector.dll'.  Skipping test extension scan for this file.  Error: System.IO.FileNotFoundException: Nelze načíst soubor nebo sestavení Microsoft.TestPlatform.Extensions.BlameDataCollector nebo jeden z jejich závislých prvků. Systém nemůže nalézt uvedený soubor.
File name: 'Microsoft.TestPlatform.Extensions.BlameDataCollector'
   at System.Reflection.RuntimeAssembly._nLoad(AssemblyName fileName, String codeBase, Evidence assemblySecurity, RuntimeAssembly locationHint, StackCrawlMark& stackMark, IntPtr pPrivHostBinder, Boolean throwOnFileNotFound, Boolean forIntrospection, Boolean suppressSecurityChecks)
   at System.Reflection.RuntimeAssembly.nLoad(AssemblyName fileName, String codeBase, Evidence assemblySecurity, RuntimeAssembly locationHint, StackCrawlMark& stackMark, IntPtr pPrivHostBinder, Boolean throwOnFileNotFound, Boolean forIntrospection, Boolean suppressSecurityChecks)
   at System.Reflection.RuntimeAssembly.InternalLoadAssemblyName(AssemblyName assemblyRef, Evidence assemblySecurity, RuntimeAssembly reqAssembly, StackCrawlMark& stackMark, IntPtr pPrivHostBinder, Boolean throwOnFileNotFound, Boolean forIntrospection, Boolean suppressSecurityChecks)
   at System.Reflection.Assembly.Load(AssemblyName assemblyRef)
   at Microsoft.VisualStudio.TestPlatform.Common.ExtensionFramework.TestPluginDiscoverer.GetTestExtensionsFromFiles[TPluginInfo,TExtension](String[] files, Dictionary`2 pluginInfos)

WRN: Protokolování vazeb sestavení je VYPNUTO.
Chcete-li povolit protokolování chyb vazeb sestavení, nastavte hodnotu registru [HKLM\Software\Microsoft\Fusion!EnableLog] (DWORD) na hodnotu 1.
Poznámka: Protokolování chyb vazeb sestavení ovlivňuje výkon systému.
Chcete-li tuto funkci vypnout, odeberte z registru hodnotu [HKLM\Software\Microsoft\Fusion!EnableLog].

TpTrace Warning: 0 : 32124, 3, 2022/05/04, 22:58:35.895, 1885736465545, testhost.net48.x86.exe, TestPluginDiscoverer: Failed to load extensions from file 'C:\Program Files\dotnet\sdk\5.0.407\Extensions\Microsoft.TestPlatform.TestHostRuntimeProvider.dll'.  Skipping test extension scan for this file.  Error: System.IO.FileNotFoundException: Nelze načíst soubor nebo sestavení Microsoft.TestPlatform.TestHostRuntimeProvider nebo jeden z jejich závislých prvků. Systém nemůže nalézt uvedený soubor.
File name: 'Microsoft.TestPlatform.TestHostRuntimeProvider'
   at System.Reflection.RuntimeAssembly._nLoad(AssemblyName fileName, String codeBase, Evidence assemblySecurity, RuntimeAssembly locationHint, StackCrawlMark& stackMark, IntPtr pPrivHostBinder, Boolean throwOnFileNotFound, Boolean forIntrospection, Boolean suppressSecurityChecks)
   at System.Reflection.RuntimeAssembly.nLoad(AssemblyName fileName, String codeBase, Evidence assemblySecurity, RuntimeAssembly locationHint, StackCrawlMark& stackMark, IntPtr pPrivHostBinder, Boolean throwOnFileNotFound, Boolean forIntrospection, Boolean suppressSecurityChecks)
   at System.Reflection.RuntimeAssembly.InternalLoadAssemblyName(AssemblyName assemblyRef, Evidence assemblySecurity, RuntimeAssembly reqAssembly, StackCrawlMark& stackMark, IntPtr pPrivHostBinder, Boolean throwOnFileNotFound, Boolean forIntrospection, Boolean suppressSecurityChecks)
   at System.Reflection.Assembly.Load(AssemblyName assemblyRef)
   at Microsoft.VisualStudio.TestPlatform.Common.ExtensionFramework.TestPluginDiscoverer.GetTestExtensionsFromFiles[TPluginInfo,TExtension](String[] files, Dictionary`2 pluginInfos)

WRN: Protokolování vazeb sestavení je VYPNUTO.
Chcete-li povolit protokolování chyb vazeb sestavení, nastavte hodnotu registru [HKLM\Software\Microsoft\Fusion!EnableLog] (DWORD) na hodnotu 1.
Poznámka: Protokolování chyb vazeb sestavení ovlivňuje výkon systému.
Chcete-li tuto funkci vypnout, odeberte z registru hodnotu [HKLM\Software\Microsoft\Fusion!EnableLog].

TpTrace Warning: 0 : 32124, 3, 2022/05/04, 22:58:35.895, 1885736467559, testhost.net48.x86.exe, TestPluginDiscoverer: Failed to load extensions from file 'C:\Program Files\dotnet\sdk\5.0.407\Extensions\Microsoft.VisualStudio.TestPlatform.Extensions.Html.TestLogger.dll'.  Skipping test extension scan for this file.  Error: System.IO.FileNotFoundException: Nelze načíst soubor nebo sestavení Microsoft.VisualStudio.TestPlatform.Extensions.Html.TestLogger nebo jeden z jejich závislých prvků. Systém nemůže nalézt uvedený soubor.
File name: 'Microsoft.VisualStudio.TestPlatform.Extensions.Html.TestLogger'
   at System.Reflection.RuntimeAssembly._nLoad(AssemblyName fileName, String codeBase, Evidence assemblySecurity, RuntimeAssembly locationHint, StackCrawlMark& stackMark, IntPtr pPrivHostBinder, Boolean throwOnFileNotFound, Boolean forIntrospection, Boolean suppressSecurityChecks)
   at System.Reflection.RuntimeAssembly.nLoad(AssemblyName fileName, String codeBase, Evidence assemblySecurity, RuntimeAssembly locationHint, StackCrawlMark& stackMark, IntPtr pPrivHostBinder, Boolean throwOnFileNotFound, Boolean forIntrospection, Boolean suppressSecurityChecks)
   at System.Reflection.RuntimeAssembly.InternalLoadAssemblyName(AssemblyName assemblyRef, Evidence assemblySecurity, RuntimeAssembly reqAssembly, StackCrawlMark& stackMark, IntPtr pPrivHostBinder, Boolean throwOnFileNotFound, Boolean forIntrospection, Boolean suppressSecurityChecks)
   at System.Reflection.Assembly.Load(AssemblyName assemblyRef)
   at Microsoft.VisualStudio.TestPlatform.Common.ExtensionFramework.TestPluginDiscoverer.GetTestExtensionsFromFiles[TPluginInfo,TExtension](String[] files, Dictionary`2 pluginInfos)

WRN: Protokolování vazeb sestavení je VYPNUTO.
Chcete-li povolit protokolování chyb vazeb sestavení, nastavte hodnotu registru [HKLM\Software\Microsoft\Fusion!EnableLog] (DWORD) na hodnotu 1.
Poznámka: Protokolování chyb vazeb sestavení ovlivňuje výkon systému.
Chcete-li tuto funkci vypnout, odeberte z registru hodnotu [HKLM\Software\Microsoft\Fusion!EnableLog].

TpTrace Warning: 0 : 32124, 3, 2022/05/04, 22:58:35.895, 1885736469505, testhost.net48.x86.exe, TestPluginDiscoverer: Failed to load extensions from file 'C:\Program Files\dotnet\sdk\5.0.407\Extensions\Microsoft.VisualStudio.TestPlatform.Extensions.Trx.TestLogger.dll'.  Skipping test extension scan for this file.  Error: System.IO.FileNotFoundException: Nelze načíst soubor nebo sestavení Microsoft.VisualStudio.TestPlatform.Extensions.Trx.TestLogger nebo jeden z jejich závislých prvků. Systém nemůže nalézt uvedený soubor.
File name: 'Microsoft.VisualStudio.TestPlatform.Extensions.Trx.TestLogger'
   at System.Reflection.RuntimeAssembly._nLoad(AssemblyName fileName, String codeBase, Evidence assemblySecurity, RuntimeAssembly locationHint, StackCrawlMark& stackMark, IntPtr pPrivHostBinder, Boolean throwOnFileNotFound, Boolean forIntrospection, Boolean suppressSecurityChecks)
   at System.Reflection.RuntimeAssembly.nLoad(AssemblyName fileName, String codeBase, Evidence assemblySecurity, RuntimeAssembly locationHint, StackCrawlMark& stackMark, IntPtr pPrivHostBinder, Boolean throwOnFileNotFound, Boolean forIntrospection, Boolean suppressSecurityChecks)
   at System.Reflection.RuntimeAssembly.InternalLoadAssemblyName(AssemblyName assemblyRef, Evidence assemblySecurity, RuntimeAssembly reqAssembly, StackCrawlMark& stackMark, IntPtr pPrivHostBinder, Boolean throwOnFileNotFound, Boolean forIntrospection, Boolean suppressSecurityChecks)
   at System.Reflection.Assembly.Load(AssemblyName assemblyRef)
   at Microsoft.VisualStudio.TestPlatform.Common.ExtensionFramework.TestPluginDiscoverer.GetTestExtensionsFromFiles[TPluginInfo,TExtension](String[] files, Dictionary`2 pluginInfos)

WRN: Protokolování vazeb sestavení je VYPNUTO.
Chcete-li povolit protokolování chyb vazeb sestavení, nastavte hodnotu registru [HKLM\Software\Microsoft\Fusion!EnableLog] (DWORD) na hodnotu 1.
Poznámka: Protokolování chyb vazeb sestavení ovlivňuje výkon systému.
Chcete-li tuto funkci vypnout, odeberte z registru hodnotu [HKLM\Software\Microsoft\Fusion!EnableLog].

TpTrace Verbose: 0 : 32124, 3, 2022/05/04, 22:58:35.896, 1885736473076, testhost.net48.x86.exe, TestPluginCache: Discovered the extensions using extension path ''.
TpTrace Verbose: 0 : 32124, 3, 2022/05/04, 22:58:35.896, 1885736474075, testhost.net48.x86.exe, TestPluginCache: Discoverers are ''.
TpTrace Verbose: 0 : 32124, 3, 2022/05/04, 22:58:35.896, 1885736474819, testhost.net48.x86.exe, TestPluginCache: Executors are 'executor://xunit/VsTestRunner2/net'.
TpTrace Verbose: 0 : 32124, 3, 2022/05/04, 22:58:35.896, 1885736476096, testhost.net48.x86.exe, TestPluginCache: Executors2 are ''.
TpTrace Verbose: 0 : 32124, 3, 2022/05/04, 22:58:35.896, 1885736476805, testhost.net48.x86.exe, TestPluginCache: Setting providers are ''.
TpTrace Verbose: 0 : 32124, 3, 2022/05/04, 22:58:35.896, 1885736477439, testhost.net48.x86.exe, TestPluginCache: Loggers are ''.
TpTrace Verbose: 0 : 32124, 3, 2022/05/04, 22:58:35.897, 1885736488718, testhost.net48.x86.exe, TestExecutorService: Loaded the settings providers
TpTrace Information: 0 : 32124, 3, 2022/05/04, 22:58:35.897, 1885736489978, testhost.net48.x86.exe, TestExecutorService: Loaded the extensions
TpTrace Information: 0 : 32124, 3, 2022/05/04, 22:58:35.898, 1885736495959, testhost.net48.x86.exe, TestRequestHandler.OnMessageReceived: Running job 'TestExecution.StartWithSources'.
TpTrace Information: 0 : 32124, 3, 2022/05/04, 22:58:35.974, 1885737252194, testhost.net48.x86.exe, TestDiscoveryManager: Discovering tests from sources C:\Users\Jaroslav\source\repos\STIN\XUnitTestProject1\bin\Release\net48\fine-code-coverage\build-output\XUnitTestProject1.dll
TpTrace Verbose: 0 : 32124, 3, 2022/05/04, 22:58:35.976, 1885737279726, testhost.net48.x86.exe, TestPluginCache.DiscoverTestExtensions: finding test extensions in assemblies ends with: TestAdapter.dll TPluginInfo: Microsoft.VisualStudio.TestPlatform.Common.ExtensionFramework.Utilities.TestDiscovererPluginInformation TExtension: Microsoft.VisualStudio.TestPlatform.ObjectModel.Adapter.ITestDiscoverer
TpTrace Verbose: 0 : 32124, 3, 2022/05/04, 22:58:35.977, 1885737282316, testhost.net48.x86.exe, TestPluginCache.GetExtensionPaths: Filtered extension paths: 
TpTrace Verbose: 0 : 32124, 3, 2022/05/04, 22:58:35.977, 1885737283216, testhost.net48.x86.exe, TestPluginCache.GetExtensionPaths: Added default extension paths: C:\Program Files\dotnet\sdk\5.0.407\Extensions\Microsoft.Diagnostics.NETCore.Client.dll
C:\Program Files\dotnet\sdk\5.0.407\Extensions\Microsoft.TestPlatform.Extensions.BlameDataCollector.dll
C:\Program Files\dotnet\sdk\5.0.407\Extensions\Microsoft.TestPlatform.Extensions.EventLogCollector.dll
C:\Program Files\dotnet\sdk\5.0.407\Extensions\Microsoft.TestPlatform.TestHostRuntimeProvider.dll
C:\Program Files\dotnet\sdk\5.0.407\Extensions\Microsoft.VisualStudio.TestPlatform.Extensions.Html.TestLogger.dll
C:\Program Files\dotnet\sdk\5.0.407\Extensions\Microsoft.VisualStudio.TestPlatform.Extensions.Trx.TestLogger.dll
C:\Users\Jaroslav\source\repos\STIN\XUnitTestProject1\bin\Release\net48\fine-code-coverage\build-output\xunit.runner.visualstudio.testadapter.dll
TpTrace Verbose: 0 : 32124, 3, 2022/05/04, 22:58:35.977, 1885737284398, testhost.net48.x86.exe, TestPluginCache.GetExtensionPaths: Added unfilterableExtensionPaths: 
TpTrace Information: 0 : 32124, 3, 2022/05/04, 22:58:35.977, 1885737286400, testhost.net48.x86.exe, AssemblyResolver.AddSearchDirectories: Adding more searchDirectories C:\Program Files\dotnet\sdk\5.0.407\Extensions,C:\Users\Jaroslav\source\repos\STIN\XUnitTestProject1\bin\Release\net48\fine-code-coverage\build-output,C:\Program Files\dotnet\sdk\5.0.407\TestHost
TpTrace Verbose: 0 : 32124, 3, 2022/05/04, 22:58:35.977, 1885737287244, testhost.net48.x86.exe, TestPluginCache.DiscoverTestExtensions: Discovering the extensions using extension path.
TpTrace Verbose: 0 : 32124, 3, 2022/05/04, 22:58:35.977, 1885737287981, testhost.net48.x86.exe, TestPluginCache.GetExtensionPaths: Filtered extension paths: 
TpTrace Verbose: 0 : 32124, 3, 2022/05/04, 22:58:35.977, 1885737288692, testhost.net48.x86.exe, TestPluginCache.GetExtensionPaths: Added default extension paths: C:\Program Files\dotnet\sdk\5.0.407\Extensions\Microsoft.Diagnostics.NETCore.Client.dll
C:\Program Files\dotnet\sdk\5.0.407\Extensions\Microsoft.TestPlatform.Extensions.BlameDataCollector.dll
C:\Program Files\dotnet\sdk\5.0.407\Extensions\Microsoft.TestPlatform.Extensions.EventLogCollector.dll
C:\Program Files\dotnet\sdk\5.0.407\Extensions\Microsoft.TestPlatform.TestHostRuntimeProvider.dll
C:\Program Files\dotnet\sdk\5.0.407\Extensions\Microsoft.VisualStudio.TestPlatform.Extensions.Html.TestLogger.dll
C:\Program Files\dotnet\sdk\5.0.407\Extensions\Microsoft.VisualStudio.TestPlatform.Extensions.Trx.TestLogger.dll
C:\Users\Jaroslav\source\repos\STIN\XUnitTestProject1\bin\Release\net48\fine-code-coverage\build-output\xunit.runner.visualstudio.testadapter.dll
TpTrace Verbose: 0 : 32124, 3, 2022/05/04, 22:58:35.978, 1885737290546, testhost.net48.x86.exe, TestPluginCache.GetExtensionPaths: Added unfilterableExtensionPaths: 
TpTrace Verbose: 0 : 32124, 3, 2022/05/04, 22:58:35.978, 1885737292761, testhost.net48.x86.exe, TestPluginCache.DiscoverTestExtensions: Discovering the extensions using allExtensionPaths: C:\Program Files\dotnet\sdk\5.0.407\Extensions\Microsoft.Diagnostics.NETCore.Client.dll
C:\Program Files\dotnet\sdk\5.0.407\Extensions\Microsoft.TestPlatform.Extensions.BlameDataCollector.dll
C:\Program Files\dotnet\sdk\5.0.407\Extensions\Microsoft.TestPlatform.Extensions.EventLogCollector.dll
C:\Program Files\dotnet\sdk\5.0.407\Extensions\Microsoft.TestPlatform.TestHostRuntimeProvider.dll
C:\Program Files\dotnet\sdk\5.0.407\Extensions\Microsoft.VisualStudio.TestPlatform.Extensions.Html.TestLogger.dll
C:\Program Files\dotnet\sdk\5.0.407\Extensions\Microsoft.VisualStudio.TestPlatform.Extensions.Trx.TestLogger.dll
C:\Users\Jaroslav\source\repos\STIN\XUnitTestProject1\bin\Release\net48\fine-code-coverage\build-output\xunit.runner.visualstudio.testadapter.dll
TpTrace Information: 0 : 32124, 3, 2022/05/04, 22:58:35.978, 1885737294398, testhost.net48.x86.exe, AssemblyResolver.AddSearchDirectories: Adding more searchDirectories C:\Program Files\dotnet\sdk\5.0.407\Extensions,C:\Program Files\dotnet\sdk\5.0.407\TestHost
TpTrace Information: 0 : 32124, 3, 2022/05/04, 22:58:35.978, 1885737295329, testhost.net48.x86.exe, AssemblyResolver.AddSearchDirectories: Adding more searchDirectories C:\Program Files\dotnet\sdk\5.0.407\Extensions,C:\Program Files\dotnet\sdk\5.0.407\TestHost
TpTrace Information: 0 : 32124, 3, 2022/05/04, 22:58:35.978, 1885737296116, testhost.net48.x86.exe, AssemblyResolver.AddSearchDirectories: Adding more searchDirectories C:\Program Files\dotnet\sdk\5.0.407\Extensions,C:\Program Files\dotnet\sdk\5.0.407\TestHost
TpTrace Information: 0 : 32124, 3, 2022/05/04, 22:58:35.978, 1885737296882, testhost.net48.x86.exe, AssemblyResolver.AddSearchDirectories: Adding more searchDirectories C:\Program Files\dotnet\sdk\5.0.407\Extensions,C:\Program Files\dotnet\sdk\5.0.407\TestHost
TpTrace Information: 0 : 32124, 3, 2022/05/04, 22:58:35.978, 1885737297647, testhost.net48.x86.exe, AssemblyResolver.AddSearchDirectories: Adding more searchDirectories C:\Program Files\dotnet\sdk\5.0.407\Extensions,C:\Program Files\dotnet\sdk\5.0.407\TestHost
TpTrace Information: 0 : 32124, 3, 2022/05/04, 22:58:35.978, 1885737298403, testhost.net48.x86.exe, AssemblyResolver.AddSearchDirectories: Adding more searchDirectories C:\Program Files\dotnet\sdk\5.0.407\Extensions,C:\Program Files\dotnet\sdk\5.0.407\TestHost
TpTrace Information: 0 : 32124, 3, 2022/05/04, 22:58:35.978, 1885737299171, testhost.net48.x86.exe, AssemblyResolver.AddSearchDirectories: Adding more searchDirectories C:\Users\Jaroslav\source\repos\STIN\XUnitTestProject1\bin\Release\net48\fine-code-coverage\build-output,C:\Program Files\dotnet\sdk\5.0.407\TestHost
TpTrace Warning: 0 : 32124, 3, 2022/05/04, 22:58:35.979, 1885737301930, testhost.net48.x86.exe, TestPluginDiscoverer: Failed to load extensions from file 'C:\Program Files\dotnet\sdk\5.0.407\Extensions\Microsoft.Diagnostics.NETCore.Client.dll'.  Skipping test extension scan for this file.  Error: System.IO.FileNotFoundException: Nelze načíst soubor nebo sestavení Microsoft.Diagnostics.NETCore.Client nebo jeden z jejich závislých prvků. Systém nemůže nalézt uvedený soubor.
File name: 'Microsoft.Diagnostics.NETCore.Client'
   at System.Reflection.RuntimeAssembly._nLoad(AssemblyName fileName, String codeBase, Evidence assemblySecurity, RuntimeAssembly locationHint, StackCrawlMark& stackMark, IntPtr pPrivHostBinder, Boolean throwOnFileNotFound, Boolean forIntrospection, Boolean suppressSecurityChecks)
   at System.Reflection.RuntimeAssembly.nLoad(AssemblyName fileName, String codeBase, Evidence assemblySecurity, RuntimeAssembly locationHint, StackCrawlMark& stackMark, IntPtr pPrivHostBinder, Boolean throwOnFileNotFound, Boolean forIntrospection, Boolean suppressSecurityChecks)
   at System.Reflection.RuntimeAssembly.InternalLoadAssemblyName(AssemblyName assemblyRef, Evidence assemblySecurity, RuntimeAssembly reqAssembly, StackCrawlMark& stackMark, IntPtr pPrivHostBinder, Boolean throwOnFileNotFound, Boolean forIntrospection, Boolean suppressSecurityChecks)
   at System.Reflection.Assembly.Load(AssemblyName assemblyRef)
   at Microsoft.VisualStudio.TestPlatform.Common.ExtensionFramework.TestPluginDiscoverer.GetTestExtensionsFromFiles[TPluginInfo,TExtension](String[] files, Dictionary`2 pluginInfos)

WRN: Protokolování vazeb sestavení je VYPNUTO.
Chcete-li povolit protokolování chyb vazeb sestavení, nastavte hodnotu registru [HKLM\Software\Microsoft\Fusion!EnableLog] (DWORD) na hodnotu 1.
Poznámka: Protokolování chyb vazeb sestavení ovlivňuje výkon systému.
Chcete-li tuto funkci vypnout, odeberte z registru hodnotu [HKLM\Software\Microsoft\Fusion!EnableLog].

TpTrace Warning: 0 : 32124, 3, 2022/05/04, 22:58:35.979, 1885737304107, testhost.net48.x86.exe, TestPluginDiscoverer: Failed to load extensions from file 'C:\Program Files\dotnet\sdk\5.0.407\Extensions\Microsoft.TestPlatform.Extensions.BlameDataCollector.dll'.  Skipping test extension scan for this file.  Error: System.IO.FileNotFoundException: Nelze načíst soubor nebo sestavení Microsoft.TestPlatform.Extensions.BlameDataCollector nebo jeden z jejich závislých prvků. Systém nemůže nalézt uvedený soubor.
File name: 'Microsoft.TestPlatform.Extensions.BlameDataCollector'
   at System.Reflection.RuntimeAssembly._nLoad(AssemblyName fileName, String codeBase, Evidence assemblySecurity, RuntimeAssembly locationHint, StackCrawlMark& stackMark, IntPtr pPrivHostBinder, Boolean throwOnFileNotFound, Boolean forIntrospection, Boolean suppressSecurityChecks)
   at System.Reflection.RuntimeAssembly.nLoad(AssemblyName fileName, String codeBase, Evidence assemblySecurity, RuntimeAssembly locationHint, StackCrawlMark& stackMark, IntPtr pPrivHostBinder, Boolean throwOnFileNotFound, Boolean forIntrospection, Boolean suppressSecurityChecks)
   at System.Reflection.RuntimeAssembly.InternalLoadAssemblyName(AssemblyName assemblyRef, Evidence assemblySecurity, RuntimeAssembly reqAssembly, StackCrawlMark& stackMark, IntPtr pPrivHostBinder, Boolean throwOnFileNotFound, Boolean forIntrospection, Boolean suppressSecurityChecks)
   at System.Reflection.Assembly.Load(AssemblyName assemblyRef)
   at Microsoft.VisualStudio.TestPlatform.Common.ExtensionFramework.TestPluginDiscoverer.GetTestExtensionsFromFiles[TPluginInfo,TExtension](String[] files, Dictionary`2 pluginInfos)

WRN: Protokolování vazeb sestavení je VYPNUTO.
Chcete-li povolit protokolování chyb vazeb sestavení, nastavte hodnotu registru [HKLM\Software\Microsoft\Fusion!EnableLog] (DWORD) na hodnotu 1.
Poznámka: Protokolování chyb vazeb sestavení ovlivňuje výkon systému.
Chcete-li tuto funkci vypnout, odeberte z registru hodnotu [HKLM\Software\Microsoft\Fusion!EnableLog].

TpTrace Warning: 0 : 32124, 3, 2022/05/04, 22:58:35.979, 1885737307688, testhost.net48.x86.exe, TestPluginDiscoverer: Failed to load extensions from file 'C:\Program Files\dotnet\sdk\5.0.407\Extensions\Microsoft.TestPlatform.TestHostRuntimeProvider.dll'.  Skipping test extension scan for this file.  Error: System.IO.FileNotFoundException: Nelze načíst soubor nebo sestavení Microsoft.TestPlatform.TestHostRuntimeProvider nebo jeden z jejich závislých prvků. Systém nemůže nalézt uvedený soubor.
File name: 'Microsoft.TestPlatform.TestHostRuntimeProvider'
   at System.Reflection.RuntimeAssembly._nLoad(AssemblyName fileName, String codeBase, Evidence assemblySecurity, RuntimeAssembly locationHint, StackCrawlMark& stackMark, IntPtr pPrivHostBinder, Boolean throwOnFileNotFound, Boolean forIntrospection, Boolean suppressSecurityChecks)
   at System.Reflection.RuntimeAssembly.nLoad(AssemblyName fileName, String codeBase, Evidence assemblySecurity, RuntimeAssembly locationHint, StackCrawlMark& stackMark, IntPtr pPrivHostBinder, Boolean throwOnFileNotFound, Boolean forIntrospection, Boolean suppressSecurityChecks)
   at System.Reflection.RuntimeAssembly.InternalLoadAssemblyName(AssemblyName assemblyRef, Evidence assemblySecurity, RuntimeAssembly reqAssembly, StackCrawlMark& stackMark, IntPtr pPrivHostBinder, Boolean throwOnFileNotFound, Boolean forIntrospection, Boolean suppressSecurityChecks)
   at System.Reflection.Assembly.Load(AssemblyName assemblyRef)
   at Microsoft.VisualStudio.TestPlatform.Common.ExtensionFramework.TestPluginDiscoverer.GetTestExtensionsFromFiles[TPluginInfo,TExtension](String[] files, Dictionary`2 pluginInfos)

WRN: Protokolování vazeb sestavení je VYPNUTO.
Chcete-li povolit protokolování chyb vazeb sestavení, nastavte hodnotu registru [HKLM\Software\Microsoft\Fusion!EnableLog] (DWORD) na hodnotu 1.
Poznámka: Protokolování chyb vazeb sestavení ovlivňuje výkon systému.
Chcete-li tuto funkci vypnout, odeberte z registru hodnotu [HKLM\Software\Microsoft\Fusion!EnableLog].

TpTrace Warning: 0 : 32124, 3, 2022/05/04, 22:58:35.980, 1885737311686, testhost.net48.x86.exe, TestPluginDiscoverer: Failed to load extensions from file 'C:\Program Files\dotnet\sdk\5.0.407\Extensions\Microsoft.VisualStudio.TestPlatform.Extensions.Html.TestLogger.dll'.  Skipping test extension scan for this file.  Error: System.IO.FileNotFoundException: Nelze načíst soubor nebo sestavení Microsoft.VisualStudio.TestPlatform.Extensions.Html.TestLogger nebo jeden z jejich závislých prvků. Systém nemůže nalézt uvedený soubor.
File name: 'Microsoft.VisualStudio.TestPlatform.Extensions.Html.TestLogger'
   at System.Reflection.RuntimeAssembly._nLoad(AssemblyName fileName, String codeBase, Evidence assemblySecurity, RuntimeAssembly locationHint, StackCrawlMark& stackMark, IntPtr pPrivHostBinder, Boolean throwOnFileNotFound, Boolean forIntrospection, Boolean suppressSecurityChecks)
   at System.Reflection.RuntimeAssembly.nLoad(AssemblyName fileName, String codeBase, Evidence assemblySecurity, RuntimeAssembly locationHint, StackCrawlMark& stackMark, IntPtr pPrivHostBinder, Boolean throwOnFileNotFound, Boolean forIntrospection, Boolean suppressSecurityChecks)
   at System.Reflection.RuntimeAssembly.InternalLoadAssemblyName(AssemblyName assemblyRef, Evidence assemblySecurity, RuntimeAssembly reqAssembly, StackCrawlMark& stackMark, IntPtr pPrivHostBinder, Boolean throwOnFileNotFound, Boolean forIntrospection, Boolean suppressSecurityChecks)
   at System.Reflection.Assembly.Load(AssemblyName assemblyRef)
   at Microsoft.VisualStudio.TestPlatform.Common.ExtensionFramework.TestPluginDiscoverer.GetTestExtensionsFromFiles[TPluginInfo,TExtension](String[] files, Dictionary`2 pluginInfos)

WRN: Protokolování vazeb sestavení je VYPNUTO.
Chcete-li povolit protokolování chyb vazeb sestavení, nastavte hodnotu registru [HKLM\Software\Microsoft\Fusion!EnableLog] (DWORD) na hodnotu 1.
Poznámka: Protokolování chyb vazeb sestavení ovlivňuje výkon systému.
Chcete-li tuto funkci vypnout, odeberte z registru hodnotu [HKLM\Software\Microsoft\Fusion!EnableLog].

TpTrace Warning: 0 : 32124, 3, 2022/05/04, 22:58:35.980, 1885737314242, testhost.net48.x86.exe, TestPluginDiscoverer: Failed to load extensions from file 'C:\Program Files\dotnet\sdk\5.0.407\Extensions\Microsoft.VisualStudio.TestPlatform.Extensions.Trx.TestLogger.dll'.  Skipping test extension scan for this file.  Error: System.IO.FileNotFoundException: Nelze načíst soubor nebo sestavení Microsoft.VisualStudio.TestPlatform.Extensions.Trx.TestLogger nebo jeden z jejich závislých prvků. Systém nemůže nalézt uvedený soubor.
File name: 'Microsoft.VisualStudio.TestPlatform.Extensions.Trx.TestLogger'
   at System.Reflection.RuntimeAssembly._nLoad(AssemblyName fileName, String codeBase, Evidence assemblySecurity, RuntimeAssembly locationHint, StackCrawlMark& stackMark, IntPtr pPrivHostBinder, Boolean throwOnFileNotFound, Boolean forIntrospection, Boolean suppressSecurityChecks)
   at System.Reflection.RuntimeAssembly.nLoad(AssemblyName fileName, String codeBase, Evidence assemblySecurity, RuntimeAssembly locationHint, StackCrawlMark& stackMark, IntPtr pPrivHostBinder, Boolean throwOnFileNotFound, Boolean forIntrospection, Boolean suppressSecurityChecks)
   at System.Reflection.RuntimeAssembly.InternalLoadAssemblyName(AssemblyName assemblyRef, Evidence assemblySecurity, RuntimeAssembly reqAssembly, StackCrawlMark& stackMark, IntPtr pPrivHostBinder, Boolean throwOnFileNotFound, Boolean forIntrospection, Boolean suppressSecurityChecks)
   at System.Reflection.Assembly.Load(AssemblyName assemblyRef)
   at Microsoft.VisualStudio.TestPlatform.Common.ExtensionFramework.TestPluginDiscoverer.GetTestExtensionsFromFiles[TPluginInfo,TExtension](String[] files, Dictionary`2 pluginInfos)

WRN: Protokolování vazeb sestavení je VYPNUTO.
Chcete-li povolit protokolování chyb vazeb sestavení, nastavte hodnotu registru [HKLM\Software\Microsoft\Fusion!EnableLog] (DWORD) na hodnotu 1.
Poznámka: Protokolování chyb vazeb sestavení ovlivňuje výkon systému.
Chcete-li tuto funkci vypnout, odeberte z registru hodnotu [HKLM\Software\Microsoft\Fusion!EnableLog].

TpTrace Verbose: 0 : 32124, 3, 2022/05/04, 22:58:35.982, 1885737333482, testhost.net48.x86.exe, TestPluginCache: Discovered the extensions using extension path ''.
TpTrace Verbose: 0 : 32124, 3, 2022/05/04, 22:58:35.982, 1885737335241, testhost.net48.x86.exe, TestPluginCache: Discoverers are 'Xunit.Runner.VisualStudio.VsTestRunner, xunit.runner.visualstudio.testadapter, Version=2.4.0.0, Culture=neutral, PublicKeyToken=8d05b1bb7a6fdb6c'.
TpTrace Verbose: 0 : 32124, 3, 2022/05/04, 22:58:35.982, 1885737336256, testhost.net48.x86.exe, TestPluginCache: Executors are 'executor://xunit/VsTestRunner2/net'.
TpTrace Verbose: 0 : 32124, 3, 2022/05/04, 22:58:35.982, 1885737338129, testhost.net48.x86.exe, TestPluginCache: Executors2 are ''.
TpTrace Verbose: 0 : 32124, 3, 2022/05/04, 22:58:35.982, 1885737338986, testhost.net48.x86.exe, TestPluginCache: Setting providers are ''.
TpTrace Verbose: 0 : 32124, 3, 2022/05/04, 22:58:35.982, 1885737339635, testhost.net48.x86.exe, TestPluginCache: Loggers are ''.
TpTrace Information: 0 : 32124, 3, 2022/05/04, 22:58:36.025, 1885737768027, testhost.net48.x86.exe, PEReaderHelper.GetAssemblyType: Determined assemblyType:'Managed' for source: 'C:\Users\Jaroslav\source\repos\STIN\XUnitTestProject1\bin\Release\net48\fine-code-coverage\build-output\XUnitTestProject1.dll'
TpTrace Verbose: 0 : 32124, 3, 2022/05/04, 22:58:36.031, 1885737827514, testhost.net48.x86.exe, BaseRunTests.RunTestInternalWithExecutors: Running tests for executor://xunit/VsTestRunner2/net
TpTrace Verbose: 0 : 32124, 3, 2022/05/04, 22:58:36.032, 1885737834379, testhost.net48.x86.exe, BaseRunTests.TryToRunInSTAThread: Using STA thread to call adapter API.
TpTrace Information: 0 : 32124, 13, 2022/05/04, 22:58:36.042, 1885737931858, testhost.net48.x86.exe, [xUnit.net 00:00:00.00] xUnit.net VSTest Adapter v2.4.3+1b45f5407b (32-bit Desktop .NET 4.0.30319.42000)
TpTrace Verbose: 0 : 32124, 13, 2022/05/04, 22:58:36.042, 1885737933851, testhost.net48.x86.exe, TestRequestHandler.SendData:  sending data from testhost: {"Version":5,"MessageType":"TestSession.Message","Payload":{"MessageLevel":0,"Message":"[xUnit.net 00:00:00.00] xUnit.net VSTest Adapter v2.4.3+1b45f5407b (32-bit Desktop .NET 4.0.30319.42000)"}}
TpTrace Information: 0 : 32124, 13, 2022/05/04, 22:58:36.080, 1885738312294, testhost.net48.x86.exe, AssemblyResolver.OnResolve: xunit.runner.utility.net452, Version=2.4.1.0, Culture=neutral, PublicKeyToken=8d05b1bb7a6fdb6c: Resolving assembly.
TpTrace Information: 0 : 32124, 13, 2022/05/04, 22:58:36.080, 1885738313981, testhost.net48.x86.exe, AssemblyResolver.OnResolve: xunit.runner.utility.net452, Version=2.4.1.0, Culture=neutral, PublicKeyToken=8d05b1bb7a6fdb6c: Searching in: 'C:\Program Files\dotnet\sdk\5.0.407\Extensions'.
TpTrace Information: 0 : 32124, 13, 2022/05/04, 22:58:36.080, 1885738315282, testhost.net48.x86.exe, AssemblyResolver.OnResolve: xunit.runner.utility.net452, Version=2.4.1.0, Culture=neutral, PublicKeyToken=8d05b1bb7a6fdb6c: Assembly path does not exist: 'C:\Program Files\dotnet\sdk\5.0.407\Extensions\xunit.runner.utility.net452.dll', returning.
TpTrace Information: 0 : 32124, 13, 2022/05/04, 22:58:36.080, 1885738316404, testhost.net48.x86.exe, AssemblyResolver.OnResolve: xunit.runner.utility.net452, Version=2.4.1.0, Culture=neutral, PublicKeyToken=8d05b1bb7a6fdb6c: Assembly path does not exist: 'C:\Program Files\dotnet\sdk\5.0.407\Extensions\xunit.runner.utility.net452.exe', returning.
TpTrace Information: 0 : 32124, 13, 2022/05/04, 22:58:36.080, 1885738317132, testhost.net48.x86.exe, AssemblyResolver.OnResolve: xunit.runner.utility.net452, Version=2.4.1.0, Culture=neutral, PublicKeyToken=8d05b1bb7a6fdb6c: Searching in: 'C:\Users\Jaroslav\source\repos\STIN\XUnitTestProject1\bin\Release\net48\fine-code-coverage\build-output'.
TpTrace Information: 0 : 32124, 13, 2022/05/04, 22:58:36.081, 1885738322350, testhost.net48.x86.exe, AssemblyResolver.OnResolve: xunit.runner.utility.net452, Version=2.4.1.0, Culture=neutral, PublicKeyToken=8d05b1bb7a6fdb6c: Loading assembly 'C:\Users\Jaroslav\source\repos\STIN\XUnitTestProject1\bin\Release\net48\fine-code-coverage\build-output\xunit.runner.utility.net452.dll'.
TpTrace Information: 0 : 32124, 13, 2022/05/04, 22:58:36.082, 1885738331137, testhost.net48.x86.exe, AssemblyResolver.OnResolve: Resolved assembly: xunit.runner.utility.net452, Version=2.4.1.0, Culture=neutral, PublicKeyToken=8d05b1bb7a6fdb6c, from path: C:\Users\Jaroslav\source\repos\STIN\XUnitTestProject1\bin\Release\net48\fine-code-coverage\build-output\xunit.runner.utility.net452.dll
TpTrace Information: 0 : 32124, 13, 2022/05/04, 22:58:36.082, 1885738334559, testhost.net48.x86.exe, AssemblyResolver.OnResolve: xunit.abstractions, Version=2.0.0.0, Culture=neutral, PublicKeyToken=8d05b1bb7a6fdb6c: Resolving assembly.
TpTrace Information: 0 : 32124, 13, 2022/05/04, 22:58:36.082, 1885738335792, testhost.net48.x86.exe, AssemblyResolver.OnResolve: xunit.abstractions, Version=2.0.0.0, Culture=neutral, PublicKeyToken=8d05b1bb7a6fdb6c: Searching in: 'C:\Program Files\dotnet\sdk\5.0.407\Extensions'.
TpTrace Information: 0 : 32124, 13, 2022/05/04, 22:58:36.082, 1885738337198, testhost.net48.x86.exe, AssemblyResolver.OnResolve: xunit.abstractions, Version=2.0.0.0, Culture=neutral, PublicKeyToken=8d05b1bb7a6fdb6c: Assembly path does not exist: 'C:\Program Files\dotnet\sdk\5.0.407\Extensions\xunit.abstractions.dll', returning.
TpTrace Information: 0 : 32124, 13, 2022/05/04, 22:58:36.082, 1885738338321, testhost.net48.x86.exe, AssemblyResolver.OnResolve: xunit.abstractions, Version=2.0.0.0, Culture=neutral, PublicKeyToken=8d05b1bb7a6fdb6c: Assembly path does not exist: 'C:\Program Files\dotnet\sdk\5.0.407\Extensions\xunit.abstractions.exe', returning.
TpTrace Information: 0 : 32124, 13, 2022/05/04, 22:58:36.082, 1885738339044, testhost.net48.x86.exe, AssemblyResolver.OnResolve: xunit.abstractions, Version=2.0.0.0, Culture=neutral, PublicKeyToken=8d05b1bb7a6fdb6c: Searching in: 'C:\Users\Jaroslav\source\repos\STIN\XUnitTestProject1\bin\Release\net48\fine-code-coverage\build-output'.
TpTrace Information: 0 : 32124, 13, 2022/05/04, 22:58:36.083, 1885738343961, testhost.net48.x86.exe, AssemblyResolver.OnResolve: xunit.abstractions, Version=2.0.0.0, Culture=neutral, PublicKeyToken=8d05b1bb7a6fdb6c: Loading assembly 'C:\Users\Jaroslav\source\repos\STIN\XUnitTestProject1\bin\Release\net48\fine-code-coverage\build-output\xunit.abstractions.dll'.
TpTrace Information: 0 : 32124, 13, 2022/05/04, 22:58:36.084, 1885738350557, testhost.net48.x86.exe, AssemblyResolver.OnResolve: Resolved assembly: xunit.abstractions, Version=2.0.0.0, Culture=neutral, PublicKeyToken=8d05b1bb7a6fdb6c, from path: C:\Users\Jaroslav\source\repos\STIN\XUnitTestProject1\bin\Release\net48\fine-code-coverage\build-output\xunit.abstractions.dll
TpTrace Information: 0 : 32124, 13, 2022/05/04, 22:58:36.320, 1885740712166, testhost.net48.x86.exe, [xUnit.net 00:00:00.28]   Discovering: XUnitTestProject1
TpTrace Verbose: 0 : 32124, 13, 2022/05/04, 22:58:36.320, 1885740713857, testhost.net48.x86.exe, TestRequestHandler.SendData:  sending data from testhost: {"Version":5,"MessageType":"TestSession.Message","Payload":{"MessageLevel":0,"Message":"[xUnit.net 00:00:00.28]   Discovering: XUnitTestProject1"}}
TpTrace Information: 0 : 32124, 13, 2022/05/04, 22:58:36.395, 1885741469234, testhost.net48.x86.exe, [xUnit.net 00:00:00.35]   Discovered:  XUnitTestProject1
TpTrace Verbose: 0 : 32124, 13, 2022/05/04, 22:58:36.396, 1885741471421, testhost.net48.x86.exe, TestRequestHandler.SendData:  sending data from testhost: {"Version":5,"MessageType":"TestSession.Message","Payload":{"MessageLevel":0,"Message":"[xUnit.net 00:00:00.35]   Discovered:  XUnitTestProject1"}}
TpTrace Information: 0 : 32124, 13, 2022/05/04, 22:58:36.399, 1885741507949, testhost.net48.x86.exe, [xUnit.net 00:00:00.36]   Starting:    XUnitTestProject1
TpTrace Verbose: 0 : 32124, 13, 2022/05/04, 22:58:36.399, 1885741509712, testhost.net48.x86.exe, TestRequestHandler.SendData:  sending data from testhost: {"Version":5,"MessageType":"TestSession.Message","Payload":{"MessageLevel":0,"Message":"[xUnit.net 00:00:00.36]   Starting:    XUnitTestProject1"}}
TpTrace Information: 0 : 32124, 13, 2022/05/04, 22:58:36.403, 1885741545830, testhost.net48.x86.exe, AssemblyResolver.OnResolve: xunit.execution.desktop, Version=2.4.1.0, Culture=neutral, PublicKeyToken=8d05b1bb7a6fdb6c: Resolving assembly.
TpTrace Information: 0 : 32124, 13, 2022/05/04, 22:58:36.403, 1885741547366, testhost.net48.x86.exe, AssemblyResolver.OnResolve: xunit.execution.desktop, Version=2.4.1.0, Culture=neutral, PublicKeyToken=8d05b1bb7a6fdb6c: Searching in: 'C:\Program Files\dotnet\sdk\5.0.407\Extensions'.
TpTrace Information: 0 : 32124, 13, 2022/05/04, 22:58:36.403, 1885741549114, testhost.net48.x86.exe, AssemblyResolver.OnResolve: xunit.execution.desktop, Version=2.4.1.0, Culture=neutral, PublicKeyToken=8d05b1bb7a6fdb6c: Assembly path does not exist: 'C:\Program Files\dotnet\sdk\5.0.407\Extensions\xunit.execution.desktop.dll', returning.
TpTrace Information: 0 : 32124, 13, 2022/05/04, 22:58:36.404, 1885741550350, testhost.net48.x86.exe, AssemblyResolver.OnResolve: xunit.execution.desktop, Version=2.4.1.0, Culture=neutral, PublicKeyToken=8d05b1bb7a6fdb6c: Assembly path does not exist: 'C:\Program Files\dotnet\sdk\5.0.407\Extensions\xunit.execution.desktop.exe', returning.
TpTrace Information: 0 : 32124, 13, 2022/05/04, 22:58:36.404, 1885741551162, testhost.net48.x86.exe, AssemblyResolver.OnResolve: xunit.execution.desktop, Version=2.4.1.0, Culture=neutral, PublicKeyToken=8d05b1bb7a6fdb6c: Searching in: 'C:\Users\Jaroslav\source\repos\STIN\XUnitTestProject1\bin\Release\net48\fine-code-coverage\build-output'.
TpTrace Information: 0 : 32124, 13, 2022/05/04, 22:58:36.404, 1885741557032, testhost.net48.x86.exe, AssemblyResolver.OnResolve: xunit.execution.desktop, Version=2.4.1.0, Culture=neutral, PublicKeyToken=8d05b1bb7a6fdb6c: Loading assembly 'C:\Users\Jaroslav\source\repos\STIN\XUnitTestProject1\bin\Release\net48\fine-code-coverage\build-output\xunit.execution.desktop.dll'.
TpTrace Information: 0 : 32124, 13, 2022/05/04, 22:58:36.405, 1885741564131, testhost.net48.x86.exe, AssemblyResolver.OnResolve: Resolved assembly: xunit.execution.desktop, Version=2.4.1.0, Culture=neutral, PublicKeyToken=8d05b1bb7a6fdb6c, from path: C:\Users\Jaroslav\source\repos\STIN\XUnitTestProject1\bin\Release\net48\fine-code-coverage\build-output\xunit.execution.desktop.dll
TpTrace Information: 0 : 32124, 13, 2022/05/04, 22:58:36.405, 1885741566126, testhost.net48.x86.exe, AssemblyResolver.OnResolve: xunit.execution.desktop, Version=2.4.1.0, Culture=neutral, PublicKeyToken=8d05b1bb7a6fdb6c: Resolving assembly.
TpTrace Information: 0 : 32124, 13, 2022/05/04, 22:58:36.405, 1885741566936, testhost.net48.x86.exe, AssemblyResolver.OnResolve: xunit.execution.desktop, Version=2.4.1.0, Culture=neutral, PublicKeyToken=8d05b1bb7a6fdb6c: Resolved from cache.
TpTrace Information: 0 : 32124, 13, 2022/05/04, 22:58:36.406, 1885741570887, testhost.net48.x86.exe, AssemblyResolver.OnResolve: xunit.abstractions, Version=2.0.0.0, Culture=neutral, PublicKeyToken=8d05b1bb7a6fdb6c: Resolving assembly.
TpTrace Information: 0 : 32124, 13, 2022/05/04, 22:58:36.406, 1885741574463, testhost.net48.x86.exe, AssemblyResolver.OnResolve: xunit.abstractions, Version=2.0.0.0, Culture=neutral, PublicKeyToken=8d05b1bb7a6fdb6c: Resolved from cache.
TpTrace Information: 0 : 32124, 13, 2022/05/04, 22:58:36.406, 1885741580280, testhost.net48.x86.exe, AssemblyResolver.OnResolve: xunit.core, Version=2.4.1.0, Culture=neutral, PublicKeyToken=8d05b1bb7a6fdb6c: Resolving assembly.
TpTrace Information: 0 : 32124, 13, 2022/05/04, 22:58:36.407, 1885741582722, testhost.net48.x86.exe, AssemblyResolver.OnResolve: xunit.core, Version=2.4.1.0, Culture=neutral, PublicKeyToken=8d05b1bb7a6fdb6c: Searching in: 'C:\Program Files\dotnet\sdk\5.0.407\Extensions'.
TpTrace Information: 0 : 32124, 13, 2022/05/04, 22:58:36.407, 1885741586857, testhost.net48.x86.exe, AssemblyResolver.OnResolve: xunit.core, Version=2.4.1.0, Culture=neutral, PublicKeyToken=8d05b1bb7a6fdb6c: Assembly path does not exist: 'C:\Program Files\dotnet\sdk\5.0.407\Extensions\xunit.core.dll', returning.
TpTrace Information: 0 : 32124, 13, 2022/05/04, 22:58:36.408, 1885741592210, testhost.net48.x86.exe, AssemblyResolver.OnResolve: xunit.core, Version=2.4.1.0, Culture=neutral, PublicKeyToken=8d05b1bb7a6fdb6c: Assembly path does not exist: 'C:\Program Files\dotnet\sdk\5.0.407\Extensions\xunit.core.exe', returning.
TpTrace Information: 0 : 32124, 13, 2022/05/04, 22:58:36.408, 1885741595261, testhost.net48.x86.exe, AssemblyResolver.OnResolve: xunit.core, Version=2.4.1.0, Culture=neutral, PublicKeyToken=8d05b1bb7a6fdb6c: Searching in: 'C:\Users\Jaroslav\source\repos\STIN\XUnitTestProject1\bin\Release\net48\fine-code-coverage\build-output'.
TpTrace Information: 0 : 32124, 13, 2022/05/04, 22:58:36.409, 1885741606305, testhost.net48.x86.exe, AssemblyResolver.OnResolve: xunit.core, Version=2.4.1.0, Culture=neutral, PublicKeyToken=8d05b1bb7a6fdb6c: Loading assembly 'C:\Users\Jaroslav\source\repos\STIN\XUnitTestProject1\bin\Release\net48\fine-code-coverage\build-output\xunit.core.dll'.
TpTrace Information: 0 : 32124, 13, 2022/05/04, 22:58:36.410, 1885741614627, testhost.net48.x86.exe, AssemblyResolver.OnResolve: Resolved assembly: xunit.core, Version=2.4.1.0, Culture=neutral, PublicKeyToken=8d05b1bb7a6fdb6c, from path: C:\Users\Jaroslav\source\repos\STIN\XUnitTestProject1\bin\Release\net48\fine-code-coverage\build-output\xunit.core.dll
TpTrace Information: 0 : 32124, 13, 2022/05/04, 22:58:36.410, 1885741619426, testhost.net48.x86.exe, AssemblyResolver.OnResolve: xunit.abstractions, Version=2.0.0.0, Culture=neutral, PublicKeyToken=8d05b1bb7a6fdb6c: Resolving assembly.
TpTrace Information: 0 : 32124, 13, 2022/05/04, 22:58:36.411, 1885741620411, testhost.net48.x86.exe, AssemblyResolver.OnResolve: xunit.abstractions, Version=2.0.0.0, Culture=neutral, PublicKeyToken=8d05b1bb7a6fdb6c: Resolved from cache.
TpTrace Verbose: 0 : 32124, 16, 2022/05/04, 22:58:36.478, 1885742292815, testhost.net48.x86.exe, TestExecutionRecorder.RecordStart: Starting test: XUnitTestProject1.UnitTest1.Test1.
TpTrace Verbose: 0 : 32124, 16, 2022/05/04, 22:58:36.578, 1885743296666, testhost.net48.x86.exe, TestExecutionRecorder.RecordResult: Received result for test: XUnitTestProject1.UnitTest1.Test1.
TpTrace Verbose: 0 : 32124, 16, 2022/05/04, 22:58:36.598, 1885743487849, testhost.net48.x86.exe, TestExecutionRecorder.RecordEnd: test: XUnitTestProject1.UnitTest1.Test1 execution completed.
TpTrace Warning: 0 : 32124, 16, 2022/05/04, 22:58:36.598, 1885743489479, testhost.net48.x86.exe, TestRunCache: InProgressTests is null
TpTrace Verbose: 0 : 32124, 16, 2022/05/04, 22:58:36.598, 1885743496222, testhost.net48.x86.exe, TestExecutionRecorder.RecordStart: Starting test: XUnitTestProject1.UnitTest1.Test2.
TpTrace Verbose: 0 : 32124, 7, 2022/05/04, 22:58:36.799, 1885745497784, testhost.net48.x86.exe, TcpClientExtensions.MessageLoopAsync: Polling on remoteEndPoint: 127.0.0.1:61592 localEndPoint: 127.0.0.1:61593
TpTrace Verbose: 0 : 32124, 16, 2022/05/04, 22:58:37.338, 1885750895084, testhost.net48.x86.exe, TestExecutionRecorder.RecordResult: Received result for test: XUnitTestProject1.UnitTest1.Test2.
TpTrace Verbose: 0 : 32124, 16, 2022/05/04, 22:58:37.340, 1885750919492, testhost.net48.x86.exe, TestExecutionRecorder.RecordEnd: test: XUnitTestProject1.UnitTest1.Test2 execution completed.
TpTrace Warning: 0 : 32124, 16, 2022/05/04, 22:58:37.340, 1885750921152, testhost.net48.x86.exe, TestRunCache: InProgressTests is null
TpTrace Information: 0 : 32124, 13, 2022/05/04, 22:58:37.347, 1885750994626, testhost.net48.x86.exe, [xUnit.net 00:00:01.31]   Finished:    XUnitTestProject1
TpTrace Verbose: 0 : 32124, 13, 2022/05/04, 22:58:37.348, 1885750996773, testhost.net48.x86.exe, TestRequestHandler.SendData:  sending data from testhost: {"Version":5,"MessageType":"TestSession.Message","Payload":{"MessageLevel":0,"Message":"[xUnit.net 00:00:01.31]   Finished:    XUnitTestProject1"}}
TpTrace Verbose: 0 : 32124, 3, 2022/05/04, 22:58:37.388, 1885751390499, testhost.net48.x86.exe, BaseRunTests.RunTestInternalWithExecutors: Completed running tests for executor://xunit/VsTestRunner2/net
TpTrace Information: 0 : 32124, 3, 2022/05/04, 22:58:37.393, 1885751443202, testhost.net48.x86.exe, Sending test run complete
TpTrace Verbose: 0 : 32124, 3, 2022/05/04, 22:58:37.426, 1885751775995, testhost.net48.x86.exe, TestRequestHandler.SendData:  sending data from testhost: {"Version":5,"MessageType":"TestExecution.Completed","Payload":{"TestRunCompleteArgs":{"TestRunStatistics":{"ExecutedTests":2,"Stats":{"Passed":2}},"IsCanceled":false,"IsAborted":false,"Error":null,"AttachmentSets":[],"ElapsedTimeInRunningTests":"00:00:01.3611338","Metrics":{}},"LastRunTests":{"NewTestResults":[{"TestCase":{"Id":"cf9ec5ca-467d-b5d3-a8d8-2769e0f2a15a","FullyQualifiedName":"XUnitTestProject1.UnitTest1.Test1","DisplayName":"XUnitTestProject1.UnitTest1.Test1","ExecutorUri":"executor://xunit/VsTestRunner2/net","Source":"C:\\Users\\Jaroslav\\source\\repos\\STIN\\XUnitTestProject1\\bin\\Release\\net48\\fine-code-coverage\\build-output\\XUnitTestProject1.dll","CodeFilePath":null,"LineNumber":0,"Properties":[]},"Attachments":[],"Outcome":1,"ErrorMessage":null,"ErrorStackTrace":null,"DisplayName":"XUnitTestProject1.UnitTest1.Test1","Messages":[],"ComputerName":"DESKTOP-O7O1UOB","Duration":"00:00:00.0710000","StartTime":"2022-05-04T20:58:36.5780371+00:00","EndTime":"2022-05-04T20:58:36.5780371+00:00","Properties":[]},{"TestCase":{"Id":"e04cba65-2c4f-eaa1-a31a-e742b4713197","FullyQualifiedName":"XUnitTestProject1.UnitTest1.Test2","DisplayName":"XUnitTestProject1.UnitTest1.Test2","ExecutorUri":"executor://xunit/VsTestRunner2/net","Source":"C:\\Users\\Jaroslav\\source\\repos\\STIN\\XUnitTestProject1\\bin\\Release\\net48\\fine-code-coverage\\build-output\\XUnitTestProject1.dll","CodeFilePath":null,"LineNumber":0,"Properties":[]},"Attachments":[],"Outcome":1,"ErrorMessage":null,"ErrorStackTrace":null,"DisplayName":"XUnitTestProject1.UnitTest1.Test2","Messages":[],"ComputerName":"DESKTOP-O7O1UOB","Duration":"00:00:00.7620000","StartTime":"2022-05-04T20:58:37.3378107+00:00","EndTime":"2022-05-04T20:58:37.3378107+00:00","Properties":[]}],"TestRunStatistics":{"ExecutedTests":2,"Stats":{"Passed":2}},"ActiveTests":[]},"RunAttachments":[],"ExecutorUris":["executor://xunit/VsTestRunner2/net"]}}
TpTrace Verbose: 0 : 32124, 3, 2022/05/04, 22:58:37.426, 1885751779895, testhost.net48.x86.exe, BaseRunTests.RunTests: Run is complete.
TpTrace Verbose: 0 : 32124, 7, 2022/05/04, 22:58:37.427, 1885751786701, testhost.net48.x86.exe, TcpClientExtensions.MessageLoopAsync: NotifyDataAvailable remoteEndPoint: 127.0.0.1:61592 localEndPoint: 127.0.0.1:61593
TpTrace Information: 0 : 32124, 7, 2022/05/04, 22:58:37.427, 1885751788430, testhost.net48.x86.exe, TestRequestHandler.OnMessageReceived: received message: (TestSession.Terminate) -> null
TpTrace Information: 0 : 32124, 7, 2022/05/04, 22:58:37.427, 1885751789190, testhost.net48.x86.exe, Session End message received from server. Closing the connection.
TpTrace Information: 0 : 32124, 7, 2022/05/04, 22:58:37.428, 1885751792704, testhost.net48.x86.exe, SocketClient.Stop: Stop communication from server endpoint: 127.0.0.1:061592
TpTrace Information: 0 : 32124, 7, 2022/05/04, 22:58:37.428, 1885751793498, testhost.net48.x86.exe, SocketClient: Stop: Cancellation requested. Stopping message loop.
TpTrace Verbose: 0 : 32124, 7, 2022/05/04, 22:58:37.428, 1885751795089, testhost.net48.x86.exe, LengthPrefixCommunicationChannel.Dispose: Dispose reader and writer.
TpTrace Information: 0 : 32124, 1, 2022/05/04, 22:58:37.428, 1885751795838, testhost.net48.x86.exe, Closing the connection !
TpTrace Information: 0 : 32124, 7, 2022/05/04, 22:58:37.428, 1885751795900, testhost.net48.x86.exe, Closing the connection !
TpTrace Information: 0 : 32124, 1, 2022/05/04, 22:58:37.428, 1885751796943, testhost.net48.x86.exe, SocketClient.Stop: Stop communication from server endpoint: 127.0.0.1:061592
TpTrace Information: 0 : 32124, 1, 2022/05/04, 22:58:37.428, 1885751798660, testhost.net48.x86.exe, SocketClient: Stop: Cancellation requested. Stopping message loop.
TpTrace Verbose: 0 : 32124, 1, 2022/05/04, 22:58:37.428, 1885751799335, testhost.net48.x86.exe, LengthPrefixCommunicationChannel.Dispose: Dispose reader and writer.
TpTrace Information: 0 : 32124, 7, 2022/05/04, 22:58:37.428, 1885751800213, testhost.net48.x86.exe, SocketClient.PrivateStop: Stop communication from server endpoint: 127.0.0.1:061592, error:
TpTrace Information: 0 : 32124, 1, 2022/05/04, 22:58:37.428, 1885751800790, testhost.net48.x86.exe, Testhost process exiting.
TpTrace Verbose: 0 : 32124, 7, 2022/05/04, 22:58:37.428, 1885751801746, testhost.net48.x86.exe, LengthPrefixCommunicationChannel.Dispose: Dispose reader and writer.
TpTrace Verbose: 0 : 32124, 7, 2022/05/04, 22:58:37.429, 1885751802590, testhost.net48.x86.exe, TcpClientExtensions.MessageLoopAsync: exiting MessageLoopAsync remoteEndPoint: 127.0.0.1:61592 localEndPoint: 127.0.0.1:61593
