TpTrace Verbose: 0 : 22240, 1, 2022/05/05, 00:16:38.148, 1932559019169, testhost.net48.x86.exe, Version: 16.11.0
TpTrace Information: 0 : 22240, 1, 2022/05/05, 00:16:38.153, 1932559046738, testhost.net48.x86.exe, DefaultEngineInvoker.Invoke: Testhost process started with args :[--port, 60760],[--endpoint, 127.0.0.1:060760],[--role, client],[--parentprocessid, 30040],[--diag, C:\Users\Jaroslav\source\repos\STIN\XUnitTestProject1\bin\Release\net48\fine-code-coverage\coverage-tool-output\diagnostics.host.22-05-05_00-16-38_01070_1.log],[--tracelevel, 4],[--datacollectionport, 60759],[--telemetryoptedin, false]
TpTrace Information: 0 : 22240, 1, 2022/05/05, 00:16:38.154, 1932559054284, testhost.net48.x86.exe, DefaultEngineInvoker: Using Application Configuration: '<?xml version="1.0" encoding="utf-8"?>
<configuration>
  <startup useLegacyV2RuntimeActivationPolicy="true">
    <supportedRuntime version="v4.0" sku=".NETFramework,Version=v4.0" />
  </startup>
  <runtime>
    <legacyUnhandledExceptionPolicy enabled="1" />
    <legacyCorruptedStateExceptionsPolicy enabled="true" />
    <!-- To get stacktrace information for portable and embedded pdbs when net472 installed on machine.
          More details https://github.com/dotnet/designs/blob/master/accepted/diagnostics/debugging-with-symbols-and-sources.md#stack-traces -->
    <AppContextSwitchOverrides value="Switch.System.Diagnostics.IgnorePortablePDBsInStackTraces=false" />
    <assemblyBinding xmlns="urn:schemas-microsoft-com:asm.v1">
      <probing privatePath="Extensions" />
      <!-- Test adapters compiled against version 11-14, need to be redirected to version 15. -->
      <dependentAssembly>
        <assemblyIdentity name="Microsoft.VisualStudio.TestPlatform.ObjectModel" publicKeyToken="b03f5f7f11d50a3a" culture="neutral" />
        <bindingRedirect oldVersion="11.0.0.0-14.0.0.0" newVersion="15.0.0.0" />
      </dependentAssembly>
      <dependentAssembly>
        <assemblyIdentity name="Microsoft.VisualStudio.TestWindow.Interfaces" publicKeyToken="b03f5f7f11d50a3a" culture="neutral" />
        <bindingRedirect oldVersion="11.0.0.0-15.0.0.0" newVersion="16.0.0.0" />
      </dependentAssembly>
      <dependentAssembly>
        <assemblyIdentity name="Microsoft.VisualStudio.QualityTools.UnitTestFramework" publicKeyToken="b03f5f7f11d50a3a" culture="neutral" />
        <bindingRedirect oldVersion="10.1.0.0" newVersion="10.0.0.0" />
      </dependentAssembly>
      <dependentAssembly>
        <assemblyIdentity name="Microsoft.VisualStudio.QualityTools.Resource" publicKeyToken="b03f5f7f11d50a3a" culture="neutral" />
        <bindingRedirect oldVersion="10.0.0.0-15.0.0.0" newVersion="16.0.0.0" />
      </dependentAssembly>
      <dependentAssembly>
        <assemblyIdentity name="Microsoft.VisualStudio.QualityTools.ControllerObject" publicKeyToken="b03f5f7f11d50a3a" culture="neutral" />
        <bindingRedirect oldVersion="10.0.0.0-15.0.0.0" newVersion="16.0.0.0" />
      </dependentAssembly>
      <dependentAssembly>
        <assemblyIdentity name="Microsoft.VisualStudio.QualityTools.ExecutionCommon" publicKeyToken="b03f5f7f11d50a3a" culture="neutral" />
        <bindingRedirect oldVersion="10.0.0.0-15.0.0.0" newVersion="16.0.0.0" />
      </dependentAssembly>
      <dependentAssembly>
        <assemblyIdentity name="Microsoft.VisualStudio.QualityTools.Common" publicKeyToken="b03f5f7f11d50a3a" culture="neutral" />
        <bindingRedirect oldVersion="10.0.0.0-15.0.0.0" newVersion="16.0.0.0" />
      </dependentAssembly>
      <dependentAssembly>
        <assemblyIdentity name="Microsoft.VisualStudio.QualityTools.Tips.UnitTest.ObjectModel" publicKeyToken="b03f5f7f11d50a3a" culture="neutral" />
        <bindingRedirect oldVersion="10.0.0.0-15.0.0.0" newVersion="16.0.0.0" />
      </dependentAssembly>
    </assemblyBinding>
  </runtime>
  <system.diagnostics>
    <switches>
      <add name="TpTraceLevel" value="0" />
    </switches>
  </system.diagnostics>
  <appSettings>
    <!--<add key="ExecutionThreadApartmentState" value ="MTA"/>-->
    <!--<add key="TraceLogMaxFileSizeInKb" value ="10240"/>-->
    <!-- MsTest Adapter Specific AppSettings -->
    <!-- This flag is added to support test execution for net35 tests through TMI adapter. -->
    <add key="TestProjectRetargetTo35Allowed" value="true" />
  </appSettings>
</configuration>'
TpTrace Information: 0 : 22240, 1, 2022/05/05, 00:16:38.155, 1932559060224, testhost.net48.x86.exe, DefaultEngineInvoker.SetParentProcessExitCallback: Monitoring parent process with id: '30040'
TpTrace Information: 0 : 22240, 1, 2022/05/05, 00:16:38.167, 1932559183853, testhost.net48.x86.exe, DefaultEngineInvoker.GetConnectionInfo: Initialize communication on endpoint address: '127.0.0.1:060760'
TpTrace Information: 0 : 22240, 1, 2022/05/05, 00:16:38.173, 1932559243910, testhost.net48.x86.exe, SocketClient.Start: connecting to server endpoint: 127.0.0.1:060760
TpTrace Information: 0 : 22240, 1, 2022/05/05, 00:16:38.176, 1932559273650, testhost.net48.x86.exe, DefaultEngineInvoker.ConnectToDatacollector: Connecting to datacollector, port: 60759
TpTrace Information: 0 : 22240, 7, 2022/05/05, 00:16:38.178, 1932559292717, testhost.net48.x86.exe, SocketClient.OnServerConnected: connected to server endpoint: 127.0.0.1:060760
TpTrace Information: 0 : 22240, 1, 2022/05/05, 00:16:38.178, 1932559296904, testhost.net48.x86.exe, Trying to connect to server on socket : 127.0.0.1:60759 
TpTrace Verbose: 0 : 22240, 1, 2022/05/05, 00:16:38.179, 1932559301408, testhost.net48.x86.exe, SocketCommunicationManager : SetupClientAsync : Attempting to connect to the server.
TpTrace Verbose: 0 : 22240, 7, 2022/05/05, 00:16:38.179, 1932559308383, testhost.net48.x86.exe, Connected to server, and starting MessageLoopAsync
TpTrace Information: 0 : 22240, 8, 2022/05/05, 00:16:38.182, 1932559334138, testhost.net48.x86.exe, Connected to the server successfully 
TpTrace Information: 0 : 22240, 8, 2022/05/05, 00:16:38.182, 1932559335932, testhost.net48.x86.exe, Using the buffer size of 16384 bytes
TpTrace Verbose: 0 : 22240, 7, 2022/05/05, 00:16:38.182, 1932559335004, testhost.net48.x86.exe, TcpClientExtensions.MessageLoopAsync: Polling on remoteEndPoint: 127.0.0.1:60760 localEndPoint: 127.0.0.1:60761
TpTrace Verbose: 0 : 22240, 7, 2022/05/05, 00:16:38.183, 1932559340082, testhost.net48.x86.exe, TcpClientExtensions.MessageLoopAsync: NotifyDataAvailable remoteEndPoint: 127.0.0.1:60760 localEndPoint: 127.0.0.1:60761
TpTrace Information: 0 : 22240, 1, 2022/05/05, 00:16:38.183, 1932559343745, testhost.net48.x86.exe, DefaultEngineInvoker.Invoke: Start Request Processing.
TpTrace Information: 0 : 22240, 11, 2022/05/05, 00:16:38.184, 1932559354592, testhost.net48.x86.exe, DefaultEngineInvoker.StartProcessingAsync: Connected to vstest.console, Starting process requests.
TpTrace Information: 0 : 22240, 7, 2022/05/05, 00:16:38.330, 1932560817134, testhost.net48.x86.exe, TestRequestHandler.OnMessageReceived: received message: (ProtocolVersion) -> 5
TpTrace Verbose: 0 : 22240, 7, 2022/05/05, 00:16:38.372, 1932561229601, testhost.net48.x86.exe, TestRequestHandler.SendData:  sending data from testhost: {"Version":5,"MessageType":"TestSession.Message","Payload":{"MessageLevel":0,"Message":"Logging TestHost Diagnostics in file: C:\\Users\\Jaroslav\\source\\repos\\STIN\\XUnitTestProject1\\bin\\Release\\net48\\fine-code-coverage\\coverage-tool-output\\diagnostics.host.22-05-05_00-16-38_01070_1.log"}}
TpTrace Verbose: 0 : 22240, 7, 2022/05/05, 00:16:38.372, 1932561232080, testhost.net48.x86.exe, TcpClientExtensions.MessageLoopAsync: Polling on remoteEndPoint: 127.0.0.1:60760 localEndPoint: 127.0.0.1:60761
TpTrace Verbose: 0 : 22240, 7, 2022/05/05, 00:16:38.372, 1932561233579, testhost.net48.x86.exe, TcpClientExtensions.MessageLoopAsync: NotifyDataAvailable remoteEndPoint: 127.0.0.1:60760 localEndPoint: 127.0.0.1:60761
TpTrace Information: 0 : 22240, 7, 2022/05/05, 00:16:38.376, 1932561277018, testhost.net48.x86.exe, TestRequestHandler.OnMessageReceived: received message: (TestExecution.Initialize) -> [
  "C:\\Program Files\\dotnet\\sdk\\5.0.407\\Extensions\\Microsoft.Diagnostics.NETCore.Client.dll",
  "C:\\Program Files\\dotnet\\sdk\\5.0.407\\Extensions\\Microsoft.TestPlatform.Extensions.BlameDataCollector.dll",
  "C:\\Program Files\\dotnet\\sdk\\5.0.407\\Extensions\\Microsoft.TestPlatform.Extensions.EventLogCollector.dll",
  "C:\\Program Files\\dotnet\\sdk\\5.0.407\\Extensions\\Microsoft.TestPlatform.TestHostRuntimeProvider.dll",
  "C:\\Program Files\\dotnet\\sdk\\5.0.407\\Extensions\\Microsoft.VisualStudio.TestPlatform.Extensions.Html.TestLogger.dll",
  "C:\\Program Files\\dotnet\\sdk\\5.0.407\\Extensions\\Microsoft.VisualStudio.TestPlatform.Extensions.Trx.TestLogger.dll",
  "C:\\Users\\Jaroslav\\source\\repos\\STIN\\XUnitTestProject1\\bin\\Release\\net48\\fine-code-coverage\\build-output\\xunit.runner.visualstudio.testadapter.dll"
]
TpTrace Verbose: 0 : 22240, 7, 2022/05/05, 00:16:38.389, 1932561402393, testhost.net48.x86.exe, TcpClientExtensions.MessageLoopAsync: Polling on remoteEndPoint: 127.0.0.1:60760 localEndPoint: 127.0.0.1:60761
TpTrace Verbose: 0 : 22240, 7, 2022/05/05, 00:16:38.389, 1932561404301, testhost.net48.x86.exe, TcpClientExtensions.MessageLoopAsync: NotifyDataAvailable remoteEndPoint: 127.0.0.1:60760 localEndPoint: 127.0.0.1:60761
TpTrace Information: 0 : 22240, 3, 2022/05/05, 00:16:38.389, 1932561408219, testhost.net48.x86.exe, TestRequestHandler.OnMessageReceived: Running job 'TestExecution.Initialize'.
TpTrace Information: 0 : 22240, 7, 2022/05/05, 00:16:38.393, 1932561442754, testhost.net48.x86.exe, TestRequestHandler.OnMessageReceived: received message: (TestExecution.StartWithSources) -> {
  "AdapterSourceMap": {
    "_none_": [
      "C:\\Users\\Jaroslav\\source\\repos\\STIN\\XUnitTestProject1\\bin\\Release\\net48\\fine-code-coverage\\build-output\\XUnitTestProject1.dll"
    ]
  },
  "RunSettings": "<RunSettings>\r\n  <RunConfiguration>\r\n    <ResultsDirectory>C:\\Users\\Jaroslav\\source\\repos\\STIN\\XUnitTestProject1\\bin\\Release\\net48\\fine-code-coverage\\coverage-tool-output</ResultsDirectory>\r\n    <TargetPlatform>X86</TargetPlatform>\r\n    <TargetFrameworkVersion>.NETFramework,Version=v4.8</TargetFrameworkVersion>\r\n    <DesignMode>False</DesignMode>\r\n    <CollectSourceInformation>False</CollectSourceInformation>\r\n  </RunConfiguration>\r\n  <LoggerRunSettings>\r\n    <Loggers>\r\n      <Logger friendlyName=\"blame\" enabled=\"True\" />\r\n      <Logger friendlyName=\"Console\" uri=\"logger://microsoft/TestPlatform/ConsoleLogger/v1\" assemblyQualifiedName=\"Microsoft.VisualStudio.TestPlatform.CommandLine.Internal.ConsoleLogger, vstest.console, Version=15.0.0.0, Culture=neutral, PublicKeyToken=b03f5f7f11d50a3a\" codeBase=\"C:\\Program Files\\dotnet\\sdk\\5.0.407\\vstest.console.dll\" enabled=\"True\" />\r\n    </Loggers>\r\n  </LoggerRunSettings>\r\n  <DataCollectionRunSettings>\r\n    <DataCollectors>\r\n      <DataCollector friendlyName=\"blame\" enabled=\"True\">\r\n        <Configuration>\r\n          <ResultsDirectory>C:\\Users\\Jaroslav\\source\\repos\\STIN\\XUnitTestProject1\\bin\\Release\\net48\\fine-code-coverage\\coverage-tool-output</ResultsDirectory>\r\n        </Configuration>\r\n      </DataCollector>\r\n    </DataCollectors>\r\n  </DataCollectionRunSettings>\r\n</RunSettings>",
  "TestExecutionContext": {
    "FrequencyOfRunStatsChangeEvent": 10,
    "RunStatsChangeEventTimeout": "00:00:01.5000000",
    "InIsolation": false,
    "KeepAlive": false,
    "AreTestCaseLevelEventsRequired": false,
    "IsDebug": false,
    "TestCaseFilter": null,
    "FilterOptions": null
  },
  "Package": null
}
TpTrace Verbose: 0 : 22240, 3, 2022/05/05, 00:16:38.399, 1932561505434, testhost.net48.x86.exe, TestExecutorService: Loading the extensions
TpTrace Verbose: 0 : 22240, 3, 2022/05/05, 00:16:38.402, 1932561533946, testhost.net48.x86.exe, TestPluginCache.DiscoverTestExtensions: finding test extensions in assemblies ends with: TestAdapter.dll TPluginInfo: Microsoft.VisualStudio.TestPlatform.Common.ExtensionFramework.Utilities.TestExecutorPluginInformation TExtension: Microsoft.VisualStudio.TestPlatform.ObjectModel.Adapter.ITestExecutor
TpTrace Verbose: 0 : 22240, 3, 2022/05/05, 00:16:38.404, 1932561554273, testhost.net48.x86.exe, TestPluginCache.GetExtensionPaths: Filtered extension paths: 
TpTrace Verbose: 0 : 22240, 3, 2022/05/05, 00:16:38.404, 1932561556484, testhost.net48.x86.exe, TestPluginCache.GetExtensionPaths: Added default extension paths: C:\Program Files\dotnet\sdk\5.0.407\Extensions\Microsoft.Diagnostics.NETCore.Client.dll
C:\Program Files\dotnet\sdk\5.0.407\Extensions\Microsoft.TestPlatform.Extensions.BlameDataCollector.dll
C:\Program Files\dotnet\sdk\5.0.407\Extensions\Microsoft.TestPlatform.Extensions.EventLogCollector.dll
C:\Program Files\dotnet\sdk\5.0.407\Extensions\Microsoft.TestPlatform.TestHostRuntimeProvider.dll
C:\Program Files\dotnet\sdk\5.0.407\Extensions\Microsoft.VisualStudio.TestPlatform.Extensions.Html.TestLogger.dll
C:\Program Files\dotnet\sdk\5.0.407\Extensions\Microsoft.VisualStudio.TestPlatform.Extensions.Trx.TestLogger.dll
C:\Users\Jaroslav\source\repos\STIN\XUnitTestProject1\bin\Release\net48\fine-code-coverage\build-output\xunit.runner.visualstudio.testadapter.dll
TpTrace Verbose: 0 : 22240, 3, 2022/05/05, 00:16:38.404, 1932561557461, testhost.net48.x86.exe, TestPluginCache.GetExtensionPaths: Added unfilterableExtensionPaths: 
TpTrace Information: 0 : 22240, 3, 2022/05/05, 00:16:38.406, 1932561571266, testhost.net48.x86.exe, AssemblyResolver.ctor: Creating AssemblyResolver with searchDirectories C:\Program Files\dotnet\sdk\5.0.407\Extensions,C:\Users\Jaroslav\source\repos\STIN\XUnitTestProject1\bin\Release\net48\fine-code-coverage\build-output,C:\Program Files\dotnet\sdk\5.0.407\TestHost
TpTrace Verbose: 0 : 22240, 3, 2022/05/05, 00:16:38.406, 1932561576173, testhost.net48.x86.exe, TestPluginCache.DiscoverTestExtensions: Discovering the extensions using extension path.
TpTrace Verbose: 0 : 22240, 3, 2022/05/05, 00:16:38.406, 1932561577540, testhost.net48.x86.exe, TestPluginCache.GetExtensionPaths: Filtered extension paths: 
TpTrace Verbose: 0 : 22240, 3, 2022/05/05, 00:16:38.406, 1932561578420, testhost.net48.x86.exe, TestPluginCache.GetExtensionPaths: Added default extension paths: C:\Program Files\dotnet\sdk\5.0.407\Extensions\Microsoft.Diagnostics.NETCore.Client.dll
C:\Program Files\dotnet\sdk\5.0.407\Extensions\Microsoft.TestPlatform.Extensions.BlameDataCollector.dll
C:\Program Files\dotnet\sdk\5.0.407\Extensions\Microsoft.TestPlatform.Extensions.EventLogCollector.dll
C:\Program Files\dotnet\sdk\5.0.407\Extensions\Microsoft.TestPlatform.TestHostRuntimeProvider.dll
C:\Program Files\dotnet\sdk\5.0.407\Extensions\Microsoft.VisualStudio.TestPlatform.Extensions.Html.TestLogger.dll
C:\Program Files\dotnet\sdk\5.0.407\Extensions\Microsoft.VisualStudio.TestPlatform.Extensions.Trx.TestLogger.dll
C:\Users\Jaroslav\source\repos\STIN\XUnitTestProject1\bin\Release\net48\fine-code-coverage\build-output\xunit.runner.visualstudio.testadapter.dll
TpTrace Verbose: 0 : 22240, 3, 2022/05/05, 00:16:38.407, 1932561579389, testhost.net48.x86.exe, TestPluginCache.GetExtensionPaths: Added unfilterableExtensionPaths: 
TpTrace Verbose: 0 : 22240, 3, 2022/05/05, 00:16:38.407, 1932561580397, testhost.net48.x86.exe, TestPluginCache.DiscoverTestExtensions: Discovering the extensions using allExtensionPaths: C:\Program Files\dotnet\sdk\5.0.407\Extensions\Microsoft.Diagnostics.NETCore.Client.dll
C:\Program Files\dotnet\sdk\5.0.407\Extensions\Microsoft.TestPlatform.Extensions.BlameDataCollector.dll
C:\Program Files\dotnet\sdk\5.0.407\Extensions\Microsoft.TestPlatform.Extensions.EventLogCollector.dll
C:\Program Files\dotnet\sdk\5.0.407\Extensions\Microsoft.TestPlatform.TestHostRuntimeProvider.dll
C:\Program Files\dotnet\sdk\5.0.407\Extensions\Microsoft.VisualStudio.TestPlatform.Extensions.Html.TestLogger.dll
C:\Program Files\dotnet\sdk\5.0.407\Extensions\Microsoft.VisualStudio.TestPlatform.Extensions.Trx.TestLogger.dll
C:\Users\Jaroslav\source\repos\STIN\XUnitTestProject1\bin\Release\net48\fine-code-coverage\build-output\xunit.runner.visualstudio.testadapter.dll
TpTrace Information: 0 : 22240, 3, 2022/05/05, 00:16:38.408, 1932561592165, testhost.net48.x86.exe, AssemblyResolver.AddSearchDirectories: Adding more searchDirectories C:\Program Files\dotnet\sdk\5.0.407\Extensions,C:\Program Files\dotnet\sdk\5.0.407\TestHost
TpTrace Information: 0 : 22240, 3, 2022/05/05, 00:16:38.408, 1932561594336, testhost.net48.x86.exe, AssemblyResolver.AddSearchDirectories: Adding more searchDirectories C:\Program Files\dotnet\sdk\5.0.407\Extensions,C:\Program Files\dotnet\sdk\5.0.407\TestHost
TpTrace Information: 0 : 22240, 3, 2022/05/05, 00:16:38.408, 1932561595545, testhost.net48.x86.exe, AssemblyResolver.AddSearchDirectories: Adding more searchDirectories C:\Program Files\dotnet\sdk\5.0.407\Extensions,C:\Program Files\dotnet\sdk\5.0.407\TestHost
TpTrace Information: 0 : 22240, 3, 2022/05/05, 00:16:38.408, 1932561596422, testhost.net48.x86.exe, AssemblyResolver.AddSearchDirectories: Adding more searchDirectories C:\Program Files\dotnet\sdk\5.0.407\Extensions,C:\Program Files\dotnet\sdk\5.0.407\TestHost
TpTrace Information: 0 : 22240, 3, 2022/05/05, 00:16:38.408, 1932561597412, testhost.net48.x86.exe, AssemblyResolver.AddSearchDirectories: Adding more searchDirectories C:\Program Files\dotnet\sdk\5.0.407\Extensions,C:\Program Files\dotnet\sdk\5.0.407\TestHost
TpTrace Information: 0 : 22240, 3, 2022/05/05, 00:16:38.408, 1932561598299, testhost.net48.x86.exe, AssemblyResolver.AddSearchDirectories: Adding more searchDirectories C:\Program Files\dotnet\sdk\5.0.407\Extensions,C:\Program Files\dotnet\sdk\5.0.407\TestHost
TpTrace Information: 0 : 22240, 3, 2022/05/05, 00:16:38.408, 1932561599282, testhost.net48.x86.exe, AssemblyResolver.AddSearchDirectories: Adding more searchDirectories C:\Users\Jaroslav\source\repos\STIN\XUnitTestProject1\bin\Release\net48\fine-code-coverage\build-output,C:\Program Files\dotnet\sdk\5.0.407\TestHost
TpTrace Information: 0 : 22240, 3, 2022/05/05, 00:16:38.414, 1932561657116, testhost.net48.x86.exe, AssemblyResolver.OnResolve: Microsoft.Diagnostics.NETCore.Client: Resolving assembly.
TpTrace Information: 0 : 22240, 3, 2022/05/05, 00:16:38.414, 1932561658825, testhost.net48.x86.exe, AssemblyResolver.OnResolve: Microsoft.Diagnostics.NETCore.Client: Searching in: 'C:\Program Files\dotnet\sdk\5.0.407\Extensions'.
TpTrace Information: 0 : 22240, 3, 2022/05/05, 00:16:38.416, 1932561672913, testhost.net48.x86.exe, AssemblyResolver.OnResolve: Microsoft.Diagnostics.NETCore.Client: Loading assembly 'C:\Program Files\dotnet\sdk\5.0.407\Extensions\Microsoft.Diagnostics.NETCore.Client.dll'.
TpTrace Verbose: 0 : 22240, 7, 2022/05/05, 00:16:38.423, 1932561741029, testhost.net48.x86.exe, TcpClientExtensions.MessageLoopAsync: Polling on remoteEndPoint: 127.0.0.1:60760 localEndPoint: 127.0.0.1:60761
TpTrace Information: 0 : 22240, 3, 2022/05/05, 00:16:38.436, 1932561870367, testhost.net48.x86.exe, AssemblyResolver.OnResolve: Microsoft.Diagnostics.NETCore.Client: Failed to load assembly. Reason:System.BadImageFormatException: Nelze načíst soubor nebo sestavení Microsoft.Diagnostics.NETCore.Client, Version=0.2.2.41902, Culture=neutral, PublicKeyToken=31bf3856ad364e35 nebo jeden z jejich závislých prvků. Byl učiněn pokus načíst program v nesprávném formátu.
File name: 'Microsoft.Diagnostics.NETCore.Client, Version=0.2.2.41902, Culture=neutral, PublicKeyToken=31bf3856ad364e35'
   at System.Reflection.RuntimeAssembly._nLoad(AssemblyName fileName, String codeBase, Evidence assemblySecurity, RuntimeAssembly locationHint, StackCrawlMark& stackMark, IntPtr pPrivHostBinder, Boolean throwOnFileNotFound, Boolean forIntrospection, Boolean suppressSecurityChecks)
   at System.Reflection.RuntimeAssembly.nLoad(AssemblyName fileName, String codeBase, Evidence assemblySecurity, RuntimeAssembly locationHint, StackCrawlMark& stackMark, IntPtr pPrivHostBinder, Boolean throwOnFileNotFound, Boolean forIntrospection, Boolean suppressSecurityChecks)
   at System.Reflection.RuntimeAssembly.InternalLoadAssemblyName(AssemblyName assemblyRef, Evidence assemblySecurity, RuntimeAssembly reqAssembly, StackCrawlMark& stackMark, IntPtr pPrivHostBinder, Boolean throwOnFileNotFound, Boolean forIntrospection, Boolean suppressSecurityChecks)
   at System.Reflection.RuntimeAssembly.InternalLoadFrom(String assemblyFile, Evidence securityEvidence, Byte[] hashValue, AssemblyHashAlgorithm hashAlgorithm, Boolean forIntrospection, Boolean suppressSecurityChecks, StackCrawlMark& stackMark)
   at System.Reflection.Assembly.LoadFrom(String assemblyFile)
   at Microsoft.VisualStudio.TestPlatform.PlatformAbstractions.PlatformAssemblyLoadContext.LoadAssemblyFromPath(String assemblyPath)
   at Microsoft.VisualStudio.TestPlatform.Common.Utilities.AssemblyResolver.OnResolve(Object sender, AssemblyResolveEventArgs args)

 
TpTrace Information: 0 : 22240, 3, 2022/05/05, 00:16:38.436, 1932561874220, testhost.net48.x86.exe, AssemblyResolver.OnResolve: Microsoft.Diagnostics.NETCore.Client: Assembly path does not exist: 'C:\Program Files\dotnet\sdk\5.0.407\Extensions\Microsoft.Diagnostics.NETCore.Client.exe', returning.
TpTrace Information: 0 : 22240, 3, 2022/05/05, 00:16:38.436, 1932561875362, testhost.net48.x86.exe, AssemblyResolver.OnResolve: Microsoft.Diagnostics.NETCore.Client: Searching in: 'C:\Users\Jaroslav\source\repos\STIN\XUnitTestProject1\bin\Release\net48\fine-code-coverage\build-output'.
TpTrace Information: 0 : 22240, 3, 2022/05/05, 00:16:38.436, 1932561876651, testhost.net48.x86.exe, AssemblyResolver.OnResolve: Microsoft.Diagnostics.NETCore.Client: Assembly path does not exist: 'C:\Users\Jaroslav\source\repos\STIN\XUnitTestProject1\bin\Release\net48\fine-code-coverage\build-output\Microsoft.Diagnostics.NETCore.Client.dll', returning.
TpTrace Information: 0 : 22240, 3, 2022/05/05, 00:16:38.436, 1932561877884, testhost.net48.x86.exe, AssemblyResolver.OnResolve: Microsoft.Diagnostics.NETCore.Client: Assembly path does not exist: 'C:\Users\Jaroslav\source\repos\STIN\XUnitTestProject1\bin\Release\net48\fine-code-coverage\build-output\Microsoft.Diagnostics.NETCore.Client.exe', returning.
TpTrace Information: 0 : 22240, 3, 2022/05/05, 00:16:38.436, 1932561878641, testhost.net48.x86.exe, AssemblyResolver.OnResolve: Microsoft.Diagnostics.NETCore.Client: Searching in: 'C:\Program Files\dotnet\sdk\5.0.407\TestHost'.
TpTrace Information: 0 : 22240, 3, 2022/05/05, 00:16:38.437, 1932561879831, testhost.net48.x86.exe, AssemblyResolver.OnResolve: Microsoft.Diagnostics.NETCore.Client: Assembly path does not exist: 'C:\Program Files\dotnet\sdk\5.0.407\TestHost\Microsoft.Diagnostics.NETCore.Client.dll', returning.
TpTrace Information: 0 : 22240, 3, 2022/05/05, 00:16:38.437, 1932561880932, testhost.net48.x86.exe, AssemblyResolver.OnResolve: Microsoft.Diagnostics.NETCore.Client: Assembly path does not exist: 'C:\Program Files\dotnet\sdk\5.0.407\TestHost\Microsoft.Diagnostics.NETCore.Client.exe', returning.
TpTrace Information: 0 : 22240, 3, 2022/05/05, 00:16:38.437, 1932561881729, testhost.net48.x86.exe, AssemblyResolver.OnResolve: Microsoft.Diagnostics.NETCore.Client: Failed to load assembly.
TpTrace Verbose: 0 : 22240, 3, 2022/05/05, 00:16:38.437, 1932561887327, testhost.net48.x86.exe, CurrentDomainAssemblyResolve: Resolving assembly 'Microsoft.Diagnostics.NETCore.Client'.
TpTrace Information: 0 : 22240, 3, 2022/05/05, 00:16:38.438, 1932561889567, testhost.net48.x86.exe, AssemblyResolver.OnResolve: Microsoft.Diagnostics.NETCore.Client: Resolving assembly.
TpTrace Information: 0 : 22240, 3, 2022/05/05, 00:16:38.438, 1932561890476, testhost.net48.x86.exe, AssemblyResolver.OnResolve: Microsoft.Diagnostics.NETCore.Client: Resolved from cache.
TpTrace Verbose: 0 : 22240, 3, 2022/05/05, 00:16:38.438, 1932561891293, testhost.net48.x86.exe, CurrentDomainAssemblyResolve: Resolving assembly 'Microsoft.Diagnostics.NETCore.Client'.
TpTrace Verbose: 0 : 22240, 3, 2022/05/05, 00:16:38.438, 1932561891989, testhost.net48.x86.exe, CurrentDomainAssemblyResolve: Failed to resolve assembly 'Microsoft.Diagnostics.NETCore.Client'.
TpTrace Verbose: 0 : 22240, 3, 2022/05/05, 00:16:38.438, 1932561893697, testhost.net48.x86.exe, CurrentDomainAssemblyResolve: Failed to resolve assembly 'Microsoft.Diagnostics.NETCore.Client'.
TpTrace Warning: 0 : 22240, 3, 2022/05/05, 00:16:38.439, 1932561907981, testhost.net48.x86.exe, TestPluginDiscoverer: Failed to load extensions from file 'C:\Program Files\dotnet\sdk\5.0.407\Extensions\Microsoft.Diagnostics.NETCore.Client.dll'.  Skipping test extension scan for this file.  Error: System.IO.FileNotFoundException: Nelze načíst soubor nebo sestavení Microsoft.Diagnostics.NETCore.Client nebo jeden z jejich závislých prvků. Systém nemůže nalézt uvedený soubor.
File name: 'Microsoft.Diagnostics.NETCore.Client' ---> System.IO.FileNotFoundException: Nelze načíst soubor nebo sestavení Microsoft.Diagnostics.NETCore.Client nebo jeden z jejich závislých prvků. Systém nemůže nalézt uvedený soubor.
File name: 'Microsoft.Diagnostics.NETCore.Client'
   at System.Reflection.RuntimeAssembly._nLoad(AssemblyName fileName, String codeBase, Evidence assemblySecurity, RuntimeAssembly locationHint, StackCrawlMark& stackMark, IntPtr pPrivHostBinder, Boolean throwOnFileNotFound, Boolean forIntrospection, Boolean suppressSecurityChecks)
   at System.Reflection.RuntimeAssembly.nLoad(AssemblyName fileName, String codeBase, Evidence assemblySecurity, RuntimeAssembly locationHint, StackCrawlMark& stackMark, IntPtr pPrivHostBinder, Boolean throwOnFileNotFound, Boolean forIntrospection, Boolean suppressSecurityChecks)
   at System.Reflection.RuntimeAssembly.InternalLoadAssemblyName(AssemblyName assemblyRef, Evidence assemblySecurity, RuntimeAssembly reqAssembly, StackCrawlMark& stackMark, IntPtr pPrivHostBinder, Boolean throwOnFileNotFound, Boolean forIntrospection, Boolean suppressSecurityChecks)
   at System.Reflection.Assembly.Load(AssemblyName assemblyRef)
   at Microsoft.VisualStudio.TestPlatform.Common.ExtensionFramework.TestPluginCache.CurrentDomainAssemblyResolve(Object sender, AssemblyResolveEventArgs args)
   at Microsoft.VisualStudio.TestPlatform.PlatformAbstractions.PlatformAssemblyResolver.AssemblyResolverEvent(Object sender, Object eventArgs)
   at System.AppDomain.OnAssemblyResolveEvent(RuntimeAssembly assembly, String assemblyFullName)

WRN: Protokolování vazeb sestavení je VYPNUTO.
Chcete-li povolit protokolování chyb vazeb sestavení, nastavte hodnotu registru [HKLM\Software\Microsoft\Fusion!EnableLog] (DWORD) na hodnotu 1.
Poznámka: Protokolování chyb vazeb sestavení ovlivňuje výkon systému.
Chcete-li tuto funkci vypnout, odeberte z registru hodnotu [HKLM\Software\Microsoft\Fusion!EnableLog].

   at System.Reflection.RuntimeAssembly._nLoad(AssemblyName fileName, String codeBase, Evidence assemblySecurity, RuntimeAssembly locationHint, StackCrawlMark& stackMark, IntPtr pPrivHostBinder, Boolean throwOnFileNotFound, Boolean forIntrospection, Boolean suppressSecurityChecks)
   at System.Reflection.RuntimeAssembly.nLoad(AssemblyName fileName, String codeBase, Evidence assemblySecurity, RuntimeAssembly locationHint, StackCrawlMark& stackMark, IntPtr pPrivHostBinder, Boolean throwOnFileNotFound, Boolean forIntrospection, Boolean suppressSecurityChecks)
   at System.Reflection.RuntimeAssembly.InternalLoadAssemblyName(AssemblyName assemblyRef, Evidence assemblySecurity, RuntimeAssembly reqAssembly, StackCrawlMark& stackMark, IntPtr pPrivHostBinder, Boolean throwOnFileNotFound, Boolean forIntrospection, Boolean suppressSecurityChecks)
   at System.Reflection.Assembly.Load(AssemblyName assemblyRef)
   at Microsoft.VisualStudio.TestPlatform.Common.ExtensionFramework.TestPluginDiscoverer.GetTestExtensionsFromFiles[TPluginInfo,TExtension](String[] files, Dictionary`2 pluginInfos)


TpTrace Information: 0 : 22240, 3, 2022/05/05, 00:16:38.440, 1932561918716, testhost.net48.x86.exe, AssemblyResolver.OnResolve: Microsoft.TestPlatform.Extensions.BlameDataCollector: Resolving assembly.
TpTrace Information: 0 : 22240, 3, 2022/05/05, 00:16:38.441, 1932561920203, testhost.net48.x86.exe, AssemblyResolver.OnResolve: Microsoft.TestPlatform.Extensions.BlameDataCollector: Searching in: 'C:\Program Files\dotnet\sdk\5.0.407\Extensions'.
TpTrace Information: 0 : 22240, 3, 2022/05/05, 00:16:38.442, 1932561929928, testhost.net48.x86.exe, AssemblyResolver.OnResolve: Microsoft.TestPlatform.Extensions.BlameDataCollector: Loading assembly 'C:\Program Files\dotnet\sdk\5.0.407\Extensions\Microsoft.TestPlatform.Extensions.BlameDataCollector.dll'.
TpTrace Information: 0 : 22240, 3, 2022/05/05, 00:16:38.444, 1932561952956, testhost.net48.x86.exe, AssemblyResolver.OnResolve: Microsoft.TestPlatform.Extensions.BlameDataCollector: Failed to load assembly. Reason:System.BadImageFormatException: Nelze načíst soubor nebo sestavení Microsoft.TestPlatform.Extensions.BlameDataCollector, Version=15.0.0.0, Culture=neutral, PublicKeyToken=b03f5f7f11d50a3a nebo jeden z jejich závislých prvků. Byl učiněn pokus načíst program v nesprávném formátu.
File name: 'Microsoft.TestPlatform.Extensions.BlameDataCollector, Version=15.0.0.0, Culture=neutral, PublicKeyToken=b03f5f7f11d50a3a'
   at System.Reflection.RuntimeAssembly._nLoad(AssemblyName fileName, String codeBase, Evidence assemblySecurity, RuntimeAssembly locationHint, StackCrawlMark& stackMark, IntPtr pPrivHostBinder, Boolean throwOnFileNotFound, Boolean forIntrospection, Boolean suppressSecurityChecks)
   at System.Reflection.RuntimeAssembly.nLoad(AssemblyName fileName, String codeBase, Evidence assemblySecurity, RuntimeAssembly locationHint, StackCrawlMark& stackMark, IntPtr pPrivHostBinder, Boolean throwOnFileNotFound, Boolean forIntrospection, Boolean suppressSecurityChecks)
   at System.Reflection.RuntimeAssembly.InternalLoadAssemblyName(AssemblyName assemblyRef, Evidence assemblySecurity, RuntimeAssembly reqAssembly, StackCrawlMark& stackMark, IntPtr pPrivHostBinder, Boolean throwOnFileNotFound, Boolean forIntrospection, Boolean suppressSecurityChecks)
   at System.Reflection.RuntimeAssembly.InternalLoadFrom(String assemblyFile, Evidence securityEvidence, Byte[] hashValue, AssemblyHashAlgorithm hashAlgorithm, Boolean forIntrospection, Boolean suppressSecurityChecks, StackCrawlMark& stackMark)
   at System.Reflection.Assembly.LoadFrom(String assemblyFile)
   at Microsoft.VisualStudio.TestPlatform.PlatformAbstractions.PlatformAssemblyLoadContext.LoadAssemblyFromPath(String assemblyPath)
   at Microsoft.VisualStudio.TestPlatform.Common.Utilities.AssemblyResolver.OnResolve(Object sender, AssemblyResolveEventArgs args)

 
TpTrace Information: 0 : 22240, 3, 2022/05/05, 00:16:38.444, 1932561954859, testhost.net48.x86.exe, AssemblyResolver.OnResolve: Microsoft.TestPlatform.Extensions.BlameDataCollector: Assembly path does not exist: 'C:\Program Files\dotnet\sdk\5.0.407\Extensions\Microsoft.TestPlatform.Extensions.BlameDataCollector.exe', returning.
TpTrace Information: 0 : 22240, 3, 2022/05/05, 00:16:38.444, 1932561955682, testhost.net48.x86.exe, AssemblyResolver.OnResolve: Microsoft.TestPlatform.Extensions.BlameDataCollector: Searching in: 'C:\Users\Jaroslav\source\repos\STIN\XUnitTestProject1\bin\Release\net48\fine-code-coverage\build-output'.
TpTrace Information: 0 : 22240, 3, 2022/05/05, 00:16:38.444, 1932561956906, testhost.net48.x86.exe, AssemblyResolver.OnResolve: Microsoft.TestPlatform.Extensions.BlameDataCollector: Assembly path does not exist: 'C:\Users\Jaroslav\source\repos\STIN\XUnitTestProject1\bin\Release\net48\fine-code-coverage\build-output\Microsoft.TestPlatform.Extensions.BlameDataCollector.dll', returning.
TpTrace Information: 0 : 22240, 3, 2022/05/05, 00:16:38.444, 1932561958132, testhost.net48.x86.exe, AssemblyResolver.OnResolve: Microsoft.TestPlatform.Extensions.BlameDataCollector: Assembly path does not exist: 'C:\Users\Jaroslav\source\repos\STIN\XUnitTestProject1\bin\Release\net48\fine-code-coverage\build-output\Microsoft.TestPlatform.Extensions.BlameDataCollector.exe', returning.
TpTrace Information: 0 : 22240, 3, 2022/05/05, 00:16:38.444, 1932561958894, testhost.net48.x86.exe, AssemblyResolver.OnResolve: Microsoft.TestPlatform.Extensions.BlameDataCollector: Searching in: 'C:\Program Files\dotnet\sdk\5.0.407\TestHost'.
TpTrace Information: 0 : 22240, 3, 2022/05/05, 00:16:38.445, 1932561960096, testhost.net48.x86.exe, AssemblyResolver.OnResolve: Microsoft.TestPlatform.Extensions.BlameDataCollector: Assembly path does not exist: 'C:\Program Files\dotnet\sdk\5.0.407\TestHost\Microsoft.TestPlatform.Extensions.BlameDataCollector.dll', returning.
TpTrace Information: 0 : 22240, 3, 2022/05/05, 00:16:38.445, 1932561961310, testhost.net48.x86.exe, AssemblyResolver.OnResolve: Microsoft.TestPlatform.Extensions.BlameDataCollector: Assembly path does not exist: 'C:\Program Files\dotnet\sdk\5.0.407\TestHost\Microsoft.TestPlatform.Extensions.BlameDataCollector.exe', returning.
TpTrace Information: 0 : 22240, 3, 2022/05/05, 00:16:38.445, 1932561962075, testhost.net48.x86.exe, AssemblyResolver.OnResolve: Microsoft.TestPlatform.Extensions.BlameDataCollector: Failed to load assembly.
TpTrace Verbose: 0 : 22240, 3, 2022/05/05, 00:16:38.445, 1932561962877, testhost.net48.x86.exe, CurrentDomainAssemblyResolve: Resolving assembly 'Microsoft.TestPlatform.Extensions.BlameDataCollector'.
TpTrace Information: 0 : 22240, 3, 2022/05/05, 00:16:38.445, 1932561964839, testhost.net48.x86.exe, AssemblyResolver.OnResolve: Microsoft.TestPlatform.Extensions.BlameDataCollector: Resolving assembly.
TpTrace Information: 0 : 22240, 3, 2022/05/05, 00:16:38.445, 1932561965591, testhost.net48.x86.exe, AssemblyResolver.OnResolve: Microsoft.TestPlatform.Extensions.BlameDataCollector: Resolved from cache.
TpTrace Verbose: 0 : 22240, 3, 2022/05/05, 00:16:38.445, 1932561966448, testhost.net48.x86.exe, CurrentDomainAssemblyResolve: Resolving assembly 'Microsoft.TestPlatform.Extensions.BlameDataCollector'.
TpTrace Verbose: 0 : 22240, 3, 2022/05/05, 00:16:38.445, 1932561967162, testhost.net48.x86.exe, CurrentDomainAssemblyResolve: Failed to resolve assembly 'Microsoft.TestPlatform.Extensions.BlameDataCollector'.
TpTrace Verbose: 0 : 22240, 3, 2022/05/05, 00:16:38.445, 1932561968613, testhost.net48.x86.exe, CurrentDomainAssemblyResolve: Failed to resolve assembly 'Microsoft.TestPlatform.Extensions.BlameDataCollector'.
TpTrace Warning: 0 : 22240, 3, 2022/05/05, 00:16:38.446, 1932561971832, testhost.net48.x86.exe, TestPluginDiscoverer: Failed to load extensions from file 'C:\Program Files\dotnet\sdk\5.0.407\Extensions\Microsoft.TestPlatform.Extensions.BlameDataCollector.dll'.  Skipping test extension scan for this file.  Error: System.IO.FileNotFoundException: Nelze načíst soubor nebo sestavení Microsoft.TestPlatform.Extensions.BlameDataCollector nebo jeden z jejich závislých prvků. Systém nemůže nalézt uvedený soubor.
File name: 'Microsoft.TestPlatform.Extensions.BlameDataCollector' ---> System.IO.FileNotFoundException: Nelze načíst soubor nebo sestavení Microsoft.TestPlatform.Extensions.BlameDataCollector nebo jeden z jejich závislých prvků. Systém nemůže nalézt uvedený soubor.
File name: 'Microsoft.TestPlatform.Extensions.BlameDataCollector'
   at System.Reflection.RuntimeAssembly._nLoad(AssemblyName fileName, String codeBase, Evidence assemblySecurity, RuntimeAssembly locationHint, StackCrawlMark& stackMark, IntPtr pPrivHostBinder, Boolean throwOnFileNotFound, Boolean forIntrospection, Boolean suppressSecurityChecks)
   at System.Reflection.RuntimeAssembly.nLoad(AssemblyName fileName, String codeBase, Evidence assemblySecurity, RuntimeAssembly locationHint, StackCrawlMark& stackMark, IntPtr pPrivHostBinder, Boolean throwOnFileNotFound, Boolean forIntrospection, Boolean suppressSecurityChecks)
   at System.Reflection.RuntimeAssembly.InternalLoadAssemblyName(AssemblyName assemblyRef, Evidence assemblySecurity, RuntimeAssembly reqAssembly, StackCrawlMark& stackMark, IntPtr pPrivHostBinder, Boolean throwOnFileNotFound, Boolean forIntrospection, Boolean suppressSecurityChecks)
   at System.Reflection.Assembly.Load(AssemblyName assemblyRef)
   at Microsoft.VisualStudio.TestPlatform.Common.ExtensionFramework.TestPluginCache.CurrentDomainAssemblyResolve(Object sender, AssemblyResolveEventArgs args)
   at Microsoft.VisualStudio.TestPlatform.PlatformAbstractions.PlatformAssemblyResolver.AssemblyResolverEvent(Object sender, Object eventArgs)
   at System.AppDomain.OnAssemblyResolveEvent(RuntimeAssembly assembly, String assemblyFullName)

WRN: Protokolování vazeb sestavení je VYPNUTO.
Chcete-li povolit protokolování chyb vazeb sestavení, nastavte hodnotu registru [HKLM\Software\Microsoft\Fusion!EnableLog] (DWORD) na hodnotu 1.
Poznámka: Protokolování chyb vazeb sestavení ovlivňuje výkon systému.
Chcete-li tuto funkci vypnout, odeberte z registru hodnotu [HKLM\Software\Microsoft\Fusion!EnableLog].

   at System.Reflection.RuntimeAssembly._nLoad(AssemblyName fileName, String codeBase, Evidence assemblySecurity, RuntimeAssembly locationHint, StackCrawlMark& stackMark, IntPtr pPrivHostBinder, Boolean throwOnFileNotFound, Boolean forIntrospection, Boolean suppressSecurityChecks)
   at System.Reflection.RuntimeAssembly.nLoad(AssemblyName fileName, String codeBase, Evidence assemblySecurity, RuntimeAssembly locationHint, StackCrawlMark& stackMark, IntPtr pPrivHostBinder, Boolean throwOnFileNotFound, Boolean forIntrospection, Boolean suppressSecurityChecks)
   at System.Reflection.RuntimeAssembly.InternalLoadAssemblyName(AssemblyName assemblyRef, Evidence assemblySecurity, RuntimeAssembly reqAssembly, StackCrawlMark& stackMark, IntPtr pPrivHostBinder, Boolean throwOnFileNotFound, Boolean forIntrospection, Boolean suppressSecurityChecks)
   at System.Reflection.Assembly.Load(AssemblyName assemblyRef)
   at Microsoft.VisualStudio.TestPlatform.Common.ExtensionFramework.TestPluginDiscoverer.GetTestExtensionsFromFiles[TPluginInfo,TExtension](String[] files, Dictionary`2 pluginInfos)


TpTrace Information: 0 : 22240, 3, 2022/05/05, 00:16:38.446, 1932561979039, testhost.net48.x86.exe, AssemblyResolver.OnResolve: Microsoft.TestPlatform.Extensions.EventLogCollector: Resolving assembly.
TpTrace Information: 0 : 22240, 3, 2022/05/05, 00:16:38.447, 1932561980121, testhost.net48.x86.exe, AssemblyResolver.OnResolve: Microsoft.TestPlatform.Extensions.EventLogCollector: Searching in: 'C:\Program Files\dotnet\sdk\5.0.407\Extensions'.
TpTrace Information: 0 : 22240, 3, 2022/05/05, 00:16:38.447, 1932561984645, testhost.net48.x86.exe, AssemblyResolver.OnResolve: Microsoft.TestPlatform.Extensions.EventLogCollector: Loading assembly 'C:\Program Files\dotnet\sdk\5.0.407\Extensions\Microsoft.TestPlatform.Extensions.EventLogCollector.dll'.
TpTrace Information: 0 : 22240, 3, 2022/05/05, 00:16:38.448, 1932561998767, testhost.net48.x86.exe, AssemblyResolver.OnResolve: Resolved assembly: Microsoft.TestPlatform.Extensions.EventLogCollector, from path: C:\Program Files\dotnet\sdk\5.0.407\Extensions\Microsoft.TestPlatform.Extensions.EventLogCollector.dll
TpTrace Information: 0 : 22240, 3, 2022/05/05, 00:16:38.453, 1932562047455, testhost.net48.x86.exe, AssemblyResolver.OnResolve: Microsoft.TestPlatform.TestHostRuntimeProvider: Resolving assembly.
TpTrace Information: 0 : 22240, 3, 2022/05/05, 00:16:38.453, 1932562048779, testhost.net48.x86.exe, AssemblyResolver.OnResolve: Microsoft.TestPlatform.TestHostRuntimeProvider: Searching in: 'C:\Program Files\dotnet\sdk\5.0.407\Extensions'.
TpTrace Information: 0 : 22240, 3, 2022/05/05, 00:16:38.454, 1932562055944, testhost.net48.x86.exe, AssemblyResolver.OnResolve: Microsoft.TestPlatform.TestHostRuntimeProvider: Loading assembly 'C:\Program Files\dotnet\sdk\5.0.407\Extensions\Microsoft.TestPlatform.TestHostRuntimeProvider.dll'.
TpTrace Information: 0 : 22240, 3, 2022/05/05, 00:16:38.456, 1932562076331, testhost.net48.x86.exe, AssemblyResolver.OnResolve: Microsoft.TestPlatform.TestHostRuntimeProvider: Failed to load assembly. Reason:System.BadImageFormatException: Nelze načíst soubor nebo sestavení Microsoft.TestPlatform.TestHostRuntimeProvider, Version=15.0.0.0, Culture=neutral, PublicKeyToken=b03f5f7f11d50a3a nebo jeden z jejich závislých prvků. Byl učiněn pokus načíst program v nesprávném formátu.
File name: 'Microsoft.TestPlatform.TestHostRuntimeProvider, Version=15.0.0.0, Culture=neutral, PublicKeyToken=b03f5f7f11d50a3a'
   at System.Reflection.RuntimeAssembly._nLoad(AssemblyName fileName, String codeBase, Evidence assemblySecurity, RuntimeAssembly locationHint, StackCrawlMark& stackMark, IntPtr pPrivHostBinder, Boolean throwOnFileNotFound, Boolean forIntrospection, Boolean suppressSecurityChecks)
   at System.Reflection.RuntimeAssembly.nLoad(AssemblyName fileName, String codeBase, Evidence assemblySecurity, RuntimeAssembly locationHint, StackCrawlMark& stackMark, IntPtr pPrivHostBinder, Boolean throwOnFileNotFound, Boolean forIntrospection, Boolean suppressSecurityChecks)
   at System.Reflection.RuntimeAssembly.InternalLoadAssemblyName(AssemblyName assemblyRef, Evidence assemblySecurity, RuntimeAssembly reqAssembly, StackCrawlMark& stackMark, IntPtr pPrivHostBinder, Boolean throwOnFileNotFound, Boolean forIntrospection, Boolean suppressSecurityChecks)
   at System.Reflection.RuntimeAssembly.InternalLoadFrom(String assemblyFile, Evidence securityEvidence, Byte[] hashValue, AssemblyHashAlgorithm hashAlgorithm, Boolean forIntrospection, Boolean suppressSecurityChecks, StackCrawlMark& stackMark)
   at System.Reflection.Assembly.LoadFrom(String assemblyFile)
   at Microsoft.VisualStudio.TestPlatform.PlatformAbstractions.PlatformAssemblyLoadContext.LoadAssemblyFromPath(String assemblyPath)
   at Microsoft.VisualStudio.TestPlatform.Common.Utilities.AssemblyResolver.OnResolve(Object sender, AssemblyResolveEventArgs args)

 
TpTrace Information: 0 : 22240, 3, 2022/05/05, 00:16:38.456, 1932562078285, testhost.net48.x86.exe, AssemblyResolver.OnResolve: Microsoft.TestPlatform.TestHostRuntimeProvider: Assembly path does not exist: 'C:\Program Files\dotnet\sdk\5.0.407\Extensions\Microsoft.TestPlatform.TestHostRuntimeProvider.exe', returning.
TpTrace Information: 0 : 22240, 3, 2022/05/05, 00:16:38.456, 1932562079123, testhost.net48.x86.exe, AssemblyResolver.OnResolve: Microsoft.TestPlatform.TestHostRuntimeProvider: Searching in: 'C:\Users\Jaroslav\source\repos\STIN\XUnitTestProject1\bin\Release\net48\fine-code-coverage\build-output'.
TpTrace Information: 0 : 22240, 3, 2022/05/05, 00:16:38.457, 1932562080488, testhost.net48.x86.exe, AssemblyResolver.OnResolve: Microsoft.TestPlatform.TestHostRuntimeProvider: Assembly path does not exist: 'C:\Users\Jaroslav\source\repos\STIN\XUnitTestProject1\bin\Release\net48\fine-code-coverage\build-output\Microsoft.TestPlatform.TestHostRuntimeProvider.dll', returning.
TpTrace Information: 0 : 22240, 3, 2022/05/05, 00:16:38.457, 1932562083091, testhost.net48.x86.exe, AssemblyResolver.OnResolve: Microsoft.TestPlatform.TestHostRuntimeProvider: Assembly path does not exist: 'C:\Users\Jaroslav\source\repos\STIN\XUnitTestProject1\bin\Release\net48\fine-code-coverage\build-output\Microsoft.TestPlatform.TestHostRuntimeProvider.exe', returning.
TpTrace Information: 0 : 22240, 3, 2022/05/05, 00:16:38.457, 1932562084704, testhost.net48.x86.exe, AssemblyResolver.OnResolve: Microsoft.TestPlatform.TestHostRuntimeProvider: Searching in: 'C:\Program Files\dotnet\sdk\5.0.407\TestHost'.
TpTrace Information: 0 : 22240, 3, 2022/05/05, 00:16:38.457, 1932562086056, testhost.net48.x86.exe, AssemblyResolver.OnResolve: Microsoft.TestPlatform.TestHostRuntimeProvider: Assembly path does not exist: 'C:\Program Files\dotnet\sdk\5.0.407\TestHost\Microsoft.TestPlatform.TestHostRuntimeProvider.dll', returning.
TpTrace Information: 0 : 22240, 3, 2022/05/05, 00:16:38.457, 1932562087201, testhost.net48.x86.exe, AssemblyResolver.OnResolve: Microsoft.TestPlatform.TestHostRuntimeProvider: Assembly path does not exist: 'C:\Program Files\dotnet\sdk\5.0.407\TestHost\Microsoft.TestPlatform.TestHostRuntimeProvider.exe', returning.
TpTrace Information: 0 : 22240, 3, 2022/05/05, 00:16:38.457, 1932562088189, testhost.net48.x86.exe, AssemblyResolver.OnResolve: Microsoft.TestPlatform.TestHostRuntimeProvider: Failed to load assembly.
TpTrace Verbose: 0 : 22240, 3, 2022/05/05, 00:16:38.458, 1932562089342, testhost.net48.x86.exe, CurrentDomainAssemblyResolve: Resolving assembly 'Microsoft.TestPlatform.TestHostRuntimeProvider'.
TpTrace Information: 0 : 22240, 3, 2022/05/05, 00:16:38.458, 1932562092050, testhost.net48.x86.exe, AssemblyResolver.OnResolve: Microsoft.TestPlatform.TestHostRuntimeProvider: Resolving assembly.
TpTrace Information: 0 : 22240, 3, 2022/05/05, 00:16:38.458, 1932562093081, testhost.net48.x86.exe, AssemblyResolver.OnResolve: Microsoft.TestPlatform.TestHostRuntimeProvider: Resolved from cache.
TpTrace Verbose: 0 : 22240, 3, 2022/05/05, 00:16:38.458, 1932562093921, testhost.net48.x86.exe, CurrentDomainAssemblyResolve: Resolving assembly 'Microsoft.TestPlatform.TestHostRuntimeProvider'.
TpTrace Verbose: 0 : 22240, 3, 2022/05/05, 00:16:38.458, 1932562094631, testhost.net48.x86.exe, CurrentDomainAssemblyResolve: Failed to resolve assembly 'Microsoft.TestPlatform.TestHostRuntimeProvider'.
TpTrace Verbose: 0 : 22240, 3, 2022/05/05, 00:16:38.458, 1932562096225, testhost.net48.x86.exe, CurrentDomainAssemblyResolve: Failed to resolve assembly 'Microsoft.TestPlatform.TestHostRuntimeProvider'.
TpTrace Warning: 0 : 22240, 3, 2022/05/05, 00:16:38.459, 1932562099674, testhost.net48.x86.exe, TestPluginDiscoverer: Failed to load extensions from file 'C:\Program Files\dotnet\sdk\5.0.407\Extensions\Microsoft.TestPlatform.TestHostRuntimeProvider.dll'.  Skipping test extension scan for this file.  Error: System.IO.FileNotFoundException: Nelze načíst soubor nebo sestavení Microsoft.TestPlatform.TestHostRuntimeProvider nebo jeden z jejich závislých prvků. Systém nemůže nalézt uvedený soubor.
File name: 'Microsoft.TestPlatform.TestHostRuntimeProvider' ---> System.IO.FileNotFoundException: Nelze načíst soubor nebo sestavení Microsoft.TestPlatform.TestHostRuntimeProvider nebo jeden z jejich závislých prvků. Systém nemůže nalézt uvedený soubor.
File name: 'Microsoft.TestPlatform.TestHostRuntimeProvider'
   at System.Reflection.RuntimeAssembly._nLoad(AssemblyName fileName, String codeBase, Evidence assemblySecurity, RuntimeAssembly locationHint, StackCrawlMark& stackMark, IntPtr pPrivHostBinder, Boolean throwOnFileNotFound, Boolean forIntrospection, Boolean suppressSecurityChecks)
   at System.Reflection.RuntimeAssembly.nLoad(AssemblyName fileName, String codeBase, Evidence assemblySecurity, RuntimeAssembly locationHint, StackCrawlMark& stackMark, IntPtr pPrivHostBinder, Boolean throwOnFileNotFound, Boolean forIntrospection, Boolean suppressSecurityChecks)
   at System.Reflection.RuntimeAssembly.InternalLoadAssemblyName(AssemblyName assemblyRef, Evidence assemblySecurity, RuntimeAssembly reqAssembly, StackCrawlMark& stackMark, IntPtr pPrivHostBinder, Boolean throwOnFileNotFound, Boolean forIntrospection, Boolean suppressSecurityChecks)
   at System.Reflection.Assembly.Load(AssemblyName assemblyRef)
   at Microsoft.VisualStudio.TestPlatform.Common.ExtensionFramework.TestPluginCache.CurrentDomainAssemblyResolve(Object sender, AssemblyResolveEventArgs args)
   at Microsoft.VisualStudio.TestPlatform.PlatformAbstractions.PlatformAssemblyResolver.AssemblyResolverEvent(Object sender, Object eventArgs)
   at System.AppDomain.OnAssemblyResolveEvent(RuntimeAssembly assembly, String assemblyFullName)

WRN: Protokolování vazeb sestavení je VYPNUTO.
Chcete-li povolit protokolování chyb vazeb sestavení, nastavte hodnotu registru [HKLM\Software\Microsoft\Fusion!EnableLog] (DWORD) na hodnotu 1.
Poznámka: Protokolování chyb vazeb sestavení ovlivňuje výkon systému.
Chcete-li tuto funkci vypnout, odeberte z registru hodnotu [HKLM\Software\Microsoft\Fusion!EnableLog].

   at System.Reflection.RuntimeAssembly._nLoad(AssemblyName fileName, String codeBase, Evidence assemblySecurity, RuntimeAssembly locationHint, StackCrawlMark& stackMark, IntPtr pPrivHostBinder, Boolean throwOnFileNotFound, Boolean forIntrospection, Boolean suppressSecurityChecks)
   at System.Reflection.RuntimeAssembly.nLoad(AssemblyName fileName, String codeBase, Evidence assemblySecurity, RuntimeAssembly locationHint, StackCrawlMark& stackMark, IntPtr pPrivHostBinder, Boolean throwOnFileNotFound, Boolean forIntrospection, Boolean suppressSecurityChecks)
   at System.Reflection.RuntimeAssembly.InternalLoadAssemblyName(AssemblyName assemblyRef, Evidence assemblySecurity, RuntimeAssembly reqAssembly, StackCrawlMark& stackMark, IntPtr pPrivHostBinder, Boolean throwOnFileNotFound, Boolean forIntrospection, Boolean suppressSecurityChecks)
   at System.Reflection.Assembly.Load(AssemblyName assemblyRef)
   at Microsoft.VisualStudio.TestPlatform.Common.ExtensionFramework.TestPluginDiscoverer.GetTestExtensionsFromFiles[TPluginInfo,TExtension](String[] files, Dictionary`2 pluginInfos)


TpTrace Information: 0 : 22240, 3, 2022/05/05, 00:16:38.459, 1932562107487, testhost.net48.x86.exe, AssemblyResolver.OnResolve: Microsoft.VisualStudio.TestPlatform.Extensions.Html.TestLogger: Resolving assembly.
TpTrace Information: 0 : 22240, 3, 2022/05/05, 00:16:38.459, 1932562108477, testhost.net48.x86.exe, AssemblyResolver.OnResolve: Microsoft.VisualStudio.TestPlatform.Extensions.Html.TestLogger: Searching in: 'C:\Program Files\dotnet\sdk\5.0.407\Extensions'.
TpTrace Information: 0 : 22240, 3, 2022/05/05, 00:16:38.460, 1932562116273, testhost.net48.x86.exe, AssemblyResolver.OnResolve: Microsoft.VisualStudio.TestPlatform.Extensions.Html.TestLogger: Loading assembly 'C:\Program Files\dotnet\sdk\5.0.407\Extensions\Microsoft.VisualStudio.TestPlatform.Extensions.Html.TestLogger.dll'.
TpTrace Information: 0 : 22240, 3, 2022/05/05, 00:16:38.463, 1932562141422, testhost.net48.x86.exe, AssemblyResolver.OnResolve: Microsoft.VisualStudio.TestPlatform.Extensions.Html.TestLogger: Failed to load assembly. Reason:System.BadImageFormatException: Nelze načíst soubor nebo sestavení Microsoft.VisualStudio.TestPlatform.Extensions.Html.TestLogger, Version=15.0.0.0, Culture=neutral, PublicKeyToken=b03f5f7f11d50a3a nebo jeden z jejich závislých prvků. Byl učiněn pokus načíst program v nesprávném formátu.
File name: 'Microsoft.VisualStudio.TestPlatform.Extensions.Html.TestLogger, Version=15.0.0.0, Culture=neutral, PublicKeyToken=b03f5f7f11d50a3a'
   at System.Reflection.RuntimeAssembly._nLoad(AssemblyName fileName, String codeBase, Evidence assemblySecurity, RuntimeAssembly locationHint, StackCrawlMark& stackMark, IntPtr pPrivHostBinder, Boolean throwOnFileNotFound, Boolean forIntrospection, Boolean suppressSecurityChecks)
   at System.Reflection.RuntimeAssembly.nLoad(AssemblyName fileName, String codeBase, Evidence assemblySecurity, RuntimeAssembly locationHint, StackCrawlMark& stackMark, IntPtr pPrivHostBinder, Boolean throwOnFileNotFound, Boolean forIntrospection, Boolean suppressSecurityChecks)
   at System.Reflection.RuntimeAssembly.InternalLoadAssemblyName(AssemblyName assemblyRef, Evidence assemblySecurity, RuntimeAssembly reqAssembly, StackCrawlMark& stackMark, IntPtr pPrivHostBinder, Boolean throwOnFileNotFound, Boolean forIntrospection, Boolean suppressSecurityChecks)
   at System.Reflection.RuntimeAssembly.InternalLoadFrom(String assemblyFile, Evidence securityEvidence, Byte[] hashValue, AssemblyHashAlgorithm hashAlgorithm, Boolean forIntrospection, Boolean suppressSecurityChecks, StackCrawlMark& stackMark)
   at System.Reflection.Assembly.LoadFrom(String assemblyFile)
   at Microsoft.VisualStudio.TestPlatform.PlatformAbstractions.PlatformAssemblyLoadContext.LoadAssemblyFromPath(String assemblyPath)
   at Microsoft.VisualStudio.TestPlatform.Common.Utilities.AssemblyResolver.OnResolve(Object sender, AssemblyResolveEventArgs args)

 
TpTrace Information: 0 : 22240, 3, 2022/05/05, 00:16:38.463, 1932562143554, testhost.net48.x86.exe, AssemblyResolver.OnResolve: Microsoft.VisualStudio.TestPlatform.Extensions.Html.TestLogger: Assembly path does not exist: 'C:\Program Files\dotnet\sdk\5.0.407\Extensions\Microsoft.VisualStudio.TestPlatform.Extensions.Html.TestLogger.exe', returning.
TpTrace Information: 0 : 22240, 3, 2022/05/05, 00:16:38.463, 1932562144377, testhost.net48.x86.exe, AssemblyResolver.OnResolve: Microsoft.VisualStudio.TestPlatform.Extensions.Html.TestLogger: Searching in: 'C:\Users\Jaroslav\source\repos\STIN\XUnitTestProject1\bin\Release\net48\fine-code-coverage\build-output'.
TpTrace Information: 0 : 22240, 3, 2022/05/05, 00:16:38.463, 1932562145629, testhost.net48.x86.exe, AssemblyResolver.OnResolve: Microsoft.VisualStudio.TestPlatform.Extensions.Html.TestLogger: Assembly path does not exist: 'C:\Users\Jaroslav\source\repos\STIN\XUnitTestProject1\bin\Release\net48\fine-code-coverage\build-output\Microsoft.VisualStudio.TestPlatform.Extensions.Html.TestLogger.dll', returning.
TpTrace Information: 0 : 22240, 3, 2022/05/05, 00:16:38.463, 1932562147544, testhost.net48.x86.exe, AssemblyResolver.OnResolve: Microsoft.VisualStudio.TestPlatform.Extensions.Html.TestLogger: Assembly path does not exist: 'C:\Users\Jaroslav\source\repos\STIN\XUnitTestProject1\bin\Release\net48\fine-code-coverage\build-output\Microsoft.VisualStudio.TestPlatform.Extensions.Html.TestLogger.exe', returning.
TpTrace Information: 0 : 22240, 3, 2022/05/05, 00:16:38.464, 1932562149420, testhost.net48.x86.exe, AssemblyResolver.OnResolve: Microsoft.VisualStudio.TestPlatform.Extensions.Html.TestLogger: Searching in: 'C:\Program Files\dotnet\sdk\5.0.407\TestHost'.
TpTrace Information: 0 : 22240, 3, 2022/05/05, 00:16:38.464, 1932562151239, testhost.net48.x86.exe, AssemblyResolver.OnResolve: Microsoft.VisualStudio.TestPlatform.Extensions.Html.TestLogger: Assembly path does not exist: 'C:\Program Files\dotnet\sdk\5.0.407\TestHost\Microsoft.VisualStudio.TestPlatform.Extensions.Html.TestLogger.dll', returning.
TpTrace Information: 0 : 22240, 3, 2022/05/05, 00:16:38.464, 1932562154837, testhost.net48.x86.exe, AssemblyResolver.OnResolve: Microsoft.VisualStudio.TestPlatform.Extensions.Html.TestLogger: Assembly path does not exist: 'C:\Program Files\dotnet\sdk\5.0.407\TestHost\Microsoft.VisualStudio.TestPlatform.Extensions.Html.TestLogger.exe', returning.
TpTrace Information: 0 : 22240, 3, 2022/05/05, 00:16:38.464, 1932562156973, testhost.net48.x86.exe, AssemblyResolver.OnResolve: Microsoft.VisualStudio.TestPlatform.Extensions.Html.TestLogger: Failed to load assembly.
TpTrace Verbose: 0 : 22240, 3, 2022/05/05, 00:16:38.464, 1932562158353, testhost.net48.x86.exe, CurrentDomainAssemblyResolve: Resolving assembly 'Microsoft.VisualStudio.TestPlatform.Extensions.Html.TestLogger'.
TpTrace Information: 0 : 22240, 3, 2022/05/05, 00:16:38.465, 1932562161104, testhost.net48.x86.exe, AssemblyResolver.OnResolve: Microsoft.VisualStudio.TestPlatform.Extensions.Html.TestLogger: Resolving assembly.
TpTrace Information: 0 : 22240, 3, 2022/05/05, 00:16:38.465, 1932562162418, testhost.net48.x86.exe, AssemblyResolver.OnResolve: Microsoft.VisualStudio.TestPlatform.Extensions.Html.TestLogger: Resolved from cache.
TpTrace Verbose: 0 : 22240, 3, 2022/05/05, 00:16:38.465, 1932562163377, testhost.net48.x86.exe, CurrentDomainAssemblyResolve: Resolving assembly 'Microsoft.VisualStudio.TestPlatform.Extensions.Html.TestLogger'.
TpTrace Verbose: 0 : 22240, 3, 2022/05/05, 00:16:38.465, 1932562164961, testhost.net48.x86.exe, CurrentDomainAssemblyResolve: Failed to resolve assembly 'Microsoft.VisualStudio.TestPlatform.Extensions.Html.TestLogger'.
TpTrace Verbose: 0 : 22240, 3, 2022/05/05, 00:16:38.465, 1932562166839, testhost.net48.x86.exe, CurrentDomainAssemblyResolve: Failed to resolve assembly 'Microsoft.VisualStudio.TestPlatform.Extensions.Html.TestLogger'.
TpTrace Warning: 0 : 22240, 3, 2022/05/05, 00:16:38.466, 1932562172068, testhost.net48.x86.exe, TestPluginDiscoverer: Failed to load extensions from file 'C:\Program Files\dotnet\sdk\5.0.407\Extensions\Microsoft.VisualStudio.TestPlatform.Extensions.Html.TestLogger.dll'.  Skipping test extension scan for this file.  Error: System.IO.FileNotFoundException: Nelze načíst soubor nebo sestavení Microsoft.VisualStudio.TestPlatform.Extensions.Html.TestLogger nebo jeden z jejich závislých prvků. Systém nemůže nalézt uvedený soubor.
File name: 'Microsoft.VisualStudio.TestPlatform.Extensions.Html.TestLogger' ---> System.IO.FileNotFoundException: Nelze načíst soubor nebo sestavení Microsoft.VisualStudio.TestPlatform.Extensions.Html.TestLogger nebo jeden z jejich závislých prvků. Systém nemůže nalézt uvedený soubor.
File name: 'Microsoft.VisualStudio.TestPlatform.Extensions.Html.TestLogger'
   at System.Reflection.RuntimeAssembly._nLoad(AssemblyName fileName, String codeBase, Evidence assemblySecurity, RuntimeAssembly locationHint, StackCrawlMark& stackMark, IntPtr pPrivHostBinder, Boolean throwOnFileNotFound, Boolean forIntrospection, Boolean suppressSecurityChecks)
   at System.Reflection.RuntimeAssembly.nLoad(AssemblyName fileName, String codeBase, Evidence assemblySecurity, RuntimeAssembly locationHint, StackCrawlMark& stackMark, IntPtr pPrivHostBinder, Boolean throwOnFileNotFound, Boolean forIntrospection, Boolean suppressSecurityChecks)
   at System.Reflection.RuntimeAssembly.InternalLoadAssemblyName(AssemblyName assemblyRef, Evidence assemblySecurity, RuntimeAssembly reqAssembly, StackCrawlMark& stackMark, IntPtr pPrivHostBinder, Boolean throwOnFileNotFound, Boolean forIntrospection, Boolean suppressSecurityChecks)
   at System.Reflection.Assembly.Load(AssemblyName assemblyRef)
   at Microsoft.VisualStudio.TestPlatform.Common.ExtensionFramework.TestPluginCache.CurrentDomainAssemblyResolve(Object sender, AssemblyResolveEventArgs args)
   at Microsoft.VisualStudio.TestPlatform.PlatformAbstractions.PlatformAssemblyResolver.AssemblyResolverEvent(Object sender, Object eventArgs)
   at System.AppDomain.OnAssemblyResolveEvent(RuntimeAssembly assembly, String assemblyFullName)

WRN: Protokolování vazeb sestavení je VYPNUTO.
Chcete-li povolit protokolování chyb vazeb sestavení, nastavte hodnotu registru [HKLM\Software\Microsoft\Fusion!EnableLog] (DWORD) na hodnotu 1.
Poznámka: Protokolování chyb vazeb sestavení ovlivňuje výkon systému.
Chcete-li tuto funkci vypnout, odeberte z registru hodnotu [HKLM\Software\Microsoft\Fusion!EnableLog].

   at System.Reflection.RuntimeAssembly._nLoad(AssemblyName fileName, String codeBase, Evidence assemblySecurity, RuntimeAssembly locationHint, StackCrawlMark& stackMark, IntPtr pPrivHostBinder, Boolean throwOnFileNotFound, Boolean forIntrospection, Boolean suppressSecurityChecks)
   at System.Reflection.RuntimeAssembly.nLoad(AssemblyName fileName, String codeBase, Evidence assemblySecurity, RuntimeAssembly locationHint, StackCrawlMark& stackMark, IntPtr pPrivHostBinder, Boolean throwOnFileNotFound, Boolean forIntrospection, Boolean suppressSecurityChecks)
   at System.Reflection.RuntimeAssembly.InternalLoadAssemblyName(AssemblyName assemblyRef, Evidence assemblySecurity, RuntimeAssembly reqAssembly, StackCrawlMark& stackMark, IntPtr pPrivHostBinder, Boolean throwOnFileNotFound, Boolean forIntrospection, Boolean suppressSecurityChecks)
   at System.Reflection.Assembly.Load(AssemblyName assemblyRef)
   at Microsoft.VisualStudio.TestPlatform.Common.ExtensionFramework.TestPluginDiscoverer.GetTestExtensionsFromFiles[TPluginInfo,TExtension](String[] files, Dictionary`2 pluginInfos)


TpTrace Information: 0 : 22240, 3, 2022/05/05, 00:16:38.467, 1932562180588, testhost.net48.x86.exe, AssemblyResolver.OnResolve: Microsoft.VisualStudio.TestPlatform.Extensions.Trx.TestLogger: Resolving assembly.
TpTrace Information: 0 : 22240, 3, 2022/05/05, 00:16:38.467, 1932562181914, testhost.net48.x86.exe, AssemblyResolver.OnResolve: Microsoft.VisualStudio.TestPlatform.Extensions.Trx.TestLogger: Searching in: 'C:\Program Files\dotnet\sdk\5.0.407\Extensions'.
TpTrace Information: 0 : 22240, 3, 2022/05/05, 00:16:38.468, 1932562195060, testhost.net48.x86.exe, AssemblyResolver.OnResolve: Microsoft.VisualStudio.TestPlatform.Extensions.Trx.TestLogger: Loading assembly 'C:\Program Files\dotnet\sdk\5.0.407\Extensions\Microsoft.VisualStudio.TestPlatform.Extensions.Trx.TestLogger.dll'.
TpTrace Information: 0 : 22240, 3, 2022/05/05, 00:16:38.471, 1932562223255, testhost.net48.x86.exe, AssemblyResolver.OnResolve: Microsoft.VisualStudio.TestPlatform.Extensions.Trx.TestLogger: Failed to load assembly. Reason:System.BadImageFormatException: Nelze načíst soubor nebo sestavení Microsoft.VisualStudio.TestPlatform.Extensions.Trx.TestLogger, Version=15.0.0.0, Culture=neutral, PublicKeyToken=b03f5f7f11d50a3a nebo jeden z jejich závislých prvků. Byl učiněn pokus načíst program v nesprávném formátu.
File name: 'Microsoft.VisualStudio.TestPlatform.Extensions.Trx.TestLogger, Version=15.0.0.0, Culture=neutral, PublicKeyToken=b03f5f7f11d50a3a'
   at System.Reflection.RuntimeAssembly._nLoad(AssemblyName fileName, String codeBase, Evidence assemblySecurity, RuntimeAssembly locationHint, StackCrawlMark& stackMark, IntPtr pPrivHostBinder, Boolean throwOnFileNotFound, Boolean forIntrospection, Boolean suppressSecurityChecks)
   at System.Reflection.RuntimeAssembly.nLoad(AssemblyName fileName, String codeBase, Evidence assemblySecurity, RuntimeAssembly locationHint, StackCrawlMark& stackMark, IntPtr pPrivHostBinder, Boolean throwOnFileNotFound, Boolean forIntrospection, Boolean suppressSecurityChecks)
   at System.Reflection.RuntimeAssembly.InternalLoadAssemblyName(AssemblyName assemblyRef, Evidence assemblySecurity, RuntimeAssembly reqAssembly, StackCrawlMark& stackMark, IntPtr pPrivHostBinder, Boolean throwOnFileNotFound, Boolean forIntrospection, Boolean suppressSecurityChecks)
   at System.Reflection.RuntimeAssembly.InternalLoadFrom(String assemblyFile, Evidence securityEvidence, Byte[] hashValue, AssemblyHashAlgorithm hashAlgorithm, Boolean forIntrospection, Boolean suppressSecurityChecks, StackCrawlMark& stackMark)
   at System.Reflection.Assembly.LoadFrom(String assemblyFile)
   at Microsoft.VisualStudio.TestPlatform.PlatformAbstractions.PlatformAssemblyLoadContext.LoadAssemblyFromPath(String assemblyPath)
   at Microsoft.VisualStudio.TestPlatform.Common.Utilities.AssemblyResolver.OnResolve(Object sender, AssemblyResolveEventArgs args)

 
TpTrace Information: 0 : 22240, 3, 2022/05/05, 00:16:38.471, 1932562226218, testhost.net48.x86.exe, AssemblyResolver.OnResolve: Microsoft.VisualStudio.TestPlatform.Extensions.Trx.TestLogger: Assembly path does not exist: 'C:\Program Files\dotnet\sdk\5.0.407\Extensions\Microsoft.VisualStudio.TestPlatform.Extensions.Trx.TestLogger.exe', returning.
TpTrace Information: 0 : 22240, 3, 2022/05/05, 00:16:38.471, 1932562227234, testhost.net48.x86.exe, AssemblyResolver.OnResolve: Microsoft.VisualStudio.TestPlatform.Extensions.Trx.TestLogger: Searching in: 'C:\Users\Jaroslav\source\repos\STIN\XUnitTestProject1\bin\Release\net48\fine-code-coverage\build-output'.
TpTrace Information: 0 : 22240, 3, 2022/05/05, 00:16:38.471, 1932562228621, testhost.net48.x86.exe, AssemblyResolver.OnResolve: Microsoft.VisualStudio.TestPlatform.Extensions.Trx.TestLogger: Assembly path does not exist: 'C:\Users\Jaroslav\source\repos\STIN\XUnitTestProject1\bin\Release\net48\fine-code-coverage\build-output\Microsoft.VisualStudio.TestPlatform.Extensions.Trx.TestLogger.dll', returning.
TpTrace Information: 0 : 22240, 3, 2022/05/05, 00:16:38.472, 1932562230269, testhost.net48.x86.exe, AssemblyResolver.OnResolve: Microsoft.VisualStudio.TestPlatform.Extensions.Trx.TestLogger: Assembly path does not exist: 'C:\Users\Jaroslav\source\repos\STIN\XUnitTestProject1\bin\Release\net48\fine-code-coverage\build-output\Microsoft.VisualStudio.TestPlatform.Extensions.Trx.TestLogger.exe', returning.
TpTrace Information: 0 : 22240, 3, 2022/05/05, 00:16:38.472, 1932562231098, testhost.net48.x86.exe, AssemblyResolver.OnResolve: Microsoft.VisualStudio.TestPlatform.Extensions.Trx.TestLogger: Searching in: 'C:\Program Files\dotnet\sdk\5.0.407\TestHost'.
TpTrace Information: 0 : 22240, 3, 2022/05/05, 00:16:38.472, 1932562232295, testhost.net48.x86.exe, AssemblyResolver.OnResolve: Microsoft.VisualStudio.TestPlatform.Extensions.Trx.TestLogger: Assembly path does not exist: 'C:\Program Files\dotnet\sdk\5.0.407\TestHost\Microsoft.VisualStudio.TestPlatform.Extensions.Trx.TestLogger.dll', returning.
TpTrace Information: 0 : 22240, 3, 2022/05/05, 00:16:38.472, 1932562233526, testhost.net48.x86.exe, AssemblyResolver.OnResolve: Microsoft.VisualStudio.TestPlatform.Extensions.Trx.TestLogger: Assembly path does not exist: 'C:\Program Files\dotnet\sdk\5.0.407\TestHost\Microsoft.VisualStudio.TestPlatform.Extensions.Trx.TestLogger.exe', returning.
TpTrace Information: 0 : 22240, 3, 2022/05/05, 00:16:38.472, 1932562234743, testhost.net48.x86.exe, AssemblyResolver.OnResolve: Microsoft.VisualStudio.TestPlatform.Extensions.Trx.TestLogger: Failed to load assembly.
TpTrace Verbose: 0 : 22240, 3, 2022/05/05, 00:16:38.472, 1932562236489, testhost.net48.x86.exe, CurrentDomainAssemblyResolve: Resolving assembly 'Microsoft.VisualStudio.TestPlatform.Extensions.Trx.TestLogger'.
TpTrace Information: 0 : 22240, 3, 2022/05/05, 00:16:38.472, 1932562238790, testhost.net48.x86.exe, AssemblyResolver.OnResolve: Microsoft.VisualStudio.TestPlatform.Extensions.Trx.TestLogger: Resolving assembly.
TpTrace Information: 0 : 22240, 3, 2022/05/05, 00:16:38.472, 1932562239577, testhost.net48.x86.exe, AssemblyResolver.OnResolve: Microsoft.VisualStudio.TestPlatform.Extensions.Trx.TestLogger: Resolved from cache.
TpTrace Verbose: 0 : 22240, 3, 2022/05/05, 00:16:38.473, 1932562240444, testhost.net48.x86.exe, CurrentDomainAssemblyResolve: Resolving assembly 'Microsoft.VisualStudio.TestPlatform.Extensions.Trx.TestLogger'.
TpTrace Verbose: 0 : 22240, 3, 2022/05/05, 00:16:38.473, 1932562241137, testhost.net48.x86.exe, CurrentDomainAssemblyResolve: Failed to resolve assembly 'Microsoft.VisualStudio.TestPlatform.Extensions.Trx.TestLogger'.
TpTrace Verbose: 0 : 22240, 3, 2022/05/05, 00:16:38.473, 1932562242720, testhost.net48.x86.exe, CurrentDomainAssemblyResolve: Failed to resolve assembly 'Microsoft.VisualStudio.TestPlatform.Extensions.Trx.TestLogger'.
TpTrace Warning: 0 : 22240, 3, 2022/05/05, 00:16:38.476, 1932562278489, testhost.net48.x86.exe, TestPluginDiscoverer: Failed to load extensions from file 'C:\Program Files\dotnet\sdk\5.0.407\Extensions\Microsoft.VisualStudio.TestPlatform.Extensions.Trx.TestLogger.dll'.  Skipping test extension scan for this file.  Error: System.IO.FileNotFoundException: Nelze načíst soubor nebo sestavení Microsoft.VisualStudio.TestPlatform.Extensions.Trx.TestLogger nebo jeden z jejich závislých prvků. Systém nemůže nalézt uvedený soubor.
File name: 'Microsoft.VisualStudio.TestPlatform.Extensions.Trx.TestLogger' ---> System.IO.FileNotFoundException: Nelze načíst soubor nebo sestavení Microsoft.VisualStudio.TestPlatform.Extensions.Trx.TestLogger nebo jeden z jejich závislých prvků. Systém nemůže nalézt uvedený soubor.
File name: 'Microsoft.VisualStudio.TestPlatform.Extensions.Trx.TestLogger'
   at System.Reflection.RuntimeAssembly._nLoad(AssemblyName fileName, String codeBase, Evidence assemblySecurity, RuntimeAssembly locationHint, StackCrawlMark& stackMark, IntPtr pPrivHostBinder, Boolean throwOnFileNotFound, Boolean forIntrospection, Boolean suppressSecurityChecks)
   at System.Reflection.RuntimeAssembly.nLoad(AssemblyName fileName, String codeBase, Evidence assemblySecurity, RuntimeAssembly locationHint, StackCrawlMark& stackMark, IntPtr pPrivHostBinder, Boolean throwOnFileNotFound, Boolean forIntrospection, Boolean suppressSecurityChecks)
   at System.Reflection.RuntimeAssembly.InternalLoadAssemblyName(AssemblyName assemblyRef, Evidence assemblySecurity, RuntimeAssembly reqAssembly, StackCrawlMark& stackMark, IntPtr pPrivHostBinder, Boolean throwOnFileNotFound, Boolean forIntrospection, Boolean suppressSecurityChecks)
   at System.Reflection.Assembly.Load(AssemblyName assemblyRef)
   at Microsoft.VisualStudio.TestPlatform.Common.ExtensionFramework.TestPluginCache.CurrentDomainAssemblyResolve(Object sender, AssemblyResolveEventArgs args)
   at Microsoft.VisualStudio.TestPlatform.PlatformAbstractions.PlatformAssemblyResolver.AssemblyResolverEvent(Object sender, Object eventArgs)
   at System.AppDomain.OnAssemblyResolveEvent(RuntimeAssembly assembly, String assemblyFullName)

WRN: Protokolování vazeb sestavení je VYPNUTO.
Chcete-li povolit protokolování chyb vazeb sestavení, nastavte hodnotu registru [HKLM\Software\Microsoft\Fusion!EnableLog] (DWORD) na hodnotu 1.
Poznámka: Protokolování chyb vazeb sestavení ovlivňuje výkon systému.
Chcete-li tuto funkci vypnout, odeberte z registru hodnotu [HKLM\Software\Microsoft\Fusion!EnableLog].

   at System.Reflection.RuntimeAssembly._nLoad(AssemblyName fileName, String codeBase, Evidence assemblySecurity, RuntimeAssembly locationHint, StackCrawlMark& stackMark, IntPtr pPrivHostBinder, Boolean throwOnFileNotFound, Boolean forIntrospection, Boolean suppressSecurityChecks)
   at System.Reflection.RuntimeAssembly.nLoad(AssemblyName fileName, String codeBase, Evidence assemblySecurity, RuntimeAssembly locationHint, StackCrawlMark& stackMark, IntPtr pPrivHostBinder, Boolean throwOnFileNotFound, Boolean forIntrospection, Boolean suppressSecurityChecks)
   at System.Reflection.RuntimeAssembly.InternalLoadAssemblyName(AssemblyName assemblyRef, Evidence assemblySecurity, RuntimeAssembly reqAssembly, StackCrawlMark& stackMark, IntPtr pPrivHostBinder, Boolean throwOnFileNotFound, Boolean forIntrospection, Boolean suppressSecurityChecks)
   at System.Reflection.Assembly.Load(AssemblyName assemblyRef)
   at Microsoft.VisualStudio.TestPlatform.Common.ExtensionFramework.TestPluginDiscoverer.GetTestExtensionsFromFiles[TPluginInfo,TExtension](String[] files, Dictionary`2 pluginInfos)


TpTrace Information: 0 : 22240, 3, 2022/05/05, 00:16:38.477, 1932562288123, testhost.net48.x86.exe, AssemblyResolver.OnResolve: xunit.runner.visualstudio.testadapter: Resolving assembly.
TpTrace Information: 0 : 22240, 3, 2022/05/05, 00:16:38.478, 1932562291318, testhost.net48.x86.exe, AssemblyResolver.OnResolve: xunit.runner.visualstudio.testadapter: Searching in: 'C:\Program Files\dotnet\sdk\5.0.407\Extensions'.
TpTrace Information: 0 : 22240, 3, 2022/05/05, 00:16:38.478, 1932562293207, testhost.net48.x86.exe, AssemblyResolver.OnResolve: xunit.runner.visualstudio.testadapter: Assembly path does not exist: 'C:\Program Files\dotnet\sdk\5.0.407\Extensions\xunit.runner.visualstudio.testadapter.dll', returning.
TpTrace Information: 0 : 22240, 3, 2022/05/05, 00:16:38.478, 1932562295212, testhost.net48.x86.exe, AssemblyResolver.OnResolve: xunit.runner.visualstudio.testadapter: Assembly path does not exist: 'C:\Program Files\dotnet\sdk\5.0.407\Extensions\xunit.runner.visualstudio.testadapter.exe', returning.
TpTrace Information: 0 : 22240, 3, 2022/05/05, 00:16:38.478, 1932562296460, testhost.net48.x86.exe, AssemblyResolver.OnResolve: xunit.runner.visualstudio.testadapter: Searching in: 'C:\Users\Jaroslav\source\repos\STIN\XUnitTestProject1\bin\Release\net48\fine-code-coverage\build-output'.
TpTrace Information: 0 : 22240, 3, 2022/05/05, 00:16:38.479, 1932562303843, testhost.net48.x86.exe, AssemblyResolver.OnResolve: xunit.runner.visualstudio.testadapter: Loading assembly 'C:\Users\Jaroslav\source\repos\STIN\XUnitTestProject1\bin\Release\net48\fine-code-coverage\build-output\xunit.runner.visualstudio.testadapter.dll'.
TpTrace Information: 0 : 22240, 3, 2022/05/05, 00:16:38.484, 1932562352218, testhost.net48.x86.exe, AssemblyResolver.OnResolve: Resolved assembly: xunit.runner.visualstudio.testadapter, from path: C:\Users\Jaroslav\source\repos\STIN\XUnitTestProject1\bin\Release\net48\fine-code-coverage\build-output\xunit.runner.visualstudio.testadapter.dll
TpTrace Verbose: 0 : 22240, 3, 2022/05/05, 00:16:38.499, 1932562502201, testhost.net48.x86.exe, TestPluginCache: Discovered the extensions using extension path ''.
TpTrace Verbose: 0 : 22240, 3, 2022/05/05, 00:16:38.500, 1932562516561, testhost.net48.x86.exe, TestPluginCache: Discoverers are ''.
TpTrace Verbose: 0 : 22240, 3, 2022/05/05, 00:16:38.500, 1932562517921, testhost.net48.x86.exe, TestPluginCache: Executors are 'executor://xunit/VsTestRunner2/net'.
TpTrace Verbose: 0 : 22240, 3, 2022/05/05, 00:16:38.500, 1932562518663, testhost.net48.x86.exe, TestPluginCache: Executors2 are ''.
TpTrace Verbose: 0 : 22240, 3, 2022/05/05, 00:16:38.501, 1932562519631, testhost.net48.x86.exe, TestPluginCache: Setting providers are ''.
TpTrace Verbose: 0 : 22240, 3, 2022/05/05, 00:16:38.501, 1932562520315, testhost.net48.x86.exe, TestPluginCache: Loggers are ''.
TpTrace Verbose: 0 : 22240, 3, 2022/05/05, 00:16:38.504, 1932562558857, testhost.net48.x86.exe, TestPluginCache.DiscoverTestExtensions: finding test extensions in assemblies ends with: TestAdapter.dll TPluginInfo: Microsoft.VisualStudio.TestPlatform.Common.ExtensionFramework.Utilities.TestExecutorPluginInformation2 TExtension: Microsoft.VisualStudio.TestPlatform.ObjectModel.Adapter.ITestExecutor2
TpTrace Verbose: 0 : 22240, 3, 2022/05/05, 00:16:38.505, 1932562562468, testhost.net48.x86.exe, TestPluginCache.GetExtensionPaths: Filtered extension paths: 
TpTrace Verbose: 0 : 22240, 3, 2022/05/05, 00:16:38.505, 1932562563489, testhost.net48.x86.exe, TestPluginCache.GetExtensionPaths: Added default extension paths: C:\Program Files\dotnet\sdk\5.0.407\Extensions\Microsoft.Diagnostics.NETCore.Client.dll
C:\Program Files\dotnet\sdk\5.0.407\Extensions\Microsoft.TestPlatform.Extensions.BlameDataCollector.dll
C:\Program Files\dotnet\sdk\5.0.407\Extensions\Microsoft.TestPlatform.Extensions.EventLogCollector.dll
C:\Program Files\dotnet\sdk\5.0.407\Extensions\Microsoft.TestPlatform.TestHostRuntimeProvider.dll
C:\Program Files\dotnet\sdk\5.0.407\Extensions\Microsoft.VisualStudio.TestPlatform.Extensions.Html.TestLogger.dll
C:\Program Files\dotnet\sdk\5.0.407\Extensions\Microsoft.VisualStudio.TestPlatform.Extensions.Trx.TestLogger.dll
C:\Users\Jaroslav\source\repos\STIN\XUnitTestProject1\bin\Release\net48\fine-code-coverage\build-output\xunit.runner.visualstudio.testadapter.dll
TpTrace Verbose: 0 : 22240, 3, 2022/05/05, 00:16:38.505, 1932562564307, testhost.net48.x86.exe, TestPluginCache.GetExtensionPaths: Added unfilterableExtensionPaths: 
TpTrace Information: 0 : 22240, 3, 2022/05/05, 00:16:38.505, 1932562566232, testhost.net48.x86.exe, AssemblyResolver.AddSearchDirectories: Adding more searchDirectories C:\Program Files\dotnet\sdk\5.0.407\Extensions,C:\Users\Jaroslav\source\repos\STIN\XUnitTestProject1\bin\Release\net48\fine-code-coverage\build-output,C:\Program Files\dotnet\sdk\5.0.407\TestHost
TpTrace Verbose: 0 : 22240, 3, 2022/05/05, 00:16:38.505, 1932562567125, testhost.net48.x86.exe, TestPluginCache.DiscoverTestExtensions: Discovering the extensions using extension path.
TpTrace Verbose: 0 : 22240, 3, 2022/05/05, 00:16:38.505, 1932562567841, testhost.net48.x86.exe, TestPluginCache.GetExtensionPaths: Filtered extension paths: 
TpTrace Verbose: 0 : 22240, 3, 2022/05/05, 00:16:38.505, 1932562568557, testhost.net48.x86.exe, TestPluginCache.GetExtensionPaths: Added default extension paths: C:\Program Files\dotnet\sdk\5.0.407\Extensions\Microsoft.Diagnostics.NETCore.Client.dll
C:\Program Files\dotnet\sdk\5.0.407\Extensions\Microsoft.TestPlatform.Extensions.BlameDataCollector.dll
C:\Program Files\dotnet\sdk\5.0.407\Extensions\Microsoft.TestPlatform.Extensions.EventLogCollector.dll
C:\Program Files\dotnet\sdk\5.0.407\Extensions\Microsoft.TestPlatform.TestHostRuntimeProvider.dll
C:\Program Files\dotnet\sdk\5.0.407\Extensions\Microsoft.VisualStudio.TestPlatform.Extensions.Html.TestLogger.dll
C:\Program Files\dotnet\sdk\5.0.407\Extensions\Microsoft.VisualStudio.TestPlatform.Extensions.Trx.TestLogger.dll
C:\Users\Jaroslav\source\repos\STIN\XUnitTestProject1\bin\Release\net48\fine-code-coverage\build-output\xunit.runner.visualstudio.testadapter.dll
TpTrace Verbose: 0 : 22240, 3, 2022/05/05, 00:16:38.506, 1932562569412, testhost.net48.x86.exe, TestPluginCache.GetExtensionPaths: Added unfilterableExtensionPaths: 
TpTrace Verbose: 0 : 22240, 3, 2022/05/05, 00:16:38.506, 1932562570184, testhost.net48.x86.exe, TestPluginCache.DiscoverTestExtensions: Discovering the extensions using allExtensionPaths: C:\Program Files\dotnet\sdk\5.0.407\Extensions\Microsoft.Diagnostics.NETCore.Client.dll
C:\Program Files\dotnet\sdk\5.0.407\Extensions\Microsoft.TestPlatform.Extensions.BlameDataCollector.dll
C:\Program Files\dotnet\sdk\5.0.407\Extensions\Microsoft.TestPlatform.Extensions.EventLogCollector.dll
C:\Program Files\dotnet\sdk\5.0.407\Extensions\Microsoft.TestPlatform.TestHostRuntimeProvider.dll
C:\Program Files\dotnet\sdk\5.0.407\Extensions\Microsoft.VisualStudio.TestPlatform.Extensions.Html.TestLogger.dll
C:\Program Files\dotnet\sdk\5.0.407\Extensions\Microsoft.VisualStudio.TestPlatform.Extensions.Trx.TestLogger.dll
C:\Users\Jaroslav\source\repos\STIN\XUnitTestProject1\bin\Release\net48\fine-code-coverage\build-output\xunit.runner.visualstudio.testadapter.dll
TpTrace Information: 0 : 22240, 3, 2022/05/05, 00:16:38.506, 1932562571280, testhost.net48.x86.exe, AssemblyResolver.AddSearchDirectories: Adding more searchDirectories C:\Program Files\dotnet\sdk\5.0.407\Extensions,C:\Program Files\dotnet\sdk\5.0.407\TestHost
TpTrace Information: 0 : 22240, 3, 2022/05/05, 00:16:38.506, 1932562572191, testhost.net48.x86.exe, AssemblyResolver.AddSearchDirectories: Adding more searchDirectories C:\Program Files\dotnet\sdk\5.0.407\Extensions,C:\Program Files\dotnet\sdk\5.0.407\TestHost
TpTrace Information: 0 : 22240, 3, 2022/05/05, 00:16:38.506, 1932562573021, testhost.net48.x86.exe, AssemblyResolver.AddSearchDirectories: Adding more searchDirectories C:\Program Files\dotnet\sdk\5.0.407\Extensions,C:\Program Files\dotnet\sdk\5.0.407\TestHost
TpTrace Information: 0 : 22240, 3, 2022/05/05, 00:16:38.506, 1932562573850, testhost.net48.x86.exe, AssemblyResolver.AddSearchDirectories: Adding more searchDirectories C:\Program Files\dotnet\sdk\5.0.407\Extensions,C:\Program Files\dotnet\sdk\5.0.407\TestHost
TpTrace Information: 0 : 22240, 3, 2022/05/05, 00:16:38.506, 1932562574670, testhost.net48.x86.exe, AssemblyResolver.AddSearchDirectories: Adding more searchDirectories C:\Program Files\dotnet\sdk\5.0.407\Extensions,C:\Program Files\dotnet\sdk\5.0.407\TestHost
TpTrace Information: 0 : 22240, 3, 2022/05/05, 00:16:38.506, 1932562575492, testhost.net48.x86.exe, AssemblyResolver.AddSearchDirectories: Adding more searchDirectories C:\Program Files\dotnet\sdk\5.0.407\Extensions,C:\Program Files\dotnet\sdk\5.0.407\TestHost
TpTrace Information: 0 : 22240, 3, 2022/05/05, 00:16:38.506, 1932562576314, testhost.net48.x86.exe, AssemblyResolver.AddSearchDirectories: Adding more searchDirectories C:\Users\Jaroslav\source\repos\STIN\XUnitTestProject1\bin\Release\net48\fine-code-coverage\build-output,C:\Program Files\dotnet\sdk\5.0.407\TestHost
TpTrace Warning: 0 : 22240, 3, 2022/05/05, 00:16:38.507, 1932562579592, testhost.net48.x86.exe, TestPluginDiscoverer: Failed to load extensions from file 'C:\Program Files\dotnet\sdk\5.0.407\Extensions\Microsoft.Diagnostics.NETCore.Client.dll'.  Skipping test extension scan for this file.  Error: System.IO.FileNotFoundException: Nelze načíst soubor nebo sestavení Microsoft.Diagnostics.NETCore.Client nebo jeden z jejich závislých prvků. Systém nemůže nalézt uvedený soubor.
File name: 'Microsoft.Diagnostics.NETCore.Client'
   at System.Reflection.RuntimeAssembly._nLoad(AssemblyName fileName, String codeBase, Evidence assemblySecurity, RuntimeAssembly locationHint, StackCrawlMark& stackMark, IntPtr pPrivHostBinder, Boolean throwOnFileNotFound, Boolean forIntrospection, Boolean suppressSecurityChecks)
   at System.Reflection.RuntimeAssembly.nLoad(AssemblyName fileName, String codeBase, Evidence assemblySecurity, RuntimeAssembly locationHint, StackCrawlMark& stackMark, IntPtr pPrivHostBinder, Boolean throwOnFileNotFound, Boolean forIntrospection, Boolean suppressSecurityChecks)
   at System.Reflection.RuntimeAssembly.InternalLoadAssemblyName(AssemblyName assemblyRef, Evidence assemblySecurity, RuntimeAssembly reqAssembly, StackCrawlMark& stackMark, IntPtr pPrivHostBinder, Boolean throwOnFileNotFound, Boolean forIntrospection, Boolean suppressSecurityChecks)
   at System.Reflection.Assembly.Load(AssemblyName assemblyRef)
   at Microsoft.VisualStudio.TestPlatform.Common.ExtensionFramework.TestPluginDiscoverer.GetTestExtensionsFromFiles[TPluginInfo,TExtension](String[] files, Dictionary`2 pluginInfos)

WRN: Protokolování vazeb sestavení je VYPNUTO.
Chcete-li povolit protokolování chyb vazeb sestavení, nastavte hodnotu registru [HKLM\Software\Microsoft\Fusion!EnableLog] (DWORD) na hodnotu 1.
Poznámka: Protokolování chyb vazeb sestavení ovlivňuje výkon systému.
Chcete-li tuto funkci vypnout, odeberte z registru hodnotu [HKLM\Software\Microsoft\Fusion!EnableLog].

TpTrace Warning: 0 : 22240, 3, 2022/05/05, 00:16:38.507, 1932562582554, testhost.net48.x86.exe, TestPluginDiscoverer: Failed to load extensions from file 'C:\Program Files\dotnet\sdk\5.0.407\Extensions\Microsoft.TestPlatform.Extensions.BlameDataCollector.dll'.  Skipping test extension scan for this file.  Error: System.IO.FileNotFoundException: Nelze načíst soubor nebo sestavení Microsoft.TestPlatform.Extensions.BlameDataCollector nebo jeden z jejich závislých prvků. Systém nemůže nalézt uvedený soubor.
File name: 'Microsoft.TestPlatform.Extensions.BlameDataCollector'
   at System.Reflection.RuntimeAssembly._nLoad(AssemblyName fileName, String codeBase, Evidence assemblySecurity, RuntimeAssembly locationHint, StackCrawlMark& stackMark, IntPtr pPrivHostBinder, Boolean throwOnFileNotFound, Boolean forIntrospection, Boolean suppressSecurityChecks)
   at System.Reflection.RuntimeAssembly.nLoad(AssemblyName fileName, String codeBase, Evidence assemblySecurity, RuntimeAssembly locationHint, StackCrawlMark& stackMark, IntPtr pPrivHostBinder, Boolean throwOnFileNotFound, Boolean forIntrospection, Boolean suppressSecurityChecks)
   at System.Reflection.RuntimeAssembly.InternalLoadAssemblyName(AssemblyName assemblyRef, Evidence assemblySecurity, RuntimeAssembly reqAssembly, StackCrawlMark& stackMark, IntPtr pPrivHostBinder, Boolean throwOnFileNotFound, Boolean forIntrospection, Boolean suppressSecurityChecks)
   at System.Reflection.Assembly.Load(AssemblyName assemblyRef)
   at Microsoft.VisualStudio.TestPlatform.Common.ExtensionFramework.TestPluginDiscoverer.GetTestExtensionsFromFiles[TPluginInfo,TExtension](String[] files, Dictionary`2 pluginInfos)

WRN: Protokolování vazeb sestavení je VYPNUTO.
Chcete-li povolit protokolování chyb vazeb sestavení, nastavte hodnotu registru [HKLM\Software\Microsoft\Fusion!EnableLog] (DWORD) na hodnotu 1.
Poznámka: Protokolování chyb vazeb sestavení ovlivňuje výkon systému.
Chcete-li tuto funkci vypnout, odeberte z registru hodnotu [HKLM\Software\Microsoft\Fusion!EnableLog].

TpTrace Warning: 0 : 22240, 3, 2022/05/05, 00:16:38.507, 1932562586402, testhost.net48.x86.exe, TestPluginDiscoverer: Failed to load extensions from file 'C:\Program Files\dotnet\sdk\5.0.407\Extensions\Microsoft.TestPlatform.TestHostRuntimeProvider.dll'.  Skipping test extension scan for this file.  Error: System.IO.FileNotFoundException: Nelze načíst soubor nebo sestavení Microsoft.TestPlatform.TestHostRuntimeProvider nebo jeden z jejich závislých prvků. Systém nemůže nalézt uvedený soubor.
File name: 'Microsoft.TestPlatform.TestHostRuntimeProvider'
   at System.Reflection.RuntimeAssembly._nLoad(AssemblyName fileName, String codeBase, Evidence assemblySecurity, RuntimeAssembly locationHint, StackCrawlMark& stackMark, IntPtr pPrivHostBinder, Boolean throwOnFileNotFound, Boolean forIntrospection, Boolean suppressSecurityChecks)
   at System.Reflection.RuntimeAssembly.nLoad(AssemblyName fileName, String codeBase, Evidence assemblySecurity, RuntimeAssembly locationHint, StackCrawlMark& stackMark, IntPtr pPrivHostBinder, Boolean throwOnFileNotFound, Boolean forIntrospection, Boolean suppressSecurityChecks)
   at System.Reflection.RuntimeAssembly.InternalLoadAssemblyName(AssemblyName assemblyRef, Evidence assemblySecurity, RuntimeAssembly reqAssembly, StackCrawlMark& stackMark, IntPtr pPrivHostBinder, Boolean throwOnFileNotFound, Boolean forIntrospection, Boolean suppressSecurityChecks)
   at System.Reflection.Assembly.Load(AssemblyName assemblyRef)
   at Microsoft.VisualStudio.TestPlatform.Common.ExtensionFramework.TestPluginDiscoverer.GetTestExtensionsFromFiles[TPluginInfo,TExtension](String[] files, Dictionary`2 pluginInfos)

WRN: Protokolování vazeb sestavení je VYPNUTO.
Chcete-li povolit protokolování chyb vazeb sestavení, nastavte hodnotu registru [HKLM\Software\Microsoft\Fusion!EnableLog] (DWORD) na hodnotu 1.
Poznámka: Protokolování chyb vazeb sestavení ovlivňuje výkon systému.
Chcete-li tuto funkci vypnout, odeberte z registru hodnotu [HKLM\Software\Microsoft\Fusion!EnableLog].

TpTrace Warning: 0 : 22240, 3, 2022/05/05, 00:16:38.508, 1932562590411, testhost.net48.x86.exe, TestPluginDiscoverer: Failed to load extensions from file 'C:\Program Files\dotnet\sdk\5.0.407\Extensions\Microsoft.VisualStudio.TestPlatform.Extensions.Html.TestLogger.dll'.  Skipping test extension scan for this file.  Error: System.IO.FileNotFoundException: Nelze načíst soubor nebo sestavení Microsoft.VisualStudio.TestPlatform.Extensions.Html.TestLogger nebo jeden z jejich závislých prvků. Systém nemůže nalézt uvedený soubor.
File name: 'Microsoft.VisualStudio.TestPlatform.Extensions.Html.TestLogger'
   at System.Reflection.RuntimeAssembly._nLoad(AssemblyName fileName, String codeBase, Evidence assemblySecurity, RuntimeAssembly locationHint, StackCrawlMark& stackMark, IntPtr pPrivHostBinder, Boolean throwOnFileNotFound, Boolean forIntrospection, Boolean suppressSecurityChecks)
   at System.Reflection.RuntimeAssembly.nLoad(AssemblyName fileName, String codeBase, Evidence assemblySecurity, RuntimeAssembly locationHint, StackCrawlMark& stackMark, IntPtr pPrivHostBinder, Boolean throwOnFileNotFound, Boolean forIntrospection, Boolean suppressSecurityChecks)
   at System.Reflection.RuntimeAssembly.InternalLoadAssemblyName(AssemblyName assemblyRef, Evidence assemblySecurity, RuntimeAssembly reqAssembly, StackCrawlMark& stackMark, IntPtr pPrivHostBinder, Boolean throwOnFileNotFound, Boolean forIntrospection, Boolean suppressSecurityChecks)
   at System.Reflection.Assembly.Load(AssemblyName assemblyRef)
   at Microsoft.VisualStudio.TestPlatform.Common.ExtensionFramework.TestPluginDiscoverer.GetTestExtensionsFromFiles[TPluginInfo,TExtension](String[] files, Dictionary`2 pluginInfos)

WRN: Protokolování vazeb sestavení je VYPNUTO.
Chcete-li povolit protokolování chyb vazeb sestavení, nastavte hodnotu registru [HKLM\Software\Microsoft\Fusion!EnableLog] (DWORD) na hodnotu 1.
Poznámka: Protokolování chyb vazeb sestavení ovlivňuje výkon systému.
Chcete-li tuto funkci vypnout, odeberte z registru hodnotu [HKLM\Software\Microsoft\Fusion!EnableLog].

TpTrace Warning: 0 : 22240, 3, 2022/05/05, 00:16:38.508, 1932562594568, testhost.net48.x86.exe, TestPluginDiscoverer: Failed to load extensions from file 'C:\Program Files\dotnet\sdk\5.0.407\Extensions\Microsoft.VisualStudio.TestPlatform.Extensions.Trx.TestLogger.dll'.  Skipping test extension scan for this file.  Error: System.IO.FileNotFoundException: Nelze načíst soubor nebo sestavení Microsoft.VisualStudio.TestPlatform.Extensions.Trx.TestLogger nebo jeden z jejich závislých prvků. Systém nemůže nalézt uvedený soubor.
File name: 'Microsoft.VisualStudio.TestPlatform.Extensions.Trx.TestLogger'
   at System.Reflection.RuntimeAssembly._nLoad(AssemblyName fileName, String codeBase, Evidence assemblySecurity, RuntimeAssembly locationHint, StackCrawlMark& stackMark, IntPtr pPrivHostBinder, Boolean throwOnFileNotFound, Boolean forIntrospection, Boolean suppressSecurityChecks)
   at System.Reflection.RuntimeAssembly.nLoad(AssemblyName fileName, String codeBase, Evidence assemblySecurity, RuntimeAssembly locationHint, StackCrawlMark& stackMark, IntPtr pPrivHostBinder, Boolean throwOnFileNotFound, Boolean forIntrospection, Boolean suppressSecurityChecks)
   at System.Reflection.RuntimeAssembly.InternalLoadAssemblyName(AssemblyName assemblyRef, Evidence assemblySecurity, RuntimeAssembly reqAssembly, StackCrawlMark& stackMark, IntPtr pPrivHostBinder, Boolean throwOnFileNotFound, Boolean forIntrospection, Boolean suppressSecurityChecks)
   at System.Reflection.Assembly.Load(AssemblyName assemblyRef)
   at Microsoft.VisualStudio.TestPlatform.Common.ExtensionFramework.TestPluginDiscoverer.GetTestExtensionsFromFiles[TPluginInfo,TExtension](String[] files, Dictionary`2 pluginInfos)

WRN: Protokolování vazeb sestavení je VYPNUTO.
Chcete-li povolit protokolování chyb vazeb sestavení, nastavte hodnotu registru [HKLM\Software\Microsoft\Fusion!EnableLog] (DWORD) na hodnotu 1.
Poznámka: Protokolování chyb vazeb sestavení ovlivňuje výkon systému.
Chcete-li tuto funkci vypnout, odeberte z registru hodnotu [HKLM\Software\Microsoft\Fusion!EnableLog].

TpTrace Verbose: 0 : 22240, 3, 2022/05/05, 00:16:38.509, 1932562604325, testhost.net48.x86.exe, TestPluginCache: Discovered the extensions using extension path ''.
TpTrace Verbose: 0 : 22240, 3, 2022/05/05, 00:16:38.509, 1932562607162, testhost.net48.x86.exe, TestPluginCache: Discoverers are ''.
TpTrace Verbose: 0 : 22240, 3, 2022/05/05, 00:16:38.509, 1932562608140, testhost.net48.x86.exe, TestPluginCache: Executors are 'executor://xunit/VsTestRunner2/net'.
TpTrace Verbose: 0 : 22240, 3, 2022/05/05, 00:16:38.509, 1932562608985, testhost.net48.x86.exe, TestPluginCache: Executors2 are ''.
TpTrace Verbose: 0 : 22240, 3, 2022/05/05, 00:16:38.510, 1932562609836, testhost.net48.x86.exe, TestPluginCache: Setting providers are ''.
TpTrace Verbose: 0 : 22240, 3, 2022/05/05, 00:16:38.510, 1932562610746, testhost.net48.x86.exe, TestPluginCache: Loggers are ''.
TpTrace Information: 0 : 22240, 3, 2022/05/05, 00:16:38.523, 1932562740209, testhost.net48.x86.exe, AssemblyResolver.OnResolve: xunit.runner.visualstudio.testadapter, Version=2.4.0.0, Culture=neutral, PublicKeyToken=8d05b1bb7a6fdb6c: Resolving assembly.
TpTrace Information: 0 : 22240, 3, 2022/05/05, 00:16:38.523, 1932562741922, testhost.net48.x86.exe, AssemblyResolver.OnResolve: xunit.runner.visualstudio.testadapter, Version=2.4.0.0, Culture=neutral, PublicKeyToken=8d05b1bb7a6fdb6c: Searching in: 'C:\Program Files\dotnet\sdk\5.0.407\Extensions'.
TpTrace Information: 0 : 22240, 3, 2022/05/05, 00:16:38.523, 1932562743450, testhost.net48.x86.exe, AssemblyResolver.OnResolve: xunit.runner.visualstudio.testadapter, Version=2.4.0.0, Culture=neutral, PublicKeyToken=8d05b1bb7a6fdb6c: Assembly path does not exist: 'C:\Program Files\dotnet\sdk\5.0.407\Extensions\xunit.runner.visualstudio.testadapter.dll', returning.
TpTrace Information: 0 : 22240, 3, 2022/05/05, 00:16:38.523, 1932562744689, testhost.net48.x86.exe, AssemblyResolver.OnResolve: xunit.runner.visualstudio.testadapter, Version=2.4.0.0, Culture=neutral, PublicKeyToken=8d05b1bb7a6fdb6c: Assembly path does not exist: 'C:\Program Files\dotnet\sdk\5.0.407\Extensions\xunit.runner.visualstudio.testadapter.exe', returning.
TpTrace Information: 0 : 22240, 3, 2022/05/05, 00:16:38.523, 1932562745458, testhost.net48.x86.exe, AssemblyResolver.OnResolve: xunit.runner.visualstudio.testadapter, Version=2.4.0.0, Culture=neutral, PublicKeyToken=8d05b1bb7a6fdb6c: Searching in: 'C:\Users\Jaroslav\source\repos\STIN\XUnitTestProject1\bin\Release\net48\fine-code-coverage\build-output'.
TpTrace Information: 0 : 22240, 3, 2022/05/05, 00:16:38.524, 1932562754445, testhost.net48.x86.exe, AssemblyResolver.OnResolve: xunit.runner.visualstudio.testadapter, Version=2.4.0.0, Culture=neutral, PublicKeyToken=8d05b1bb7a6fdb6c: Loading assembly 'C:\Users\Jaroslav\source\repos\STIN\XUnitTestProject1\bin\Release\net48\fine-code-coverage\build-output\xunit.runner.visualstudio.testadapter.dll'.
TpTrace Information: 0 : 22240, 3, 2022/05/05, 00:16:38.525, 1932562760278, testhost.net48.x86.exe, AssemblyResolver.OnResolve: Resolved assembly: xunit.runner.visualstudio.testadapter, Version=2.4.0.0, Culture=neutral, PublicKeyToken=8d05b1bb7a6fdb6c, from path: C:\Users\Jaroslav\source\repos\STIN\XUnitTestProject1\bin\Release\net48\fine-code-coverage\build-output\xunit.runner.visualstudio.testadapter.dll
TpTrace Information: 0 : 22240, 3, 2022/05/05, 00:16:38.526, 1932562774283, testhost.net48.x86.exe, TestPluginManager.CreateTestExtension: Attempting to load test extension: Xunit.Runner.VisualStudio.VsTestRunner
TpTrace Verbose: 0 : 22240, 3, 2022/05/05, 00:16:38.526, 1932562777507, testhost.net48.x86.exe, TestExecutorExtensionManager: Loading executor Xunit.Runner.VisualStudio.VsTestRunner
TpTrace Verbose: 0 : 22240, 3, 2022/05/05, 00:16:38.526, 1932562778524, testhost.net48.x86.exe, TestExecutorService: Loaded the executors
TpTrace Verbose: 0 : 22240, 3, 2022/05/05, 00:16:38.528, 1932562790807, testhost.net48.x86.exe, TestPluginCache.DiscoverTestExtensions: finding test extensions in assemblies ends with: TestAdapter.dll TPluginInfo: Microsoft.VisualStudio.TestPlatform.Common.ExtensionFramework.Utilities.TestSettingsProviderPluginInformation TExtension: Microsoft.VisualStudio.TestPlatform.ObjectModel.Adapter.ISettingsProvider
TpTrace Verbose: 0 : 22240, 3, 2022/05/05, 00:16:38.528, 1932562792072, testhost.net48.x86.exe, TestPluginCache.GetExtensionPaths: Filtered extension paths: 
TpTrace Verbose: 0 : 22240, 3, 2022/05/05, 00:16:38.528, 1932562792931, testhost.net48.x86.exe, TestPluginCache.GetExtensionPaths: Added default extension paths: C:\Program Files\dotnet\sdk\5.0.407\Extensions\Microsoft.Diagnostics.NETCore.Client.dll
C:\Program Files\dotnet\sdk\5.0.407\Extensions\Microsoft.TestPlatform.Extensions.BlameDataCollector.dll
C:\Program Files\dotnet\sdk\5.0.407\Extensions\Microsoft.TestPlatform.Extensions.EventLogCollector.dll
C:\Program Files\dotnet\sdk\5.0.407\Extensions\Microsoft.TestPlatform.TestHostRuntimeProvider.dll
C:\Program Files\dotnet\sdk\5.0.407\Extensions\Microsoft.VisualStudio.TestPlatform.Extensions.Html.TestLogger.dll
C:\Program Files\dotnet\sdk\5.0.407\Extensions\Microsoft.VisualStudio.TestPlatform.Extensions.Trx.TestLogger.dll
C:\Users\Jaroslav\source\repos\STIN\XUnitTestProject1\bin\Release\net48\fine-code-coverage\build-output\xunit.runner.visualstudio.testadapter.dll
TpTrace Verbose: 0 : 22240, 3, 2022/05/05, 00:16:38.528, 1932562793722, testhost.net48.x86.exe, TestPluginCache.GetExtensionPaths: Added unfilterableExtensionPaths: 
TpTrace Information: 0 : 22240, 3, 2022/05/05, 00:16:38.528, 1932562795965, testhost.net48.x86.exe, AssemblyResolver.AddSearchDirectories: Adding more searchDirectories C:\Program Files\dotnet\sdk\5.0.407\Extensions,C:\Users\Jaroslav\source\repos\STIN\XUnitTestProject1\bin\Release\net48\fine-code-coverage\build-output,C:\Program Files\dotnet\sdk\5.0.407\TestHost
TpTrace Verbose: 0 : 22240, 3, 2022/05/05, 00:16:38.528, 1932562796834, testhost.net48.x86.exe, TestPluginCache.DiscoverTestExtensions: Discovering the extensions using extension path.
TpTrace Verbose: 0 : 22240, 3, 2022/05/05, 00:16:38.528, 1932562797556, testhost.net48.x86.exe, TestPluginCache.GetExtensionPaths: Filtered extension paths: 
TpTrace Verbose: 0 : 22240, 3, 2022/05/05, 00:16:38.528, 1932562798266, testhost.net48.x86.exe, TestPluginCache.GetExtensionPaths: Added default extension paths: C:\Program Files\dotnet\sdk\5.0.407\Extensions\Microsoft.Diagnostics.NETCore.Client.dll
C:\Program Files\dotnet\sdk\5.0.407\Extensions\Microsoft.TestPlatform.Extensions.BlameDataCollector.dll
C:\Program Files\dotnet\sdk\5.0.407\Extensions\Microsoft.TestPlatform.Extensions.EventLogCollector.dll
C:\Program Files\dotnet\sdk\5.0.407\Extensions\Microsoft.TestPlatform.TestHostRuntimeProvider.dll
C:\Program Files\dotnet\sdk\5.0.407\Extensions\Microsoft.VisualStudio.TestPlatform.Extensions.Html.TestLogger.dll
C:\Program Files\dotnet\sdk\5.0.407\Extensions\Microsoft.VisualStudio.TestPlatform.Extensions.Trx.TestLogger.dll
C:\Users\Jaroslav\source\repos\STIN\XUnitTestProject1\bin\Release\net48\fine-code-coverage\build-output\xunit.runner.visualstudio.testadapter.dll
TpTrace Verbose: 0 : 22240, 3, 2022/05/05, 00:16:38.528, 1932562799025, testhost.net48.x86.exe, TestPluginCache.GetExtensionPaths: Added unfilterableExtensionPaths: 
TpTrace Verbose: 0 : 22240, 3, 2022/05/05, 00:16:38.529, 1932562799890, testhost.net48.x86.exe, TestPluginCache.DiscoverTestExtensions: Discovering the extensions using allExtensionPaths: C:\Program Files\dotnet\sdk\5.0.407\Extensions\Microsoft.Diagnostics.NETCore.Client.dll
C:\Program Files\dotnet\sdk\5.0.407\Extensions\Microsoft.TestPlatform.Extensions.BlameDataCollector.dll
C:\Program Files\dotnet\sdk\5.0.407\Extensions\Microsoft.TestPlatform.Extensions.EventLogCollector.dll
C:\Program Files\dotnet\sdk\5.0.407\Extensions\Microsoft.TestPlatform.TestHostRuntimeProvider.dll
C:\Program Files\dotnet\sdk\5.0.407\Extensions\Microsoft.VisualStudio.TestPlatform.Extensions.Html.TestLogger.dll
C:\Program Files\dotnet\sdk\5.0.407\Extensions\Microsoft.VisualStudio.TestPlatform.Extensions.Trx.TestLogger.dll
C:\Users\Jaroslav\source\repos\STIN\XUnitTestProject1\bin\Release\net48\fine-code-coverage\build-output\xunit.runner.visualstudio.testadapter.dll
TpTrace Information: 0 : 22240, 3, 2022/05/05, 00:16:38.529, 1932562800975, testhost.net48.x86.exe, AssemblyResolver.AddSearchDirectories: Adding more searchDirectories C:\Program Files\dotnet\sdk\5.0.407\Extensions,C:\Program Files\dotnet\sdk\5.0.407\TestHost
TpTrace Information: 0 : 22240, 3, 2022/05/05, 00:16:38.529, 1932562801888, testhost.net48.x86.exe, AssemblyResolver.AddSearchDirectories: Adding more searchDirectories C:\Program Files\dotnet\sdk\5.0.407\Extensions,C:\Program Files\dotnet\sdk\5.0.407\TestHost
TpTrace Information: 0 : 22240, 3, 2022/05/05, 00:16:38.529, 1932562802710, testhost.net48.x86.exe, AssemblyResolver.AddSearchDirectories: Adding more searchDirectories C:\Program Files\dotnet\sdk\5.0.407\Extensions,C:\Program Files\dotnet\sdk\5.0.407\TestHost
TpTrace Information: 0 : 22240, 3, 2022/05/05, 00:16:38.529, 1932562803532, testhost.net48.x86.exe, AssemblyResolver.AddSearchDirectories: Adding more searchDirectories C:\Program Files\dotnet\sdk\5.0.407\Extensions,C:\Program Files\dotnet\sdk\5.0.407\TestHost
TpTrace Information: 0 : 22240, 3, 2022/05/05, 00:16:38.529, 1932562804342, testhost.net48.x86.exe, AssemblyResolver.AddSearchDirectories: Adding more searchDirectories C:\Program Files\dotnet\sdk\5.0.407\Extensions,C:\Program Files\dotnet\sdk\5.0.407\TestHost
TpTrace Information: 0 : 22240, 3, 2022/05/05, 00:16:38.529, 1932562805160, testhost.net48.x86.exe, AssemblyResolver.AddSearchDirectories: Adding more searchDirectories C:\Program Files\dotnet\sdk\5.0.407\Extensions,C:\Program Files\dotnet\sdk\5.0.407\TestHost
TpTrace Information: 0 : 22240, 3, 2022/05/05, 00:16:38.529, 1932562805979, testhost.net48.x86.exe, AssemblyResolver.AddSearchDirectories: Adding more searchDirectories C:\Users\Jaroslav\source\repos\STIN\XUnitTestProject1\bin\Release\net48\fine-code-coverage\build-output,C:\Program Files\dotnet\sdk\5.0.407\TestHost
TpTrace Warning: 0 : 22240, 3, 2022/05/05, 00:16:38.529, 1932562808468, testhost.net48.x86.exe, TestPluginDiscoverer: Failed to load extensions from file 'C:\Program Files\dotnet\sdk\5.0.407\Extensions\Microsoft.Diagnostics.NETCore.Client.dll'.  Skipping test extension scan for this file.  Error: System.IO.FileNotFoundException: Nelze načíst soubor nebo sestavení Microsoft.Diagnostics.NETCore.Client nebo jeden z jejich závislých prvků. Systém nemůže nalézt uvedený soubor.
File name: 'Microsoft.Diagnostics.NETCore.Client'
   at System.Reflection.RuntimeAssembly._nLoad(AssemblyName fileName, String codeBase, Evidence assemblySecurity, RuntimeAssembly locationHint, StackCrawlMark& stackMark, IntPtr pPrivHostBinder, Boolean throwOnFileNotFound, Boolean forIntrospection, Boolean suppressSecurityChecks)
   at System.Reflection.RuntimeAssembly.nLoad(AssemblyName fileName, String codeBase, Evidence assemblySecurity, RuntimeAssembly locationHint, StackCrawlMark& stackMark, IntPtr pPrivHostBinder, Boolean throwOnFileNotFound, Boolean forIntrospection, Boolean suppressSecurityChecks)
   at System.Reflection.RuntimeAssembly.InternalLoadAssemblyName(AssemblyName assemblyRef, Evidence assemblySecurity, RuntimeAssembly reqAssembly, StackCrawlMark& stackMark, IntPtr pPrivHostBinder, Boolean throwOnFileNotFound, Boolean forIntrospection, Boolean suppressSecurityChecks)
   at System.Reflection.Assembly.Load(AssemblyName assemblyRef)
   at Microsoft.VisualStudio.TestPlatform.Common.ExtensionFramework.TestPluginDiscoverer.GetTestExtensionsFromFiles[TPluginInfo,TExtension](String[] files, Dictionary`2 pluginInfos)

WRN: Protokolování vazeb sestavení je VYPNUTO.
Chcete-li povolit protokolování chyb vazeb sestavení, nastavte hodnotu registru [HKLM\Software\Microsoft\Fusion!EnableLog] (DWORD) na hodnotu 1.
Poznámka: Protokolování chyb vazeb sestavení ovlivňuje výkon systému.
Chcete-li tuto funkci vypnout, odeberte z registru hodnotu [HKLM\Software\Microsoft\Fusion!EnableLog].

TpTrace Warning: 0 : 22240, 3, 2022/05/05, 00:16:38.530, 1932562810684, testhost.net48.x86.exe, TestPluginDiscoverer: Failed to load extensions from file 'C:\Program Files\dotnet\sdk\5.0.407\Extensions\Microsoft.TestPlatform.Extensions.BlameDataCollector.dll'.  Skipping test extension scan for this file.  Error: System.IO.FileNotFoundException: Nelze načíst soubor nebo sestavení Microsoft.TestPlatform.Extensions.BlameDataCollector nebo jeden z jejich závislých prvků. Systém nemůže nalézt uvedený soubor.
File name: 'Microsoft.TestPlatform.Extensions.BlameDataCollector'
   at System.Reflection.RuntimeAssembly._nLoad(AssemblyName fileName, String codeBase, Evidence assemblySecurity, RuntimeAssembly locationHint, StackCrawlMark& stackMark, IntPtr pPrivHostBinder, Boolean throwOnFileNotFound, Boolean forIntrospection, Boolean suppressSecurityChecks)
   at System.Reflection.RuntimeAssembly.nLoad(AssemblyName fileName, String codeBase, Evidence assemblySecurity, RuntimeAssembly locationHint, StackCrawlMark& stackMark, IntPtr pPrivHostBinder, Boolean throwOnFileNotFound, Boolean forIntrospection, Boolean suppressSecurityChecks)
   at System.Reflection.RuntimeAssembly.InternalLoadAssemblyName(AssemblyName assemblyRef, Evidence assemblySecurity, RuntimeAssembly reqAssembly, StackCrawlMark& stackMark, IntPtr pPrivHostBinder, Boolean throwOnFileNotFound, Boolean forIntrospection, Boolean suppressSecurityChecks)
   at System.Reflection.Assembly.Load(AssemblyName assemblyRef)
   at Microsoft.VisualStudio.TestPlatform.Common.ExtensionFramework.TestPluginDiscoverer.GetTestExtensionsFromFiles[TPluginInfo,TExtension](String[] files, Dictionary`2 pluginInfos)

WRN: Protokolování vazeb sestavení je VYPNUTO.
Chcete-li povolit protokolování chyb vazeb sestavení, nastavte hodnotu registru [HKLM\Software\Microsoft\Fusion!EnableLog] (DWORD) na hodnotu 1.
Poznámka: Protokolování chyb vazeb sestavení ovlivňuje výkon systému.
Chcete-li tuto funkci vypnout, odeberte z registru hodnotu [HKLM\Software\Microsoft\Fusion!EnableLog].

TpTrace Warning: 0 : 22240, 3, 2022/05/05, 00:16:38.530, 1932562813623, testhost.net48.x86.exe, TestPluginDiscoverer: Failed to load extensions from file 'C:\Program Files\dotnet\sdk\5.0.407\Extensions\Microsoft.TestPlatform.TestHostRuntimeProvider.dll'.  Skipping test extension scan for this file.  Error: System.IO.FileNotFoundException: Nelze načíst soubor nebo sestavení Microsoft.TestPlatform.TestHostRuntimeProvider nebo jeden z jejich závislých prvků. Systém nemůže nalézt uvedený soubor.
File name: 'Microsoft.TestPlatform.TestHostRuntimeProvider'
   at System.Reflection.RuntimeAssembly._nLoad(AssemblyName fileName, String codeBase, Evidence assemblySecurity, RuntimeAssembly locationHint, StackCrawlMark& stackMark, IntPtr pPrivHostBinder, Boolean throwOnFileNotFound, Boolean forIntrospection, Boolean suppressSecurityChecks)
   at System.Reflection.RuntimeAssembly.nLoad(AssemblyName fileName, String codeBase, Evidence assemblySecurity, RuntimeAssembly locationHint, StackCrawlMark& stackMark, IntPtr pPrivHostBinder, Boolean throwOnFileNotFound, Boolean forIntrospection, Boolean suppressSecurityChecks)
   at System.Reflection.RuntimeAssembly.InternalLoadAssemblyName(AssemblyName assemblyRef, Evidence assemblySecurity, RuntimeAssembly reqAssembly, StackCrawlMark& stackMark, IntPtr pPrivHostBinder, Boolean throwOnFileNotFound, Boolean forIntrospection, Boolean suppressSecurityChecks)
   at System.Reflection.Assembly.Load(AssemblyName assemblyRef)
   at Microsoft.VisualStudio.TestPlatform.Common.ExtensionFramework.TestPluginDiscoverer.GetTestExtensionsFromFiles[TPluginInfo,TExtension](String[] files, Dictionary`2 pluginInfos)

WRN: Protokolování vazeb sestavení je VYPNUTO.
Chcete-li povolit protokolování chyb vazeb sestavení, nastavte hodnotu registru [HKLM\Software\Microsoft\Fusion!EnableLog] (DWORD) na hodnotu 1.
Poznámka: Protokolování chyb vazeb sestavení ovlivňuje výkon systému.
Chcete-li tuto funkci vypnout, odeberte z registru hodnotu [HKLM\Software\Microsoft\Fusion!EnableLog].

TpTrace Warning: 0 : 22240, 3, 2022/05/05, 00:16:38.530, 1932562815700, testhost.net48.x86.exe, TestPluginDiscoverer: Failed to load extensions from file 'C:\Program Files\dotnet\sdk\5.0.407\Extensions\Microsoft.VisualStudio.TestPlatform.Extensions.Html.TestLogger.dll'.  Skipping test extension scan for this file.  Error: System.IO.FileNotFoundException: Nelze načíst soubor nebo sestavení Microsoft.VisualStudio.TestPlatform.Extensions.Html.TestLogger nebo jeden z jejich závislých prvků. Systém nemůže nalézt uvedený soubor.
File name: 'Microsoft.VisualStudio.TestPlatform.Extensions.Html.TestLogger'
   at System.Reflection.RuntimeAssembly._nLoad(AssemblyName fileName, String codeBase, Evidence assemblySecurity, RuntimeAssembly locationHint, StackCrawlMark& stackMark, IntPtr pPrivHostBinder, Boolean throwOnFileNotFound, Boolean forIntrospection, Boolean suppressSecurityChecks)
   at System.Reflection.RuntimeAssembly.nLoad(AssemblyName fileName, String codeBase, Evidence assemblySecurity, RuntimeAssembly locationHint, StackCrawlMark& stackMark, IntPtr pPrivHostBinder, Boolean throwOnFileNotFound, Boolean forIntrospection, Boolean suppressSecurityChecks)
   at System.Reflection.RuntimeAssembly.InternalLoadAssemblyName(AssemblyName assemblyRef, Evidence assemblySecurity, RuntimeAssembly reqAssembly, StackCrawlMark& stackMark, IntPtr pPrivHostBinder, Boolean throwOnFileNotFound, Boolean forIntrospection, Boolean suppressSecurityChecks)
   at System.Reflection.Assembly.Load(AssemblyName assemblyRef)
   at Microsoft.VisualStudio.TestPlatform.Common.ExtensionFramework.TestPluginDiscoverer.GetTestExtensionsFromFiles[TPluginInfo,TExtension](String[] files, Dictionary`2 pluginInfos)

WRN: Protokolování vazeb sestavení je VYPNUTO.
Chcete-li povolit protokolování chyb vazeb sestavení, nastavte hodnotu registru [HKLM\Software\Microsoft\Fusion!EnableLog] (DWORD) na hodnotu 1.
Poznámka: Protokolování chyb vazeb sestavení ovlivňuje výkon systému.
Chcete-li tuto funkci vypnout, odeberte z registru hodnotu [HKLM\Software\Microsoft\Fusion!EnableLog].

TpTrace Warning: 0 : 22240, 3, 2022/05/05, 00:16:38.530, 1932562817725, testhost.net48.x86.exe, TestPluginDiscoverer: Failed to load extensions from file 'C:\Program Files\dotnet\sdk\5.0.407\Extensions\Microsoft.VisualStudio.TestPlatform.Extensions.Trx.TestLogger.dll'.  Skipping test extension scan for this file.  Error: System.IO.FileNotFoundException: Nelze načíst soubor nebo sestavení Microsoft.VisualStudio.TestPlatform.Extensions.Trx.TestLogger nebo jeden z jejich závislých prvků. Systém nemůže nalézt uvedený soubor.
File name: 'Microsoft.VisualStudio.TestPlatform.Extensions.Trx.TestLogger'
   at System.Reflection.RuntimeAssembly._nLoad(AssemblyName fileName, String codeBase, Evidence assemblySecurity, RuntimeAssembly locationHint, StackCrawlMark& stackMark, IntPtr pPrivHostBinder, Boolean throwOnFileNotFound, Boolean forIntrospection, Boolean suppressSecurityChecks)
   at System.Reflection.RuntimeAssembly.nLoad(AssemblyName fileName, String codeBase, Evidence assemblySecurity, RuntimeAssembly locationHint, StackCrawlMark& stackMark, IntPtr pPrivHostBinder, Boolean throwOnFileNotFound, Boolean forIntrospection, Boolean suppressSecurityChecks)
   at System.Reflection.RuntimeAssembly.InternalLoadAssemblyName(AssemblyName assemblyRef, Evidence assemblySecurity, RuntimeAssembly reqAssembly, StackCrawlMark& stackMark, IntPtr pPrivHostBinder, Boolean throwOnFileNotFound, Boolean forIntrospection, Boolean suppressSecurityChecks)
   at System.Reflection.Assembly.Load(AssemblyName assemblyRef)
   at Microsoft.VisualStudio.TestPlatform.Common.ExtensionFramework.TestPluginDiscoverer.GetTestExtensionsFromFiles[TPluginInfo,TExtension](String[] files, Dictionary`2 pluginInfos)

WRN: Protokolování vazeb sestavení je VYPNUTO.
Chcete-li povolit protokolování chyb vazeb sestavení, nastavte hodnotu registru [HKLM\Software\Microsoft\Fusion!EnableLog] (DWORD) na hodnotu 1.
Poznámka: Protokolování chyb vazeb sestavení ovlivňuje výkon systému.
Chcete-li tuto funkci vypnout, odeberte z registru hodnotu [HKLM\Software\Microsoft\Fusion!EnableLog].

TpTrace Verbose: 0 : 22240, 3, 2022/05/05, 00:16:38.531, 1932562820910, testhost.net48.x86.exe, TestPluginCache: Discovered the extensions using extension path ''.
TpTrace Verbose: 0 : 22240, 3, 2022/05/05, 00:16:38.531, 1932562821791, testhost.net48.x86.exe, TestPluginCache: Discoverers are ''.
TpTrace Verbose: 0 : 22240, 3, 2022/05/05, 00:16:38.531, 1932562822522, testhost.net48.x86.exe, TestPluginCache: Executors are 'executor://xunit/VsTestRunner2/net'.
TpTrace Verbose: 0 : 22240, 3, 2022/05/05, 00:16:38.531, 1932562823206, testhost.net48.x86.exe, TestPluginCache: Executors2 are ''.
TpTrace Verbose: 0 : 22240, 3, 2022/05/05, 00:16:38.531, 1932562823933, testhost.net48.x86.exe, TestPluginCache: Setting providers are ''.
TpTrace Verbose: 0 : 22240, 3, 2022/05/05, 00:16:38.531, 1932562824619, testhost.net48.x86.exe, TestPluginCache: Loggers are ''.
TpTrace Verbose: 0 : 22240, 3, 2022/05/05, 00:16:38.532, 1932562834061, testhost.net48.x86.exe, TestExecutorService: Loaded the settings providers
TpTrace Information: 0 : 22240, 3, 2022/05/05, 00:16:38.532, 1932562835034, testhost.net48.x86.exe, TestExecutorService: Loaded the extensions
TpTrace Information: 0 : 22240, 3, 2022/05/05, 00:16:38.533, 1932562841248, testhost.net48.x86.exe, TestRequestHandler.OnMessageReceived: Running job 'TestExecution.StartWithSources'.
TpTrace Information: 0 : 22240, 3, 2022/05/05, 00:16:38.617, 1932563685469, testhost.net48.x86.exe, TestDiscoveryManager: Discovering tests from sources C:\Users\Jaroslav\source\repos\STIN\XUnitTestProject1\bin\Release\net48\fine-code-coverage\build-output\XUnitTestProject1.dll
TpTrace Verbose: 0 : 22240, 3, 2022/05/05, 00:16:38.620, 1932563713239, testhost.net48.x86.exe, TestPluginCache.DiscoverTestExtensions: finding test extensions in assemblies ends with: TestAdapter.dll TPluginInfo: Microsoft.VisualStudio.TestPlatform.Common.ExtensionFramework.Utilities.TestDiscovererPluginInformation TExtension: Microsoft.VisualStudio.TestPlatform.ObjectModel.Adapter.ITestDiscoverer
TpTrace Verbose: 0 : 22240, 3, 2022/05/05, 00:16:38.620, 1932563715269, testhost.net48.x86.exe, TestPluginCache.GetExtensionPaths: Filtered extension paths: 
TpTrace Verbose: 0 : 22240, 3, 2022/05/05, 00:16:38.620, 1932563716122, testhost.net48.x86.exe, TestPluginCache.GetExtensionPaths: Added default extension paths: C:\Program Files\dotnet\sdk\5.0.407\Extensions\Microsoft.Diagnostics.NETCore.Client.dll
C:\Program Files\dotnet\sdk\5.0.407\Extensions\Microsoft.TestPlatform.Extensions.BlameDataCollector.dll
C:\Program Files\dotnet\sdk\5.0.407\Extensions\Microsoft.TestPlatform.Extensions.EventLogCollector.dll
C:\Program Files\dotnet\sdk\5.0.407\Extensions\Microsoft.TestPlatform.TestHostRuntimeProvider.dll
C:\Program Files\dotnet\sdk\5.0.407\Extensions\Microsoft.VisualStudio.TestPlatform.Extensions.Html.TestLogger.dll
C:\Program Files\dotnet\sdk\5.0.407\Extensions\Microsoft.VisualStudio.TestPlatform.Extensions.Trx.TestLogger.dll
C:\Users\Jaroslav\source\repos\STIN\XUnitTestProject1\bin\Release\net48\fine-code-coverage\build-output\xunit.runner.visualstudio.testadapter.dll
TpTrace Verbose: 0 : 22240, 3, 2022/05/05, 00:16:38.620, 1932563716923, testhost.net48.x86.exe, TestPluginCache.GetExtensionPaths: Added unfilterableExtensionPaths: 
TpTrace Information: 0 : 22240, 3, 2022/05/05, 00:16:38.621, 1932563719545, testhost.net48.x86.exe, AssemblyResolver.AddSearchDirectories: Adding more searchDirectories C:\Program Files\dotnet\sdk\5.0.407\Extensions,C:\Users\Jaroslav\source\repos\STIN\XUnitTestProject1\bin\Release\net48\fine-code-coverage\build-output,C:\Program Files\dotnet\sdk\5.0.407\TestHost
TpTrace Verbose: 0 : 22240, 3, 2022/05/05, 00:16:38.621, 1932563720451, testhost.net48.x86.exe, TestPluginCache.DiscoverTestExtensions: Discovering the extensions using extension path.
TpTrace Verbose: 0 : 22240, 3, 2022/05/05, 00:16:38.621, 1932563721256, testhost.net48.x86.exe, TestPluginCache.GetExtensionPaths: Filtered extension paths: 
TpTrace Verbose: 0 : 22240, 3, 2022/05/05, 00:16:38.621, 1932563722035, testhost.net48.x86.exe, TestPluginCache.GetExtensionPaths: Added default extension paths: C:\Program Files\dotnet\sdk\5.0.407\Extensions\Microsoft.Diagnostics.NETCore.Client.dll
C:\Program Files\dotnet\sdk\5.0.407\Extensions\Microsoft.TestPlatform.Extensions.BlameDataCollector.dll
C:\Program Files\dotnet\sdk\5.0.407\Extensions\Microsoft.TestPlatform.Extensions.EventLogCollector.dll
C:\Program Files\dotnet\sdk\5.0.407\Extensions\Microsoft.TestPlatform.TestHostRuntimeProvider.dll
C:\Program Files\dotnet\sdk\5.0.407\Extensions\Microsoft.VisualStudio.TestPlatform.Extensions.Html.TestLogger.dll
C:\Program Files\dotnet\sdk\5.0.407\Extensions\Microsoft.VisualStudio.TestPlatform.Extensions.Trx.TestLogger.dll
C:\Users\Jaroslav\source\repos\STIN\XUnitTestProject1\bin\Release\net48\fine-code-coverage\build-output\xunit.runner.visualstudio.testadapter.dll
TpTrace Verbose: 0 : 22240, 3, 2022/05/05, 00:16:38.621, 1932563722822, testhost.net48.x86.exe, TestPluginCache.GetExtensionPaths: Added unfilterableExtensionPaths: 
TpTrace Verbose: 0 : 22240, 3, 2022/05/05, 00:16:38.621, 1932563723587, testhost.net48.x86.exe, TestPluginCache.DiscoverTestExtensions: Discovering the extensions using allExtensionPaths: C:\Program Files\dotnet\sdk\5.0.407\Extensions\Microsoft.Diagnostics.NETCore.Client.dll
C:\Program Files\dotnet\sdk\5.0.407\Extensions\Microsoft.TestPlatform.Extensions.BlameDataCollector.dll
C:\Program Files\dotnet\sdk\5.0.407\Extensions\Microsoft.TestPlatform.Extensions.EventLogCollector.dll
C:\Program Files\dotnet\sdk\5.0.407\Extensions\Microsoft.TestPlatform.TestHostRuntimeProvider.dll
C:\Program Files\dotnet\sdk\5.0.407\Extensions\Microsoft.VisualStudio.TestPlatform.Extensions.Html.TestLogger.dll
C:\Program Files\dotnet\sdk\5.0.407\Extensions\Microsoft.VisualStudio.TestPlatform.Extensions.Trx.TestLogger.dll
C:\Users\Jaroslav\source\repos\STIN\XUnitTestProject1\bin\Release\net48\fine-code-coverage\build-output\xunit.runner.visualstudio.testadapter.dll
TpTrace Information: 0 : 22240, 3, 2022/05/05, 00:16:38.621, 1932563724722, testhost.net48.x86.exe, AssemblyResolver.AddSearchDirectories: Adding more searchDirectories C:\Program Files\dotnet\sdk\5.0.407\Extensions,C:\Program Files\dotnet\sdk\5.0.407\TestHost
TpTrace Information: 0 : 22240, 3, 2022/05/05, 00:16:38.621, 1932563725634, testhost.net48.x86.exe, AssemblyResolver.AddSearchDirectories: Adding more searchDirectories C:\Program Files\dotnet\sdk\5.0.407\Extensions,C:\Program Files\dotnet\sdk\5.0.407\TestHost
TpTrace Information: 0 : 22240, 3, 2022/05/05, 00:16:38.621, 1932563726488, testhost.net48.x86.exe, AssemblyResolver.AddSearchDirectories: Adding more searchDirectories C:\Program Files\dotnet\sdk\5.0.407\Extensions,C:\Program Files\dotnet\sdk\5.0.407\TestHost
TpTrace Information: 0 : 22240, 3, 2022/05/05, 00:16:38.621, 1932563727330, testhost.net48.x86.exe, AssemblyResolver.AddSearchDirectories: Adding more searchDirectories C:\Program Files\dotnet\sdk\5.0.407\Extensions,C:\Program Files\dotnet\sdk\5.0.407\TestHost
TpTrace Information: 0 : 22240, 3, 2022/05/05, 00:16:38.621, 1932563728158, testhost.net48.x86.exe, AssemblyResolver.AddSearchDirectories: Adding more searchDirectories C:\Program Files\dotnet\sdk\5.0.407\Extensions,C:\Program Files\dotnet\sdk\5.0.407\TestHost
TpTrace Information: 0 : 22240, 3, 2022/05/05, 00:16:38.621, 1932563728967, testhost.net48.x86.exe, AssemblyResolver.AddSearchDirectories: Adding more searchDirectories C:\Program Files\dotnet\sdk\5.0.407\Extensions,C:\Program Files\dotnet\sdk\5.0.407\TestHost
TpTrace Information: 0 : 22240, 3, 2022/05/05, 00:16:38.622, 1932563729845, testhost.net48.x86.exe, AssemblyResolver.AddSearchDirectories: Adding more searchDirectories C:\Users\Jaroslav\source\repos\STIN\XUnitTestProject1\bin\Release\net48\fine-code-coverage\build-output,C:\Program Files\dotnet\sdk\5.0.407\TestHost
TpTrace Warning: 0 : 22240, 3, 2022/05/05, 00:16:38.622, 1932563732634, testhost.net48.x86.exe, TestPluginDiscoverer: Failed to load extensions from file 'C:\Program Files\dotnet\sdk\5.0.407\Extensions\Microsoft.Diagnostics.NETCore.Client.dll'.  Skipping test extension scan for this file.  Error: System.IO.FileNotFoundException: Nelze načíst soubor nebo sestavení Microsoft.Diagnostics.NETCore.Client nebo jeden z jejich závislých prvků. Systém nemůže nalézt uvedený soubor.
File name: 'Microsoft.Diagnostics.NETCore.Client'
   at System.Reflection.RuntimeAssembly._nLoad(AssemblyName fileName, String codeBase, Evidence assemblySecurity, RuntimeAssembly locationHint, StackCrawlMark& stackMark, IntPtr pPrivHostBinder, Boolean throwOnFileNotFound, Boolean forIntrospection, Boolean suppressSecurityChecks)
   at System.Reflection.RuntimeAssembly.nLoad(AssemblyName fileName, String codeBase, Evidence assemblySecurity, RuntimeAssembly locationHint, StackCrawlMark& stackMark, IntPtr pPrivHostBinder, Boolean throwOnFileNotFound, Boolean forIntrospection, Boolean suppressSecurityChecks)
   at System.Reflection.RuntimeAssembly.InternalLoadAssemblyName(AssemblyName assemblyRef, Evidence assemblySecurity, RuntimeAssembly reqAssembly, StackCrawlMark& stackMark, IntPtr pPrivHostBinder, Boolean throwOnFileNotFound, Boolean forIntrospection, Boolean suppressSecurityChecks)
   at System.Reflection.Assembly.Load(AssemblyName assemblyRef)
   at Microsoft.VisualStudio.TestPlatform.Common.ExtensionFramework.TestPluginDiscoverer.GetTestExtensionsFromFiles[TPluginInfo,TExtension](String[] files, Dictionary`2 pluginInfos)

WRN: Protokolování vazeb sestavení je VYPNUTO.
Chcete-li povolit protokolování chyb vazeb sestavení, nastavte hodnotu registru [HKLM\Software\Microsoft\Fusion!EnableLog] (DWORD) na hodnotu 1.
Poznámka: Protokolování chyb vazeb sestavení ovlivňuje výkon systému.
Chcete-li tuto funkci vypnout, odeberte z registru hodnotu [HKLM\Software\Microsoft\Fusion!EnableLog].

TpTrace Warning: 0 : 22240, 3, 2022/05/05, 00:16:38.622, 1932563735108, testhost.net48.x86.exe, TestPluginDiscoverer: Failed to load extensions from file 'C:\Program Files\dotnet\sdk\5.0.407\Extensions\Microsoft.TestPlatform.Extensions.BlameDataCollector.dll'.  Skipping test extension scan for this file.  Error: System.IO.FileNotFoundException: Nelze načíst soubor nebo sestavení Microsoft.TestPlatform.Extensions.BlameDataCollector nebo jeden z jejich závislých prvků. Systém nemůže nalézt uvedený soubor.
File name: 'Microsoft.TestPlatform.Extensions.BlameDataCollector'
   at System.Reflection.RuntimeAssembly._nLoad(AssemblyName fileName, String codeBase, Evidence assemblySecurity, RuntimeAssembly locationHint, StackCrawlMark& stackMark, IntPtr pPrivHostBinder, Boolean throwOnFileNotFound, Boolean forIntrospection, Boolean suppressSecurityChecks)
   at System.Reflection.RuntimeAssembly.nLoad(AssemblyName fileName, String codeBase, Evidence assemblySecurity, RuntimeAssembly locationHint, StackCrawlMark& stackMark, IntPtr pPrivHostBinder, Boolean throwOnFileNotFound, Boolean forIntrospection, Boolean suppressSecurityChecks)
   at System.Reflection.RuntimeAssembly.InternalLoadAssemblyName(AssemblyName assemblyRef, Evidence assemblySecurity, RuntimeAssembly reqAssembly, StackCrawlMark& stackMark, IntPtr pPrivHostBinder, Boolean throwOnFileNotFound, Boolean forIntrospection, Boolean suppressSecurityChecks)
   at System.Reflection.Assembly.Load(AssemblyName assemblyRef)
   at Microsoft.VisualStudio.TestPlatform.Common.ExtensionFramework.TestPluginDiscoverer.GetTestExtensionsFromFiles[TPluginInfo,TExtension](String[] files, Dictionary`2 pluginInfos)

WRN: Protokolování vazeb sestavení je VYPNUTO.
Chcete-li povolit protokolování chyb vazeb sestavení, nastavte hodnotu registru [HKLM\Software\Microsoft\Fusion!EnableLog] (DWORD) na hodnotu 1.
Poznámka: Protokolování chyb vazeb sestavení ovlivňuje výkon systému.
Chcete-li tuto funkci vypnout, odeberte z registru hodnotu [HKLM\Software\Microsoft\Fusion!EnableLog].

TpTrace Warning: 0 : 22240, 3, 2022/05/05, 00:16:38.622, 1932563738244, testhost.net48.x86.exe, TestPluginDiscoverer: Failed to load extensions from file 'C:\Program Files\dotnet\sdk\5.0.407\Extensions\Microsoft.TestPlatform.TestHostRuntimeProvider.dll'.  Skipping test extension scan for this file.  Error: System.IO.FileNotFoundException: Nelze načíst soubor nebo sestavení Microsoft.TestPlatform.TestHostRuntimeProvider nebo jeden z jejich závislých prvků. Systém nemůže nalézt uvedený soubor.
File name: 'Microsoft.TestPlatform.TestHostRuntimeProvider'
   at System.Reflection.RuntimeAssembly._nLoad(AssemblyName fileName, String codeBase, Evidence assemblySecurity, RuntimeAssembly locationHint, StackCrawlMark& stackMark, IntPtr pPrivHostBinder, Boolean throwOnFileNotFound, Boolean forIntrospection, Boolean suppressSecurityChecks)
   at System.Reflection.RuntimeAssembly.nLoad(AssemblyName fileName, String codeBase, Evidence assemblySecurity, RuntimeAssembly locationHint, StackCrawlMark& stackMark, IntPtr pPrivHostBinder, Boolean throwOnFileNotFound, Boolean forIntrospection, Boolean suppressSecurityChecks)
   at System.Reflection.RuntimeAssembly.InternalLoadAssemblyName(AssemblyName assemblyRef, Evidence assemblySecurity, RuntimeAssembly reqAssembly, StackCrawlMark& stackMark, IntPtr pPrivHostBinder, Boolean throwOnFileNotFound, Boolean forIntrospection, Boolean suppressSecurityChecks)
   at System.Reflection.Assembly.Load(AssemblyName assemblyRef)
   at Microsoft.VisualStudio.TestPlatform.Common.ExtensionFramework.TestPluginDiscoverer.GetTestExtensionsFromFiles[TPluginInfo,TExtension](String[] files, Dictionary`2 pluginInfos)

WRN: Protokolování vazeb sestavení je VYPNUTO.
Chcete-li povolit protokolování chyb vazeb sestavení, nastavte hodnotu registru [HKLM\Software\Microsoft\Fusion!EnableLog] (DWORD) na hodnotu 1.
Poznámka: Protokolování chyb vazeb sestavení ovlivňuje výkon systému.
Chcete-li tuto funkci vypnout, odeberte z registru hodnotu [HKLM\Software\Microsoft\Fusion!EnableLog].

TpTrace Warning: 0 : 22240, 3, 2022/05/05, 00:16:38.623, 1932563740528, testhost.net48.x86.exe, TestPluginDiscoverer: Failed to load extensions from file 'C:\Program Files\dotnet\sdk\5.0.407\Extensions\Microsoft.VisualStudio.TestPlatform.Extensions.Html.TestLogger.dll'.  Skipping test extension scan for this file.  Error: System.IO.FileNotFoundException: Nelze načíst soubor nebo sestavení Microsoft.VisualStudio.TestPlatform.Extensions.Html.TestLogger nebo jeden z jejich závislých prvků. Systém nemůže nalézt uvedený soubor.
File name: 'Microsoft.VisualStudio.TestPlatform.Extensions.Html.TestLogger'
   at System.Reflection.RuntimeAssembly._nLoad(AssemblyName fileName, String codeBase, Evidence assemblySecurity, RuntimeAssembly locationHint, StackCrawlMark& stackMark, IntPtr pPrivHostBinder, Boolean throwOnFileNotFound, Boolean forIntrospection, Boolean suppressSecurityChecks)
   at System.Reflection.RuntimeAssembly.nLoad(AssemblyName fileName, String codeBase, Evidence assemblySecurity, RuntimeAssembly locationHint, StackCrawlMark& stackMark, IntPtr pPrivHostBinder, Boolean throwOnFileNotFound, Boolean forIntrospection, Boolean suppressSecurityChecks)
   at System.Reflection.RuntimeAssembly.InternalLoadAssemblyName(AssemblyName assemblyRef, Evidence assemblySecurity, RuntimeAssembly reqAssembly, StackCrawlMark& stackMark, IntPtr pPrivHostBinder, Boolean throwOnFileNotFound, Boolean forIntrospection, Boolean suppressSecurityChecks)
   at System.Reflection.Assembly.Load(AssemblyName assemblyRef)
   at Microsoft.VisualStudio.TestPlatform.Common.ExtensionFramework.TestPluginDiscoverer.GetTestExtensionsFromFiles[TPluginInfo,TExtension](String[] files, Dictionary`2 pluginInfos)

WRN: Protokolování vazeb sestavení je VYPNUTO.
Chcete-li povolit protokolování chyb vazeb sestavení, nastavte hodnotu registru [HKLM\Software\Microsoft\Fusion!EnableLog] (DWORD) na hodnotu 1.
Poznámka: Protokolování chyb vazeb sestavení ovlivňuje výkon systému.
Chcete-li tuto funkci vypnout, odeberte z registru hodnotu [HKLM\Software\Microsoft\Fusion!EnableLog].

TpTrace Warning: 0 : 22240, 3, 2022/05/05, 00:16:38.623, 1932563742736, testhost.net48.x86.exe, TestPluginDiscoverer: Failed to load extensions from file 'C:\Program Files\dotnet\sdk\5.0.407\Extensions\Microsoft.VisualStudio.TestPlatform.Extensions.Trx.TestLogger.dll'.  Skipping test extension scan for this file.  Error: System.IO.FileNotFoundException: Nelze načíst soubor nebo sestavení Microsoft.VisualStudio.TestPlatform.Extensions.Trx.TestLogger nebo jeden z jejich závislých prvků. Systém nemůže nalézt uvedený soubor.
File name: 'Microsoft.VisualStudio.TestPlatform.Extensions.Trx.TestLogger'
   at System.Reflection.RuntimeAssembly._nLoad(AssemblyName fileName, String codeBase, Evidence assemblySecurity, RuntimeAssembly locationHint, StackCrawlMark& stackMark, IntPtr pPrivHostBinder, Boolean throwOnFileNotFound, Boolean forIntrospection, Boolean suppressSecurityChecks)
   at System.Reflection.RuntimeAssembly.nLoad(AssemblyName fileName, String codeBase, Evidence assemblySecurity, RuntimeAssembly locationHint, StackCrawlMark& stackMark, IntPtr pPrivHostBinder, Boolean throwOnFileNotFound, Boolean forIntrospection, Boolean suppressSecurityChecks)
   at System.Reflection.RuntimeAssembly.InternalLoadAssemblyName(AssemblyName assemblyRef, Evidence assemblySecurity, RuntimeAssembly reqAssembly, StackCrawlMark& stackMark, IntPtr pPrivHostBinder, Boolean throwOnFileNotFound, Boolean forIntrospection, Boolean suppressSecurityChecks)
   at System.Reflection.Assembly.Load(AssemblyName assemblyRef)
   at Microsoft.VisualStudio.TestPlatform.Common.ExtensionFramework.TestPluginDiscoverer.GetTestExtensionsFromFiles[TPluginInfo,TExtension](String[] files, Dictionary`2 pluginInfos)

WRN: Protokolování vazeb sestavení je VYPNUTO.
Chcete-li povolit protokolování chyb vazeb sestavení, nastavte hodnotu registru [HKLM\Software\Microsoft\Fusion!EnableLog] (DWORD) na hodnotu 1.
Poznámka: Protokolování chyb vazeb sestavení ovlivňuje výkon systému.
Chcete-li tuto funkci vypnout, odeberte z registru hodnotu [HKLM\Software\Microsoft\Fusion!EnableLog].

TpTrace Verbose: 0 : 22240, 3, 2022/05/05, 00:16:38.626, 1932563772949, testhost.net48.x86.exe, TestPluginCache: Discovered the extensions using extension path ''.
TpTrace Verbose: 0 : 22240, 3, 2022/05/05, 00:16:38.626, 1932563774825, testhost.net48.x86.exe, TestPluginCache: Discoverers are 'Xunit.Runner.VisualStudio.VsTestRunner, xunit.runner.visualstudio.testadapter, Version=2.4.0.0, Culture=neutral, PublicKeyToken=8d05b1bb7a6fdb6c'.
TpTrace Verbose: 0 : 22240, 3, 2022/05/05, 00:16:38.626, 1932563775647, testhost.net48.x86.exe, TestPluginCache: Executors are 'executor://xunit/VsTestRunner2/net'.
TpTrace Verbose: 0 : 22240, 3, 2022/05/05, 00:16:38.626, 1932563776410, testhost.net48.x86.exe, TestPluginCache: Executors2 are ''.
TpTrace Verbose: 0 : 22240, 3, 2022/05/05, 00:16:38.626, 1932563777200, testhost.net48.x86.exe, TestPluginCache: Setting providers are ''.
TpTrace Verbose: 0 : 22240, 3, 2022/05/05, 00:16:38.626, 1932563777904, testhost.net48.x86.exe, TestPluginCache: Loggers are ''.
TpTrace Information: 0 : 22240, 3, 2022/05/05, 00:16:38.684, 1932564356513, testhost.net48.x86.exe, PEReaderHelper.GetAssemblyType: Determined assemblyType:'Managed' for source: 'C:\Users\Jaroslav\source\repos\STIN\XUnitTestProject1\bin\Release\net48\fine-code-coverage\build-output\XUnitTestProject1.dll'
TpTrace Verbose: 0 : 22240, 3, 2022/05/05, 00:16:38.690, 1932564419044, testhost.net48.x86.exe, BaseRunTests.RunTestInternalWithExecutors: Running tests for executor://xunit/VsTestRunner2/net
TpTrace Verbose: 0 : 22240, 3, 2022/05/05, 00:16:38.693, 1932564444877, testhost.net48.x86.exe, BaseRunTests.TryToRunInSTAThread: Using STA thread to call adapter API.
TpTrace Information: 0 : 22240, 13, 2022/05/05, 00:16:38.702, 1932564538283, testhost.net48.x86.exe, [xUnit.net 00:00:00.00] xUnit.net VSTest Adapter v2.4.3+1b45f5407b (32-bit Desktop .NET 4.0.30319.42000)
TpTrace Verbose: 0 : 22240, 13, 2022/05/05, 00:16:38.703, 1932564540966, testhost.net48.x86.exe, TestRequestHandler.SendData:  sending data from testhost: {"Version":5,"MessageType":"TestSession.Message","Payload":{"MessageLevel":0,"Message":"[xUnit.net 00:00:00.00] xUnit.net VSTest Adapter v2.4.3+1b45f5407b (32-bit Desktop .NET 4.0.30319.42000)"}}
TpTrace Information: 0 : 22240, 13, 2022/05/05, 00:16:38.738, 1932564894496, testhost.net48.x86.exe, AssemblyResolver.OnResolve: xunit.runner.utility.net452, Version=2.4.1.0, Culture=neutral, PublicKeyToken=8d05b1bb7a6fdb6c: Resolving assembly.
TpTrace Information: 0 : 22240, 13, 2022/05/05, 00:16:38.738, 1932564896358, testhost.net48.x86.exe, AssemblyResolver.OnResolve: xunit.runner.utility.net452, Version=2.4.1.0, Culture=neutral, PublicKeyToken=8d05b1bb7a6fdb6c: Searching in: 'C:\Program Files\dotnet\sdk\5.0.407\Extensions'.
TpTrace Information: 0 : 22240, 13, 2022/05/05, 00:16:38.738, 1932564897732, testhost.net48.x86.exe, AssemblyResolver.OnResolve: xunit.runner.utility.net452, Version=2.4.1.0, Culture=neutral, PublicKeyToken=8d05b1bb7a6fdb6c: Assembly path does not exist: 'C:\Program Files\dotnet\sdk\5.0.407\Extensions\xunit.runner.utility.net452.dll', returning.
TpTrace Information: 0 : 22240, 13, 2022/05/05, 00:16:38.738, 1932564898866, testhost.net48.x86.exe, AssemblyResolver.OnResolve: xunit.runner.utility.net452, Version=2.4.1.0, Culture=neutral, PublicKeyToken=8d05b1bb7a6fdb6c: Assembly path does not exist: 'C:\Program Files\dotnet\sdk\5.0.407\Extensions\xunit.runner.utility.net452.exe', returning.
TpTrace Information: 0 : 22240, 13, 2022/05/05, 00:16:38.739, 1932564899635, testhost.net48.x86.exe, AssemblyResolver.OnResolve: xunit.runner.utility.net452, Version=2.4.1.0, Culture=neutral, PublicKeyToken=8d05b1bb7a6fdb6c: Searching in: 'C:\Users\Jaroslav\source\repos\STIN\XUnitTestProject1\bin\Release\net48\fine-code-coverage\build-output'.
TpTrace Information: 0 : 22240, 13, 2022/05/05, 00:16:38.739, 1932564905192, testhost.net48.x86.exe, AssemblyResolver.OnResolve: xunit.runner.utility.net452, Version=2.4.1.0, Culture=neutral, PublicKeyToken=8d05b1bb7a6fdb6c: Loading assembly 'C:\Users\Jaroslav\source\repos\STIN\XUnitTestProject1\bin\Release\net48\fine-code-coverage\build-output\xunit.runner.utility.net452.dll'.
TpTrace Information: 0 : 22240, 13, 2022/05/05, 00:16:38.740, 1932564916417, testhost.net48.x86.exe, AssemblyResolver.OnResolve: Resolved assembly: xunit.runner.utility.net452, Version=2.4.1.0, Culture=neutral, PublicKeyToken=8d05b1bb7a6fdb6c, from path: C:\Users\Jaroslav\source\repos\STIN\XUnitTestProject1\bin\Release\net48\fine-code-coverage\build-output\xunit.runner.utility.net452.dll
TpTrace Information: 0 : 22240, 13, 2022/05/05, 00:16:38.741, 1932564921401, testhost.net48.x86.exe, AssemblyResolver.OnResolve: xunit.abstractions, Version=2.0.0.0, Culture=neutral, PublicKeyToken=8d05b1bb7a6fdb6c: Resolving assembly.
TpTrace Information: 0 : 22240, 13, 2022/05/05, 00:16:38.741, 1932564923183, testhost.net48.x86.exe, AssemblyResolver.OnResolve: xunit.abstractions, Version=2.0.0.0, Culture=neutral, PublicKeyToken=8d05b1bb7a6fdb6c: Searching in: 'C:\Program Files\dotnet\sdk\5.0.407\Extensions'.
TpTrace Information: 0 : 22240, 13, 2022/05/05, 00:16:38.741, 1932564925375, testhost.net48.x86.exe, AssemblyResolver.OnResolve: xunit.abstractions, Version=2.0.0.0, Culture=neutral, PublicKeyToken=8d05b1bb7a6fdb6c: Assembly path does not exist: 'C:\Program Files\dotnet\sdk\5.0.407\Extensions\xunit.abstractions.dll', returning.
TpTrace Information: 0 : 22240, 13, 2022/05/05, 00:16:38.741, 1932564926640, testhost.net48.x86.exe, AssemblyResolver.OnResolve: xunit.abstractions, Version=2.0.0.0, Culture=neutral, PublicKeyToken=8d05b1bb7a6fdb6c: Assembly path does not exist: 'C:\Program Files\dotnet\sdk\5.0.407\Extensions\xunit.abstractions.exe', returning.
TpTrace Information: 0 : 22240, 13, 2022/05/05, 00:16:38.741, 1932564927393, testhost.net48.x86.exe, AssemblyResolver.OnResolve: xunit.abstractions, Version=2.0.0.0, Culture=neutral, PublicKeyToken=8d05b1bb7a6fdb6c: Searching in: 'C:\Users\Jaroslav\source\repos\STIN\XUnitTestProject1\bin\Release\net48\fine-code-coverage\build-output'.
TpTrace Information: 0 : 22240, 13, 2022/05/05, 00:16:38.742, 1932564932873, testhost.net48.x86.exe, AssemblyResolver.OnResolve: xunit.abstractions, Version=2.0.0.0, Culture=neutral, PublicKeyToken=8d05b1bb7a6fdb6c: Loading assembly 'C:\Users\Jaroslav\source\repos\STIN\XUnitTestProject1\bin\Release\net48\fine-code-coverage\build-output\xunit.abstractions.dll'.
TpTrace Information: 0 : 22240, 13, 2022/05/05, 00:16:38.743, 1932564941129, testhost.net48.x86.exe, AssemblyResolver.OnResolve: Resolved assembly: xunit.abstractions, Version=2.0.0.0, Culture=neutral, PublicKeyToken=8d05b1bb7a6fdb6c, from path: C:\Users\Jaroslav\source\repos\STIN\XUnitTestProject1\bin\Release\net48\fine-code-coverage\build-output\xunit.abstractions.dll
TpTrace Information: 0 : 22240, 13, 2022/05/05, 00:16:39.020, 1932567711539, testhost.net48.x86.exe, [xUnit.net 00:00:00.32]   Discovering: XUnitTestProject1
TpTrace Verbose: 0 : 22240, 13, 2022/05/05, 00:16:39.020, 1932567713656, testhost.net48.x86.exe, TestRequestHandler.SendData:  sending data from testhost: {"Version":5,"MessageType":"TestSession.Message","Payload":{"MessageLevel":0,"Message":"[xUnit.net 00:00:00.32]   Discovering: XUnitTestProject1"}}
TpTrace Information: 0 : 22240, 13, 2022/05/05, 00:16:39.134, 1932568857793, testhost.net48.x86.exe, [xUnit.net 00:00:00.43]   Discovered:  XUnitTestProject1
TpTrace Verbose: 0 : 22240, 13, 2022/05/05, 00:16:39.135, 1932568860561, testhost.net48.x86.exe, TestRequestHandler.SendData:  sending data from testhost: {"Version":5,"MessageType":"TestSession.Message","Payload":{"MessageLevel":0,"Message":"[xUnit.net 00:00:00.43]   Discovered:  XUnitTestProject1"}}
TpTrace Information: 0 : 22240, 13, 2022/05/05, 00:16:39.138, 1932568899166, testhost.net48.x86.exe, [xUnit.net 00:00:00.44]   Starting:    XUnitTestProject1
TpTrace Verbose: 0 : 22240, 13, 2022/05/05, 00:16:39.139, 1932568901077, testhost.net48.x86.exe, TestRequestHandler.SendData:  sending data from testhost: {"Version":5,"MessageType":"TestSession.Message","Payload":{"MessageLevel":0,"Message":"[xUnit.net 00:00:00.44]   Starting:    XUnitTestProject1"}}
TpTrace Information: 0 : 22240, 13, 2022/05/05, 00:16:39.142, 1932568938223, testhost.net48.x86.exe, AssemblyResolver.OnResolve: xunit.execution.desktop, Version=2.4.1.0, Culture=neutral, PublicKeyToken=8d05b1bb7a6fdb6c: Resolving assembly.
TpTrace Information: 0 : 22240, 13, 2022/05/05, 00:16:39.143, 1932568939917, testhost.net48.x86.exe, AssemblyResolver.OnResolve: xunit.execution.desktop, Version=2.4.1.0, Culture=neutral, PublicKeyToken=8d05b1bb7a6fdb6c: Searching in: 'C:\Program Files\dotnet\sdk\5.0.407\Extensions'.
TpTrace Information: 0 : 22240, 13, 2022/05/05, 00:16:39.143, 1932568941518, testhost.net48.x86.exe, AssemblyResolver.OnResolve: xunit.execution.desktop, Version=2.4.1.0, Culture=neutral, PublicKeyToken=8d05b1bb7a6fdb6c: Assembly path does not exist: 'C:\Program Files\dotnet\sdk\5.0.407\Extensions\xunit.execution.desktop.dll', returning.
TpTrace Information: 0 : 22240, 13, 2022/05/05, 00:16:39.143, 1932568942739, testhost.net48.x86.exe, AssemblyResolver.OnResolve: xunit.execution.desktop, Version=2.4.1.0, Culture=neutral, PublicKeyToken=8d05b1bb7a6fdb6c: Assembly path does not exist: 'C:\Program Files\dotnet\sdk\5.0.407\Extensions\xunit.execution.desktop.exe', returning.
TpTrace Information: 0 : 22240, 13, 2022/05/05, 00:16:39.143, 1932568943510, testhost.net48.x86.exe, AssemblyResolver.OnResolve: xunit.execution.desktop, Version=2.4.1.0, Culture=neutral, PublicKeyToken=8d05b1bb7a6fdb6c: Searching in: 'C:\Users\Jaroslav\source\repos\STIN\XUnitTestProject1\bin\Release\net48\fine-code-coverage\build-output'.
TpTrace Information: 0 : 22240, 13, 2022/05/05, 00:16:39.144, 1932568949888, testhost.net48.x86.exe, AssemblyResolver.OnResolve: xunit.execution.desktop, Version=2.4.1.0, Culture=neutral, PublicKeyToken=8d05b1bb7a6fdb6c: Loading assembly 'C:\Users\Jaroslav\source\repos\STIN\XUnitTestProject1\bin\Release\net48\fine-code-coverage\build-output\xunit.execution.desktop.dll'.
TpTrace Information: 0 : 22240, 13, 2022/05/05, 00:16:39.144, 1932568957190, testhost.net48.x86.exe, AssemblyResolver.OnResolve: Resolved assembly: xunit.execution.desktop, Version=2.4.1.0, Culture=neutral, PublicKeyToken=8d05b1bb7a6fdb6c, from path: C:\Users\Jaroslav\source\repos\STIN\XUnitTestProject1\bin\Release\net48\fine-code-coverage\build-output\xunit.execution.desktop.dll
TpTrace Information: 0 : 22240, 13, 2022/05/05, 00:16:39.144, 1932568959141, testhost.net48.x86.exe, AssemblyResolver.OnResolve: xunit.execution.desktop, Version=2.4.1.0, Culture=neutral, PublicKeyToken=8d05b1bb7a6fdb6c: Resolving assembly.
TpTrace Information: 0 : 22240, 13, 2022/05/05, 00:16:39.145, 1932568960099, testhost.net48.x86.exe, AssemblyResolver.OnResolve: xunit.execution.desktop, Version=2.4.1.0, Culture=neutral, PublicKeyToken=8d05b1bb7a6fdb6c: Resolved from cache.
TpTrace Information: 0 : 22240, 13, 2022/05/05, 00:16:39.145, 1932568963443, testhost.net48.x86.exe, AssemblyResolver.OnResolve: xunit.abstractions, Version=2.0.0.0, Culture=neutral, PublicKeyToken=8d05b1bb7a6fdb6c: Resolving assembly.
TpTrace Information: 0 : 22240, 13, 2022/05/05, 00:16:39.145, 1932568964316, testhost.net48.x86.exe, AssemblyResolver.OnResolve: xunit.abstractions, Version=2.0.0.0, Culture=neutral, PublicKeyToken=8d05b1bb7a6fdb6c: Resolved from cache.
TpTrace Information: 0 : 22240, 13, 2022/05/05, 00:16:39.145, 1932568968092, testhost.net48.x86.exe, AssemblyResolver.OnResolve: xunit.core, Version=2.4.1.0, Culture=neutral, PublicKeyToken=8d05b1bb7a6fdb6c: Resolving assembly.
TpTrace Information: 0 : 22240, 13, 2022/05/05, 00:16:39.146, 1932568969422, testhost.net48.x86.exe, AssemblyResolver.OnResolve: xunit.core, Version=2.4.1.0, Culture=neutral, PublicKeyToken=8d05b1bb7a6fdb6c: Searching in: 'C:\Program Files\dotnet\sdk\5.0.407\Extensions'.
TpTrace Information: 0 : 22240, 13, 2022/05/05, 00:16:39.146, 1932568970965, testhost.net48.x86.exe, AssemblyResolver.OnResolve: xunit.core, Version=2.4.1.0, Culture=neutral, PublicKeyToken=8d05b1bb7a6fdb6c: Assembly path does not exist: 'C:\Program Files\dotnet\sdk\5.0.407\Extensions\xunit.core.dll', returning.
TpTrace Information: 0 : 22240, 13, 2022/05/05, 00:16:39.146, 1932568972164, testhost.net48.x86.exe, AssemblyResolver.OnResolve: xunit.core, Version=2.4.1.0, Culture=neutral, PublicKeyToken=8d05b1bb7a6fdb6c: Assembly path does not exist: 'C:\Program Files\dotnet\sdk\5.0.407\Extensions\xunit.core.exe', returning.
TpTrace Information: 0 : 22240, 13, 2022/05/05, 00:16:39.146, 1932568972888, testhost.net48.x86.exe, AssemblyResolver.OnResolve: xunit.core, Version=2.4.1.0, Culture=neutral, PublicKeyToken=8d05b1bb7a6fdb6c: Searching in: 'C:\Users\Jaroslav\source\repos\STIN\XUnitTestProject1\bin\Release\net48\fine-code-coverage\build-output'.
TpTrace Information: 0 : 22240, 13, 2022/05/05, 00:16:39.146, 1932568978617, testhost.net48.x86.exe, AssemblyResolver.OnResolve: xunit.core, Version=2.4.1.0, Culture=neutral, PublicKeyToken=8d05b1bb7a6fdb6c: Loading assembly 'C:\Users\Jaroslav\source\repos\STIN\XUnitTestProject1\bin\Release\net48\fine-code-coverage\build-output\xunit.core.dll'.
TpTrace Information: 0 : 22240, 13, 2022/05/05, 00:16:39.147, 1932568985765, testhost.net48.x86.exe, AssemblyResolver.OnResolve: Resolved assembly: xunit.core, Version=2.4.1.0, Culture=neutral, PublicKeyToken=8d05b1bb7a6fdb6c, from path: C:\Users\Jaroslav\source\repos\STIN\XUnitTestProject1\bin\Release\net48\fine-code-coverage\build-output\xunit.core.dll
TpTrace Information: 0 : 22240, 13, 2022/05/05, 00:16:39.148, 1932568994758, testhost.net48.x86.exe, AssemblyResolver.OnResolve: xunit.abstractions, Version=2.0.0.0, Culture=neutral, PublicKeyToken=8d05b1bb7a6fdb6c: Resolving assembly.
TpTrace Information: 0 : 22240, 13, 2022/05/05, 00:16:39.148, 1932568998108, testhost.net48.x86.exe, AssemblyResolver.OnResolve: xunit.abstractions, Version=2.0.0.0, Culture=neutral, PublicKeyToken=8d05b1bb7a6fdb6c: Resolved from cache.
TpTrace Verbose: 0 : 22240, 16, 2022/05/05, 00:16:39.219, 1932569707274, testhost.net48.x86.exe, TestExecutionRecorder.RecordStart: Starting test: XUnitTestProject1.UnitTest1.Test1.
TpTrace Verbose: 0 : 22240, 16, 2022/05/05, 00:16:39.328, 1932570797996, testhost.net48.x86.exe, TestExecutionRecorder.RecordResult: Received result for test: XUnitTestProject1.UnitTest1.Test1.
TpTrace Verbose: 0 : 22240, 16, 2022/05/05, 00:16:39.349, 1932571005436, testhost.net48.x86.exe, TestExecutionRecorder.RecordEnd: test: XUnitTestProject1.UnitTest1.Test1 execution completed.
TpTrace Warning: 0 : 22240, 16, 2022/05/05, 00:16:39.349, 1932571007010, testhost.net48.x86.exe, TestRunCache: InProgressTests is null
TpTrace Verbose: 0 : 22240, 16, 2022/05/05, 00:16:39.350, 1932571013972, testhost.net48.x86.exe, TestExecutionRecorder.RecordStart: Starting test: XUnitTestProject1.UnitTest1.test4.
TpTrace Verbose: 0 : 22240, 16, 2022/05/05, 00:16:39.434, 1932571851215, testhost.net48.x86.exe, TestExecutionRecorder.RecordResult: Received result for test: XUnitTestProject1.UnitTest1.test4.
TpTrace Verbose: 0 : 22240, 7, 2022/05/05, 00:16:39.435, 1932571859943, testhost.net48.x86.exe, TcpClientExtensions.MessageLoopAsync: Polling on remoteEndPoint: 127.0.0.1:60760 localEndPoint: 127.0.0.1:60761
TpTrace Verbose: 0 : 22240, 16, 2022/05/05, 00:16:39.436, 1932571872204, testhost.net48.x86.exe, TestExecutionRecorder.RecordEnd: test: XUnitTestProject1.UnitTest1.test4 execution completed.
TpTrace Warning: 0 : 22240, 16, 2022/05/05, 00:16:39.436, 1932571873489, testhost.net48.x86.exe, TestRunCache: InProgressTests is null
TpTrace Verbose: 0 : 22240, 16, 2022/05/05, 00:16:39.436, 1932571879115, testhost.net48.x86.exe, TestExecutionRecorder.RecordStart: Starting test: XUnitTestProject1.UnitTest1.Test2.
TpTrace Verbose: 0 : 22240, 16, 2022/05/05, 00:16:40.017, 1932577680381, testhost.net48.x86.exe, TestExecutionRecorder.RecordResult: Received result for test: XUnitTestProject1.UnitTest1.Test2.
TpTrace Verbose: 0 : 22240, 16, 2022/05/05, 00:16:40.019, 1932577699842, testhost.net48.x86.exe, TestExecutionRecorder.RecordEnd: test: XUnitTestProject1.UnitTest1.Test2 execution completed.
TpTrace Warning: 0 : 22240, 16, 2022/05/05, 00:16:40.019, 1932577701469, testhost.net48.x86.exe, TestRunCache: InProgressTests is null
TpTrace Verbose: 0 : 22240, 16, 2022/05/05, 00:16:40.019, 1932577708103, testhost.net48.x86.exe, TestExecutionRecorder.RecordStart: Starting test: XUnitTestProject1.UnitTest1.test3.
TpTrace Information: 0 : 22240, 9, 2022/05/05, 00:16:40.065, 1932578163259, testhost.net48.x86.exe, Sending test run statistics
TpTrace Error: 0 : 22240, 16, 2022/05/05, 00:16:40.099, 1932578504669, testhost.net48.x86.exe, [xUnit.net 00:00:01.40]     XUnitTestProject1.UnitTest1.test3 [FAIL]
TpTrace Verbose: 0 : 22240, 9, 2022/05/05, 00:16:40.099, 1932578506348, testhost.net48.x86.exe, TestRequestHandler.SendData:  sending data from testhost: {"Version":5,"MessageType":"TestExecution.StatsChange","Payload":{"NewTestResults":[{"TestCase":{"Id":"cf9ec5ca-467d-b5d3-a8d8-2769e0f2a15a","FullyQualifiedName":"XUnitTestProject1.UnitTest1.Test1","DisplayName":"XUnitTestProject1.UnitTest1.Test1","ExecutorUri":"executor://xunit/VsTestRunner2/net","Source":"C:\\Users\\Jaroslav\\source\\repos\\STIN\\XUnitTestProject1\\bin\\Release\\net48\\fine-code-coverage\\build-output\\XUnitTestProject1.dll","CodeFilePath":null,"LineNumber":0,"Properties":[]},"Attachments":[],"Outcome":1,"ErrorMessage":null,"ErrorStackTrace":null,"DisplayName":"XUnitTestProject1.UnitTest1.Test1","Messages":[],"ComputerName":"DESKTOP-O7O1UOB","Duration":"00:00:00.0780000","StartTime":"2022-05-04T22:16:39.3282845+00:00","EndTime":"2022-05-04T22:16:39.3282845+00:00","Properties":[]},{"TestCase":{"Id":"540cf123-251c-99dd-d806-d83e5c21de5a","FullyQualifiedName":"XUnitTestProject1.UnitTest1.test4","DisplayName":"XUnitTestProject1.UnitTest1.test4","ExecutorUri":"executor://xunit/VsTestRunner2/net","Source":"C:\\Users\\Jaroslav\\source\\repos\\STIN\\XUnitTestProject1\\bin\\Release\\net48\\fine-code-coverage\\build-output\\XUnitTestProject1.dll","CodeFilePath":null,"LineNumber":0,"Properties":[]},"Attachments":[],"Outcome":1,"ErrorMessage":null,"ErrorStackTrace":null,"DisplayName":"XUnitTestProject1.UnitTest1.test4","Messages":[],"ComputerName":"DESKTOP-O7O1UOB","Duration":"00:00:00.1070000","StartTime":"2022-05-04T22:16:39.4342792+00:00","EndTime":"2022-05-04T22:16:39.4342792+00:00","Properties":[]},{"TestCase":{"Id":"e04cba65-2c4f-eaa1-a31a-e742b4713197","FullyQualifiedName":"XUnitTestProject1.UnitTest1.Test2","DisplayName":"XUnitTestProject1.UnitTest1.Test2","ExecutorUri":"executor://xunit/VsTestRunner2/net","Source":"C:\\Users\\Jaroslav\\source\\repos\\STIN\\XUnitTestProject1\\bin\\Release\\net48\\fine-code-coverage\\build-output\\XUnitTestProject1.dll","CodeFilePath":null,"LineNumber":0,"Properties":[]},"Attachments":[],"Outcome":1,"ErrorMessage":null,"ErrorStackTrace":null,"DisplayName":"XUnitTestProject1.UnitTest1.Test2","Messages":[],"ComputerName":"DESKTOP-O7O1UOB","Duration":"00:00:00.5830000","StartTime":"2022-05-04T22:16:40.0172817+00:00","EndTime":"2022-05-04T22:16:40.0172817+00:00","Properties":[]}],"TestRunStatistics":{"ExecutedTests":3,"Stats":{"Passed":3}},"ActiveTests":[{"Id":"513b2ae7-033c-420e-357c-5c9bb13e8ae1","FullyQualifiedName":"XUnitTestProject1.UnitTest1.test3","DisplayName":"XUnitTestProject1.UnitTest1.test3","ExecutorUri":"executor://xunit/VsTestRunner2/net","Source":"C:\\Users\\Jaroslav\\source\\repos\\STIN\\XUnitTestProject1\\bin\\Release\\net48\\fine-code-coverage\\build-output\\XUnitTestProject1.dll","CodeFilePath":null,"LineNumber":0,"Properties":[]}]}}
TpTrace Verbose: 0 : 22240, 16, 2022/05/05, 00:16:40.099, 1932578507911, testhost.net48.x86.exe, TestRequestHandler.SendData:  sending data from testhost: {"Version":5,"MessageType":"TestSession.Message","Payload":{"MessageLevel":2,"Message":"[xUnit.net 00:00:01.40]     XUnitTestProject1.UnitTest1.test3 [FAIL]"}}
TpTrace Information: 0 : 22240, 16, 2022/05/05, 00:16:40.102, 1932578539853, testhost.net48.x86.exe, [xUnit.net 00:00:01.40]       Assert.Matches() Failure:
TpTrace Verbose: 0 : 22240, 16, 2022/05/05, 00:16:40.103, 1932578548202, testhost.net48.x86.exe, TestRequestHandler.SendData:  sending data from testhost: {"Version":5,"MessageType":"TestSession.Message","Payload":{"MessageLevel":0,"Message":"[xUnit.net 00:00:01.40]       Assert.Matches() Failure:"}}
TpTrace Verbose: 0 : 22240, 9, 2022/05/05, 00:16:40.103, 1932578542686, testhost.net48.x86.exe, TestRunCache: OnNewTestResult: Notified the onCacheHit callback.
TpTrace Information: 0 : 22240, 16, 2022/05/05, 00:16:40.104, 1932578558150, testhost.net48.x86.exe, [xUnit.net 00:00:01.40]       Regex: .*Aktuální čas serveru je: 14:00:00.*
TpTrace Verbose: 0 : 22240, 16, 2022/05/05, 00:16:40.111, 1932578627004, testhost.net48.x86.exe, TestRequestHandler.SendData:  sending data from testhost: {"Version":5,"MessageType":"TestSession.Message","Payload":{"MessageLevel":0,"Message":"[xUnit.net 00:00:01.40]       Regex: .*Aktuální čas serveru je: 14:00:00.*"}}
TpTrace Information: 0 : 22240, 16, 2022/05/05, 00:16:40.113, 1932578641657, testhost.net48.x86.exe, [xUnit.net 00:00:01.41]       Value: <!DOCTYPE html >
TpTrace Verbose: 0 : 22240, 16, 2022/05/05, 00:16:40.113, 1932578645992, testhost.net48.x86.exe, TestRequestHandler.SendData:  sending data from testhost: {"Version":5,"MessageType":"TestSession.Message","Payload":{"MessageLevel":0,"Message":"[xUnit.net 00:00:01.41]       Value: <!DOCTYPE html >"}}
TpTrace Information: 0 : 22240, 16, 2022/05/05, 00:16:40.114, 1932578655463, testhost.net48.x86.exe, [xUnit.net 00:00:01.41]       <html>
TpTrace Verbose: 0 : 22240, 16, 2022/05/05, 00:16:40.115, 1932578664330, testhost.net48.x86.exe, TestRequestHandler.SendData:  sending data from testhost: {"Version":5,"MessageType":"TestSession.Message","Payload":{"MessageLevel":0,"Message":"[xUnit.net 00:00:01.41]       <html>"}}
TpTrace Information: 0 : 22240, 16, 2022/05/05, 00:16:40.116, 1932578676614, testhost.net48.x86.exe, [xUnit.net 00:00:01.41]         <head />
TpTrace Verbose: 0 : 22240, 16, 2022/05/05, 00:16:40.117, 1932578685342, testhost.net48.x86.exe, TestRequestHandler.SendData:  sending data from testhost: {"Version":5,"MessageType":"TestSession.Message","Payload":{"MessageLevel":0,"Message":"[xUnit.net 00:00:01.41]         <head />"}}
TpTrace Information: 0 : 22240, 16, 2022/05/05, 00:16:40.118, 1932578694382, testhost.net48.x86.exe, [xUnit.net 00:00:01.42]         <body>
TpTrace Verbose: 0 : 22240, 16, 2022/05/05, 00:16:40.119, 1932578702437, testhost.net48.x86.exe, TestRequestHandler.SendData:  sending data from testhost: {"Version":5,"MessageType":"TestSession.Message","Payload":{"MessageLevel":0,"Message":"[xUnit.net 00:00:01.42]         <body>"}}
TpTrace Information: 0 : 22240, 16, 2022/05/05, 00:16:40.119, 1932578710941, testhost.net48.x86.exe, [xUnit.net 00:00:01.42]           <p>Aktuální čas serveru je: 12:00:00</p>
TpTrace Verbose: 0 : 22240, 16, 2022/05/05, 00:16:40.120, 1932578719932, testhost.net48.x86.exe, TestRequestHandler.SendData:  sending data from testhost: {"Version":5,"MessageType":"TestSession.Message","Payload":{"MessageLevel":0,"Message":"[xUnit.net 00:00:01.42]           <p>Aktuální čas serveru je: 12:00:00</p>"}}
TpTrace Information: 0 : 22240, 16, 2022/05/05, 00:16:40.121, 1932578724715, testhost.net48.x86.exe, [xUnit.net 00:00:01.42]         </body>
TpTrace Verbose: 0 : 22240, 16, 2022/05/05, 00:16:40.123, 1932578744798, testhost.net48.x86.exe, TestRequestHandler.SendData:  sending data from testhost: {"Version":5,"MessageType":"TestSession.Message","Payload":{"MessageLevel":0,"Message":"[xUnit.net 00:00:01.42]         </body>"}}
TpTrace Information: 0 : 22240, 16, 2022/05/05, 00:16:40.123, 1932578746973, testhost.net48.x86.exe, [xUnit.net 00:00:01.42]       </html>
TpTrace Verbose: 0 : 22240, 16, 2022/05/05, 00:16:40.123, 1932578748260, testhost.net48.x86.exe, TestRequestHandler.SendData:  sending data from testhost: {"Version":5,"MessageType":"TestSession.Message","Payload":{"MessageLevel":0,"Message":"[xUnit.net 00:00:01.42]       </html>"}}
TpTrace Information: 0 : 22240, 16, 2022/05/05, 00:16:40.124, 1932578756708, testhost.net48.x86.exe, [xUnit.net 00:00:01.42]       Stack Trace:
TpTrace Verbose: 0 : 22240, 16, 2022/05/05, 00:16:40.124, 1932578758616, testhost.net48.x86.exe, TestRequestHandler.SendData:  sending data from testhost: {"Version":5,"MessageType":"TestSession.Message","Payload":{"MessageLevel":0,"Message":"[xUnit.net 00:00:01.42]       Stack Trace:"}}
TpTrace Information: 0 : 22240, 16, 2022/05/05, 00:16:40.125, 1932578766978, testhost.net48.x86.exe, [xUnit.net 00:00:01.42]         C:\Users\Jaroslav\source\repos\STIN\XUnitTestProject1\UnitTest1.cs(40,0): at XUnitTestProject1.UnitTest1.test3()
TpTrace Verbose: 0 : 22240, 16, 2022/05/05, 00:16:40.125, 1932578768925, testhost.net48.x86.exe, TestRequestHandler.SendData:  sending data from testhost: {"Version":5,"MessageType":"TestSession.Message","Payload":{"MessageLevel":0,"Message":"[xUnit.net 00:00:01.42]         C:\\Users\\Jaroslav\\source\\repos\\STIN\\XUnitTestProject1\\UnitTest1.cs(40,0): at XUnitTestProject1.UnitTest1.test3()"}}
TpTrace Verbose: 0 : 22240, 16, 2022/05/05, 00:16:40.128, 1932578797931, testhost.net48.x86.exe, TestExecutionRecorder.RecordResult: Received result for test: XUnitTestProject1.UnitTest1.test3.
TpTrace Warning: 0 : 22240, 16, 2022/05/05, 00:16:40.130, 1932578811668, testhost.net48.x86.exe, TestRunCache: InProgressTests is null
TpTrace Warning: 0 : 22240, 16, 2022/05/05, 00:16:40.130, 1932578813290, testhost.net48.x86.exe, TestRunCache: No test found corresponding to testResult 'XUnitTestProject1.UnitTest1.test3' in inProgress list.
TpTrace Verbose: 0 : 22240, 16, 2022/05/05, 00:16:40.130, 1932578818615, testhost.net48.x86.exe, TestExecutionRecorder.RecordEnd: test: XUnitTestProject1.UnitTest1.test3 execution completed.
TpTrace Warning: 0 : 22240, 16, 2022/05/05, 00:16:40.130, 1932578820021, testhost.net48.x86.exe, TestRunCache: InProgressTests is null
TpTrace Information: 0 : 22240, 13, 2022/05/05, 00:16:40.135, 1932578862733, testhost.net48.x86.exe, [xUnit.net 00:00:01.43]   Finished:    XUnitTestProject1
TpTrace Verbose: 0 : 22240, 13, 2022/05/05, 00:16:40.135, 1932578864428, testhost.net48.x86.exe, TestRequestHandler.SendData:  sending data from testhost: {"Version":5,"MessageType":"TestSession.Message","Payload":{"MessageLevel":0,"Message":"[xUnit.net 00:00:01.43]   Finished:    XUnitTestProject1"}}
TpTrace Verbose: 0 : 22240, 3, 2022/05/05, 00:16:40.169, 1932579202714, testhost.net48.x86.exe, BaseRunTests.RunTestInternalWithExecutors: Completed running tests for executor://xunit/VsTestRunner2/net
TpTrace Information: 0 : 22240, 3, 2022/05/05, 00:16:40.172, 1932579237961, testhost.net48.x86.exe, Sending test run complete
TpTrace Verbose: 0 : 22240, 3, 2022/05/05, 00:16:40.181, 1932579328097, testhost.net48.x86.exe, TestRequestHandler.SendData:  sending data from testhost: {"Version":5,"MessageType":"TestExecution.Completed","Payload":{"TestRunCompleteArgs":{"TestRunStatistics":{"ExecutedTests":4,"Stats":{"Passed":3,"Failed":1}},"IsCanceled":false,"IsAborted":false,"Error":null,"AttachmentSets":[],"ElapsedTimeInRunningTests":"00:00:01.4837971","Metrics":{}},"LastRunTests":{"NewTestResults":[{"TestCase":{"Id":"513b2ae7-033c-420e-357c-5c9bb13e8ae1","FullyQualifiedName":"XUnitTestProject1.UnitTest1.test3","DisplayName":"XUnitTestProject1.UnitTest1.test3","ExecutorUri":"executor://xunit/VsTestRunner2/net","Source":"C:\\Users\\Jaroslav\\source\\repos\\STIN\\XUnitTestProject1\\bin\\Release\\net48\\fine-code-coverage\\build-output\\XUnitTestProject1.dll","CodeFilePath":null,"LineNumber":0,"Properties":[]},"Attachments":[],"Outcome":2,"ErrorMessage":"Assert.Matches() Failure:\r\nRegex: .*Aktuální čas serveru je: 14:00:00.*\r\nValue: <!DOCTYPE html >\r\n<html>\r\n  <head />\r\n  <body>\r\n    <p>Aktuální čas serveru je: 12:00:00</p>\r\n  </body>\r\n</html>","ErrorStackTrace":"   at XUnitTestProject1.UnitTest1.test3() in C:\\Users\\Jaroslav\\source\\repos\\STIN\\XUnitTestProject1\\UnitTest1.cs:line 40","DisplayName":"XUnitTestProject1.UnitTest1.test3","Messages":[],"ComputerName":"DESKTOP-O7O1UOB","Duration":"00:00:00.0090000","StartTime":"2022-05-04T22:16:40.1284918+00:00","EndTime":"2022-05-04T22:16:40.1284918+00:00","Properties":[]}],"TestRunStatistics":{"ExecutedTests":4,"Stats":{"Passed":3,"Failed":1}},"ActiveTests":[]},"RunAttachments":[],"ExecutorUris":["executor://xunit/VsTestRunner2/net"]}}
TpTrace Verbose: 0 : 22240, 3, 2022/05/05, 00:16:40.182, 1932579331871, testhost.net48.x86.exe, BaseRunTests.RunTests: Run is complete.
TpTrace Verbose: 0 : 22240, 7, 2022/05/05, 00:16:40.182, 1932579335682, testhost.net48.x86.exe, TcpClientExtensions.MessageLoopAsync: NotifyDataAvailable remoteEndPoint: 127.0.0.1:60760 localEndPoint: 127.0.0.1:60761
TpTrace Information: 0 : 22240, 7, 2022/05/05, 00:16:40.182, 1932579337240, testhost.net48.x86.exe, TestRequestHandler.OnMessageReceived: received message: (TestSession.Terminate) -> null
TpTrace Information: 0 : 22240, 7, 2022/05/05, 00:16:40.182, 1932579338021, testhost.net48.x86.exe, Session End message received from server. Closing the connection.
TpTrace Information: 0 : 22240, 7, 2022/05/05, 00:16:40.183, 1932579341591, testhost.net48.x86.exe, SocketClient.Stop: Stop communication from server endpoint: 127.0.0.1:060760
TpTrace Information: 0 : 22240, 7, 2022/05/05, 00:16:40.183, 1932579342440, testhost.net48.x86.exe, SocketClient: Stop: Cancellation requested. Stopping message loop.
TpTrace Verbose: 0 : 22240, 7, 2022/05/05, 00:16:40.183, 1932579344063, testhost.net48.x86.exe, LengthPrefixCommunicationChannel.Dispose: Dispose reader and writer.
TpTrace Information: 0 : 22240, 7, 2022/05/05, 00:16:40.183, 1932579344900, testhost.net48.x86.exe, Closing the connection !
TpTrace Information: 0 : 22240, 1, 2022/05/05, 00:16:40.183, 1932579344124, testhost.net48.x86.exe, Closing the connection !
TpTrace Information: 0 : 22240, 7, 2022/05/05, 00:16:40.183, 1932579348064, testhost.net48.x86.exe, SocketClient.PrivateStop: Stop communication from server endpoint: 127.0.0.1:060760, error:
TpTrace Information: 0 : 22240, 1, 2022/05/05, 00:16:40.183, 1932579348275, testhost.net48.x86.exe, SocketClient.Stop: Stop communication from server endpoint: 127.0.0.1:060760
TpTrace Verbose: 0 : 22240, 1, 2022/05/05, 00:16:40.183, 1932579350046, testhost.net48.x86.exe, LengthPrefixCommunicationChannel.Dispose: Dispose reader and writer.
TpTrace Verbose: 0 : 22240, 7, 2022/05/05, 00:16:40.183, 1932579349724, testhost.net48.x86.exe, LengthPrefixCommunicationChannel.Dispose: Dispose reader and writer.
TpTrace Information: 0 : 22240, 1, 2022/05/05, 00:16:40.183, 1932579351226, testhost.net48.x86.exe, Testhost process exiting.
TpTrace Verbose: 0 : 22240, 7, 2022/05/05, 00:16:40.184, 1932579351621, testhost.net48.x86.exe, TcpClientExtensions.MessageLoopAsync: exiting MessageLoopAsync remoteEndPoint: 127.0.0.1:60760 localEndPoint: 127.0.0.1:60761
