TpTrace Verbose: 0 : 30040, 1, 2022/05/05, 00:16:37.454, 1932552073231, vstest.console.dll, Version: 16.11.0
TpTrace Information: 0 : 30040, 1, 2022/05/05, 00:16:37.469, 1932552199418, vstest.console.dll, FilePatternParser: The given file C:\Users\Jaroslav\source\repos\STIN\XUnitTestProject1\bin\Release\net48\fine-code-coverage\build-output\XUnitTestProject1.dll is a full path.
TpTrace Verbose: 0 : 30040, 1, 2022/05/05, 00:16:37.481, 1932552324778, vstest.console.dll, TestPluginCache.DiscoverTestExtensions: finding test extensions in assemblies ends with: RuntimeProvider.dll TPluginInfo: Microsoft.VisualStudio.TestPlatform.Common.ExtensionFramework.Utilities.TestRuntimePluginInformation TExtension: Microsoft.VisualStudio.TestPlatform.ObjectModel.Host.ITestRuntimeProvider
TpTrace Verbose: 0 : 30040, 1, 2022/05/05, 00:16:37.482, 1932552328827, vstest.console.dll, TestPluginCache.GetExtensionPaths: Filtered extension paths: 
TpTrace Verbose: 0 : 30040, 1, 2022/05/05, 00:16:37.482, 1932552330101, vstest.console.dll, TestPluginCache.GetExtensionPaths: Added default extension paths: C:\Program Files\dotnet\sdk\5.0.407\Extensions\Microsoft.Diagnostics.NETCore.Client.dll
C:\Program Files\dotnet\sdk\5.0.407\Extensions\Microsoft.TestPlatform.Extensions.BlameDataCollector.dll
C:\Program Files\dotnet\sdk\5.0.407\Extensions\Microsoft.TestPlatform.Extensions.EventLogCollector.dll
C:\Program Files\dotnet\sdk\5.0.407\Extensions\Microsoft.TestPlatform.TestHostRuntimeProvider.dll
C:\Program Files\dotnet\sdk\5.0.407\Extensions\Microsoft.VisualStudio.TestPlatform.Extensions.Html.TestLogger.dll
C:\Program Files\dotnet\sdk\5.0.407\Extensions\Microsoft.VisualStudio.TestPlatform.Extensions.Trx.TestLogger.dll
TpTrace Verbose: 0 : 30040, 1, 2022/05/05, 00:16:37.482, 1932552330792, vstest.console.dll, TestPluginCache.GetExtensionPaths: Added unfilterableExtensionPaths: 
TpTrace Information: 0 : 30040, 1, 2022/05/05, 00:16:37.483, 1932552340083, vstest.console.dll, AssemblyResolver.ctor: Creating AssemblyResolver with searchDirectories C:\Program Files\dotnet\sdk\5.0.407\Extensions,C:\Program Files\dotnet\sdk\5.0.407
TpTrace Verbose: 0 : 30040, 1, 2022/05/05, 00:16:37.484, 1932552353043, vstest.console.dll, TestPluginCache.DiscoverTestExtensions: Discovering the extensions using extension path.
TpTrace Verbose: 0 : 30040, 1, 2022/05/05, 00:16:37.484, 1932552354904, vstest.console.dll, TestPluginCache.GetExtensionPaths: Filtered extension paths: 
TpTrace Verbose: 0 : 30040, 1, 2022/05/05, 00:16:37.484, 1932552355570, vstest.console.dll, TestPluginCache.GetExtensionPaths: Added default extension paths: C:\Program Files\dotnet\sdk\5.0.407\Extensions\Microsoft.Diagnostics.NETCore.Client.dll
C:\Program Files\dotnet\sdk\5.0.407\Extensions\Microsoft.TestPlatform.Extensions.BlameDataCollector.dll
C:\Program Files\dotnet\sdk\5.0.407\Extensions\Microsoft.TestPlatform.Extensions.EventLogCollector.dll
C:\Program Files\dotnet\sdk\5.0.407\Extensions\Microsoft.TestPlatform.TestHostRuntimeProvider.dll
C:\Program Files\dotnet\sdk\5.0.407\Extensions\Microsoft.VisualStudio.TestPlatform.Extensions.Html.TestLogger.dll
C:\Program Files\dotnet\sdk\5.0.407\Extensions\Microsoft.VisualStudio.TestPlatform.Extensions.Trx.TestLogger.dll
TpTrace Verbose: 0 : 30040, 1, 2022/05/05, 00:16:37.484, 1932552356126, vstest.console.dll, TestPluginCache.GetExtensionPaths: Added unfilterableExtensionPaths: 
TpTrace Verbose: 0 : 30040, 1, 2022/05/05, 00:16:37.485, 1932552356975, vstest.console.dll, TestPluginCache.DiscoverTestExtensions: Discovering the extensions using allExtensionPaths: C:\Program Files\dotnet\sdk\5.0.407\Extensions\Microsoft.Diagnostics.NETCore.Client.dll
C:\Program Files\dotnet\sdk\5.0.407\Extensions\Microsoft.TestPlatform.Extensions.BlameDataCollector.dll
C:\Program Files\dotnet\sdk\5.0.407\Extensions\Microsoft.TestPlatform.Extensions.EventLogCollector.dll
C:\Program Files\dotnet\sdk\5.0.407\Extensions\Microsoft.TestPlatform.TestHostRuntimeProvider.dll
C:\Program Files\dotnet\sdk\5.0.407\Extensions\Microsoft.VisualStudio.TestPlatform.Extensions.Html.TestLogger.dll
C:\Program Files\dotnet\sdk\5.0.407\Extensions\Microsoft.VisualStudio.TestPlatform.Extensions.Trx.TestLogger.dll
TpTrace Information: 0 : 30040, 1, 2022/05/05, 00:16:37.485, 1932552359046, vstest.console.dll, AssemblyResolver.AddSearchDirectories: Adding more searchDirectories C:\Program Files\dotnet\sdk\5.0.407\Extensions,C:\Program Files\dotnet\sdk\5.0.407
TpTrace Information: 0 : 30040, 1, 2022/05/05, 00:16:37.485, 1932552359981, vstest.console.dll, AssemblyResolver.AddSearchDirectories: Adding more searchDirectories C:\Program Files\dotnet\sdk\5.0.407\Extensions,C:\Program Files\dotnet\sdk\5.0.407
TpTrace Information: 0 : 30040, 1, 2022/05/05, 00:16:37.485, 1932552360579, vstest.console.dll, AssemblyResolver.AddSearchDirectories: Adding more searchDirectories C:\Program Files\dotnet\sdk\5.0.407\Extensions,C:\Program Files\dotnet\sdk\5.0.407
TpTrace Information: 0 : 30040, 1, 2022/05/05, 00:16:37.485, 1932552361122, vstest.console.dll, AssemblyResolver.AddSearchDirectories: Adding more searchDirectories C:\Program Files\dotnet\sdk\5.0.407\Extensions,C:\Program Files\dotnet\sdk\5.0.407
TpTrace Information: 0 : 30040, 1, 2022/05/05, 00:16:37.485, 1932552361594, vstest.console.dll, AssemblyResolver.AddSearchDirectories: Adding more searchDirectories C:\Program Files\dotnet\sdk\5.0.407\Extensions,C:\Program Files\dotnet\sdk\5.0.407
TpTrace Information: 0 : 30040, 1, 2022/05/05, 00:16:37.485, 1932552362195, vstest.console.dll, AssemblyResolver.AddSearchDirectories: Adding more searchDirectories C:\Program Files\dotnet\sdk\5.0.407\Extensions,C:\Program Files\dotnet\sdk\5.0.407
TpTrace Information: 0 : 30040, 1, 2022/05/05, 00:16:37.486, 1932552376300, vstest.console.dll, AssemblyResolver.OnResolve: Microsoft.Diagnostics.NETCore.Client: Resolving assembly.
TpTrace Information: 0 : 30040, 1, 2022/05/05, 00:16:37.487, 1932552377291, vstest.console.dll, AssemblyResolver.OnResolve: Microsoft.Diagnostics.NETCore.Client: Searching in: 'C:\Program Files\dotnet\sdk\5.0.407\Extensions'.
TpTrace Information: 0 : 30040, 1, 2022/05/05, 00:16:37.487, 1932552385534, vstest.console.dll, AssemblyResolver.OnResolve: Microsoft.Diagnostics.NETCore.Client: Loading assembly 'C:\Program Files\dotnet\sdk\5.0.407\Extensions\Microsoft.Diagnostics.NETCore.Client.dll'.
TpTrace Information: 0 : 30040, 1, 2022/05/05, 00:16:37.488, 1932552395346, vstest.console.dll, AssemblyResolver.OnResolve: Resolved assembly: Microsoft.Diagnostics.NETCore.Client, from path: C:\Program Files\dotnet\sdk\5.0.407\Extensions\Microsoft.Diagnostics.NETCore.Client.dll
TpTrace Information: 0 : 30040, 1, 2022/05/05, 00:16:37.492, 1932552430221, vstest.console.dll, AssemblyResolver.OnResolve: Microsoft.Bcl.AsyncInterfaces: Resolving assembly.
TpTrace Information: 0 : 30040, 1, 2022/05/05, 00:16:37.492, 1932552431425, vstest.console.dll, AssemblyResolver.OnResolve: Microsoft.Bcl.AsyncInterfaces: Searching in: 'C:\Program Files\dotnet\sdk\5.0.407\Extensions'.
TpTrace Information: 0 : 30040, 1, 2022/05/05, 00:16:37.492, 1932552432637, vstest.console.dll, AssemblyResolver.OnResolve: Microsoft.Bcl.AsyncInterfaces: Assembly path does not exist: 'C:\Program Files\dotnet\sdk\5.0.407\Extensions\Microsoft.Bcl.AsyncInterfaces.dll', returning.
TpTrace Information: 0 : 30040, 1, 2022/05/05, 00:16:37.492, 1932552433597, vstest.console.dll, AssemblyResolver.OnResolve: Microsoft.Bcl.AsyncInterfaces: Assembly path does not exist: 'C:\Program Files\dotnet\sdk\5.0.407\Extensions\Microsoft.Bcl.AsyncInterfaces.exe', returning.
TpTrace Information: 0 : 30040, 1, 2022/05/05, 00:16:37.492, 1932552434175, vstest.console.dll, AssemblyResolver.OnResolve: Microsoft.Bcl.AsyncInterfaces: Searching in: 'C:\Program Files\dotnet\sdk\5.0.407'.
TpTrace Information: 0 : 30040, 1, 2022/05/05, 00:16:37.492, 1932552435040, vstest.console.dll, AssemblyResolver.OnResolve: Microsoft.Bcl.AsyncInterfaces: Assembly path does not exist: 'C:\Program Files\dotnet\sdk\5.0.407\Microsoft.Bcl.AsyncInterfaces.dll', returning.
TpTrace Information: 0 : 30040, 1, 2022/05/05, 00:16:37.492, 1932552436151, vstest.console.dll, AssemblyResolver.OnResolve: Microsoft.Bcl.AsyncInterfaces: Assembly path does not exist: 'C:\Program Files\dotnet\sdk\5.0.407\Microsoft.Bcl.AsyncInterfaces.exe', returning.
TpTrace Information: 0 : 30040, 1, 2022/05/05, 00:16:37.493, 1932552437197, vstest.console.dll, AssemblyResolver.OnResolve: Microsoft.Bcl.AsyncInterfaces: Failed to load assembly.
TpTrace Verbose: 0 : 30040, 1, 2022/05/05, 00:16:37.493, 1932552437930, vstest.console.dll, CurrentDomainAssemblyResolve: Resolving assembly 'Microsoft.Bcl.AsyncInterfaces'.
TpTrace Information: 0 : 30040, 1, 2022/05/05, 00:16:37.493, 1932552438807, vstest.console.dll, AssemblyResolver.OnResolve: Microsoft.Bcl.AsyncInterfaces: Resolving assembly.
TpTrace Information: 0 : 30040, 1, 2022/05/05, 00:16:37.493, 1932552439371, vstest.console.dll, AssemblyResolver.OnResolve: Microsoft.Bcl.AsyncInterfaces: Resolved from cache.
TpTrace Verbose: 0 : 30040, 1, 2022/05/05, 00:16:37.493, 1932552439835, vstest.console.dll, CurrentDomainAssemblyResolve: Resolving assembly 'Microsoft.Bcl.AsyncInterfaces'.
TpTrace Verbose: 0 : 30040, 1, 2022/05/05, 00:16:37.493, 1932552440375, vstest.console.dll, CurrentDomainAssemblyResolve: Failed to resolve assembly 'Microsoft.Bcl.AsyncInterfaces'.
TpTrace Verbose: 0 : 30040, 1, 2022/05/05, 00:16:37.499, 1932552499414, vstest.console.dll, CurrentDomainAssemblyResolve: Failed to resolve assembly 'Microsoft.Bcl.AsyncInterfaces'.
TpTrace Warning: 0 : 30040, 1, 2022/05/05, 00:16:37.524, 1932552755534, vstest.console.dll, TestPluginDiscoverer: Failed to get types from assembly 'Microsoft.Diagnostics.NETCore.Client, Version=0.2.2.41902, Culture=neutral, PublicKeyToken=31bf3856ad364e35'.  Skipping test extension scan for this assembly.  Error: System.Reflection.ReflectionTypeLoadException: Unable to load one or more of the requested types.
Could not load file or assembly 'Microsoft.Bcl.AsyncInterfaces, Version=1.0.0.0, Culture=neutral, PublicKeyToken=cc7b13ffcd2ddd51'. Systém nemůže nalézt uvedený soubor.
   at System.Reflection.RuntimeModule.GetTypes(RuntimeModule module)
   at System.Reflection.RuntimeModule.GetTypes()
   at System.Reflection.Assembly.GetTypes()
   at Microsoft.VisualStudio.TestPlatform.Common.ExtensionFramework.TestPluginDiscoverer.GetTestExtensionsFromAssembly[TPluginInfo,TExtension](Assembly assembly, Dictionary`2 pluginInfos)
System.IO.FileNotFoundException: Could not load file or assembly 'Microsoft.Bcl.AsyncInterfaces, Version=1.0.0.0, Culture=neutral, PublicKeyToken=cc7b13ffcd2ddd51'. Systém nemůže nalézt uvedený soubor.
File name: 'Microsoft.Bcl.AsyncInterfaces, Version=1.0.0.0, Culture=neutral, PublicKeyToken=cc7b13ffcd2ddd51'
TpTrace Warning: 0 : 30040, 1, 2022/05/05, 00:16:37.526, 1932552768649, vstest.console.dll, LoaderExceptions: System.IO.FileNotFoundException: Could not load file or assembly 'Microsoft.Bcl.AsyncInterfaces, Version=1.0.0.0, Culture=neutral, PublicKeyToken=cc7b13ffcd2ddd51'. Systém nemůže nalézt uvedený soubor.
File name: 'Microsoft.Bcl.AsyncInterfaces, Version=1.0.0.0, Culture=neutral, PublicKeyToken=cc7b13ffcd2ddd51'
TpTrace Information: 0 : 30040, 1, 2022/05/05, 00:16:37.526, 1932552770685, vstest.console.dll, AssemblyResolver.OnResolve: Microsoft.TestPlatform.Extensions.BlameDataCollector: Resolving assembly.
TpTrace Information: 0 : 30040, 1, 2022/05/05, 00:16:37.526, 1932552771260, vstest.console.dll, AssemblyResolver.OnResolve: Microsoft.TestPlatform.Extensions.BlameDataCollector: Searching in: 'C:\Program Files\dotnet\sdk\5.0.407\Extensions'.
TpTrace Information: 0 : 30040, 1, 2022/05/05, 00:16:37.527, 1932552784172, vstest.console.dll, AssemblyResolver.OnResolve: Microsoft.TestPlatform.Extensions.BlameDataCollector: Loading assembly 'C:\Program Files\dotnet\sdk\5.0.407\Extensions\Microsoft.TestPlatform.Extensions.BlameDataCollector.dll'.
TpTrace Information: 0 : 30040, 1, 2022/05/05, 00:16:37.529, 1932552796721, vstest.console.dll, AssemblyResolver.OnResolve: Resolved assembly: Microsoft.TestPlatform.Extensions.BlameDataCollector, from path: C:\Program Files\dotnet\sdk\5.0.407\Extensions\Microsoft.TestPlatform.Extensions.BlameDataCollector.dll
TpTrace Information: 0 : 30040, 1, 2022/05/05, 00:16:37.530, 1932552809583, vstest.console.dll, AssemblyResolver.OnResolve: Microsoft.TestPlatform.Extensions.EventLogCollector: Resolving assembly.
TpTrace Information: 0 : 30040, 1, 2022/05/05, 00:16:37.530, 1932552810648, vstest.console.dll, AssemblyResolver.OnResolve: Microsoft.TestPlatform.Extensions.EventLogCollector: Searching in: 'C:\Program Files\dotnet\sdk\5.0.407\Extensions'.
TpTrace Information: 0 : 30040, 1, 2022/05/05, 00:16:37.530, 1932552816387, vstest.console.dll, AssemblyResolver.OnResolve: Microsoft.TestPlatform.Extensions.EventLogCollector: Loading assembly 'C:\Program Files\dotnet\sdk\5.0.407\Extensions\Microsoft.TestPlatform.Extensions.EventLogCollector.dll'.
TpTrace Information: 0 : 30040, 1, 2022/05/05, 00:16:37.531, 1932552820222, vstest.console.dll, AssemblyResolver.OnResolve: Resolved assembly: Microsoft.TestPlatform.Extensions.EventLogCollector, from path: C:\Program Files\dotnet\sdk\5.0.407\Extensions\Microsoft.TestPlatform.Extensions.EventLogCollector.dll
TpTrace Information: 0 : 30040, 1, 2022/05/05, 00:16:37.534, 1932552848538, vstest.console.dll, AssemblyResolver.OnResolve: Microsoft.TestPlatform.TestHostRuntimeProvider: Resolving assembly.
TpTrace Information: 0 : 30040, 1, 2022/05/05, 00:16:37.534, 1932552849397, vstest.console.dll, AssemblyResolver.OnResolve: Microsoft.TestPlatform.TestHostRuntimeProvider: Searching in: 'C:\Program Files\dotnet\sdk\5.0.407\Extensions'.
TpTrace Information: 0 : 30040, 1, 2022/05/05, 00:16:37.534, 1932552853948, vstest.console.dll, AssemblyResolver.OnResolve: Microsoft.TestPlatform.TestHostRuntimeProvider: Loading assembly 'C:\Program Files\dotnet\sdk\5.0.407\Extensions\Microsoft.TestPlatform.TestHostRuntimeProvider.dll'.
TpTrace Information: 0 : 30040, 1, 2022/05/05, 00:16:37.535, 1932552859778, vstest.console.dll, AssemblyResolver.OnResolve: Resolved assembly: Microsoft.TestPlatform.TestHostRuntimeProvider, from path: C:\Program Files\dotnet\sdk\5.0.407\Extensions\Microsoft.TestPlatform.TestHostRuntimeProvider.dll
TpTrace Information: 0 : 30040, 1, 2022/05/05, 00:16:37.536, 1932552870702, vstest.console.dll, AssemblyResolver.OnResolve: Microsoft.VisualStudio.TestPlatform.Extensions.Html.TestLogger: Resolving assembly.
TpTrace Information: 0 : 30040, 1, 2022/05/05, 00:16:37.536, 1932552871581, vstest.console.dll, AssemblyResolver.OnResolve: Microsoft.VisualStudio.TestPlatform.Extensions.Html.TestLogger: Searching in: 'C:\Program Files\dotnet\sdk\5.0.407\Extensions'.
TpTrace Information: 0 : 30040, 1, 2022/05/05, 00:16:37.537, 1932552876700, vstest.console.dll, AssemblyResolver.OnResolve: Microsoft.VisualStudio.TestPlatform.Extensions.Html.TestLogger: Loading assembly 'C:\Program Files\dotnet\sdk\5.0.407\Extensions\Microsoft.VisualStudio.TestPlatform.Extensions.Html.TestLogger.dll'.
TpTrace Information: 0 : 30040, 1, 2022/05/05, 00:16:37.537, 1932552881259, vstest.console.dll, AssemblyResolver.OnResolve: Resolved assembly: Microsoft.VisualStudio.TestPlatform.Extensions.Html.TestLogger, from path: C:\Program Files\dotnet\sdk\5.0.407\Extensions\Microsoft.VisualStudio.TestPlatform.Extensions.Html.TestLogger.dll
TpTrace Information: 0 : 30040, 1, 2022/05/05, 00:16:37.537, 1932552884480, vstest.console.dll, AssemblyResolver.OnResolve: Microsoft.VisualStudio.TestPlatform.Extensions.Trx.TestLogger: Resolving assembly.
TpTrace Information: 0 : 30040, 1, 2022/05/05, 00:16:37.537, 1932552885178, vstest.console.dll, AssemblyResolver.OnResolve: Microsoft.VisualStudio.TestPlatform.Extensions.Trx.TestLogger: Searching in: 'C:\Program Files\dotnet\sdk\5.0.407\Extensions'.
TpTrace Information: 0 : 30040, 1, 2022/05/05, 00:16:37.538, 1932552893100, vstest.console.dll, AssemblyResolver.OnResolve: Microsoft.VisualStudio.TestPlatform.Extensions.Trx.TestLogger: Loading assembly 'C:\Program Files\dotnet\sdk\5.0.407\Extensions\Microsoft.VisualStudio.TestPlatform.Extensions.Trx.TestLogger.dll'.
TpTrace Information: 0 : 30040, 1, 2022/05/05, 00:16:37.539, 1932552903110, vstest.console.dll, AssemblyResolver.OnResolve: Resolved assembly: Microsoft.VisualStudio.TestPlatform.Extensions.Trx.TestLogger, from path: C:\Program Files\dotnet\sdk\5.0.407\Extensions\Microsoft.VisualStudio.TestPlatform.Extensions.Trx.TestLogger.dll
TpTrace Verbose: 0 : 30040, 1, 2022/05/05, 00:16:37.540, 1932552908714, vstest.console.dll, TestPluginCache: Discovered the extensions using extension path ''.
TpTrace Verbose: 0 : 30040, 1, 2022/05/05, 00:16:37.540, 1932552909456, vstest.console.dll, TestPluginCache: Discoverers are ''.
TpTrace Verbose: 0 : 30040, 1, 2022/05/05, 00:16:37.540, 1932552909862, vstest.console.dll, TestPluginCache: Executors are ''.
TpTrace Verbose: 0 : 30040, 1, 2022/05/05, 00:16:37.540, 1932552910213, vstest.console.dll, TestPluginCache: Executors2 are ''.
TpTrace Verbose: 0 : 30040, 1, 2022/05/05, 00:16:37.540, 1932552910970, vstest.console.dll, TestPluginCache: Setting providers are ''.
TpTrace Verbose: 0 : 30040, 1, 2022/05/05, 00:16:37.540, 1932552911534, vstest.console.dll, TestPluginCache: Loggers are ''.
TpTrace Information: 0 : 30040, 1, 2022/05/05, 00:16:37.546, 1932552969080, vstest.console.dll, RunTestsArgumentProcessor:Execute: Test run is starting.
TpTrace Verbose: 0 : 30040, 1, 2022/05/05, 00:16:37.546, 1932552970172, vstest.console.dll, RunTestsArgumentProcessor:Execute: Queuing Test run.
TpTrace Information: 0 : 30040, 1, 2022/05/05, 00:16:37.546, 1932552972094, vstest.console.dll, TestRequestManager.RunTests: run tests started.
TpTrace Information: 0 : 30040, 1, 2022/05/05, 00:16:37.550, 1932553012998, vstest.console.dll, AssemblyMetadataProvider.GetFrameWork: Determined framework:'.NETFramework,Version=v4.8' for source: 'C:\Users\Jaroslav\source\repos\STIN\XUnitTestProject1\bin\Release\net48\fine-code-coverage\build-output\XUnitTestProject1.dll'
TpTrace Information: 0 : 30040, 1, 2022/05/05, 00:16:37.550, 1932553014820, vstest.console.dll, Determined framework for all sources: .NETFramework,Version=v4.8
TpTrace Information: 0 : 30040, 1, 2022/05/05, 00:16:37.551, 1932553018739, vstest.console.dll, AssemblyMetadataProvider.GetArchitecture: Determined architecture:AnyCPU info for assembly: C:\Users\Jaroslav\source\repos\STIN\XUnitTestProject1\bin\Release\net48\fine-code-coverage\build-output\XUnitTestProject1.dll
TpTrace Information: 0 : 30040, 1, 2022/05/05, 00:16:37.552, 1932553036411, vstest.console.dll, Determined platform for all sources: X86
TpTrace Information: 0 : 30040, 1, 2022/05/05, 00:16:37.556, 1932553066854, vstest.console.dll, Compatible sources list : 
TpTrace Information: 0 : 30040, 1, 2022/05/05, 00:16:37.556, 1932553068677, vstest.console.dll, C:\Users\Jaroslav\source\repos\STIN\XUnitTestProject1\bin\Release\net48\fine-code-coverage\build-output\XUnitTestProject1.dll
TpTrace Information: 0 : 30040, 1, 2022/05/05, 00:16:37.560, 1932553113796, vstest.console.dll, InferRunSettingsHelper.IsTestSettingsEnabled: Unable to navigate to RunSettings/MSTest. Current node: RunSettings
TpTrace Information: 0 : 30040, 1, 2022/05/05, 00:16:37.561, 1932553121686, vstest.console.dll, AssemblyResolver.OnResolve: Microsoft.VisualStudio.TestPlatform.Fakes: Resolving assembly.
TpTrace Information: 0 : 30040, 1, 2022/05/05, 00:16:37.561, 1932553122642, vstest.console.dll, AssemblyResolver.OnResolve: Microsoft.VisualStudio.TestPlatform.Fakes: Searching in: 'C:\Program Files\dotnet\sdk\5.0.407\Extensions'.
TpTrace Information: 0 : 30040, 1, 2022/05/05, 00:16:37.561, 1932553124264, vstest.console.dll, AssemblyResolver.OnResolve: Microsoft.VisualStudio.TestPlatform.Fakes: Assembly path does not exist: 'C:\Program Files\dotnet\sdk\5.0.407\Extensions\Microsoft.VisualStudio.TestPlatform.Fakes.dll', returning.
TpTrace Information: 0 : 30040, 1, 2022/05/05, 00:16:37.561, 1932553125396, vstest.console.dll, AssemblyResolver.OnResolve: Microsoft.VisualStudio.TestPlatform.Fakes: Assembly path does not exist: 'C:\Program Files\dotnet\sdk\5.0.407\Extensions\Microsoft.VisualStudio.TestPlatform.Fakes.exe', returning.
TpTrace Information: 0 : 30040, 1, 2022/05/05, 00:16:37.561, 1932553126449, vstest.console.dll, AssemblyResolver.OnResolve: Microsoft.VisualStudio.TestPlatform.Fakes: Searching in: 'C:\Program Files\dotnet\sdk\5.0.407'.
TpTrace Information: 0 : 30040, 1, 2022/05/05, 00:16:37.562, 1932553127396, vstest.console.dll, AssemblyResolver.OnResolve: Microsoft.VisualStudio.TestPlatform.Fakes: Assembly path does not exist: 'C:\Program Files\dotnet\sdk\5.0.407\Microsoft.VisualStudio.TestPlatform.Fakes.dll', returning.
TpTrace Information: 0 : 30040, 1, 2022/05/05, 00:16:37.562, 1932553128283, vstest.console.dll, AssemblyResolver.OnResolve: Microsoft.VisualStudio.TestPlatform.Fakes: Assembly path does not exist: 'C:\Program Files\dotnet\sdk\5.0.407\Microsoft.VisualStudio.TestPlatform.Fakes.exe', returning.
TpTrace Information: 0 : 30040, 1, 2022/05/05, 00:16:37.562, 1932553128750, vstest.console.dll, AssemblyResolver.OnResolve: Microsoft.VisualStudio.TestPlatform.Fakes: Failed to load assembly.
TpTrace Information: 0 : 30040, 1, 2022/05/05, 00:16:37.563, 1932553138020, vstest.console.dll, Failed to create newly implemented Fakes Configurator. Reason:System.IO.FileNotFoundException: Could not load file or assembly 'Microsoft.VisualStudio.TestPlatform.Fakes, Version=16.0.0.0, Culture=neutral, PublicKeyToken=null'. Systém nemůže nalézt uvedený soubor.
File name: 'Microsoft.VisualStudio.TestPlatform.Fakes, Version=16.0.0.0, Culture=neutral, PublicKeyToken=null'
   at System.Reflection.RuntimeAssembly.InternalLoad(ObjectHandleOnStack assemblyName, ObjectHandleOnStack requestingAssembly, StackCrawlMarkHandle stackMark, Boolean throwOnFileNotFound, ObjectHandleOnStack assemblyLoadContext, ObjectHandleOnStack retAssembly)
   at System.Reflection.RuntimeAssembly.InternalLoad(AssemblyName assemblyName, RuntimeAssembly requestingAssembly, StackCrawlMark& stackMark, Boolean throwOnFileNotFound, AssemblyLoadContext assemblyLoadContext)
   at System.Reflection.Assembly.Load(AssemblyName assemblyRef)
   at Microsoft.VisualStudio.TestPlatform.Common.Utilities.FakesUtilities.TryGetFakesCrossPlatformDataCollectorConfigurator() 
TpTrace Verbose: 0 : 30040, 1, 2022/05/05, 00:16:37.567, 1932553181036, vstest.console.dll, TestPluginCache.DiscoverTestExtensions: finding test extensions in assemblies ends with: TestLogger.dll TPluginInfo: Microsoft.VisualStudio.TestPlatform.Common.ExtensionFramework.Utilities.TestLoggerPluginInformation TExtension: Microsoft.VisualStudio.TestPlatform.ObjectModel.Client.ITestLogger
TpTrace Verbose: 0 : 30040, 1, 2022/05/05, 00:16:37.567, 1932553182384, vstest.console.dll, TestPluginCache.GetExtensionPaths: Filtered extension paths: 
TpTrace Verbose: 0 : 30040, 1, 2022/05/05, 00:16:37.567, 1932553183138, vstest.console.dll, TestPluginCache.GetExtensionPaths: Added default extension paths: C:\Program Files\dotnet\sdk\5.0.407\Extensions\Microsoft.Diagnostics.NETCore.Client.dll
C:\Program Files\dotnet\sdk\5.0.407\Extensions\Microsoft.TestPlatform.Extensions.BlameDataCollector.dll
C:\Program Files\dotnet\sdk\5.0.407\Extensions\Microsoft.TestPlatform.Extensions.EventLogCollector.dll
C:\Program Files\dotnet\sdk\5.0.407\Extensions\Microsoft.TestPlatform.TestHostRuntimeProvider.dll
C:\Program Files\dotnet\sdk\5.0.407\Extensions\Microsoft.VisualStudio.TestPlatform.Extensions.Html.TestLogger.dll
C:\Program Files\dotnet\sdk\5.0.407\Extensions\Microsoft.VisualStudio.TestPlatform.Extensions.Trx.TestLogger.dll
TpTrace Verbose: 0 : 30040, 1, 2022/05/05, 00:16:37.567, 1932553183668, vstest.console.dll, TestPluginCache.GetExtensionPaths: Added unfilterableExtensionPaths: 
TpTrace Information: 0 : 30040, 1, 2022/05/05, 00:16:37.567, 1932553185503, vstest.console.dll, AssemblyResolver.AddSearchDirectories: Adding more searchDirectories C:\Program Files\dotnet\sdk\5.0.407\Extensions,C:\Program Files\dotnet\sdk\5.0.407
TpTrace Verbose: 0 : 30040, 1, 2022/05/05, 00:16:37.567, 1932553186143, vstest.console.dll, TestPluginCache.DiscoverTestExtensions: Discovering the extensions using extension path.
TpTrace Verbose: 0 : 30040, 1, 2022/05/05, 00:16:37.568, 1932553186663, vstest.console.dll, TestPluginCache.GetExtensionPaths: Filtered extension paths: 
TpTrace Verbose: 0 : 30040, 1, 2022/05/05, 00:16:37.568, 1932553187739, vstest.console.dll, TestPluginCache.GetExtensionPaths: Added default extension paths: C:\Program Files\dotnet\sdk\5.0.407\Extensions\Microsoft.Diagnostics.NETCore.Client.dll
C:\Program Files\dotnet\sdk\5.0.407\Extensions\Microsoft.TestPlatform.Extensions.BlameDataCollector.dll
C:\Program Files\dotnet\sdk\5.0.407\Extensions\Microsoft.TestPlatform.Extensions.EventLogCollector.dll
C:\Program Files\dotnet\sdk\5.0.407\Extensions\Microsoft.TestPlatform.TestHostRuntimeProvider.dll
C:\Program Files\dotnet\sdk\5.0.407\Extensions\Microsoft.VisualStudio.TestPlatform.Extensions.Html.TestLogger.dll
C:\Program Files\dotnet\sdk\5.0.407\Extensions\Microsoft.VisualStudio.TestPlatform.Extensions.Trx.TestLogger.dll
TpTrace Verbose: 0 : 30040, 1, 2022/05/05, 00:16:37.568, 1932553188266, vstest.console.dll, TestPluginCache.GetExtensionPaths: Added unfilterableExtensionPaths: 
TpTrace Verbose: 0 : 30040, 1, 2022/05/05, 00:16:37.568, 1932553188774, vstest.console.dll, TestPluginCache.DiscoverTestExtensions: Discovering the extensions using allExtensionPaths: C:\Program Files\dotnet\sdk\5.0.407\Extensions\Microsoft.Diagnostics.NETCore.Client.dll
C:\Program Files\dotnet\sdk\5.0.407\Extensions\Microsoft.TestPlatform.Extensions.BlameDataCollector.dll
C:\Program Files\dotnet\sdk\5.0.407\Extensions\Microsoft.TestPlatform.Extensions.EventLogCollector.dll
C:\Program Files\dotnet\sdk\5.0.407\Extensions\Microsoft.TestPlatform.TestHostRuntimeProvider.dll
C:\Program Files\dotnet\sdk\5.0.407\Extensions\Microsoft.VisualStudio.TestPlatform.Extensions.Html.TestLogger.dll
C:\Program Files\dotnet\sdk\5.0.407\Extensions\Microsoft.VisualStudio.TestPlatform.Extensions.Trx.TestLogger.dll
TpTrace Information: 0 : 30040, 1, 2022/05/05, 00:16:37.568, 1932553189397, vstest.console.dll, AssemblyResolver.AddSearchDirectories: Adding more searchDirectories C:\Program Files\dotnet\sdk\5.0.407\Extensions,C:\Program Files\dotnet\sdk\5.0.407
TpTrace Information: 0 : 30040, 1, 2022/05/05, 00:16:37.568, 1932553189900, vstest.console.dll, AssemblyResolver.AddSearchDirectories: Adding more searchDirectories C:\Program Files\dotnet\sdk\5.0.407\Extensions,C:\Program Files\dotnet\sdk\5.0.407
TpTrace Information: 0 : 30040, 1, 2022/05/05, 00:16:37.568, 1932553190340, vstest.console.dll, AssemblyResolver.AddSearchDirectories: Adding more searchDirectories C:\Program Files\dotnet\sdk\5.0.407\Extensions,C:\Program Files\dotnet\sdk\5.0.407
TpTrace Information: 0 : 30040, 1, 2022/05/05, 00:16:37.568, 1932553191425, vstest.console.dll, AssemblyResolver.AddSearchDirectories: Adding more searchDirectories C:\Program Files\dotnet\sdk\5.0.407\Extensions,C:\Program Files\dotnet\sdk\5.0.407
TpTrace Information: 0 : 30040, 1, 2022/05/05, 00:16:37.568, 1932553192065, vstest.console.dll, AssemblyResolver.AddSearchDirectories: Adding more searchDirectories C:\Program Files\dotnet\sdk\5.0.407\Extensions,C:\Program Files\dotnet\sdk\5.0.407
TpTrace Information: 0 : 30040, 1, 2022/05/05, 00:16:37.568, 1932553192566, vstest.console.dll, AssemblyResolver.AddSearchDirectories: Adding more searchDirectories C:\Program Files\dotnet\sdk\5.0.407\Extensions,C:\Program Files\dotnet\sdk\5.0.407
TpTrace Information: 0 : 30040, 1, 2022/05/05, 00:16:37.568, 1932553196001, vstest.console.dll, AssemblyResolver.OnResolve: Microsoft.Bcl.AsyncInterfaces: Resolving assembly.
TpTrace Information: 0 : 30040, 1, 2022/05/05, 00:16:37.569, 1932553196709, vstest.console.dll, AssemblyResolver.OnResolve: Microsoft.Bcl.AsyncInterfaces: Resolved from cache.
TpTrace Verbose: 0 : 30040, 1, 2022/05/05, 00:16:37.569, 1932553197196, vstest.console.dll, CurrentDomainAssemblyResolve: Resolving assembly 'Microsoft.Bcl.AsyncInterfaces'.
TpTrace Information: 0 : 30040, 1, 2022/05/05, 00:16:37.569, 1932553197896, vstest.console.dll, AssemblyResolver.OnResolve: Microsoft.Bcl.AsyncInterfaces: Resolving assembly.
TpTrace Information: 0 : 30040, 1, 2022/05/05, 00:16:37.569, 1932553198352, vstest.console.dll, AssemblyResolver.OnResolve: Microsoft.Bcl.AsyncInterfaces: Resolved from cache.
TpTrace Verbose: 0 : 30040, 1, 2022/05/05, 00:16:37.569, 1932553198835, vstest.console.dll, CurrentDomainAssemblyResolve: Resolving assembly 'Microsoft.Bcl.AsyncInterfaces'.
TpTrace Verbose: 0 : 30040, 1, 2022/05/05, 00:16:37.569, 1932553199268, vstest.console.dll, CurrentDomainAssemblyResolve: Failed to resolve assembly 'Microsoft.Bcl.AsyncInterfaces'.
TpTrace Verbose: 0 : 30040, 1, 2022/05/05, 00:16:37.569, 1932553200949, vstest.console.dll, CurrentDomainAssemblyResolve: Failed to resolve assembly 'Microsoft.Bcl.AsyncInterfaces'.
TpTrace Warning: 0 : 30040, 1, 2022/05/05, 00:16:37.569, 1932553205159, vstest.console.dll, TestPluginDiscoverer: Failed to get types from assembly 'Microsoft.Diagnostics.NETCore.Client, Version=0.2.2.41902, Culture=neutral, PublicKeyToken=31bf3856ad364e35'.  Skipping test extension scan for this assembly.  Error: System.Reflection.ReflectionTypeLoadException: Unable to load one or more of the requested types.
Could not load file or assembly 'Microsoft.Bcl.AsyncInterfaces, Version=1.0.0.0, Culture=neutral, PublicKeyToken=cc7b13ffcd2ddd51'. Systém nemůže nalézt uvedený soubor.
   at System.Reflection.RuntimeModule.GetTypes(RuntimeModule module)
   at System.Reflection.RuntimeModule.GetTypes()
   at System.Reflection.Assembly.GetTypes()
   at Microsoft.VisualStudio.TestPlatform.Common.ExtensionFramework.TestPluginDiscoverer.GetTestExtensionsFromAssembly[TPluginInfo,TExtension](Assembly assembly, Dictionary`2 pluginInfos)
System.IO.FileNotFoundException: Could not load file or assembly 'Microsoft.Bcl.AsyncInterfaces, Version=1.0.0.0, Culture=neutral, PublicKeyToken=cc7b13ffcd2ddd51'. Systém nemůže nalézt uvedený soubor.
File name: 'Microsoft.Bcl.AsyncInterfaces, Version=1.0.0.0, Culture=neutral, PublicKeyToken=cc7b13ffcd2ddd51'
TpTrace Warning: 0 : 30040, 1, 2022/05/05, 00:16:37.570, 1932553207627, vstest.console.dll, LoaderExceptions: System.IO.FileNotFoundException: Could not load file or assembly 'Microsoft.Bcl.AsyncInterfaces, Version=1.0.0.0, Culture=neutral, PublicKeyToken=cc7b13ffcd2ddd51'. Systém nemůže nalézt uvedený soubor.
File name: 'Microsoft.Bcl.AsyncInterfaces, Version=1.0.0.0, Culture=neutral, PublicKeyToken=cc7b13ffcd2ddd51'
TpTrace Verbose: 0 : 30040, 1, 2022/05/05, 00:16:37.570, 1932553213124, vstest.console.dll, TestPluginCache: Discovered the extensions using extension path ''.
TpTrace Verbose: 0 : 30040, 1, 2022/05/05, 00:16:37.570, 1932553214072, vstest.console.dll, TestPluginCache: Discoverers are ''.
TpTrace Verbose: 0 : 30040, 1, 2022/05/05, 00:16:37.570, 1932553214635, vstest.console.dll, TestPluginCache: Executors are ''.
TpTrace Verbose: 0 : 30040, 1, 2022/05/05, 00:16:37.570, 1932553215687, vstest.console.dll, TestPluginCache: Executors2 are ''.
TpTrace Verbose: 0 : 30040, 1, 2022/05/05, 00:16:37.570, 1932553216317, vstest.console.dll, TestPluginCache: Setting providers are ''.
TpTrace Verbose: 0 : 30040, 1, 2022/05/05, 00:16:37.571, 1932553218235, vstest.console.dll, TestPluginCache: Loggers are 'logger://Microsoft/TestPlatform/Extensions/Blame/v1,logger://Microsoft/TestPlatform/HtmlLogger/v1,logger://Microsoft/TestPlatform/TrxLogger/v1'.
TpTrace Information: 0 : 30040, 1, 2022/05/05, 00:16:37.571, 1932553225833, vstest.console.dll, TestPluginManager.CreateTestExtension: Attempting to load test extension: Microsoft.TestPlatform.Extensions.BlameDataCollector.BlameLogger
TpTrace Information: 0 : 30040, 1, 2022/05/05, 00:16:37.583, 1932553337232, vstest.console.dll, TestPluginManager.CreateTestExtension: Attempting to load test extension: Microsoft.VisualStudio.TestPlatform.CrossPlatEngine.Hosting.DefaultTestHostManager
TpTrace Verbose: 0 : 30040, 1, 2022/05/05, 00:16:37.583, 1932553344063, vstest.console.dll, TestEngine: Initializing Parallel Execution as MaxCpuCount is set to: 1
TpTrace Information: 0 : 30040, 1, 2022/05/05, 00:16:37.584, 1932553349438, vstest.console.dll, InferRunSettingsHelper.IsTestSettingsEnabled: Unable to navigate to RunSettings/MSTest. Current node: RunSettings
TpTrace Verbose: 0 : 30040, 1, 2022/05/05, 00:16:37.606, 1932553572522, vstest.console.dll, TestRequestSender is acting as server
TpTrace Verbose: 0 : 30040, 1, 2022/05/05, 00:16:37.608, 1932553589179, vstest.console.dll, DataCollectionRequestSender.InitializeCommunication : Initialize communication. 
TpTrace Information: 0 : 30040, 1, 2022/05/05, 00:16:37.620, 1932553715774, vstest.console.dll, Listening on Endpoint : 127.0.0.1:60757
TpTrace Verbose: 0 : 30040, 1, 2022/05/05, 00:16:37.633, 1932553845252, vstest.console.dll, DotnetDataCollectionLauncher: Full path of dotnet.exe is C:\Program Files\dotnet\dotnet.exe
TpTrace Verbose: 0 : 30040, 1, 2022/05/05, 00:16:37.634, 1932553847791, vstest.console.dll, DotnetDataCollectionLauncher: Adding  --runtimeconfig "C:\Program Files\dotnet\sdk\5.0.407\datacollector.runtimeconfig.json" in args
TpTrace Verbose: 0 : 30040, 1, 2022/05/05, 00:16:37.634, 1932553849332, vstest.console.dll, DotnetDataCollectionLauncher: Adding  --depsfile "C:\Program Files\dotnet\sdk\5.0.407\datacollector.deps.json" in args
TpTrace Information: 0 : 30040, 1, 2022/05/05, 00:16:37.650, 1932554013374, vstest.console.dll, ProxyDataCollectionManager.Initialize: Launched datacollector processId: 13548 port: 60757
TpTrace Information: 0 : 30040, 1, 2022/05/05, 00:16:37.650, 1932554015346, vstest.console.dll, ProxyDataCollectionManager.Initialize: waiting for connection with timeout: 90 seconds
TpTrace Verbose: 0 : 30040, 1, 2022/05/05, 00:16:37.650, 1932554016202, vstest.console.dll, DataCollectionRequestSender.WaitForRequestHandlerConnection : Waiting for connection with timeout: 90000
TpTrace Information: 0 : 30040, 6, 2022/05/05, 00:16:37.825, 1932555762610, vstest.console.dll, Using the buffer size of 16384 bytes
TpTrace Verbose: 0 : 30040, 1, 2022/05/05, 00:16:37.825, 1932555763350, vstest.console.dll, ProxyDataCollectionManager.InvokeDataCollectionServiceAction: Starting.
TpTrace Information: 0 : 30040, 6, 2022/05/05, 00:16:37.825, 1932555764672, vstest.console.dll, Accepted Client request and set the flag
TpTrace Information: 0 : 30040, 1, 2022/05/05, 00:16:37.825, 1932555764998, vstest.console.dll, ProxyDataCollectionManager.BeforeTestRunStart: Get environment variable and port for datacollector processId: 13548 port: 60757
TpTrace Verbose: 0 : 30040, 1, 2022/05/05, 00:16:37.826, 1932555766788, vstest.console.dll, DataCollectionRequestSender.SendBeforeTestRunStartAndGetResult : Send BeforeTestRunStart message with settingsXml <RunSettings><RunConfiguration><ResultsDirectory>C:\Users\Jaroslav\source\repos\STIN\XUnitTestProject1\bin\Release\net48\fine-code-coverage\coverage-tool-output</ResultsDirectory><TargetPlatform>X86</TargetPlatform><TargetFrameworkVersion>.NETFramework,Version=v4.8</TargetFrameworkVersion><DesignMode>False</DesignMode><CollectSourceInformation>False</CollectSourceInformation><TestAdaptersPaths>C:\Program Files\dotnet\sdk\5.0.407\Extensions</TestAdaptersPaths></RunConfiguration><LoggerRunSettings><Loggers><Logger friendlyName="blame" enabled="True" /><Logger friendlyName="Console" uri="logger://microsoft/TestPlatform/ConsoleLogger/v1" assemblyQualifiedName="Microsoft.VisualStudio.TestPlatform.CommandLine.Internal.ConsoleLogger, vstest.console, Version=15.0.0.0, Culture=neutral, PublicKeyToken=b03f5f7f11d50a3a" codeBase="C:\Program Files\dotnet\sdk\5.0.407\vstest.console.dll" enabled="True" /></Loggers></LoggerRunSettings><DataCollectionRunSettings><DataCollectors><DataCollector friendlyName="blame" enabled="True"><Configuration><ResultsDirectory>C:\Users\Jaroslav\source\repos\STIN\XUnitTestProject1\bin\Release\net48\fine-code-coverage\coverage-tool-output</ResultsDirectory></Configuration></DataCollector></DataCollectors></DataCollectionRunSettings></RunSettings> and sources System.Linq.Enumerable+Concat2Iterator`1[System.String]: 
TpTrace Verbose: 0 : 30040, 1, 2022/05/05, 00:16:37.928, 1932556791134, vstest.console.dll, DataCollectionRequestSender.SendBeforeTestRunStartAndGetResult : Received message: (DataCollection.SendMessage) -> {
  "FriendlyName": null,
  "Uri": null,
  "TestCaseId": "00000000-0000-0000-0000-000000000000",
  "Message": "Logging DataCollector Diagnostics in file: C:\\Users\\Jaroslav\\source\\repos\\STIN\\XUnitTestProject1\\bin\\Release\\net48\\fine-code-coverage\\coverage-tool-output\\diagnostics.datacollector.22-05-05_00-16-37_62846_1.log",
  "Level": 0
}
TpTrace Verbose: 0 : 30040, 1, 2022/05/05, 00:16:38.003, 1932557544426, vstest.console.dll, DataCollectionRequestSender.SendBeforeTestRunStartAndGetResult : Received message: (DataCollection.BeforeTestRunStartResult) -> {
  "EnvironmentVariables": {},
  "DataCollectionEventsPort": 60759
}
TpTrace Information: 0 : 30040, 1, 2022/05/05, 00:16:38.007, 1932557581628, vstest.console.dll, ProxyDataCollectionManager.BeforeTestRunStart: SendBeforeTestRunStartAndGetResult successful, env variable from datacollector:   and testhost port: 60759
TpTrace Information: 0 : 30040, 1, 2022/05/05, 00:16:38.007, 1932557582878, vstest.console.dll, ProxyDataCollectionManager.InvokeDataCollectionServiceAction: Completed.
TpTrace Verbose: 0 : 30040, 1, 2022/05/05, 00:16:38.007, 1932557583852, vstest.console.dll, TestRunRequest.ExecuteAsync: Creating test run request.
TpTrace Verbose: 0 : 30040, 1, 2022/05/05, 00:16:38.008, 1932557586774, vstest.console.dll, TestRunRequest.ExecuteAsync: Starting.
TpTrace Information: 0 : 30040, 1, 2022/05/05, 00:16:38.008, 1932557589780, vstest.console.dll, TestRunRequest.ExecuteAsync: Starting run with settings:TestRunCriteria:
   KeepAlive=False,FrequencyOfRunStatsChangeEvent=10,RunStatsChangeEventTimeout=00:00:01.5000000,TestCaseFilter=,TestExecutorLauncher=
   Settingsxml=<RunSettings>
  <RunConfiguration>
    <ResultsDirectory>C:\Users\Jaroslav\source\repos\STIN\XUnitTestProject1\bin\Release\net48\fine-code-coverage\coverage-tool-output</ResultsDirectory>
    <TargetPlatform>X86</TargetPlatform>
    <TargetFrameworkVersion>.NETFramework,Version=v4.8</TargetFrameworkVersion>
    <DesignMode>False</DesignMode>
    <CollectSourceInformation>False</CollectSourceInformation>
  </RunConfiguration>
  <LoggerRunSettings>
    <Loggers>
      <Logger friendlyName="blame" enabled="True" />
      <Logger friendlyName="Console" uri="logger://microsoft/TestPlatform/ConsoleLogger/v1" assemblyQualifiedName="Microsoft.VisualStudio.TestPlatform.CommandLine.Internal.ConsoleLogger, vstest.console, Version=15.0.0.0, Culture=neutral, PublicKeyToken=b03f5f7f11d50a3a" codeBase="C:\Program Files\dotnet\sdk\5.0.407\vstest.console.dll" enabled="True" />
    </Loggers>
  </LoggerRunSettings>
  <DataCollectionRunSettings>
    <DataCollectors>
      <DataCollector friendlyName="blame" enabled="True">
        <Configuration>
          <ResultsDirectory>C:\Users\Jaroslav\source\repos\STIN\XUnitTestProject1\bin\Release\net48\fine-code-coverage\coverage-tool-output</ResultsDirectory>
        </Configuration>
      </DataCollector>
    </DataCollectors>
  </DataCollectionRunSettings>
</RunSettings>

TpTrace Verbose: 0 : 30040, 1, 2022/05/05, 00:16:38.008, 1932557590542, vstest.console.dll, TestRunRequest.ExecuteAsync: Wait for the first run request is over.
TpTrace Verbose: 0 : 30040, 1, 2022/05/05, 00:16:38.008, 1932557595960, vstest.console.dll, TestRunRequest:SendTestRunMessage: Starting.
TpTrace Information: 0 : 30040, 1, 2022/05/05, 00:16:38.009, 1932557598453, vstest.console.dll, TestRunRequest:SendTestRunMessage: Completed.
TpTrace Verbose: 0 : 30040, 1, 2022/05/05, 00:16:38.009, 1932557601778, vstest.console.dll, ProxyExecutionManager: Test host is always Lazy initialize.
TpTrace Verbose: 0 : 30040, 1, 2022/05/05, 00:16:38.009, 1932557604453, vstest.console.dll, TestRequestSender.InitializeCommunication: initialize communication. 
TpTrace Information: 0 : 30040, 1, 2022/05/05, 00:16:38.010, 1932557609786, vstest.console.dll, SocketServer.Start: Listening on endpoint : 127.0.0.1:60760
TpTrace Verbose: 0 : 30040, 1, 2022/05/05, 00:16:38.014, 1932557649694, vstest.console.dll, DefaultTestHostmanager: Full path of TestHost\testhost.net48.x86.exe is C:\Program Files\dotnet\sdk\5.0.407\Extensions\..//TestHost\testhost.net48.x86.exe
TpTrace Verbose: 0 : 30040, 10, 2022/05/05, 00:16:38.015, 1932557661709, vstest.console.dll, Launching default test Host Process C:\Program Files\dotnet\sdk\5.0.407\Extensions\..//TestHost\testhost.net48.x86.exe with arguments  --port 60760 --endpoint 127.0.0.1:060760 --role client --parentprocessid 30040 --diag "C:\Users\Jaroslav\source\repos\STIN\XUnitTestProject1\bin\Release\net48\fine-code-coverage\coverage-tool-output\diagnostics.host.22-05-05_00-16-38_01070_1.log" --tracelevel 4 --datacollectionport 60759 --telemetryoptedin false
TpTrace Verbose: 0 : 30040, 10, 2022/05/05, 00:16:38.015, 1932557662998, vstest.console.dll, DefaultTestHostManager: Starting process 'C:\Program Files\dotnet\sdk\5.0.407\Extensions\..//TestHost\testhost.net48.x86.exe' with command line ' --port 60760 --endpoint 127.0.0.1:060760 --role client --parentprocessid 30040 --diag "C:\Users\Jaroslav\source\repos\STIN\XUnitTestProject1\bin\Release\net48\fine-code-coverage\coverage-tool-output\diagnostics.host.22-05-05_00-16-38_01070_1.log" --tracelevel 4 --datacollectionport 60759 --telemetryoptedin false'
TpTrace Verbose: 0 : 30040, 10, 2022/05/05, 00:16:38.024, 1932557746920, vstest.console.dll, Test Runtime launched
TpTrace Verbose: 0 : 30040, 1, 2022/05/05, 00:16:38.025, 1932557757859, vstest.console.dll, TestRequestSender.WaitForRequestHandlerConnection: waiting for connection with timeout: 90000
TpTrace Verbose: 0 : 30040, 10, 2022/05/05, 00:16:38.181, 1932559321425, vstest.console.dll, SocketServer.OnClientConnected: Client connected for endPoint: 127.0.0.1:60760, starting MessageLoopAsync:
TpTrace Verbose: 0 : 30040, 10, 2022/05/05, 00:16:38.181, 1932559324645, vstest.console.dll, TcpClientExtensions.MessageLoopAsync: Polling on remoteEndPoint: 127.0.0.1:60761 localEndPoint: 127.0.0.1:60760
TpTrace Verbose: 0 : 30040, 10, 2022/05/05, 00:16:38.359, 1932561101167, vstest.console.dll, TcpClientExtensions.MessageLoopAsync: NotifyDataAvailable remoteEndPoint: 127.0.0.1:60761 localEndPoint: 127.0.0.1:60760
TpTrace Verbose: 0 : 30040, 10, 2022/05/05, 00:16:38.359, 1932561104798, vstest.console.dll, TestRequestSender.CheckVersionWithTestHost: onMessageReceived received message: (ProtocolVersion) -> 5
TpTrace Verbose: 0 : 30040, 10, 2022/05/05, 00:16:38.360, 1932561108721, vstest.console.dll, TcpClientExtensions.MessageLoopAsync: Polling on remoteEndPoint: 127.0.0.1:60761 localEndPoint: 127.0.0.1:60760
TpTrace Verbose: 0 : 30040, 1, 2022/05/05, 00:16:38.360, 1932561110027, vstest.console.dll, TestPluginCache.GetExtensionPaths: Filtered extension paths: 
TpTrace Verbose: 0 : 30040, 1, 2022/05/05, 00:16:38.360, 1932561111016, vstest.console.dll, TestPluginCache.GetExtensionPaths: Added default extension paths: C:\Program Files\dotnet\sdk\5.0.407\Extensions\Microsoft.Diagnostics.NETCore.Client.dll
C:\Program Files\dotnet\sdk\5.0.407\Extensions\Microsoft.TestPlatform.Extensions.BlameDataCollector.dll
C:\Program Files\dotnet\sdk\5.0.407\Extensions\Microsoft.TestPlatform.Extensions.EventLogCollector.dll
C:\Program Files\dotnet\sdk\5.0.407\Extensions\Microsoft.TestPlatform.TestHostRuntimeProvider.dll
C:\Program Files\dotnet\sdk\5.0.407\Extensions\Microsoft.VisualStudio.TestPlatform.Extensions.Html.TestLogger.dll
C:\Program Files\dotnet\sdk\5.0.407\Extensions\Microsoft.VisualStudio.TestPlatform.Extensions.Trx.TestLogger.dll
TpTrace Verbose: 0 : 30040, 1, 2022/05/05, 00:16:38.360, 1932561111619, vstest.console.dll, TestPluginCache.GetExtensionPaths: Added unfilterableExtensionPaths: 
TpTrace Verbose: 0 : 30040, 1, 2022/05/05, 00:16:38.365, 1932561161302, vstest.console.dll, TestRequestSender.InitializeExecution: Sending initializing execution with message: {"Version":5,"MessageType":"TestExecution.Initialize","Payload":["C:\\Program Files\\dotnet\\sdk\\5.0.407\\Extensions\\Microsoft.Diagnostics.NETCore.Client.dll","C:\\Program Files\\dotnet\\sdk\\5.0.407\\Extensions\\Microsoft.TestPlatform.Extensions.BlameDataCollector.dll","C:\\Program Files\\dotnet\\sdk\\5.0.407\\Extensions\\Microsoft.TestPlatform.Extensions.EventLogCollector.dll","C:\\Program Files\\dotnet\\sdk\\5.0.407\\Extensions\\Microsoft.TestPlatform.TestHostRuntimeProvider.dll","C:\\Program Files\\dotnet\\sdk\\5.0.407\\Extensions\\Microsoft.VisualStudio.TestPlatform.Extensions.Html.TestLogger.dll","C:\\Program Files\\dotnet\\sdk\\5.0.407\\Extensions\\Microsoft.VisualStudio.TestPlatform.Extensions.Trx.TestLogger.dll","C:\\Users\\Jaroslav\\source\\repos\\STIN\\XUnitTestProject1\\bin\\Release\\net48\\fine-code-coverage\\build-output\\xunit.runner.visualstudio.testadapter.dll"]}
TpTrace Verbose: 0 : 30040, 10, 2022/05/05, 00:16:38.372, 1932561232194, vstest.console.dll, TcpClientExtensions.MessageLoopAsync: NotifyDataAvailable remoteEndPoint: 127.0.0.1:60761 localEndPoint: 127.0.0.1:60760
TpTrace Verbose: 0 : 30040, 10, 2022/05/05, 00:16:38.372, 1932561234271, vstest.console.dll, TestRequestSender.OnExecutionMessageReceived: Received message: {"Version":5,"MessageType":"TestSession.Message","Payload":{"MessageLevel":0,"Message":"Logging TestHost Diagnostics in file: C:\\Users\\Jaroslav\\source\\repos\\STIN\\XUnitTestProject1\\bin\\Release\\net48\\fine-code-coverage\\coverage-tool-output\\diagnostics.host.22-05-05_00-16-38_01070_1.log"}}
TpTrace Verbose: 0 : 30040, 1, 2022/05/05, 00:16:38.373, 1932561241493, vstest.console.dll, TestRequestSender.StartTestRun: Sending test run with message: {"Version":5,"MessageType":"TestExecution.StartWithSources","Payload":{"AdapterSourceMap":{"_none_":["C:\\Users\\Jaroslav\\source\\repos\\STIN\\XUnitTestProject1\\bin\\Release\\net48\\fine-code-coverage\\build-output\\XUnitTestProject1.dll"]},"RunSettings":"<RunSettings>\r\n  <RunConfiguration>\r\n    <ResultsDirectory>C:\\Users\\Jaroslav\\source\\repos\\STIN\\XUnitTestProject1\\bin\\Release\\net48\\fine-code-coverage\\coverage-tool-output</ResultsDirectory>\r\n    <TargetPlatform>X86</TargetPlatform>\r\n    <TargetFrameworkVersion>.NETFramework,Version=v4.8</TargetFrameworkVersion>\r\n    <DesignMode>False</DesignMode>\r\n    <CollectSourceInformation>False</CollectSourceInformation>\r\n  </RunConfiguration>\r\n  <LoggerRunSettings>\r\n    <Loggers>\r\n      <Logger friendlyName=\"blame\" enabled=\"True\" />\r\n      <Logger friendlyName=\"Console\" uri=\"logger://microsoft/TestPlatform/ConsoleLogger/v1\" assemblyQualifiedName=\"Microsoft.VisualStudio.TestPlatform.CommandLine.Internal.ConsoleLogger, vstest.console, Version=15.0.0.0, Culture=neutral, PublicKeyToken=b03f5f7f11d50a3a\" codeBase=\"C:\\Program Files\\dotnet\\sdk\\5.0.407\\vstest.console.dll\" enabled=\"True\" />\r\n    </Loggers>\r\n  </LoggerRunSettings>\r\n  <DataCollectionRunSettings>\r\n    <DataCollectors>\r\n      <DataCollector friendlyName=\"blame\" enabled=\"True\">\r\n        <Configuration>\r\n          <ResultsDirectory>C:\\Users\\Jaroslav\\source\\repos\\STIN\\XUnitTestProject1\\bin\\Release\\net48\\fine-code-coverage\\coverage-tool-output</ResultsDirectory>\r\n        </Configuration>\r\n      </DataCollector>\r\n    </DataCollectors>\r\n  </DataCollectionRunSettings>\r\n</RunSettings>","TestExecutionContext":{"FrequencyOfRunStatsChangeEvent":10,"RunStatsChangeEventTimeout":"00:00:01.5000000","InIsolation":false,"KeepAlive":false,"AreTestCaseLevelEventsRequired":false,"IsDebug":false,"TestCaseFilter":null,"FilterOptions":null},"Package":null}}
TpTrace Information: 0 : 30040, 1, 2022/05/05, 00:16:38.373, 1932561243483, vstest.console.dll, TestRunRequest.ExecuteAsync: Started.
TpTrace Verbose: 0 : 30040, 1, 2022/05/05, 00:16:38.373, 1932561244646, vstest.console.dll, TestRunRequest.WaitForCompletion: Waiting with timeout -1.
TpTrace Verbose: 0 : 30040, 10, 2022/05/05, 00:16:38.374, 1932561254257, vstest.console.dll, TestRunRequest:SendTestRunMessage: Starting.
TpTrace Information: 0 : 30040, 10, 2022/05/05, 00:16:38.374, 1932561255947, vstest.console.dll, TestRunRequest:SendTestRunMessage: Completed.
TpTrace Verbose: 0 : 30040, 10, 2022/05/05, 00:16:38.375, 1932561256604, vstest.console.dll, TcpClientExtensions.MessageLoopAsync: Polling on remoteEndPoint: 127.0.0.1:60761 localEndPoint: 127.0.0.1:60760
TpTrace Verbose: 0 : 30040, 10, 2022/05/05, 00:16:38.703, 1932564543709, vstest.console.dll, TcpClientExtensions.MessageLoopAsync: NotifyDataAvailable remoteEndPoint: 127.0.0.1:60761 localEndPoint: 127.0.0.1:60760
TpTrace Verbose: 0 : 30040, 10, 2022/05/05, 00:16:38.703, 1932564545682, vstest.console.dll, TestRequestSender.OnExecutionMessageReceived: Received message: {"Version":5,"MessageType":"TestSession.Message","Payload":{"MessageLevel":0,"Message":"[xUnit.net 00:00:00.00] xUnit.net VSTest Adapter v2.4.3+1b45f5407b (32-bit Desktop .NET 4.0.30319.42000)"}}
TpTrace Verbose: 0 : 30040, 10, 2022/05/05, 00:16:38.704, 1932564548235, vstest.console.dll, TestRunRequest:SendTestRunMessage: Starting.
TpTrace Information: 0 : 30040, 10, 2022/05/05, 00:16:38.704, 1932564549107, vstest.console.dll, TestRunRequest:SendTestRunMessage: Completed.
TpTrace Verbose: 0 : 30040, 10, 2022/05/05, 00:16:38.704, 1932564549655, vstest.console.dll, TcpClientExtensions.MessageLoopAsync: Polling on remoteEndPoint: 127.0.0.1:60761 localEndPoint: 127.0.0.1:60760
TpTrace Verbose: 0 : 30040, 10, 2022/05/05, 00:16:39.020, 1932567715925, vstest.console.dll, TcpClientExtensions.MessageLoopAsync: NotifyDataAvailable remoteEndPoint: 127.0.0.1:60761 localEndPoint: 127.0.0.1:60760
TpTrace Verbose: 0 : 30040, 10, 2022/05/05, 00:16:39.021, 1932567717690, vstest.console.dll, TestRequestSender.OnExecutionMessageReceived: Received message: {"Version":5,"MessageType":"TestSession.Message","Payload":{"MessageLevel":0,"Message":"[xUnit.net 00:00:00.32]   Discovering: XUnitTestProject1"}}
TpTrace Verbose: 0 : 30040, 10, 2022/05/05, 00:16:39.021, 1932567719914, vstest.console.dll, TestRunRequest:SendTestRunMessage: Starting.
TpTrace Information: 0 : 30040, 10, 2022/05/05, 00:16:39.021, 1932567720836, vstest.console.dll, TestRunRequest:SendTestRunMessage: Completed.
TpTrace Verbose: 0 : 30040, 10, 2022/05/05, 00:16:39.021, 1932567721382, vstest.console.dll, TcpClientExtensions.MessageLoopAsync: Polling on remoteEndPoint: 127.0.0.1:60761 localEndPoint: 127.0.0.1:60760
TpTrace Verbose: 0 : 30040, 10, 2022/05/05, 00:16:39.135, 1932568864241, vstest.console.dll, TcpClientExtensions.MessageLoopAsync: NotifyDataAvailable remoteEndPoint: 127.0.0.1:60761 localEndPoint: 127.0.0.1:60760
TpTrace Verbose: 0 : 30040, 10, 2022/05/05, 00:16:39.135, 1932568865864, vstest.console.dll, TestRequestSender.OnExecutionMessageReceived: Received message: {"Version":5,"MessageType":"TestSession.Message","Payload":{"MessageLevel":0,"Message":"[xUnit.net 00:00:00.43]   Discovered:  XUnitTestProject1"}}
TpTrace Verbose: 0 : 30040, 10, 2022/05/05, 00:16:39.136, 1932568867650, vstest.console.dll, TestRunRequest:SendTestRunMessage: Starting.
TpTrace Information: 0 : 30040, 10, 2022/05/05, 00:16:39.136, 1932568868348, vstest.console.dll, TestRunRequest:SendTestRunMessage: Completed.
TpTrace Verbose: 0 : 30040, 10, 2022/05/05, 00:16:39.136, 1932568868872, vstest.console.dll, TcpClientExtensions.MessageLoopAsync: Polling on remoteEndPoint: 127.0.0.1:60761 localEndPoint: 127.0.0.1:60760
TpTrace Verbose: 0 : 30040, 10, 2022/05/05, 00:16:39.139, 1932568902830, vstest.console.dll, TcpClientExtensions.MessageLoopAsync: NotifyDataAvailable remoteEndPoint: 127.0.0.1:60761 localEndPoint: 127.0.0.1:60760
TpTrace Verbose: 0 : 30040, 10, 2022/05/05, 00:16:39.139, 1932568904149, vstest.console.dll, TestRequestSender.OnExecutionMessageReceived: Received message: {"Version":5,"MessageType":"TestSession.Message","Payload":{"MessageLevel":0,"Message":"[xUnit.net 00:00:00.44]   Starting:    XUnitTestProject1"}}
TpTrace Verbose: 0 : 30040, 10, 2022/05/05, 00:16:39.139, 1932568905464, vstest.console.dll, TestRunRequest:SendTestRunMessage: Starting.
TpTrace Information: 0 : 30040, 10, 2022/05/05, 00:16:39.139, 1932568906160, vstest.console.dll, TestRunRequest:SendTestRunMessage: Completed.
TpTrace Verbose: 0 : 30040, 10, 2022/05/05, 00:16:39.140, 1932568906595, vstest.console.dll, TcpClientExtensions.MessageLoopAsync: Polling on remoteEndPoint: 127.0.0.1:60761 localEndPoint: 127.0.0.1:60760
TpTrace Verbose: 0 : 30040, 10, 2022/05/05, 00:16:40.101, 1932578518188, vstest.console.dll, TcpClientExtensions.MessageLoopAsync: NotifyDataAvailable remoteEndPoint: 127.0.0.1:60761 localEndPoint: 127.0.0.1:60760
TpTrace Verbose: 0 : 30040, 10, 2022/05/05, 00:16:40.101, 1932578519837, vstest.console.dll, TestRequestSender.OnExecutionMessageReceived: Received message: {"Version":5,"MessageType":"TestSession.Message","Payload":{"MessageLevel":2,"Message":"[xUnit.net 00:00:01.40]     XUnitTestProject1.UnitTest1.test3 [FAIL]"}}
TpTrace Verbose: 0 : 30040, 10, 2022/05/05, 00:16:40.101, 1932578521735, vstest.console.dll, TestRunRequest:SendTestRunMessage: Starting.
TpTrace Information: 0 : 30040, 10, 2022/05/05, 00:16:40.101, 1932578522514, vstest.console.dll, TestRunRequest:SendTestRunMessage: Completed.
TpTrace Verbose: 0 : 30040, 10, 2022/05/05, 00:16:40.101, 1932578523031, vstest.console.dll, TcpClientExtensions.MessageLoopAsync: Polling on remoteEndPoint: 127.0.0.1:60761 localEndPoint: 127.0.0.1:60760
TpTrace Verbose: 0 : 30040, 10, 2022/05/05, 00:16:40.103, 1932578540043, vstest.console.dll, TcpClientExtensions.MessageLoopAsync: NotifyDataAvailable remoteEndPoint: 127.0.0.1:60761 localEndPoint: 127.0.0.1:60760
TpTrace Verbose: 0 : 30040, 10, 2022/05/05, 00:16:40.103, 1932578543026, vstest.console.dll, TestRequestSender.OnExecutionMessageReceived: Received message: {"Version":5,"MessageType":"TestExecution.StatsChange","Payload":{"NewTestResults":[{"TestCase":{"Id":"cf9ec5ca-467d-b5d3-a8d8-2769e0f2a15a","FullyQualifiedName":"XUnitTestProject1.UnitTest1.Test1","DisplayName":"XUnitTestProject1.UnitTest1.Test1","ExecutorUri":"executor://xunit/VsTestRunner2/net","Source":"C:\\Users\\Jaroslav\\source\\repos\\STIN\\XUnitTestProject1\\bin\\Release\\net48\\fine-code-coverage\\build-output\\XUnitTestProject1.dll","CodeFilePath":null,"LineNumber":0,"Properties":[]},"Attachments":[],"Outcome":1,"ErrorMessage":null,"ErrorStackTrace":null,"DisplayName":"XUnitTestProject1.UnitTest1.Test1","Messages":[],"ComputerName":"DESKTOP-O7O1UOB","Duration":"00:00:00.0780000","StartTime":"2022-05-04T22:16:39.3282845+00:00","EndTime":"2022-05-04T22:16:39.3282845+00:00","Properties":[]},{"TestCase":{"Id":"540cf123-251c-99dd-d806-d83e5c21de5a","FullyQualifiedName":"XUnitTestProject1.UnitTest1.test4","DisplayName":"XUnitTestProject1.UnitTest1.test4","ExecutorUri":"executor://xunit/VsTestRunner2/net","Source":"C:\\Users\\Jaroslav\\source\\repos\\STIN\\XUnitTestProject1\\bin\\Release\\net48\\fine-code-coverage\\build-output\\XUnitTestProject1.dll","CodeFilePath":null,"LineNumber":0,"Properties":[]},"Attachments":[],"Outcome":1,"ErrorMessage":null,"ErrorStackTrace":null,"DisplayName":"XUnitTestProject1.UnitTest1.test4","Messages":[],"ComputerName":"DESKTOP-O7O1UOB","Duration":"00:00:00.1070000","StartTime":"2022-05-04T22:16:39.4342792+00:00","EndTime":"2022-05-04T22:16:39.4342792+00:00","Properties":[]},{"TestCase":{"Id":"e04cba65-2c4f-eaa1-a31a-e742b4713197","FullyQualifiedName":"XUnitTestProject1.UnitTest1.Test2","DisplayName":"XUnitTestProject1.UnitTest1.Test2","ExecutorUri":"executor://xunit/VsTestRunner2/net","Source":"C:\\Users\\Jaroslav\\source\\repos\\STIN\\XUnitTestProject1\\bin\\Release\\net48\\fine-code-coverage\\build-output\\XUnitTestProject1.dll","CodeFilePath":null,"LineNumber":0,"Properties":[]},"Attachments":[],"Outcome":1,"ErrorMessage":null,"ErrorStackTrace":null,"DisplayName":"XUnitTestProject1.UnitTest1.Test2","Messages":[],"ComputerName":"DESKTOP-O7O1UOB","Duration":"00:00:00.5830000","StartTime":"2022-05-04T22:16:40.0172817+00:00","EndTime":"2022-05-04T22:16:40.0172817+00:00","Properties":[]}],"TestRunStatistics":{"ExecutedTests":3,"Stats":{"Passed":3}},"ActiveTests":[{"Id":"513b2ae7-033c-420e-357c-5c9bb13e8ae1","FullyQualifiedName":"XUnitTestProject1.UnitTest1.test3","DisplayName":"XUnitTestProject1.UnitTest1.test3","ExecutorUri":"executor://xunit/VsTestRunner2/net","Source":"C:\\Users\\Jaroslav\\source\\repos\\STIN\\XUnitTestProject1\\bin\\Release\\net48\\fine-code-coverage\\build-output\\XUnitTestProject1.dll","CodeFilePath":null,"LineNumber":0,"Properties":[]}]}}
TpTrace Verbose: 0 : 30040, 10, 2022/05/05, 00:16:40.130, 1932578815902, vstest.console.dll, TestRunRequest:SendTestRunStatsChange: Starting.
TpTrace Verbose: 0 : 30040, 10, 2022/05/05, 00:16:40.131, 1932578817361, vstest.console.dll, InProgress is XUnitTestProject1.UnitTest1.test3
TpTrace Information: 0 : 30040, 10, 2022/05/05, 00:16:40.131, 1932578819179, vstest.console.dll, TestRunRequest:SendTestRunStatsChange: Completed.
TpTrace Verbose: 0 : 30040, 10, 2022/05/05, 00:16:40.131, 1932578820089, vstest.console.dll, TcpClientExtensions.MessageLoopAsync: Polling on remoteEndPoint: 127.0.0.1:60761 localEndPoint: 127.0.0.1:60760
TpTrace Verbose: 0 : 30040, 10, 2022/05/05, 00:16:40.131, 1932578821053, vstest.console.dll, TcpClientExtensions.MessageLoopAsync: NotifyDataAvailable remoteEndPoint: 127.0.0.1:60761 localEndPoint: 127.0.0.1:60760
TpTrace Verbose: 0 : 30040, 10, 2022/05/05, 00:16:40.131, 1932578821870, vstest.console.dll, TestRequestSender.OnExecutionMessageReceived: Received message: {"Version":5,"MessageType":"TestSession.Message","Payload":{"MessageLevel":0,"Message":"[xUnit.net 00:00:01.40]       Assert.Matches() Failure:"}}
TpTrace Verbose: 0 : 30040, 10, 2022/05/05, 00:16:40.131, 1932578823210, vstest.console.dll, TestRunRequest:SendTestRunMessage: Starting.
TpTrace Information: 0 : 30040, 10, 2022/05/05, 00:16:40.131, 1932578823777, vstest.console.dll, TestRunRequest:SendTestRunMessage: Completed.
TpTrace Verbose: 0 : 30040, 10, 2022/05/05, 00:16:40.131, 1932578824174, vstest.console.dll, TcpClientExtensions.MessageLoopAsync: Polling on remoteEndPoint: 127.0.0.1:60761 localEndPoint: 127.0.0.1:60760
TpTrace Verbose: 0 : 30040, 10, 2022/05/05, 00:16:40.131, 1932578824640, vstest.console.dll, TcpClientExtensions.MessageLoopAsync: NotifyDataAvailable remoteEndPoint: 127.0.0.1:60761 localEndPoint: 127.0.0.1:60760
TpTrace Verbose: 0 : 30040, 10, 2022/05/05, 00:16:40.131, 1932578825146, vstest.console.dll, TestRequestSender.OnExecutionMessageReceived: Received message: {"Version":5,"MessageType":"TestSession.Message","Payload":{"MessageLevel":0,"Message":"[xUnit.net 00:00:01.40]       Regex: .*Aktuální čas serveru je: 14:00:00.*"}}
TpTrace Verbose: 0 : 30040, 10, 2022/05/05, 00:16:40.131, 1932578826000, vstest.console.dll, TestRunRequest:SendTestRunMessage: Starting.
TpTrace Information: 0 : 30040, 10, 2022/05/05, 00:16:40.132, 1932578826493, vstest.console.dll, TestRunRequest:SendTestRunMessage: Completed.
TpTrace Verbose: 0 : 30040, 10, 2022/05/05, 00:16:40.132, 1932578826874, vstest.console.dll, TcpClientExtensions.MessageLoopAsync: Polling on remoteEndPoint: 127.0.0.1:60761 localEndPoint: 127.0.0.1:60760
TpTrace Verbose: 0 : 30040, 10, 2022/05/05, 00:16:40.132, 1932578827351, vstest.console.dll, TcpClientExtensions.MessageLoopAsync: NotifyDataAvailable remoteEndPoint: 127.0.0.1:60761 localEndPoint: 127.0.0.1:60760
TpTrace Verbose: 0 : 30040, 10, 2022/05/05, 00:16:40.132, 1932578827862, vstest.console.dll, TestRequestSender.OnExecutionMessageReceived: Received message: {"Version":5,"MessageType":"TestSession.Message","Payload":{"MessageLevel":0,"Message":"[xUnit.net 00:00:01.41]       Value: <!DOCTYPE html >"}}
TpTrace Verbose: 0 : 30040, 10, 2022/05/05, 00:16:40.132, 1932578828977, vstest.console.dll, TestRunRequest:SendTestRunMessage: Starting.
TpTrace Information: 0 : 30040, 10, 2022/05/05, 00:16:40.132, 1932578829505, vstest.console.dll, TestRunRequest:SendTestRunMessage: Completed.
TpTrace Verbose: 0 : 30040, 10, 2022/05/05, 00:16:40.132, 1932578829893, vstest.console.dll, TcpClientExtensions.MessageLoopAsync: Polling on remoteEndPoint: 127.0.0.1:60761 localEndPoint: 127.0.0.1:60760
TpTrace Verbose: 0 : 30040, 10, 2022/05/05, 00:16:40.132, 1932578830301, vstest.console.dll, TcpClientExtensions.MessageLoopAsync: NotifyDataAvailable remoteEndPoint: 127.0.0.1:60761 localEndPoint: 127.0.0.1:60760
TpTrace Verbose: 0 : 30040, 10, 2022/05/05, 00:16:40.132, 1932578830833, vstest.console.dll, TestRequestSender.OnExecutionMessageReceived: Received message: {"Version":5,"MessageType":"TestSession.Message","Payload":{"MessageLevel":0,"Message":"[xUnit.net 00:00:01.41]       <html>"}}
TpTrace Verbose: 0 : 30040, 10, 2022/05/05, 00:16:40.132, 1932578831829, vstest.console.dll, TestRunRequest:SendTestRunMessage: Starting.
TpTrace Information: 0 : 30040, 10, 2022/05/05, 00:16:40.132, 1932578833055, vstest.console.dll, TestRunRequest:SendTestRunMessage: Completed.
TpTrace Verbose: 0 : 30040, 10, 2022/05/05, 00:16:40.132, 1932578835203, vstest.console.dll, TcpClientExtensions.MessageLoopAsync: Polling on remoteEndPoint: 127.0.0.1:60761 localEndPoint: 127.0.0.1:60760
TpTrace Verbose: 0 : 30040, 10, 2022/05/05, 00:16:40.133, 1932578836911, vstest.console.dll, TcpClientExtensions.MessageLoopAsync: NotifyDataAvailable remoteEndPoint: 127.0.0.1:60761 localEndPoint: 127.0.0.1:60760
TpTrace Verbose: 0 : 30040, 10, 2022/05/05, 00:16:40.133, 1932578838051, vstest.console.dll, TestRequestSender.OnExecutionMessageReceived: Received message: {"Version":5,"MessageType":"TestSession.Message","Payload":{"MessageLevel":0,"Message":"[xUnit.net 00:00:01.41]         <head />"}}
TpTrace Verbose: 0 : 30040, 10, 2022/05/05, 00:16:40.133, 1932578839455, vstest.console.dll, TestRunRequest:SendTestRunMessage: Starting.
TpTrace Information: 0 : 30040, 10, 2022/05/05, 00:16:40.133, 1932578840569, vstest.console.dll, TestRunRequest:SendTestRunMessage: Completed.
TpTrace Verbose: 0 : 30040, 10, 2022/05/05, 00:16:40.133, 1932578841222, vstest.console.dll, TcpClientExtensions.MessageLoopAsync: Polling on remoteEndPoint: 127.0.0.1:60761 localEndPoint: 127.0.0.1:60760
TpTrace Verbose: 0 : 30040, 10, 2022/05/05, 00:16:40.133, 1932578842028, vstest.console.dll, TcpClientExtensions.MessageLoopAsync: NotifyDataAvailable remoteEndPoint: 127.0.0.1:60761 localEndPoint: 127.0.0.1:60760
TpTrace Verbose: 0 : 30040, 10, 2022/05/05, 00:16:40.133, 1932578842820, vstest.console.dll, TestRequestSender.OnExecutionMessageReceived: Received message: {"Version":5,"MessageType":"TestSession.Message","Payload":{"MessageLevel":0,"Message":"[xUnit.net 00:00:01.42]         <body>"}}
TpTrace Verbose: 0 : 30040, 10, 2022/05/05, 00:16:40.133, 1932578844304, vstest.console.dll, TestRunRequest:SendTestRunMessage: Starting.
TpTrace Information: 0 : 30040, 10, 2022/05/05, 00:16:40.133, 1932578844910, vstest.console.dll, TestRunRequest:SendTestRunMessage: Completed.
TpTrace Verbose: 0 : 30040, 10, 2022/05/05, 00:16:40.133, 1932578845300, vstest.console.dll, TcpClientExtensions.MessageLoopAsync: Polling on remoteEndPoint: 127.0.0.1:60761 localEndPoint: 127.0.0.1:60760
TpTrace Verbose: 0 : 30040, 10, 2022/05/05, 00:16:40.133, 1932578845722, vstest.console.dll, TcpClientExtensions.MessageLoopAsync: NotifyDataAvailable remoteEndPoint: 127.0.0.1:60761 localEndPoint: 127.0.0.1:60760
TpTrace Verbose: 0 : 30040, 10, 2022/05/05, 00:16:40.133, 1932578846245, vstest.console.dll, TestRequestSender.OnExecutionMessageReceived: Received message: {"Version":5,"MessageType":"TestSession.Message","Payload":{"MessageLevel":0,"Message":"[xUnit.net 00:00:01.42]           <p>Aktuální čas serveru je: 12:00:00</p>"}}
TpTrace Verbose: 0 : 30040, 10, 2022/05/05, 00:16:40.134, 1932578847288, vstest.console.dll, TestRunRequest:SendTestRunMessage: Starting.
TpTrace Information: 0 : 30040, 10, 2022/05/05, 00:16:40.134, 1932578848037, vstest.console.dll, TestRunRequest:SendTestRunMessage: Completed.
TpTrace Verbose: 0 : 30040, 10, 2022/05/05, 00:16:40.134, 1932578848424, vstest.console.dll, TcpClientExtensions.MessageLoopAsync: Polling on remoteEndPoint: 127.0.0.1:60761 localEndPoint: 127.0.0.1:60760
TpTrace Verbose: 0 : 30040, 10, 2022/05/05, 00:16:40.134, 1932578848839, vstest.console.dll, TcpClientExtensions.MessageLoopAsync: NotifyDataAvailable remoteEndPoint: 127.0.0.1:60761 localEndPoint: 127.0.0.1:60760
TpTrace Verbose: 0 : 30040, 10, 2022/05/05, 00:16:40.134, 1932578849376, vstest.console.dll, TestRequestSender.OnExecutionMessageReceived: Received message: {"Version":5,"MessageType":"TestSession.Message","Payload":{"MessageLevel":0,"Message":"[xUnit.net 00:00:01.42]         </body>"}}
TpTrace Verbose: 0 : 30040, 10, 2022/05/05, 00:16:40.134, 1932578850364, vstest.console.dll, TestRunRequest:SendTestRunMessage: Starting.
TpTrace Information: 0 : 30040, 10, 2022/05/05, 00:16:40.134, 1932578850904, vstest.console.dll, TestRunRequest:SendTestRunMessage: Completed.
TpTrace Verbose: 0 : 30040, 10, 2022/05/05, 00:16:40.134, 1932578851411, vstest.console.dll, TcpClientExtensions.MessageLoopAsync: Polling on remoteEndPoint: 127.0.0.1:60761 localEndPoint: 127.0.0.1:60760
TpTrace Verbose: 0 : 30040, 10, 2022/05/05, 00:16:40.134, 1932578851829, vstest.console.dll, TcpClientExtensions.MessageLoopAsync: NotifyDataAvailable remoteEndPoint: 127.0.0.1:60761 localEndPoint: 127.0.0.1:60760
TpTrace Verbose: 0 : 30040, 10, 2022/05/05, 00:16:40.134, 1932578852572, vstest.console.dll, TestRequestSender.OnExecutionMessageReceived: Received message: {"Version":5,"MessageType":"TestSession.Message","Payload":{"MessageLevel":0,"Message":"[xUnit.net 00:00:01.42]       </html>"}}
TpTrace Verbose: 0 : 30040, 10, 2022/05/05, 00:16:40.134, 1932578853721, vstest.console.dll, TestRunRequest:SendTestRunMessage: Starting.
TpTrace Information: 0 : 30040, 10, 2022/05/05, 00:16:40.134, 1932578854259, vstest.console.dll, TestRunRequest:SendTestRunMessage: Completed.
TpTrace Verbose: 0 : 30040, 10, 2022/05/05, 00:16:40.134, 1932578854694, vstest.console.dll, TcpClientExtensions.MessageLoopAsync: Polling on remoteEndPoint: 127.0.0.1:60761 localEndPoint: 127.0.0.1:60760
TpTrace Verbose: 0 : 30040, 10, 2022/05/05, 00:16:40.134, 1932578855128, vstest.console.dll, TcpClientExtensions.MessageLoopAsync: NotifyDataAvailable remoteEndPoint: 127.0.0.1:60761 localEndPoint: 127.0.0.1:60760
TpTrace Verbose: 0 : 30040, 10, 2022/05/05, 00:16:40.134, 1932578855636, vstest.console.dll, TestRequestSender.OnExecutionMessageReceived: Received message: {"Version":5,"MessageType":"TestSession.Message","Payload":{"MessageLevel":0,"Message":"[xUnit.net 00:00:01.42]       Stack Trace:"}}
TpTrace Verbose: 0 : 30040, 10, 2022/05/05, 00:16:40.135, 1932578856470, vstest.console.dll, TestRunRequest:SendTestRunMessage: Starting.
TpTrace Information: 0 : 30040, 10, 2022/05/05, 00:16:40.135, 1932578857415, vstest.console.dll, TestRunRequest:SendTestRunMessage: Completed.
TpTrace Verbose: 0 : 30040, 10, 2022/05/05, 00:16:40.135, 1932578857806, vstest.console.dll, TcpClientExtensions.MessageLoopAsync: Polling on remoteEndPoint: 127.0.0.1:60761 localEndPoint: 127.0.0.1:60760
TpTrace Verbose: 0 : 30040, 10, 2022/05/05, 00:16:40.135, 1932578858253, vstest.console.dll, TcpClientExtensions.MessageLoopAsync: NotifyDataAvailable remoteEndPoint: 127.0.0.1:60761 localEndPoint: 127.0.0.1:60760
TpTrace Verbose: 0 : 30040, 10, 2022/05/05, 00:16:40.135, 1932578858767, vstest.console.dll, TestRequestSender.OnExecutionMessageReceived: Received message: {"Version":5,"MessageType":"TestSession.Message","Payload":{"MessageLevel":0,"Message":"[xUnit.net 00:00:01.42]         C:\\Users\\Jaroslav\\source\\repos\\STIN\\XUnitTestProject1\\UnitTest1.cs(40,0): at XUnitTestProject1.UnitTest1.test3()"}}
TpTrace Verbose: 0 : 30040, 10, 2022/05/05, 00:16:40.135, 1932578859714, vstest.console.dll, TestRunRequest:SendTestRunMessage: Starting.
TpTrace Information: 0 : 30040, 10, 2022/05/05, 00:16:40.135, 1932578860210, vstest.console.dll, TestRunRequest:SendTestRunMessage: Completed.
TpTrace Verbose: 0 : 30040, 10, 2022/05/05, 00:16:40.135, 1932578860585, vstest.console.dll, TcpClientExtensions.MessageLoopAsync: Polling on remoteEndPoint: 127.0.0.1:60761 localEndPoint: 127.0.0.1:60760
TpTrace Verbose: 0 : 30040, 10, 2022/05/05, 00:16:40.135, 1932578866029, vstest.console.dll, TcpClientExtensions.MessageLoopAsync: NotifyDataAvailable remoteEndPoint: 127.0.0.1:60761 localEndPoint: 127.0.0.1:60760
TpTrace Verbose: 0 : 30040, 10, 2022/05/05, 00:16:40.136, 1932578867183, vstest.console.dll, TestRequestSender.OnExecutionMessageReceived: Received message: {"Version":5,"MessageType":"TestSession.Message","Payload":{"MessageLevel":0,"Message":"[xUnit.net 00:00:01.43]   Finished:    XUnitTestProject1"}}
TpTrace Verbose: 0 : 30040, 10, 2022/05/05, 00:16:40.136, 1932578868628, vstest.console.dll, TestRunRequest:SendTestRunMessage: Starting.
TpTrace Information: 0 : 30040, 10, 2022/05/05, 00:16:40.136, 1932578869450, vstest.console.dll, TestRunRequest:SendTestRunMessage: Completed.
TpTrace Verbose: 0 : 30040, 10, 2022/05/05, 00:16:40.136, 1932578870091, vstest.console.dll, TcpClientExtensions.MessageLoopAsync: Polling on remoteEndPoint: 127.0.0.1:60761 localEndPoint: 127.0.0.1:60760
TpTrace Verbose: 0 : 30040, 10, 2022/05/05, 00:16:40.182, 1932579330473, vstest.console.dll, TcpClientExtensions.MessageLoopAsync: NotifyDataAvailable remoteEndPoint: 127.0.0.1:60761 localEndPoint: 127.0.0.1:60760
TpTrace Verbose: 0 : 30040, 10, 2022/05/05, 00:16:40.182, 1932579332210, vstest.console.dll, TestRequestSender.OnExecutionMessageReceived: Received message: {"Version":5,"MessageType":"TestExecution.Completed","Payload":{"TestRunCompleteArgs":{"TestRunStatistics":{"ExecutedTests":4,"Stats":{"Passed":3,"Failed":1}},"IsCanceled":false,"IsAborted":false,"Error":null,"AttachmentSets":[],"ElapsedTimeInRunningTests":"00:00:01.4837971","Metrics":{}},"LastRunTests":{"NewTestResults":[{"TestCase":{"Id":"513b2ae7-033c-420e-357c-5c9bb13e8ae1","FullyQualifiedName":"XUnitTestProject1.UnitTest1.test3","DisplayName":"XUnitTestProject1.UnitTest1.test3","ExecutorUri":"executor://xunit/VsTestRunner2/net","Source":"C:\\Users\\Jaroslav\\source\\repos\\STIN\\XUnitTestProject1\\bin\\Release\\net48\\fine-code-coverage\\build-output\\XUnitTestProject1.dll","CodeFilePath":null,"LineNumber":0,"Properties":[]},"Attachments":[],"Outcome":2,"ErrorMessage":"Assert.Matches() Failure:\r\nRegex: .*Aktuální čas serveru je: 14:00:00.*\r\nValue: <!DOCTYPE html >\r\n<html>\r\n  <head />\r\n  <body>\r\n    <p>Aktuální čas serveru je: 12:00:00</p>\r\n  </body>\r\n</html>","ErrorStackTrace":"   at XUnitTestProject1.UnitTest1.test3() in C:\\Users\\Jaroslav\\source\\repos\\STIN\\XUnitTestProject1\\UnitTest1.cs:line 40","DisplayName":"XUnitTestProject1.UnitTest1.test3","Messages":[],"ComputerName":"DESKTOP-O7O1UOB","Duration":"00:00:00.0090000","StartTime":"2022-05-04T22:16:40.1284918+00:00","EndTime":"2022-05-04T22:16:40.1284918+00:00","Properties":[]}],"TestRunStatistics":{"ExecutedTests":4,"Stats":{"Passed":3,"Failed":1}},"ActiveTests":[]},"RunAttachments":[],"ExecutorUris":["executor://xunit/VsTestRunner2/net"]}}
TpTrace Verbose: 0 : 30040, 10, 2022/05/05, 00:16:40.182, 1932579334347, vstest.console.dll, TestRequestSender.EndSession: Sending end session.
TpTrace Verbose: 0 : 30040, 10, 2022/05/05, 00:16:40.182, 1932579335698, vstest.console.dll, ProxyOperationManager.Close: waiting for test host to exit for 100 ms
TpTrace Warning: 0 : 30040, 9, 2022/05/05, 00:16:40.192, 1932579428249, vstest.console.dll, TestHostManagerCallbacks.ErrorReceivedCallback Test host standard error line: 
TpTrace Verbose: 0 : 30040, 11, 2022/05/05, 00:16:40.197, 1932579477172, vstest.console.dll, TestHostProvider.ExitCallBack: Host exited starting callback.
TpTrace Information: 0 : 30040, 11, 2022/05/05, 00:16:40.197, 1932579482475, vstest.console.dll, TestHostManagerCallbacks.ExitCallBack: Testhost processId: 22240 exited with exitcode: 0 error: ''
TpTrace Verbose: 0 : 30040, 11, 2022/05/05, 00:16:40.197, 1932579483527, vstest.console.dll, CrossPlatEngine.TestHostManagerHostExited: calling on client process exit callback.
TpTrace Information: 0 : 30040, 11, 2022/05/05, 00:16:40.197, 1932579484187, vstest.console.dll, TestRequestSender.OnClientProcessExit: Test host process exited. Standard error: 
TpTrace Warning: 0 : 30040, 10, 2022/05/05, 00:16:40.197, 1932579484241, vstest.console.dll, ProxyOperationManager: Timed out waiting for test host to exit. Will terminate process.
TpTrace Information: 0 : 30040, 11, 2022/05/05, 00:16:40.197, 1932579484699, vstest.console.dll, SocketServer.Stop: Stop server endPoint: 127.0.0.1:60760
TpTrace Information: 0 : 30040, 11, 2022/05/05, 00:16:40.197, 1932579485784, vstest.console.dll, SocketServer.Stop: Cancellation requested. Stopping message loop.
TpTrace Verbose: 0 : 30040, 10, 2022/05/05, 00:16:40.198, 1932579490804, vstest.console.dll, ProxyDataCollectionManager.InvokeDataCollectionServiceAction: Starting.
TpTrace Information: 0 : 30040, 10, 2022/05/05, 00:16:40.198, 1932579491513, vstest.console.dll, ProxyDataCollectionManager.AfterTestRunEnd: Get attachment set for datacollector processId: 13548 port: 60757
TpTrace Verbose: 0 : 30040, 10, 2022/05/05, 00:16:40.198, 1932579492100, vstest.console.dll, DataCollectionRequestSender.SendAfterTestRunStartAndGetResult : Send AfterTestRunEnd message with isCancelled: False
TpTrace Verbose: 0 : 30040, 10, 2022/05/05, 00:16:40.207, 1932579585113, vstest.console.dll, DataCollectionRequestSender.SendAfterTestRunStartAndGetResult : Received message: (DataCollection.AfterTestRunEndResult) -> {
  "AttachmentSets": [],
  "Metrics": {}
}
TpTrace Information: 0 : 30040, 10, 2022/05/05, 00:16:40.210, 1932579612461, vstest.console.dll, ProxyDataCollectionManager.InvokeDataCollectionServiceAction: Completed.
TpTrace Warning: 0 : 30040, 4, 2022/05/05, 00:16:40.218, 1932579693271, vstest.console.dll, DataCollectionLauncher.ErrorReceivedCallback datacollector standard error line: 
TpTrace Information: 0 : 30040, 11, 2022/05/05, 00:16:40.218, 1932579695551, vstest.console.dll, DataCollectionLauncher.ExitCallBack: Data collector exited with exitcode: 0 error: ''
TpTrace Verbose: 0 : 30040, 10, 2022/05/05, 00:16:40.236, 1932579867356, vstest.console.dll, TestRunRequest:TestRunComplete: Starting. IsAborted:False IsCanceled:False.
TpTrace Verbose: 0 : 30040, 10, 2022/05/05, 00:16:40.236, 1932579868694, vstest.console.dll, TestRequestSender.EndSession: Sending end session.
TpTrace Verbose: 0 : 30040, 10, 2022/05/05, 00:16:40.236, 1932579870497, vstest.console.dll, ProxyOperationManager.Close: waiting for test host to exit for 100 ms
TpTrace Warning: 0 : 30040, 10, 2022/05/05, 00:16:40.236, 1932579871048, vstest.console.dll, ProxyOperationManager: Timed out waiting for test host to exit. Will terminate process.
TpTrace Warning: 0 : 30040, 10, 2022/05/05, 00:16:40.237, 1932579878810, vstest.console.dll, TestLoggerManager.HandleTestRunStatsChange: Ignoring as the object is disposed.
TpTrace Verbose: 0 : 30040, 10, 2022/05/05, 00:16:40.237, 1932579880243, vstest.console.dll, TestLoggerManager.HandleTestRunComplete: Ignoring as the object is disposed.
TpTrace Information: 0 : 30040, 10, 2022/05/05, 00:16:40.238, 1932579893295, vstest.console.dll, TestRunRequest:TestRunComplete: Completed.
TpTrace Verbose: 0 : 30040, 1, 2022/05/05, 00:16:40.238, 1932579893606, vstest.console.dll, TestRunRequest.Dispose: Starting.
TpTrace Verbose: 0 : 30040, 10, 2022/05/05, 00:16:40.238, 1932579894524, vstest.console.dll, TestRequestSender.SetOperationComplete: Setting operation complete.
TpTrace Information: 0 : 30040, 1, 2022/05/05, 00:16:40.238, 1932579895429, vstest.console.dll, TestRunRequest.Dispose: Completed.
TpTrace Information: 0 : 30040, 10, 2022/05/05, 00:16:40.238, 1932579896226, vstest.console.dll, SocketServer.Stop: Stop server endPoint: 127.0.0.1:60760
TpTrace Information: 0 : 30040, 1, 2022/05/05, 00:16:40.239, 1932579897048, vstest.console.dll, TestRequestManager.RunTests: run tests completed.
TpTrace Information: 0 : 30040, 10, 2022/05/05, 00:16:40.239, 1932579898288, vstest.console.dll, SocketServer.Stop: Cancellation requested. Stopping message loop.
TpTrace Information: 0 : 30040, 10, 2022/05/05, 00:16:40.239, 1932579899177, vstest.console.dll, SocketServer.PrivateStop: Stop server endPoint: 127.0.0.1:60760 error: 
TpTrace Information: 0 : 30040, 1, 2022/05/05, 00:16:40.239, 1932579899184, vstest.console.dll, RunTestsArgumentProcessor:Execute: Test run is completed.
TpTrace Verbose: 0 : 30040, 10, 2022/05/05, 00:16:40.239, 1932579905696, vstest.console.dll, LengthPrefixCommunicationChannel.Dispose: Dispose reader and writer.
TpTrace Information: 0 : 30040, 10, 2022/05/05, 00:16:40.240, 1932579907367, vstest.console.dll, SocketServer.Stop: Raise disconnected event endPoint: 127.0.0.1:60760 error: 
TpTrace Verbose: 0 : 30040, 10, 2022/05/05, 00:16:40.240, 1932579910120, vstest.console.dll, TestRequestSender: OnTestRunAbort: Operation is already complete. Skip error message.
TpTrace Verbose: 0 : 30040, 10, 2022/05/05, 00:16:40.240, 1932579910900, vstest.console.dll, TcpClientExtensions.MessageLoopAsync: exiting MessageLoopAsync remoteEndPoint: 127.0.0.1:60761 localEndPoint: 127.0.0.1:60760
TpTrace Verbose: 0 : 30040, 1, 2022/05/05, 00:16:40.240, 1932579910196, vstest.console.dll, Executor.Execute: Exiting with exit code of 1
